<?xml version="1.0" encoding="UTF-8"?>
<testsuites>
  <testsuite name="/var/www/html/phpunit.xml" tests="117" assertions="481" errors="0" failures="0" skipped="0" time="397.414878">
    <testsuite name="AI" tests="117" assertions="481" errors="0" failures="0" skipped="0" time="397.414878">
      <testsuite name="Tests\AI\AIAccuracyTest" file="/var/www/html/tests/AI/AIAccuracyTest.php" tests="36" assertions="372" errors="0" failures="0" skipped="0" time="29.803103">
        <testsuite name="Tests\AI\AIAccuracyTest::sentiment_analysis_accuracy_is_acceptable" tests="8" assertions="104" errors="0" failures="0" skipped="0" time="11.291056">
          <testcase name="sentiment_analysis_accuracy_is_acceptable with data set &quot;positive_arabic_text&quot;" file="/var/www/html/tests/AI/AIAccuracyTest.php" line="30" class="Tests\AI\AIAccuracyTest" classname="Tests.AI.AIAccuracyTest" assertions="13" time="6.741572"/>
          <testcase name="sentiment_analysis_accuracy_is_acceptable with data set &quot;negative_arabic_text&quot;" file="/var/www/html/tests/AI/AIAccuracyTest.php" line="30" class="Tests\AI\AIAccuracyTest" classname="Tests.AI.AIAccuracyTest" assertions="13" time="0.462277"/>
          <testcase name="sentiment_analysis_accuracy_is_acceptable with data set &quot;neutral_arabic_text&quot;" file="/var/www/html/tests/AI/AIAccuracyTest.php" line="30" class="Tests\AI\AIAccuracyTest" classname="Tests.AI.AIAccuracyTest" assertions="13" time="0.597673"/>
          <testcase name="sentiment_analysis_accuracy_is_acceptable with data set &quot;strong_positive&quot;" file="/var/www/html/tests/AI/AIAccuracyTest.php" line="30" class="Tests\AI\AIAccuracyTest" classname="Tests.AI.AIAccuracyTest" assertions="13" time="0.594779"/>
          <testcase name="sentiment_analysis_accuracy_is_acceptable with data set &quot;strong_negative&quot;" file="/var/www/html/tests/AI/AIAccuracyTest.php" line="30" class="Tests\AI\AIAccuracyTest" classname="Tests.AI.AIAccuracyTest" assertions="13" time="1.345186"/>
          <testcase name="sentiment_analysis_accuracy_is_acceptable with data set &quot;mixed_sentiment&quot;" file="/var/www/html/tests/AI/AIAccuracyTest.php" line="30" class="Tests\AI\AIAccuracyTest" classname="Tests.AI.AIAccuracyTest" assertions="13" time="0.586346"/>
          <testcase name="sentiment_analysis_accuracy_is_acceptable with data set &quot;empty_text&quot;" file="/var/www/html/tests/AI/AIAccuracyTest.php" line="30" class="Tests\AI\AIAccuracyTest" classname="Tests.AI.AIAccuracyTest" assertions="13" time="0.452195"/>
          <testcase name="sentiment_analysis_accuracy_is_acceptable with data set &quot;special_characters&quot;" file="/var/www/html/tests/AI/AIAccuracyTest.php" line="30" class="Tests\AI\AIAccuracyTest" classname="Tests.AI.AIAccuracyTest" assertions="13" time="0.511027"/>
        </testsuite>
        <testsuite name="Tests\AI\AIAccuracyTest::product_classification_accuracy_is_acceptable" tests="6" assertions="24" errors="0" failures="0" skipped="0" time="2.872942">
          <testcase name="product_classification_accuracy_is_acceptable with data set &quot;electronics_phone&quot;" file="/var/www/html/tests/AI/AIAccuracyTest.php" line="70" class="Tests\AI\AIAccuracyTest" classname="Tests.AI.AIAccuracyTest" assertions="4" time="0.475405"/>
          <testcase name="product_classification_accuracy_is_acceptable with data set &quot;clothing_shirt&quot;" file="/var/www/html/tests/AI/AIAccuracyTest.php" line="70" class="Tests\AI\AIAccuracyTest" classname="Tests.AI.AIAccuracyTest" assertions="4" time="0.517760"/>
          <testcase name="product_classification_accuracy_is_acceptable with data set &quot;books_programming&quot;" file="/var/www/html/tests/AI/AIAccuracyTest.php" line="70" class="Tests\AI\AIAccuracyTest" classname="Tests.AI.AIAccuracyTest" assertions="4" time="0.472193"/>
          <testcase name="product_classification_accuracy_is_acceptable with data set &quot;sports_football&quot;" file="/var/www/html/tests/AI/AIAccuracyTest.php" line="70" class="Tests\AI\AIAccuracyTest" classname="Tests.AI.AIAccuracyTest" assertions="4" time="0.446619"/>
          <testcase name="product_classification_accuracy_is_acceptable with data set &quot;furniture_chair&quot;" file="/var/www/html/tests/AI/AIAccuracyTest.php" line="70" class="Tests\AI\AIAccuracyTest" classname="Tests.AI.AIAccuracyTest" assertions="4" time="0.494424"/>
          <testcase name="product_classification_accuracy_is_acceptable with data set &quot;empty_data&quot;" file="/var/www/html/tests/AI/AIAccuracyTest.php" line="70" class="Tests\AI\AIAccuracyTest" classname="Tests.AI.AIAccuracyTest" assertions="4" time="0.466541"/>
        </testsuite>
        <testsuite name="Tests\AI\AIAccuracyTest::keyword_extraction_accuracy_is_acceptable" tests="5" assertions="32" errors="0" failures="0" skipped="0" time="4.544404">
          <testcase name="keyword_extraction_accuracy_is_acceptable with data set &quot;laptop_description&quot;" file="/var/www/html/tests/AI/AIAccuracyTest.php" line="122" class="Tests\AI\AIAccuracyTest" classname="Tests.AI.AIAccuracyTest" assertions="7" time="0.597744"/>
          <testcase name="keyword_extraction_accuracy_is_acceptable with data set &quot;phone_description&quot;" file="/var/www/html/tests/AI/AIAccuracyTest.php" line="122" class="Tests\AI\AIAccuracyTest" classname="Tests.AI.AIAccuracyTest" assertions="7" time="1.202714"/>
          <testcase name="keyword_extraction_accuracy_is_acceptable with data set &quot;clothing_description&quot;" file="/var/www/html/tests/AI/AIAccuracyTest.php" line="122" class="Tests\AI\AIAccuracyTest" classname="Tests.AI.AIAccuracyTest" assertions="7" time="0.857431"/>
          <testcase name="keyword_extraction_accuracy_is_acceptable with data set &quot;empty_text&quot;" file="/var/www/html/tests/AI/AIAccuracyTest.php" line="122" class="Tests\AI\AIAccuracyTest" classname="Tests.AI.AIAccuracyTest" assertions="4" time="0.452652"/>
          <testcase name="keyword_extraction_accuracy_is_acceptable with data set &quot;single_word&quot;" file="/var/www/html/tests/AI/AIAccuracyTest.php" line="122" class="Tests\AI\AIAccuracyTest" classname="Tests.AI.AIAccuracyTest" assertions="7" time="1.433863"/>
        </testsuite>
        <testsuite name="Tests\AI\AIAccuracyTest::recommendation_relevance_is_acceptable" tests="3" assertions="51" errors="0" failures="0" skipped="0" time="1.513681">
          <testcase name="recommendation_relevance_is_acceptable with data set &quot;electronics_preference&quot;" file="/var/www/html/tests/AI/AIAccuracyTest.php" line="194" class="Tests\AI\AIAccuracyTest" classname="Tests.AI.AIAccuracyTest" assertions="17" time="0.637437"/>
          <testcase name="recommendation_relevance_is_acceptable with data set &quot;empty_products&quot;" file="/var/www/html/tests/AI/AIAccuracyTest.php" line="194" class="Tests\AI\AIAccuracyTest" classname="Tests.AI.AIAccuracyTest" assertions="17" time="0.369863"/>
          <testcase name="recommendation_relevance_is_acceptable with data set &quot;no_preferences&quot;" file="/var/www/html/tests/AI/AIAccuracyTest.php" line="194" class="Tests\AI\AIAccuracyTest" classname="Tests.AI.AIAccuracyTest" assertions="17" time="0.506381"/>
        </testsuite>
        <testsuite name="Tests\AI\AIAccuracyTest::image_analysis_accuracy_is_acceptable" tests="4" assertions="55" errors="0" failures="0" skipped="0" time="1.751201">
          <testcase name="image_analysis_accuracy_is_acceptable with data set &quot;phone_image&quot;" file="/var/www/html/tests/AI/AIAccuracyTest.php" line="259" class="Tests\AI\AIAccuracyTest" classname="Tests.AI.AIAccuracyTest" assertions="14" time="0.501007"/>
          <testcase name="image_analysis_accuracy_is_acceptable with data set &quot;laptop_image&quot;" file="/var/www/html/tests/AI/AIAccuracyTest.php" line="259" class="Tests\AI\AIAccuracyTest" classname="Tests.AI.AIAccuracyTest" assertions="14" time="0.385802"/>
          <testcase name="image_analysis_accuracy_is_acceptable with data set &quot;shirt_image&quot;" file="/var/www/html/tests/AI/AIAccuracyTest.php" line="259" class="Tests\AI\AIAccuracyTest" classname="Tests.AI.AIAccuracyTest" assertions="14" time="0.390466"/>
          <testcase name="image_analysis_accuracy_is_acceptable with data set &quot;invalid_image&quot;" file="/var/www/html/tests/AI/AIAccuracyTest.php" line="259" class="Tests\AI\AIAccuracyTest" classname="Tests.AI.AIAccuracyTest" assertions="13" time="0.473924"/>
        </testsuite>
        <testsuite name="Tests\AI\AIAccuracyTest::confidence_scores_are_reasonable" tests="5" assertions="54" errors="0" failures="0" skipped="0" time="2.741358">
          <testcase name="confidence_scores_are_reasonable with data set &quot;clear_positive&quot;" file="/var/www/html/tests/AI/AIAccuracyTest.php" line="321" class="Tests\AI\AIAccuracyTest" classname="Tests.AI.AIAccuracyTest" assertions="11" time="0.398778"/>
          <testcase name="confidence_scores_are_reasonable with data set &quot;clear_negative&quot;" file="/var/www/html/tests/AI/AIAccuracyTest.php" line="321" class="Tests\AI\AIAccuracyTest" classname="Tests.AI.AIAccuracyTest" assertions="11" time="0.545222"/>
          <testcase name="confidence_scores_are_reasonable with data set &quot;neutral_text&quot;" file="/var/www/html/tests/AI/AIAccuracyTest.php" line="321" class="Tests\AI\AIAccuracyTest" classname="Tests.AI.AIAccuracyTest" assertions="11" time="0.518871"/>
          <testcase name="confidence_scores_are_reasonable with data set &quot;ambiguous_text&quot;" file="/var/www/html/tests/AI/AIAccuracyTest.php" line="321" class="Tests\AI\AIAccuracyTest" classname="Tests.AI.AIAccuracyTest" assertions="11" time="0.666621"/>
          <testcase name="confidence_scores_are_reasonable with data set &quot;empty_text&quot;" file="/var/www/html/tests/AI/AIAccuracyTest.php" line="321" class="Tests\AI\AIAccuracyTest" classname="Tests.AI.AIAccuracyTest" assertions="10" time="0.611867"/>
        </testsuite>
        <testsuite name="Tests\AI\AIAccuracyTest::ai_learns_from_corrective_feedback" tests="3" assertions="33" errors="0" failures="0" skipped="0" time="3.946831">
          <testcase name="ai_learns_from_corrective_feedback with data set &quot;positive_feedback&quot;" file="/var/www/html/tests/AI/AIAccuracyTest.php" line="361" class="Tests\AI\AIAccuracyTest" classname="Tests.AI.AIAccuracyTest" assertions="11" time="1.264957"/>
          <testcase name="ai_learns_from_corrective_feedback with data set &quot;negative_feedback&quot;" file="/var/www/html/tests/AI/AIAccuracyTest.php" line="361" class="Tests\AI\AIAccuracyTest" classname="Tests.AI.AIAccuracyTest" assertions="11" time="1.955461"/>
          <testcase name="ai_learns_from_corrective_feedback with data set &quot;neutral_feedback&quot;" file="/var/www/html/tests/AI/AIAccuracyTest.php" line="361" class="Tests\AI\AIAccuracyTest" classname="Tests.AI.AIAccuracyTest" assertions="11" time="0.726413"/>
        </testsuite>
        <testcase name="ai_handles_error_conditions_gracefully" file="/var/www/html/tests/AI/AIAccuracyTest.php" line="410" class="Tests\AI\AIAccuracyTest" classname="Tests.AI.AIAccuracyTest" assertions="18" time="0.566400"/>
        <testcase name="test_can_be_instantiated" file="/var/www/html/tests/AI/AIAccuracyTest.php" line="445" class="Tests\AI\AIAccuracyTest" classname="Tests.AI.AIAccuracyTest" assertions="1" time="0.575229"/>
      </testsuite>
      <testsuite name="Tests\AI\AIErrorHandlingTest" file="/var/www/html/tests/AI/AIErrorHandlingTest.php" tests="6" assertions="11" errors="0" failures="0" skipped="0" time="38.598801">
        <testcase name="ai_handles_invalid_input_gracefully" file="/var/www/html/tests/AI/AIErrorHandlingTest.php" line="14" class="Tests\AI\AIErrorHandlingTest" classname="Tests.AI.AIErrorHandlingTest" assertions="2" time="8.825939"/>
        <testcase name="ai_handles_malformed_json" file="/var/www/html/tests/AI/AIErrorHandlingTest.php" line="29" class="Tests\AI\AIErrorHandlingTest" classname="Tests.AI.AIErrorHandlingTest" assertions="1" time="5.475886"/>
        <testcase name="ai_handles_network_timeout" file="/var/www/html/tests/AI/AIErrorHandlingTest.php" line="42" class="Tests\AI\AIErrorHandlingTest" classname="Tests.AI.AIErrorHandlingTest" assertions="1" time="5.710524"/>
        <testcase name="ai_logs_errors_properly" file="/var/www/html/tests/AI/AIErrorHandlingTest.php" line="57" class="Tests\AI\AIErrorHandlingTest" classname="Tests.AI.AIErrorHandlingTest" assertions="1" time="5.747531"/>
        <testcase name="ai_returns_meaningful_error_messages" file="/var/www/html/tests/AI/AIErrorHandlingTest.php" line="71" class="Tests\AI\AIErrorHandlingTest" classname="Tests.AI.AIErrorHandlingTest" assertions="1" time="6.310766"/>
        <testcase name="ai_handles_concurrent_requests" file="/var/www/html/tests/AI/AIErrorHandlingTest.php" line="85" class="Tests\AI\AIErrorHandlingTest" classname="Tests.AI.AIErrorHandlingTest" assertions="5" time="6.528155"/>
      </testsuite>
      <testsuite name="Tests\AI\AILearningTest" file="/var/www/html/tests/AI/AILearningTest.php" tests="4" assertions="8" errors="0" failures="0" skipped="0" time="4.364642">
        <testcase name="ai_learns_from_text_feedback" file="/var/www/html/tests/AI/AILearningTest.php" line="12" class="Tests\AI\AILearningTest" classname="Tests.AI.AILearningTest" assertions="2" time="1.963871"/>
        <testcase name="ai_learns_from_classification_feedback" file="/var/www/html/tests/AI/AILearningTest.php" line="32" class="Tests\AI\AILearningTest" classname="Tests.AI.AILearningTest" assertions="2" time="0.698636"/>
        <testcase name="ai_learns_from_recommendation_feedback" file="/var/www/html/tests/AI/AILearningTest.php" line="51" class="Tests\AI\AILearningTest" classname="Tests.AI.AILearningTest" assertions="2" time="0.681721"/>
        <testcase name="ai_learns_from_image_analysis_feedback" file="/var/www/html/tests/AI/AILearningTest.php" line="71" class="Tests\AI\AILearningTest" classname="Tests.AI.AILearningTest" assertions="2" time="1.020414"/>
      </testsuite>
      <testsuite name="Tests\AI\AIModelPerformanceTest" file="/var/www/html/tests/AI/AIModelPerformanceTest.php" tests="5" assertions="13" errors="0" failures="0" skipped="0" time="4.847634">
        <testcase name="ai_model_response_time_is_acceptable" file="/var/www/html/tests/AI/AIModelPerformanceTest.php" line="12" class="Tests\AI\AIModelPerformanceTest" classname="Tests.AI.AIModelPerformanceTest" assertions="2" time="0.710856"/>
        <testcase name="ai_model_handles_large_input" file="/var/www/html/tests/AI/AIModelPerformanceTest.php" line="27" class="Tests\AI\AIModelPerformanceTest" classname="Tests.AI.AIModelPerformanceTest" assertions="2" time="0.766775"/>
        <testcase name="ai_model_memory_usage_is_reasonable" file="/var/www/html/tests/AI/AIModelPerformanceTest.php" line="42" class="Tests\AI\AIModelPerformanceTest" classname="Tests.AI.AIModelPerformanceTest" assertions="1" time="0.666228"/>
        <testcase name="ai_model_handles_concurrent_requests" file="/var/www/html/tests/AI/AIModelPerformanceTest.php" line="56" class="Tests\AI\AIModelPerformanceTest" classname="Tests.AI.AIModelPerformanceTest" assertions="6" time="2.025362"/>
        <testcase name="ai_model_accuracy_remains_consistent" file="/var/www/html/tests/AI/AIModelPerformanceTest.php" line="73" class="Tests\AI\AIModelPerformanceTest" classname="Tests.AI.AIModelPerformanceTest" assertions="2" time="0.678413"/>
      </testsuite>
      <testsuite name="Tests\AI\AIModelTest" file="/var/www/html/tests/AI/AIModelTest.php" tests="5" assertions="7" errors="0" failures="0" skipped="0" time="3.039654">
        <testcase name="ai_model_initializes_correctly" file="/var/www/html/tests/AI/AIModelTest.php" line="12" class="Tests\AI\AIModelTest" classname="Tests.AI.AIModelTest" assertions="1" time="0.352081"/>
        <testcase name="ai_can_analyze_text" file="/var/www/html/tests/AI/AIModelTest.php" line="20" class="Tests\AI\AIModelTest" classname="Tests.AI.AIModelTest" assertions="2" time="0.631398"/>
        <testcase name="ai_can_classify_products" file="/var/www/html/tests/AI/AIModelTest.php" line="34" class="Tests\AI\AIModelTest" classname="Tests.AI.AIModelTest" assertions="2" time="0.671516"/>
        <testcase name="ai_can_generate_recommendations" file="/var/www/html/tests/AI/AIModelTest.php" line="46" class="Tests\AI\AIModelTest" classname="Tests.AI.AIModelTest" assertions="1" time="0.642633"/>
        <testcase name="ai_can_analyze_images" file="/var/www/html/tests/AI/AIModelTest.php" line="62" class="Tests\AI\AIModelTest" classname="Tests.AI.AIModelTest" assertions="1" time="0.742026"/>
      </testsuite>
      <testsuite name="Tests\AI\AIResponseTimeTest" file="/var/www/html/tests/AI/AIResponseTimeTest.php" tests="8" assertions="17" errors="0" failures="0" skipped="0" time="58.554848">
        <testcase name="text_analysis_response_time_is_acceptable" file="/var/www/html/tests/AI/AIResponseTimeTest.php" line="21" class="Tests\AI\AIResponseTimeTest" classname="Tests.AI.AIResponseTimeTest" assertions="2" time="6.081057"/>
        <testcase name="product_classification_response_time_is_acceptable" file="/var/www/html/tests/AI/AIResponseTimeTest.php" line="38" class="Tests\AI\AIResponseTimeTest" classname="Tests.AI.AIResponseTimeTest" assertions="2" time="6.439331"/>
        <testcase name="recommendation_generation_response_time_is_acceptable" file="/var/www/html/tests/AI/AIResponseTimeTest.php" line="57" class="Tests\AI\AIResponseTimeTest" classname="Tests.AI.AIResponseTimeTest" assertions="2" time="6.652130"/>
        <testcase name="image_processing_response_time_is_acceptable" file="/var/www/html/tests/AI/AIResponseTimeTest.php" line="82" class="Tests\AI\AIResponseTimeTest" classname="Tests.AI.AIResponseTimeTest" assertions="2" time="6.727942"/>
        <testcase name="batch_processing_response_time_is_acceptable" file="/var/www/html/tests/AI/AIResponseTimeTest.php" line="102" class="Tests\AI\AIResponseTimeTest" classname="Tests.AI.AIResponseTimeTest" assertions="2" time="10.425708"/>
        <testcase name="concurrent_requests_handle_gracefully" file="/var/www/html/tests/AI/AIResponseTimeTest.php" line="132" class="Tests\AI\AIResponseTimeTest" classname="Tests.AI.AIResponseTimeTest" assertions="2" time="6.552815"/>
        <testcase name="response_time_improves_with_caching" file="/var/www/html/tests/AI/AIResponseTimeTest.php" line="154" class="Tests\AI\AIResponseTimeTest" classname="Tests.AI.AIResponseTimeTest" assertions="2" time="8.327737"/>
        <testcase name="response_time_scales_linearly_with_input_size" file="/var/www/html/tests/AI/AIResponseTimeTest.php" line="178" class="Tests\AI\AIResponseTimeTest" classname="Tests.AI.AIResponseTimeTest" assertions="3" time="7.348127"/>
      </testsuite>
      <testsuite name="Tests\AI\ContinuousQualityMonitorTest" file="/var/www/html/tests/AI/ContinuousQualityMonitorTest.php" tests="11" assertions="11" errors="0" failures="0" skipped="0" time="51.920274">
        <testcase name="monitor_initializes_correctly" file="/var/www/html/tests/AI/ContinuousQualityMonitorTest.php" line="14" class="Tests\AI\ContinuousQualityMonitorTest" classname="Tests.AI.ContinuousQualityMonitorTest" assertions="1" time="4.533764"/>
        <testcase name="monitor_has_required_rules" file="/var/www/html/tests/AI/ContinuousQualityMonitorTest.php" line="22" class="Tests\AI\ContinuousQualityMonitorTest" classname="Tests.AI.ContinuousQualityMonitorTest" assertions="1" time="4.722017"/>
        <testcase name="monitor_performs_quality_check" file="/var/www/html/tests/AI/ContinuousQualityMonitorTest.php" line="30" class="Tests\AI\ContinuousQualityMonitorTest" classname="Tests.AI.ContinuousQualityMonitorTest" assertions="1" time="4.624399"/>
        <testcase name="monitor_calculates_health_scores_correctly" file="/var/www/html/tests/AI/ContinuousQualityMonitorTest.php" line="38" class="Tests\AI\ContinuousQualityMonitorTest" classname="Tests.AI.ContinuousQualityMonitorTest" assertions="1" time="3.997257"/>
        <testcase name="monitor_handles_failed_commands" file="/var/www/html/tests/AI/ContinuousQualityMonitorTest.php" line="46" class="Tests\AI\ContinuousQualityMonitorTest" classname="Tests.AI.ContinuousQualityMonitorTest" assertions="1" time="5.184730"/>
        <testcase name="monitor_triggers_critical_alerts" file="/var/www/html/tests/AI/ContinuousQualityMonitorTest.php" line="54" class="Tests\AI\ContinuousQualityMonitorTest" classname="Tests.AI.ContinuousQualityMonitorTest" assertions="1" time="5.377349"/>
        <testcase name="monitor_triggers_warning_alerts" file="/var/www/html/tests/AI/ContinuousQualityMonitorTest.php" line="62" class="Tests\AI\ContinuousQualityMonitorTest" classname="Tests.AI.ContinuousQualityMonitorTest" assertions="1" time="5.368038"/>
        <testcase name="monitor_updates_health_status" file="/var/www/html/tests/AI/ContinuousQualityMonitorTest.php" line="70" class="Tests\AI\ContinuousQualityMonitorTest" classname="Tests.AI.ContinuousQualityMonitorTest" assertions="1" time="5.270664"/>
        <testcase name="monitor_returns_health_status" file="/var/www/html/tests/AI/ContinuousQualityMonitorTest.php" line="78" class="Tests\AI\ContinuousQualityMonitorTest" classname="Tests.AI.ContinuousQualityMonitorTest" assertions="1" time="4.095933"/>
        <testcase name="monitor_returns_alerts_summary" file="/var/www/html/tests/AI/ContinuousQualityMonitorTest.php" line="86" class="Tests\AI\ContinuousQualityMonitorTest" classname="Tests.AI.ContinuousQualityMonitorTest" assertions="1" time="3.915117"/>
        <testcase name="monitor_can_clear_alerts" file="/var/www/html/tests/AI/ContinuousQualityMonitorTest.php" line="94" class="Tests\AI\ContinuousQualityMonitorTest" classname="Tests.AI.ContinuousQualityMonitorTest" assertions="1" time="4.831007"/>
      </testsuite>
      <testsuite name="Tests\AI\ImageProcessingTest" file="/var/www/html/tests/AI/ImageProcessingTest.php" tests="8" assertions="8" errors="0" failures="0" skipped="0" time="41.518340">
        <testcase name="can_analyze_product_images" file="/var/www/html/tests/AI/ImageProcessingTest.php" line="14" class="Tests\AI\ImageProcessingTest" classname="Tests.AI.ImageProcessingTest" assertions="1" time="5.304380"/>
        <testcase name="can_detect_objects_in_images" file="/var/www/html/tests/AI/ImageProcessingTest.php" line="22" class="Tests\AI\ImageProcessingTest" classname="Tests.AI.ImageProcessingTest" assertions="1" time="5.341489"/>
        <testcase name="can_extract_colors_from_images" file="/var/www/html/tests/AI/ImageProcessingTest.php" line="30" class="Tests\AI\ImageProcessingTest" classname="Tests.AI.ImageProcessingTest" assertions="1" time="6.264508"/>
        <testcase name="can_generate_image_tags" file="/var/www/html/tests/AI/ImageProcessingTest.php" line="38" class="Tests\AI\ImageProcessingTest" classname="Tests.AI.ImageProcessingTest" assertions="1" time="6.008922"/>
        <testcase name="can_resize_images" file="/var/www/html/tests/AI/ImageProcessingTest.php" line="46" class="Tests\AI\ImageProcessingTest" classname="Tests.AI.ImageProcessingTest" assertions="1" time="4.594589"/>
        <testcase name="can_compress_images" file="/var/www/html/tests/AI/ImageProcessingTest.php" line="54" class="Tests\AI\ImageProcessingTest" classname="Tests.AI.ImageProcessingTest" assertions="1" time="4.646646"/>
        <testcase name="can_detect_image_quality" file="/var/www/html/tests/AI/ImageProcessingTest.php" line="62" class="Tests\AI\ImageProcessingTest" classname="Tests.AI.ImageProcessingTest" assertions="1" time="4.726188"/>
        <testcase name="can_handle_multiple_image_formats" file="/var/www/html/tests/AI/ImageProcessingTest.php" line="70" class="Tests\AI\ImageProcessingTest" classname="Tests.AI.ImageProcessingTest" assertions="1" time="4.631616"/>
      </testsuite>
      <testsuite name="Tests\AI\ProductClassificationTest" file="/var/www/html/tests/AI/ProductClassificationTest.php" tests="8" assertions="8" errors="0" failures="0" skipped="0" time="38.733441">
        <testcase name="can_classify_electronics" file="/var/www/html/tests/AI/ProductClassificationTest.php" line="14" class="Tests\AI\ProductClassificationTest" classname="Tests.AI.ProductClassificationTest" assertions="1" time="4.729853"/>
        <testcase name="can_classify_clothing" file="/var/www/html/tests/AI/ProductClassificationTest.php" line="22" class="Tests\AI\ProductClassificationTest" classname="Tests.AI.ProductClassificationTest" assertions="1" time="5.472018"/>
        <testcase name="can_classify_books" file="/var/www/html/tests/AI/ProductClassificationTest.php" line="30" class="Tests\AI\ProductClassificationTest" classname="Tests.AI.ProductClassificationTest" assertions="1" time="4.927768"/>
        <testcase name="can_classify_home_garden" file="/var/www/html/tests/AI/ProductClassificationTest.php" line="38" class="Tests\AI\ProductClassificationTest" classname="Tests.AI.ProductClassificationTest" assertions="1" time="3.911682"/>
        <testcase name="can_classify_sports" file="/var/www/html/tests/AI/ProductClassificationTest.php" line="46" class="Tests\AI\ProductClassificationTest" classname="Tests.AI.ProductClassificationTest" assertions="1" time="4.602070"/>
        <testcase name="classification_confidence_is_high" file="/var/www/html/tests/AI/ProductClassificationTest.php" line="54" class="Tests\AI\ProductClassificationTest" classname="Tests.AI.ProductClassificationTest" assertions="1" time="4.651717"/>
        <testcase name="can_handle_ambiguous_products" file="/var/www/html/tests/AI/ProductClassificationTest.php" line="62" class="Tests\AI\ProductClassificationTest" classname="Tests.AI.ProductClassificationTest" assertions="1" time="5.251539"/>
        <testcase name="can_suggest_subcategories" file="/var/www/html/tests/AI/ProductClassificationTest.php" line="70" class="Tests\AI\ProductClassificationTest" classname="Tests.AI.ProductClassificationTest" assertions="1" time="5.186796"/>
      </testsuite>
      <testsuite name="Tests\AI\RecommendationSystemTest" file="/var/www/html/tests/AI/RecommendationSystemTest.php" tests="8" assertions="8" errors="0" failures="0" skipped="0" time="36.463295">
        <testcase name="can_generate_user_recommendations" file="/var/www/html/tests/AI/RecommendationSystemTest.php" line="14" class="Tests\AI\RecommendationSystemTest" classname="Tests.AI.RecommendationSystemTest" assertions="1" time="4.535941"/>
        <testcase name="recommendations_match_user_preferences" file="/var/www/html/tests/AI/RecommendationSystemTest.php" line="22" class="Tests\AI\RecommendationSystemTest" classname="Tests.AI.RecommendationSystemTest" assertions="1" time="3.969318"/>
        <testcase name="can_generate_similar_products" file="/var/www/html/tests/AI/RecommendationSystemTest.php" line="30" class="Tests\AI\RecommendationSystemTest" classname="Tests.AI.RecommendationSystemTest" assertions="1" time="4.614274"/>
        <testcase name="can_generate_trending_products" file="/var/www/html/tests/AI/RecommendationSystemTest.php" line="38" class="Tests\AI\RecommendationSystemTest" classname="Tests.AI.RecommendationSystemTest" assertions="1" time="5.200597"/>
        <testcase name="can_generate_collaborative_recommendations" file="/var/www/html/tests/AI/RecommendationSystemTest.php" line="46" class="Tests\AI\RecommendationSystemTest" classname="Tests.AI.RecommendationSystemTest" assertions="1" time="4.916967"/>
        <testcase name="recommendations_consider_price_range" file="/var/www/html/tests/AI/RecommendationSystemTest.php" line="54" class="Tests\AI\RecommendationSystemTest" classname="Tests.AI.RecommendationSystemTest" assertions="1" time="4.482537"/>
        <testcase name="can_generate_seasonal_recommendations" file="/var/www/html/tests/AI/RecommendationSystemTest.php" line="62" class="Tests\AI\RecommendationSystemTest" classname="Tests.AI.RecommendationSystemTest" assertions="1" time="4.842176"/>
        <testcase name="recommendations_improve_with_feedback" file="/var/www/html/tests/AI/RecommendationSystemTest.php" line="70" class="Tests\AI\RecommendationSystemTest" classname="Tests.AI.RecommendationSystemTest" assertions="1" time="3.901484"/>
      </testsuite>
      <testsuite name="Tests\AI\StrictQualityAgentTest" file="/var/www/html/tests/AI/StrictQualityAgentTest.php" tests="10" assertions="10" errors="0" failures="0" skipped="0" time="49.862893">
        <testcase name="agent_initializes_correctly" file="/var/www/html/tests/AI/StrictQualityAgentTest.php" line="14" class="Tests\AI\StrictQualityAgentTest" classname="Tests.AI.StrictQualityAgentTest" assertions="1" time="4.635343"/>
        <testcase name="agent_has_all_required_stages" file="/var/www/html/tests/AI/StrictQualityAgentTest.php" line="22" class="Tests\AI\StrictQualityAgentTest" classname="Tests.AI.StrictQualityAgentTest" assertions="1" time="4.295771"/>
        <testcase name="agent_stages_have_required_properties" file="/var/www/html/tests/AI/StrictQualityAgentTest.php" line="30" class="Tests\AI\StrictQualityAgentTest" classname="Tests.AI.StrictQualityAgentTest" assertions="1" time="4.534453"/>
        <testcase name="agent_can_execute_single_stage" file="/var/www/html/tests/AI/StrictQualityAgentTest.php" line="38" class="Tests\AI\StrictQualityAgentTest" classname="Tests.AI.StrictQualityAgentTest" assertions="1" time="4.558282"/>
        <testcase name="agent_handles_stage_failure" file="/var/www/html/tests/AI/StrictQualityAgentTest.php" line="46" class="Tests\AI\StrictQualityAgentTest" classname="Tests.AI.StrictQualityAgentTest" assertions="1" time="5.269849"/>
        <testcase name="agent_can_auto_fix_issues" file="/var/www/html/tests/AI/StrictQualityAgentTest.php" line="54" class="Tests\AI\StrictQualityAgentTest" classname="Tests.AI.StrictQualityAgentTest" assertions="1" time="6.906690"/>
        <testcase name="agent_generates_report_file" file="/var/www/html/tests/AI/StrictQualityAgentTest.php" line="62" class="Tests\AI\StrictQualityAgentTest" classname="Tests.AI.StrictQualityAgentTest" assertions="1" time="5.279716"/>
        <testcase name="agent_returns_correct_stage_status" file="/var/www/html/tests/AI/StrictQualityAgentTest.php" line="70" class="Tests\AI\StrictQualityAgentTest" classname="Tests.AI.StrictQualityAgentTest" assertions="1" time="3.978779"/>
        <testcase name="agent_returns_all_results" file="/var/www/html/tests/AI/StrictQualityAgentTest.php" line="78" class="Tests\AI\StrictQualityAgentTest" classname="Tests.AI.StrictQualityAgentTest" assertions="1" time="5.234127"/>
        <testcase name="agent_returns_errors_summary" file="/var/www/html/tests/AI/StrictQualityAgentTest.php" line="86" class="Tests\AI\StrictQualityAgentTest" classname="Tests.AI.StrictQualityAgentTest" assertions="1" time="5.169884"/>
      </testsuite>
      <testsuite name="Tests\AI\TextProcessingTest" file="/var/www/html/tests/AI/TextProcessingTest.php" tests="8" assertions="8" errors="0" failures="0" skipped="0" time="39.707953">
        <testcase name="can_process_arabic_text" file="/var/www/html/tests/AI/TextProcessingTest.php" line="14" class="Tests\AI\TextProcessingTest" classname="Tests.AI.TextProcessingTest" assertions="1" time="6.192150"/>
        <testcase name="can_extract_keywords" file="/var/www/html/tests/AI/TextProcessingTest.php" line="22" class="Tests\AI\TextProcessingTest" classname="Tests.AI.TextProcessingTest" assertions="1" time="5.172512"/>
        <testcase name="can_detect_sentiment" file="/var/www/html/tests/AI/TextProcessingTest.php" line="30" class="Tests\AI\TextProcessingTest" classname="Tests.AI.TextProcessingTest" assertions="1" time="4.450490"/>
        <testcase name="can_remove_stop_words" file="/var/www/html/tests/AI/TextProcessingTest.php" line="38" class="Tests\AI\TextProcessingTest" classname="Tests.AI.TextProcessingTest" assertions="1" time="3.813214"/>
        <testcase name="can_normalize_text" file="/var/www/html/tests/AI/TextProcessingTest.php" line="46" class="Tests\AI\TextProcessingTest" classname="Tests.AI.TextProcessingTest" assertions="1" time="4.658830"/>
        <testcase name="can_handle_mixed_languages" file="/var/www/html/tests/AI/TextProcessingTest.php" line="54" class="Tests\AI\TextProcessingTest" classname="Tests.AI.TextProcessingTest" assertions="1" time="5.065140"/>
        <testcase name="can_extract_entities" file="/var/www/html/tests/AI/TextProcessingTest.php" line="62" class="Tests\AI\TextProcessingTest" classname="Tests.AI.TextProcessingTest" assertions="1" time="5.203721"/>
        <testcase name="can_summarize_text" file="/var/www/html/tests/AI/TextProcessingTest.php" line="70" class="Tests\AI\TextProcessingTest" classname="Tests.AI.TextProcessingTest" assertions="1" time="5.151895"/>
      </testsuite>
    </testsuite>
  </testsuite>
</testsuites>
