PHPUnit 12.0.0 by Sebastian Bergmann and contributors.

Runtime:       PHP 8.3.6
Configuration: /mnt/c/Users/Gaser/Desktop/COPRRA/phpunit.xml

.............................................................   61 / 1048 (  5%)
..........................................EF.................  122 / 1048 ( 11%)
.............................................................  183 / 1048 ( 17%)
.............................................................  244 / 1048 ( 23%)
.............................................................  305 / 1048 ( 29%)
..................F..........................................  366 / 1048 ( 34%)
......................EEEEE..................EEE.............  427 / 1048 ( 40%)
............E...E.....EEEEEEEEEEEE..........RRRRRRREEEEE.E...  488 / 1048 ( 46%)
EEEEEEEEEE.....EEEEE.....................EEEEEEEEEEE.........  549 / 1048 ( 52%)
................................EEE..........................  610 / 1048 ( 58%)
F...E..EE..E........E....E......................EEE.......FFE  671 / 1048 ( 64%)
EE.E.....E....E.EEE.EEEE.........F.FEEEEE.EEE.FE.E.F......EEE  732 / 1048 ( 69%)
EE..F...........................E.F.......EEEE....EEEEEEEEEEE  793 / 1048 ( 75%)
EEFEE.EEEEE........F.........F........................EEEEEEE  854 / 1048 ( 81%)
EEEEEEEEEEE.......E.EEEEEEEEEEEEEEEEEE......................E  915 / 1048 ( 87%)
.EEEE...............................EE..E.F...FF.....F..EEEEE  976 / 1048 ( 93%)
EEEEEEEEE.F.FFFF..FF.E.........EEEEE....EEEEE.E..........E... 1037 / 1048 ( 98%)
...........                                                   1048 / 1048 (100%)

Time: 21:41.573, Memory: 183.00 MB

There were 192 errors:

1) Tests\Feature\E2E\OrderFlowTest::test_complete_order_creation_flow
Illuminate\Database\QueryException: SQLSTATE[HY000]: General error: 1 no such table: cart_items (Connection: sqlite, SQL: select exists(select * from "cart_items" where ("user_id" = 1)) as "exists")

/mnt/c/Users/Gaser/Desktop/COPRRA/vendor/laravel/framework/src/Illuminate/Database/Connection.php:824
/mnt/c/Users/Gaser/Desktop/COPRRA/vendor/laravel/framework/src/Illuminate/Database/Connection.php:778
/mnt/c/Users/Gaser/Desktop/COPRRA/vendor/laravel/framework/src/Illuminate/Database/Connection.php:397
/mnt/c/Users/Gaser/Desktop/COPRRA/vendor/laravel/framework/src/Illuminate/Database/Query/Builder.php:3561
/mnt/c/Users/Gaser/Desktop/COPRRA/vendor/laravel/framework/src/Illuminate/Testing/Constraints/HasInDatabase.php:55
/mnt/c/Users/Gaser/Desktop/COPRRA/vendor/laravel/framework/src/Illuminate/Foundation/Testing/Concerns/InteractsWithDatabase.php:79
/mnt/c/Users/Gaser/Desktop/COPRRA/tests/Feature/E2E/OrderFlowTest.php:79

Caused by
PDOException: SQLSTATE[HY000]: General error: 1 no such table: cart_items

/mnt/c/Users/Gaser/Desktop/COPRRA/vendor/laravel/framework/src/Illuminate/Database/Connection.php:406
/mnt/c/Users/Gaser/Desktop/COPRRA/vendor/laravel/framework/src/Illuminate/Database/Connection.php:811
/mnt/c/Users/Gaser/Desktop/COPRRA/vendor/laravel/framework/src/Illuminate/Database/Connection.php:778
/mnt/c/Users/Gaser/Desktop/COPRRA/vendor/laravel/framework/src/Illuminate/Database/Connection.php:397
/mnt/c/Users/Gaser/Desktop/COPRRA/vendor/laravel/framework/src/Illuminate/Database/Query/Builder.php:3561
/mnt/c/Users/Gaser/Desktop/COPRRA/vendor/laravel/framework/src/Illuminate/Testing/Constraints/HasInDatabase.php:55
/mnt/c/Users/Gaser/Desktop/COPRRA/vendor/laravel/framework/src/Illuminate/Foundation/Testing/Concerns/InteractsWithDatabase.php:79
/mnt/c/Users/Gaser/Desktop/COPRRA/tests/Feature/E2E/OrderFlowTest.php:79

2) Tests\Feature\Http\Middleware\AuthenticateWithBasicAuthTest::test_authenticate_with_basic_auth_middleware_handles_requests
Error: Class "App\Http\Middleware\AuthenticateWithBasicAuth" not found

/mnt/c/Users/Gaser/Desktop/COPRRA/tests/Feature/Http/Middleware/AuthenticateWithBasicAuthTest.php:21

3) Tests\Feature\Http\Middleware\AuthenticateWithBasicAuthTest::test_authenticate_with_basic_auth_middleware_handles_invalid_credentials
Error: Class "App\Http\Middleware\AuthenticateWithBasicAuth" not found

/mnt/c/Users/Gaser/Desktop/COPRRA/tests/Feature/Http/Middleware/AuthenticateWithBasicAuthTest.php:35

4) Tests\Feature\Http\Middleware\AuthenticateWithBasicAuthTest::test_authenticate_with_basic_auth_middleware_handles_missing_authorization
Error: Class "App\Http\Middleware\AuthenticateWithBasicAuth" not found

/mnt/c/Users/Gaser/Desktop/COPRRA/tests/Feature/Http/Middleware/AuthenticateWithBasicAuthTest.php:47

5) Tests\Feature\Http\Middleware\AuthenticateWithBasicAuthTest::test_authenticate_with_basic_auth_middleware_handles_malformed_authorization
Error: Class "App\Http\Middleware\AuthenticateWithBasicAuth" not found

/mnt/c/Users/Gaser/Desktop/COPRRA/tests/Feature/Http/Middleware/AuthenticateWithBasicAuthTest.php:60

6) Tests\Feature\Http\Middleware\AuthenticateWithBasicAuthTest::test_authenticate_with_basic_auth_middleware_handles_post_requests
Error: Class "App\Http\Middleware\AuthenticateWithBasicAuth" not found

/mnt/c/Users/Gaser/Desktop/COPRRA/tests/Feature/Http/Middleware/AuthenticateWithBasicAuthTest.php:75

7) Tests\Feature\Http\Middleware\HandleCorsTest::test_handle_cors_middleware_adds_cors_headers
Error: Class "App\Http\Middleware\HandleCors" not found

/mnt/c/Users/Gaser/Desktop/COPRRA/tests/Feature/Http/Middleware/HandleCorsTest.php:22

8) Tests\Feature\Http\Middleware\HandleCorsTest::test_handle_cors_middleware_handles_preflight_requests
Error: Class "App\Http\Middleware\HandleCors" not found

/mnt/c/Users/Gaser/Desktop/COPRRA/tests/Feature/Http/Middleware/HandleCorsTest.php:40

9) Tests\Feature\Http\Middleware\HandleCorsTest::test_handle_cors_middleware_passes_regular_requests
Error: Class "App\Http\Middleware\HandleCors" not found

/mnt/c/Users/Gaser/Desktop/COPRRA/tests/Feature/Http/Middleware/HandleCorsTest.php:55

10) Tests\Feature\Http\Middleware\RequirePasswordTest::test_require_password_middleware_allows_requests_with_valid_password
Illuminate\Database\QueryException: SQLSTATE[HY000]: General error: 1 no such column: password_confirmed_at (Connection: sqlite, SQL: update "users" set "password_confirmed_at" = 2025-10-14 10:37:24, "updated_at" = 2025-10-14 10:37:24 where "id" = 1)

/mnt/c/Users/Gaser/Desktop/COPRRA/vendor/laravel/framework/src/Illuminate/Database/Connection.php:824
/mnt/c/Users/Gaser/Desktop/COPRRA/vendor/laravel/framework/src/Illuminate/Database/Connection.php:778
/mnt/c/Users/Gaser/Desktop/COPRRA/vendor/laravel/framework/src/Illuminate/Database/Connection.php:583
/mnt/c/Users/Gaser/Desktop/COPRRA/vendor/laravel/framework/src/Illuminate/Database/Connection.php:535
/mnt/c/Users/Gaser/Desktop/COPRRA/vendor/laravel/framework/src/Illuminate/Database/Query/Builder.php:3917
/mnt/c/Users/Gaser/Desktop/COPRRA/vendor/laravel/framework/src/Illuminate/Database/Eloquent/Builder.php:1266
/mnt/c/Users/Gaser/Desktop/COPRRA/vendor/laravel/framework/src/Illuminate/Database/Eloquent/Model.php:1316
/mnt/c/Users/Gaser/Desktop/COPRRA/vendor/laravel/framework/src/Illuminate/Database/Eloquent/Model.php:1233
/mnt/c/Users/Gaser/Desktop/COPRRA/tests/Feature/Http/Middleware/RequirePasswordTest.php:27

Caused by
PDOException: SQLSTATE[HY000]: General error: 1 no such column: password_confirmed_at

/mnt/c/Users/Gaser/Desktop/COPRRA/vendor/laravel/framework/src/Illuminate/Database/Connection.php:591
/mnt/c/Users/Gaser/Desktop/COPRRA/vendor/laravel/framework/src/Illuminate/Database/Connection.php:811
/mnt/c/Users/Gaser/Desktop/COPRRA/vendor/laravel/framework/src/Illuminate/Database/Connection.php:778
/mnt/c/Users/Gaser/Desktop/COPRRA/vendor/laravel/framework/src/Illuminate/Database/Connection.php:583
/mnt/c/Users/Gaser/Desktop/COPRRA/vendor/laravel/framework/src/Illuminate/Database/Connection.php:535
/mnt/c/Users/Gaser/Desktop/COPRRA/vendor/laravel/framework/src/Illuminate/Database/Query/Builder.php:3917
/mnt/c/Users/Gaser/Desktop/COPRRA/vendor/laravel/framework/src/Illuminate/Database/Eloquent/Builder.php:1266
/mnt/c/Users/Gaser/Desktop/COPRRA/vendor/laravel/framework/src/Illuminate/Database/Eloquent/Model.php:1316
/mnt/c/Users/Gaser/Desktop/COPRRA/vendor/laravel/framework/src/Illuminate/Database/Eloquent/Model.php:1233
/mnt/c/Users/Gaser/Desktop/COPRRA/tests/Feature/Http/Middleware/RequirePasswordTest.php:27

11) Tests\Feature\Http\Middleware\RequirePasswordTest::test_require_password_middleware_handles_get_requests
Illuminate\Database\QueryException: SQLSTATE[HY000]: General error: 1 no such column: password_confirmed_at (Connection: sqlite, SQL: update "users" set "password_confirmed_at" = 2025-10-14 10:37:26, "updated_at" = 2025-10-14 10:37:26 where "id" = 1)

/mnt/c/Users/Gaser/Desktop/COPRRA/vendor/laravel/framework/src/Illuminate/Database/Connection.php:824
/mnt/c/Users/Gaser/Desktop/COPRRA/vendor/laravel/framework/src/Illuminate/Database/Connection.php:778
/mnt/c/Users/Gaser/Desktop/COPRRA/vendor/laravel/framework/src/Illuminate/Database/Connection.php:583
/mnt/c/Users/Gaser/Desktop/COPRRA/vendor/laravel/framework/src/Illuminate/Database/Connection.php:535
/mnt/c/Users/Gaser/Desktop/COPRRA/vendor/laravel/framework/src/Illuminate/Database/Query/Builder.php:3917
/mnt/c/Users/Gaser/Desktop/COPRRA/vendor/laravel/framework/src/Illuminate/Database/Eloquent/Builder.php:1266
/mnt/c/Users/Gaser/Desktop/COPRRA/vendor/laravel/framework/src/Illuminate/Database/Eloquent/Model.php:1316
/mnt/c/Users/Gaser/Desktop/COPRRA/vendor/laravel/framework/src/Illuminate/Database/Eloquent/Model.php:1233
/mnt/c/Users/Gaser/Desktop/COPRRA/tests/Feature/Http/Middleware/RequirePasswordTest.php:100

Caused by
PDOException: SQLSTATE[HY000]: General error: 1 no such column: password_confirmed_at

/mnt/c/Users/Gaser/Desktop/COPRRA/vendor/laravel/framework/src/Illuminate/Database/Connection.php:591
/mnt/c/Users/Gaser/Desktop/COPRRA/vendor/laravel/framework/src/Illuminate/Database/Connection.php:811
/mnt/c/Users/Gaser/Desktop/COPRRA/vendor/laravel/framework/src/Illuminate/Database/Connection.php:778
/mnt/c/Users/Gaser/Desktop/COPRRA/vendor/laravel/framework/src/Illuminate/Database/Connection.php:583
/mnt/c/Users/Gaser/Desktop/COPRRA/vendor/laravel/framework/src/Illuminate/Database/Connection.php:535
/mnt/c/Users/Gaser/Desktop/COPRRA/vendor/laravel/framework/src/Illuminate/Database/Query/Builder.php:3917
/mnt/c/Users/Gaser/Desktop/COPRRA/vendor/laravel/framework/src/Illuminate/Database/Eloquent/Builder.php:1266
/mnt/c/Users/Gaser/Desktop/COPRRA/vendor/laravel/framework/src/Illuminate/Database/Eloquent/Model.php:1316
/mnt/c/Users/Gaser/Desktop/COPRRA/vendor/laravel/framework/src/Illuminate/Database/Eloquent/Model.php:1233
/mnt/c/Users/Gaser/Desktop/COPRRA/tests/Feature/Http/Middleware/RequirePasswordTest.php:100

12) Tests\Feature\Http\Middleware\SecurityHeadersTest::test_security_headers_middleware_adds_security_headers
Error: Class "App\Http\Middleware\SecurityHeaders" not found

/mnt/c/Users/Gaser/Desktop/COPRRA/tests/Feature/Http/Middleware/SecurityHeadersTest.php:18

13) Tests\Feature\Http\Middleware\SecurityHeadersTest::test_security_headers_middleware_handles_sensitive_routes
Error: Class "App\Http\Middleware\SecurityHeaders" not found

/mnt/c/Users/Gaser/Desktop/COPRRA/tests/Feature/Http/Middleware/SecurityHeadersTest.php:38

14) Tests\Feature\Http\Middleware\SecurityHeadersTest::test_security_headers_middleware_handles_settings_routes
Error: Class "App\Http\Middleware\SecurityHeaders" not found

/mnt/c/Users/Gaser/Desktop/COPRRA/tests/Feature/Http/Middleware/SecurityHeadersTest.php:51

15) Tests\Feature\Http\Middleware\SecurityHeadersTest::test_security_headers_middleware_handles_profile_routes
Error: Class "App\Http\Middleware\SecurityHeaders" not found

/mnt/c/Users/Gaser/Desktop/COPRRA/tests/Feature/Http/Middleware/SecurityHeadersTest.php:64

16) Tests\Feature\Http\Middleware\SecurityHeadersTest::test_security_headers_middleware_handles_billing_routes
Error: Class "App\Http\Middleware\SecurityHeaders" not found

/mnt/c/Users/Gaser/Desktop/COPRRA/tests/Feature/Http/Middleware/SecurityHeadersTest.php:77

17) Tests\Feature\Http\Middleware\SecurityHeadersTest::test_security_headers_middleware_handles_admin_api_routes
Error: Class "App\Http\Middleware\SecurityHeaders" not found

/mnt/c/Users/Gaser/Desktop/COPRRA/tests/Feature/Http/Middleware/SecurityHeadersTest.php:90

18) Tests\Feature\Http\Middleware\SecurityHeadersTest::test_security_headers_middleware_logs_suspicious_sql_injection_attempts
Error: Class "App\Http\Middleware\SecurityHeaders" not found

/mnt/c/Users/Gaser/Desktop/COPRRA/tests/Feature/Http/Middleware/SecurityHeadersTest.php:107

19) Tests\Feature\Http\Middleware\SecurityHeadersTest::test_security_headers_middleware_logs_suspicious_xss_attempts
Error: Class "App\Http\Middleware\SecurityHeaders" not found

/mnt/c/Users/Gaser/Desktop/COPRRA/tests/Feature/Http/Middleware/SecurityHeadersTest.php:123

20) Tests\Feature\Http\Middleware\SecurityHeadersTest::test_security_headers_middleware_logs_suspicious_file_uploads
Error: Class "App\Http\Middleware\SecurityHeaders" not found

/mnt/c/Users/Gaser/Desktop/COPRRA/tests/Feature/Http/Middleware/SecurityHeadersTest.php:152

21) Tests\Feature\Http\Middleware\SecurityHeadersTest::test_security_headers_middleware_does_not_log_normal_requests
Error: Class "App\Http\Middleware\SecurityHeaders" not found

/mnt/c/Users/Gaser/Desktop/COPRRA/tests/Feature/Http/Middleware/SecurityHeadersTest.php:169

22) Tests\Feature\Http\Middleware\SecurityHeadersTest::test_security_headers_middleware_handles_https_redirect_in_production
Error: Class "App\Http\Middleware\SecurityHeaders" not found

/mnt/c/Users/Gaser/Desktop/COPRRA/tests/Feature/Http/Middleware/SecurityHeadersTest.php:184

23) Tests\Feature\Http\Middleware\SecurityHeadersTest::test_security_headers_middleware_does_not_redirect_https_in_development
Error: Class "App\Http\Middleware\SecurityHeaders" not found

/mnt/c/Users/Gaser/Desktop/COPRRA/tests/Feature/Http/Middleware/SecurityHeadersTest.php:200

24) Tests\Feature\Http\Middleware\ShareErrorsFromSessionTest::test_share_errors_from_session_middleware_shares_errors
TypeError: Illuminate\Routing\UrlGenerator::__construct(): Argument #2 ($request) must be of type Illuminate\Http\Request, null given, called in /mnt/c/Users/Gaser/Desktop/COPRRA/vendor/laravel/framework/src/Illuminate/Routing/RoutingServiceProvider.php on line 63

/mnt/c/Users/Gaser/Desktop/COPRRA/vendor/laravel/framework/src/Illuminate/Routing/UrlGenerator.php:128
/mnt/c/Users/Gaser/Desktop/COPRRA/vendor/laravel/framework/src/Illuminate/Routing/RoutingServiceProvider.php:63
/mnt/c/Users/Gaser/Desktop/COPRRA/vendor/laravel/framework/src/Illuminate/Container/Container.php:1154
/mnt/c/Users/Gaser/Desktop/COPRRA/vendor/laravel/framework/src/Illuminate/Container/Container.php:972
/mnt/c/Users/Gaser/Desktop/COPRRA/vendor/laravel/framework/src/Illuminate/Foundation/Application.php:1078
/mnt/c/Users/Gaser/Desktop/COPRRA/vendor/laravel/framework/src/Illuminate/Container/Container.php:903
/mnt/c/Users/Gaser/Desktop/COPRRA/vendor/laravel/framework/src/Illuminate/Foundation/Application.php:1058
/mnt/c/Users/Gaser/Desktop/COPRRA/vendor/laravel/framework/src/Illuminate/Container/Container.php:1856
/mnt/c/Users/Gaser/Desktop/COPRRA/vendor/laravel/framework/src/Illuminate/Routing/RoutingServiceProvider.php:115
/mnt/c/Users/Gaser/Desktop/COPRRA/vendor/laravel/framework/src/Illuminate/Container/Container.php:1154
/mnt/c/Users/Gaser/Desktop/COPRRA/vendor/laravel/framework/src/Illuminate/Container/Container.php:972
/mnt/c/Users/Gaser/Desktop/COPRRA/vendor/laravel/framework/src/Illuminate/Foundation/Application.php:1078
/mnt/c/Users/Gaser/Desktop/COPRRA/vendor/laravel/framework/src/Illuminate/Container/Container.php:903
/mnt/c/Users/Gaser/Desktop/COPRRA/vendor/laravel/framework/src/Illuminate/Foundation/Application.php:1058
/mnt/c/Users/Gaser/Desktop/COPRRA/vendor/laravel/framework/src/Illuminate/Container/Container.php:1856
/mnt/c/Users/Gaser/Desktop/COPRRA/vendor/laravel/framework/src/Illuminate/Routing/RoutingServiceProvider.php:177
/mnt/c/Users/Gaser/Desktop/COPRRA/vendor/laravel/framework/src/Illuminate/Container/Container.php:1154
/mnt/c/Users/Gaser/Desktop/COPRRA/vendor/laravel/framework/src/Illuminate/Container/Container.php:972
/mnt/c/Users/Gaser/Desktop/COPRRA/vendor/laravel/framework/src/Illuminate/Foundation/Application.php:1078
/mnt/c/Users/Gaser/Desktop/COPRRA/vendor/laravel/framework/src/Illuminate/Container/Container.php:903
/mnt/c/Users/Gaser/Desktop/COPRRA/vendor/laravel/framework/src/Illuminate/Foundation/Application.php:1058
/mnt/c/Users/Gaser/Desktop/COPRRA/vendor/laravel/framework/src/Illuminate/Foundation/helpers.php:138
/mnt/c/Users/Gaser/Desktop/COPRRA/vendor/laravel/framework/src/Illuminate/Foundation/helpers.php:851
/mnt/c/Users/Gaser/Desktop/COPRRA/tests/Feature/Http/Middleware/ShareErrorsFromSessionTest.php:23
/mnt/c/Users/Gaser/Desktop/COPRRA/app/Http/Middleware/ShareErrorsFromSession.php:17
/mnt/c/Users/Gaser/Desktop/COPRRA/tests/Feature/Http/Middleware/ShareErrorsFromSessionTest.php:22

25) Tests\Feature\Http\Middleware\ShareErrorsFromSessionTest::test_share_errors_from_session_middleware_handles_no_errors
TypeError: Illuminate\Routing\UrlGenerator::__construct(): Argument #2 ($request) must be of type Illuminate\Http\Request, null given, called in /mnt/c/Users/Gaser/Desktop/COPRRA/vendor/laravel/framework/src/Illuminate/Routing/RoutingServiceProvider.php on line 63

/mnt/c/Users/Gaser/Desktop/COPRRA/vendor/laravel/framework/src/Illuminate/Routing/UrlGenerator.php:128
/mnt/c/Users/Gaser/Desktop/COPRRA/vendor/laravel/framework/src/Illuminate/Routing/RoutingServiceProvider.php:63
/mnt/c/Users/Gaser/Desktop/COPRRA/vendor/laravel/framework/src/Illuminate/Container/Container.php:1154
/mnt/c/Users/Gaser/Desktop/COPRRA/vendor/laravel/framework/src/Illuminate/Container/Container.php:972
/mnt/c/Users/Gaser/Desktop/COPRRA/vendor/laravel/framework/src/Illuminate/Foundation/Application.php:1078
/mnt/c/Users/Gaser/Desktop/COPRRA/vendor/laravel/framework/src/Illuminate/Container/Container.php:903
/mnt/c/Users/Gaser/Desktop/COPRRA/vendor/laravel/framework/src/Illuminate/Foundation/Application.php:1058
/mnt/c/Users/Gaser/Desktop/COPRRA/vendor/laravel/framework/src/Illuminate/Container/Container.php:1856
/mnt/c/Users/Gaser/Desktop/COPRRA/vendor/laravel/framework/src/Illuminate/Routing/RoutingServiceProvider.php:115
/mnt/c/Users/Gaser/Desktop/COPRRA/vendor/laravel/framework/src/Illuminate/Container/Container.php:1154
/mnt/c/Users/Gaser/Desktop/COPRRA/vendor/laravel/framework/src/Illuminate/Container/Container.php:972
/mnt/c/Users/Gaser/Desktop/COPRRA/vendor/laravel/framework/src/Illuminate/Foundation/Application.php:1078
/mnt/c/Users/Gaser/Desktop/COPRRA/vendor/laravel/framework/src/Illuminate/Container/Container.php:903
/mnt/c/Users/Gaser/Desktop/COPRRA/vendor/laravel/framework/src/Illuminate/Foundation/Application.php:1058
/mnt/c/Users/Gaser/Desktop/COPRRA/vendor/laravel/framework/src/Illuminate/Container/Container.php:1856
/mnt/c/Users/Gaser/Desktop/COPRRA/vendor/laravel/framework/src/Illuminate/Routing/RoutingServiceProvider.php:177
/mnt/c/Users/Gaser/Desktop/COPRRA/vendor/laravel/framework/src/Illuminate/Container/Container.php:1154
/mnt/c/Users/Gaser/Desktop/COPRRA/vendor/laravel/framework/src/Illuminate/Container/Container.php:972
/mnt/c/Users/Gaser/Desktop/COPRRA/vendor/laravel/framework/src/Illuminate/Foundation/Application.php:1078
/mnt/c/Users/Gaser/Desktop/COPRRA/vendor/laravel/framework/src/Illuminate/Container/Container.php:903
/mnt/c/Users/Gaser/Desktop/COPRRA/vendor/laravel/framework/src/Illuminate/Foundation/Application.php:1058
/mnt/c/Users/Gaser/Desktop/COPRRA/vendor/laravel/framework/src/Illuminate/Foundation/helpers.php:138
/mnt/c/Users/Gaser/Desktop/COPRRA/vendor/laravel/framework/src/Illuminate/Foundation/helpers.php:851
/mnt/c/Users/Gaser/Desktop/COPRRA/tests/Feature/Http/Middleware/ShareErrorsFromSessionTest.php:38
/mnt/c/Users/Gaser/Desktop/COPRRA/app/Http/Middleware/ShareErrorsFromSession.php:17
/mnt/c/Users/Gaser/Desktop/COPRRA/tests/Feature/Http/Middleware/ShareErrorsFromSessionTest.php:37

26) Tests\Feature\Http\Middleware\ShareErrorsFromSessionTest::test_share_errors_from_session_middleware_handles_multiple_errors
TypeError: Illuminate\Routing\UrlGenerator::__construct(): Argument #2 ($request) must be of type Illuminate\Http\Request, null given, called in /mnt/c/Users/Gaser/Desktop/COPRRA/vendor/laravel/framework/src/Illuminate/Routing/RoutingServiceProvider.php on line 63

/mnt/c/Users/Gaser/Desktop/COPRRA/vendor/laravel/framework/src/Illuminate/Routing/UrlGenerator.php:128
/mnt/c/Users/Gaser/Desktop/COPRRA/vendor/laravel/framework/src/Illuminate/Routing/RoutingServiceProvider.php:63
/mnt/c/Users/Gaser/Desktop/COPRRA/vendor/laravel/framework/src/Illuminate/Container/Container.php:1154
/mnt/c/Users/Gaser/Desktop/COPRRA/vendor/laravel/framework/src/Illuminate/Container/Container.php:972
/mnt/c/Users/Gaser/Desktop/COPRRA/vendor/laravel/framework/src/Illuminate/Foundation/Application.php:1078
/mnt/c/Users/Gaser/Desktop/COPRRA/vendor/laravel/framework/src/Illuminate/Container/Container.php:903
/mnt/c/Users/Gaser/Desktop/COPRRA/vendor/laravel/framework/src/Illuminate/Foundation/Application.php:1058
/mnt/c/Users/Gaser/Desktop/COPRRA/vendor/laravel/framework/src/Illuminate/Container/Container.php:1856
/mnt/c/Users/Gaser/Desktop/COPRRA/vendor/laravel/framework/src/Illuminate/Routing/RoutingServiceProvider.php:115
/mnt/c/Users/Gaser/Desktop/COPRRA/vendor/laravel/framework/src/Illuminate/Container/Container.php:1154
/mnt/c/Users/Gaser/Desktop/COPRRA/vendor/laravel/framework/src/Illuminate/Container/Container.php:972
/mnt/c/Users/Gaser/Desktop/COPRRA/vendor/laravel/framework/src/Illuminate/Foundation/Application.php:1078
/mnt/c/Users/Gaser/Desktop/COPRRA/vendor/laravel/framework/src/Illuminate/Container/Container.php:903
/mnt/c/Users/Gaser/Desktop/COPRRA/vendor/laravel/framework/src/Illuminate/Foundation/Application.php:1058
/mnt/c/Users/Gaser/Desktop/COPRRA/vendor/laravel/framework/src/Illuminate/Container/Container.php:1856
/mnt/c/Users/Gaser/Desktop/COPRRA/vendor/laravel/framework/src/Illuminate/Routing/RoutingServiceProvider.php:177
/mnt/c/Users/Gaser/Desktop/COPRRA/vendor/laravel/framework/src/Illuminate/Container/Container.php:1154
/mnt/c/Users/Gaser/Desktop/COPRRA/vendor/laravel/framework/src/Illuminate/Container/Container.php:972
/mnt/c/Users/Gaser/Desktop/COPRRA/vendor/laravel/framework/src/Illuminate/Foundation/Application.php:1078
/mnt/c/Users/Gaser/Desktop/COPRRA/vendor/laravel/framework/src/Illuminate/Container/Container.php:903
/mnt/c/Users/Gaser/Desktop/COPRRA/vendor/laravel/framework/src/Illuminate/Foundation/Application.php:1058
/mnt/c/Users/Gaser/Desktop/COPRRA/vendor/laravel/framework/src/Illuminate/Foundation/helpers.php:138
/mnt/c/Users/Gaser/Desktop/COPRRA/vendor/laravel/framework/src/Illuminate/Foundation/helpers.php:851
/mnt/c/Users/Gaser/Desktop/COPRRA/tests/Feature/Http/Middleware/ShareErrorsFromSessionTest.php:57
/mnt/c/Users/Gaser/Desktop/COPRRA/app/Http/Middleware/ShareErrorsFromSession.php:17
/mnt/c/Users/Gaser/Desktop/COPRRA/tests/Feature/Http/Middleware/ShareErrorsFromSessionTest.php:56

27) Tests\Feature\Http\Middleware\ShareErrorsFromSessionTest::test_share_errors_from_session_middleware_handles_post_requests
TypeError: Illuminate\Routing\UrlGenerator::__construct(): Argument #2 ($request) must be of type Illuminate\Http\Request, null given, called in /mnt/c/Users/Gaser/Desktop/COPRRA/vendor/laravel/framework/src/Illuminate/Routing/RoutingServiceProvider.php on line 63

/mnt/c/Users/Gaser/Desktop/COPRRA/vendor/laravel/framework/src/Illuminate/Routing/UrlGenerator.php:128
/mnt/c/Users/Gaser/Desktop/COPRRA/vendor/laravel/framework/src/Illuminate/Routing/RoutingServiceProvider.php:63
/mnt/c/Users/Gaser/Desktop/COPRRA/vendor/laravel/framework/src/Illuminate/Container/Container.php:1154
/mnt/c/Users/Gaser/Desktop/COPRRA/vendor/laravel/framework/src/Illuminate/Container/Container.php:972
/mnt/c/Users/Gaser/Desktop/COPRRA/vendor/laravel/framework/src/Illuminate/Foundation/Application.php:1078
/mnt/c/Users/Gaser/Desktop/COPRRA/vendor/laravel/framework/src/Illuminate/Container/Container.php:903
/mnt/c/Users/Gaser/Desktop/COPRRA/vendor/laravel/framework/src/Illuminate/Foundation/Application.php:1058
/mnt/c/Users/Gaser/Desktop/COPRRA/vendor/laravel/framework/src/Illuminate/Container/Container.php:1856
/mnt/c/Users/Gaser/Desktop/COPRRA/vendor/laravel/framework/src/Illuminate/Routing/RoutingServiceProvider.php:115
/mnt/c/Users/Gaser/Desktop/COPRRA/vendor/laravel/framework/src/Illuminate/Container/Container.php:1154
/mnt/c/Users/Gaser/Desktop/COPRRA/vendor/laravel/framework/src/Illuminate/Container/Container.php:972
/mnt/c/Users/Gaser/Desktop/COPRRA/vendor/laravel/framework/src/Illuminate/Foundation/Application.php:1078
/mnt/c/Users/Gaser/Desktop/COPRRA/vendor/laravel/framework/src/Illuminate/Container/Container.php:903
/mnt/c/Users/Gaser/Desktop/COPRRA/vendor/laravel/framework/src/Illuminate/Foundation/Application.php:1058
/mnt/c/Users/Gaser/Desktop/COPRRA/vendor/laravel/framework/src/Illuminate/Container/Container.php:1856
/mnt/c/Users/Gaser/Desktop/COPRRA/vendor/laravel/framework/src/Illuminate/Routing/RoutingServiceProvider.php:177
/mnt/c/Users/Gaser/Desktop/COPRRA/vendor/laravel/framework/src/Illuminate/Container/Container.php:1154
/mnt/c/Users/Gaser/Desktop/COPRRA/vendor/laravel/framework/src/Illuminate/Container/Container.php:972
/mnt/c/Users/Gaser/Desktop/COPRRA/vendor/laravel/framework/src/Illuminate/Foundation/Application.php:1078
/mnt/c/Users/Gaser/Desktop/COPRRA/vendor/laravel/framework/src/Illuminate/Container/Container.php:903
/mnt/c/Users/Gaser/Desktop/COPRRA/vendor/laravel/framework/src/Illuminate/Foundation/Application.php:1058
/mnt/c/Users/Gaser/Desktop/COPRRA/vendor/laravel/framework/src/Illuminate/Foundation/helpers.php:138
/mnt/c/Users/Gaser/Desktop/COPRRA/vendor/laravel/framework/src/Illuminate/Foundation/helpers.php:851
/mnt/c/Users/Gaser/Desktop/COPRRA/tests/Feature/Http/Middleware/ShareErrorsFromSessionTest.php:74
/mnt/c/Users/Gaser/Desktop/COPRRA/app/Http/Middleware/ShareErrorsFromSession.php:17
/mnt/c/Users/Gaser/Desktop/COPRRA/tests/Feature/Http/Middleware/ShareErrorsFromSessionTest.php:73

28) Tests\Feature\Http\Middleware\ShareErrorsFromSessionTest::test_share_errors_from_session_middleware_handles_api_requests
TypeError: Illuminate\Routing\UrlGenerator::__construct(): Argument #2 ($request) must be of type Illuminate\Http\Request, null given, called in /mnt/c/Users/Gaser/Desktop/COPRRA/vendor/laravel/framework/src/Illuminate/Routing/RoutingServiceProvider.php on line 63

/mnt/c/Users/Gaser/Desktop/COPRRA/vendor/laravel/framework/src/Illuminate/Routing/UrlGenerator.php:128
/mnt/c/Users/Gaser/Desktop/COPRRA/vendor/laravel/framework/src/Illuminate/Routing/RoutingServiceProvider.php:63
/mnt/c/Users/Gaser/Desktop/COPRRA/vendor/laravel/framework/src/Illuminate/Container/Container.php:1154
/mnt/c/Users/Gaser/Desktop/COPRRA/vendor/laravel/framework/src/Illuminate/Container/Container.php:972
/mnt/c/Users/Gaser/Desktop/COPRRA/vendor/laravel/framework/src/Illuminate/Foundation/Application.php:1078
/mnt/c/Users/Gaser/Desktop/COPRRA/vendor/laravel/framework/src/Illuminate/Container/Container.php:903
/mnt/c/Users/Gaser/Desktop/COPRRA/vendor/laravel/framework/src/Illuminate/Foundation/Application.php:1058
/mnt/c/Users/Gaser/Desktop/COPRRA/vendor/laravel/framework/src/Illuminate/Container/Container.php:1856
/mnt/c/Users/Gaser/Desktop/COPRRA/vendor/laravel/framework/src/Illuminate/Routing/RoutingServiceProvider.php:115
/mnt/c/Users/Gaser/Desktop/COPRRA/vendor/laravel/framework/src/Illuminate/Container/Container.php:1154
/mnt/c/Users/Gaser/Desktop/COPRRA/vendor/laravel/framework/src/Illuminate/Container/Container.php:972
/mnt/c/Users/Gaser/Desktop/COPRRA/vendor/laravel/framework/src/Illuminate/Foundation/Application.php:1078
/mnt/c/Users/Gaser/Desktop/COPRRA/vendor/laravel/framework/src/Illuminate/Container/Container.php:903
/mnt/c/Users/Gaser/Desktop/COPRRA/vendor/laravel/framework/src/Illuminate/Foundation/Application.php:1058
/mnt/c/Users/Gaser/Desktop/COPRRA/vendor/laravel/framework/src/Illuminate/Container/Container.php:1856
/mnt/c/Users/Gaser/Desktop/COPRRA/vendor/laravel/framework/src/Illuminate/Routing/RoutingServiceProvider.php:177
/mnt/c/Users/Gaser/Desktop/COPRRA/vendor/laravel/framework/src/Illuminate/Container/Container.php:1154
/mnt/c/Users/Gaser/Desktop/COPRRA/vendor/laravel/framework/src/Illuminate/Container/Container.php:972
/mnt/c/Users/Gaser/Desktop/COPRRA/vendor/laravel/framework/src/Illuminate/Foundation/Application.php:1078
/mnt/c/Users/Gaser/Desktop/COPRRA/vendor/laravel/framework/src/Illuminate/Container/Container.php:903
/mnt/c/Users/Gaser/Desktop/COPRRA/vendor/laravel/framework/src/Illuminate/Foundation/Application.php:1058
/mnt/c/Users/Gaser/Desktop/COPRRA/vendor/laravel/framework/src/Illuminate/Foundation/helpers.php:138
/mnt/c/Users/Gaser/Desktop/COPRRA/vendor/laravel/framework/src/Illuminate/Foundation/helpers.php:851
/mnt/c/Users/Gaser/Desktop/COPRRA/tests/Feature/Http/Middleware/ShareErrorsFromSessionTest.php:90
/mnt/c/Users/Gaser/Desktop/COPRRA/app/Http/Middleware/ShareErrorsFromSession.php:17
/mnt/c/Users/Gaser/Desktop/COPRRA/tests/Feature/Http/Middleware/ShareErrorsFromSessionTest.php:89

29) Tests\Feature\Http\Middleware\StartSessionTest::test_start_session_middleware_handles_session_data
ArgumentCountError: Too few arguments to function Illuminate\Session\Store::__construct(), 1 passed in /mnt/c/Users/Gaser/Desktop/COPRRA/tests/Feature/Http/Middleware/StartSessionTest.php on line 33 and at least 2 expected

/mnt/c/Users/Gaser/Desktop/COPRRA/vendor/laravel/framework/src/Illuminate/Session/Store.php:74
/mnt/c/Users/Gaser/Desktop/COPRRA/tests/Feature/Http/Middleware/StartSessionTest.php:33

30) Tests\Feature\Http\Middleware\SubstituteBindingsTest::test_substitute_bindings_middleware_substitutes_route_bindings
Error: Class "App\Http\Middleware\SubstituteBindings" not found

/mnt/c/Users/Gaser/Desktop/COPRRA/tests/Feature/Http/Middleware/SubstituteBindingsTest.php:29

31) Tests\Feature\Http\Middleware\SubstituteBindingsTest::test_substitute_bindings_middleware_handles_missing_bindings
Error: Class "App\Http\Middleware\SubstituteBindings" not found

/mnt/c/Users/Gaser/Desktop/COPRRA/tests/Feature/Http/Middleware/SubstituteBindingsTest.php:48

32) Tests\Feature\Http\Middleware\SubstituteBindingsTest::test_substitute_bindings_middleware_handles_no_route
Error: Class "App\Http\Middleware\SubstituteBindings" not found

/mnt/c/Users/Gaser/Desktop/COPRRA/tests/Feature/Http/Middleware/SubstituteBindingsTest.php:61

33) Tests\Feature\Http\Middleware\SubstituteBindingsTest::test_substitute_bindings_middleware_handles_post_requests
Error: Class "App\Http\Middleware\SubstituteBindings" not found

/mnt/c/Users/Gaser/Desktop/COPRRA/tests/Feature/Http/Middleware/SubstituteBindingsTest.php:76

34) Tests\Feature\Http\Middleware\SubstituteBindingsTest::test_substitute_bindings_middleware_handles_api_requests
Error: Class "App\Http\Middleware\SubstituteBindings" not found

/mnt/c/Users/Gaser/Desktop/COPRRA/tests/Feature/Http/Middleware/SubstituteBindingsTest.php:90

35) Tests\Feature\Http\Middleware\ThrottleRequestsTest::test_throttle_requests_middleware_allows_requests_within_limit
ArgumentCountError: Too few arguments to function App\Http\Middleware\ThrottleRequests::__construct(), 0 passed in /mnt/c/Users/Gaser/Desktop/COPRRA/tests/Feature/Http/Middleware/ThrottleRequestsTest.php on line 28 and exactly 1 expected

/mnt/c/Users/Gaser/Desktop/COPRRA/app/Http/Middleware/ThrottleRequests.php:16
/mnt/c/Users/Gaser/Desktop/COPRRA/tests/Feature/Http/Middleware/ThrottleRequestsTest.php:28

36) Tests\Feature\Http\Middleware\ThrottleRequestsTest::test_throttle_requests_middleware_blocks_requests_exceeding_limit
ArgumentCountError: Too few arguments to function App\Http\Middleware\ThrottleRequests::__construct(), 0 passed in /mnt/c/Users/Gaser/Desktop/COPRRA/tests/Feature/Http/Middleware/ThrottleRequestsTest.php on line 42 and exactly 1 expected

/mnt/c/Users/Gaser/Desktop/COPRRA/app/Http/Middleware/ThrottleRequests.php:16
/mnt/c/Users/Gaser/Desktop/COPRRA/tests/Feature/Http/Middleware/ThrottleRequestsTest.php:42

37) Tests\Feature\Http\Middleware\ThrottleRequestsTest::test_throttle_requests_middleware_includes_retry_after_header
ArgumentCountError: Too few arguments to function App\Http\Middleware\ThrottleRequests::__construct(), 0 passed in /mnt/c/Users/Gaser/Desktop/COPRRA/tests/Feature/Http/Middleware/ThrottleRequestsTest.php on line 59 and exactly 1 expected

/mnt/c/Users/Gaser/Desktop/COPRRA/app/Http/Middleware/ThrottleRequests.php:16
/mnt/c/Users/Gaser/Desktop/COPRRA/tests/Feature/Http/Middleware/ThrottleRequestsTest.php:59

38) Tests\Feature\Http\Middleware\ThrottleRequestsTest::test_throttle_requests_middleware_handles_different_ips_separately
ArgumentCountError: Too few arguments to function App\Http\Middleware\ThrottleRequests::__construct(), 0 passed in /mnt/c/Users/Gaser/Desktop/COPRRA/tests/Feature/Http/Middleware/ThrottleRequestsTest.php on line 85 and exactly 1 expected

/mnt/c/Users/Gaser/Desktop/COPRRA/app/Http/Middleware/ThrottleRequests.php:16
/mnt/c/Users/Gaser/Desktop/COPRRA/tests/Feature/Http/Middleware/ThrottleRequestsTest.php:85

39) Tests\Feature\Http\Middleware\ThrottleRequestsTest::test_throttle_requests_middleware_resets_after_time_window
ArgumentCountError: Too few arguments to function App\Http\Middleware\ThrottleRequests::__construct(), 0 passed in /mnt/c/Users/Gaser/Desktop/COPRRA/tests/Feature/Http/Middleware/ThrottleRequestsTest.php on line 110 and exactly 1 expected

/mnt/c/Users/Gaser/Desktop/COPRRA/app/Http/Middleware/ThrottleRequests.php:16
/mnt/c/Users/Gaser/Desktop/COPRRA/tests/Feature/Http/Middleware/ThrottleRequestsTest.php:110

40) Tests\Feature\Http\Middleware\TrimStringsTest::test_trim_strings_middleware_trims_string_input
Illuminate\Contracts\Container\BindingResolutionException: Target [Illuminate\Contracts\Routing\ResponseFactory] is not instantiable.

/mnt/c/Users/Gaser/Desktop/COPRRA/vendor/laravel/framework/src/Illuminate/Container/Container.php:1456
/mnt/c/Users/Gaser/Desktop/COPRRA/vendor/laravel/framework/src/Illuminate/Container/Container.php:1170
/mnt/c/Users/Gaser/Desktop/COPRRA/vendor/laravel/framework/src/Illuminate/Container/Container.php:972
/mnt/c/Users/Gaser/Desktop/COPRRA/vendor/laravel/framework/src/Illuminate/Foundation/Application.php:1078
/mnt/c/Users/Gaser/Desktop/COPRRA/vendor/laravel/framework/src/Illuminate/Container/Container.php:903
/mnt/c/Users/Gaser/Desktop/COPRRA/vendor/laravel/framework/src/Illuminate/Foundation/Application.php:1058
/mnt/c/Users/Gaser/Desktop/COPRRA/vendor/laravel/framework/src/Illuminate/Foundation/helpers.php:138
/mnt/c/Users/Gaser/Desktop/COPRRA/vendor/laravel/framework/src/Illuminate/Foundation/helpers.php:851
/mnt/c/Users/Gaser/Desktop/COPRRA/tests/Feature/Http/Middleware/TrimStringsTest.php:26
/mnt/c/Users/Gaser/Desktop/COPRRA/vendor/laravel/framework/src/Illuminate/Foundation/Http/Middleware/TransformsRequest.php:21
/mnt/c/Users/Gaser/Desktop/COPRRA/vendor/laravel/framework/src/Illuminate/Foundation/Http/Middleware/TrimStrings.php:51
/mnt/c/Users/Gaser/Desktop/COPRRA/tests/Feature/Http/Middleware/TrimStringsTest.php:25

41) Tests\Feature\Http\Middleware\TrimStringsTest::test_trim_strings_middleware_does_not_trim_non_string_input
Illuminate\Contracts\Container\BindingResolutionException: Target [Illuminate\Contracts\Routing\ResponseFactory] is not instantiable.

/mnt/c/Users/Gaser/Desktop/COPRRA/vendor/laravel/framework/src/Illuminate/Container/Container.php:1456
/mnt/c/Users/Gaser/Desktop/COPRRA/vendor/laravel/framework/src/Illuminate/Container/Container.php:1170
/mnt/c/Users/Gaser/Desktop/COPRRA/vendor/laravel/framework/src/Illuminate/Container/Container.php:972
/mnt/c/Users/Gaser/Desktop/COPRRA/vendor/laravel/framework/src/Illuminate/Foundation/Application.php:1078
/mnt/c/Users/Gaser/Desktop/COPRRA/vendor/laravel/framework/src/Illuminate/Container/Container.php:903
/mnt/c/Users/Gaser/Desktop/COPRRA/vendor/laravel/framework/src/Illuminate/Foundation/Application.php:1058
/mnt/c/Users/Gaser/Desktop/COPRRA/vendor/laravel/framework/src/Illuminate/Foundation/helpers.php:138
/mnt/c/Users/Gaser/Desktop/COPRRA/vendor/laravel/framework/src/Illuminate/Foundation/helpers.php:851
/mnt/c/Users/Gaser/Desktop/COPRRA/tests/Feature/Http/Middleware/TrimStringsTest.php:45
/mnt/c/Users/Gaser/Desktop/COPRRA/vendor/laravel/framework/src/Illuminate/Foundation/Http/Middleware/TransformsRequest.php:21
/mnt/c/Users/Gaser/Desktop/COPRRA/vendor/laravel/framework/src/Illuminate/Foundation/Http/Middleware/TrimStrings.php:51
/mnt/c/Users/Gaser/Desktop/COPRRA/tests/Feature/Http/Middleware/TrimStringsTest.php:44

42) Tests\Feature\Http\Middleware\TrimStringsTest::test_trim_strings_middleware_handles_nested_arrays
Illuminate\Contracts\Container\BindingResolutionException: Target [Illuminate\Contracts\Routing\ResponseFactory] is not instantiable.

/mnt/c/Users/Gaser/Desktop/COPRRA/vendor/laravel/framework/src/Illuminate/Container/Container.php:1456
/mnt/c/Users/Gaser/Desktop/COPRRA/vendor/laravel/framework/src/Illuminate/Container/Container.php:1170
/mnt/c/Users/Gaser/Desktop/COPRRA/vendor/laravel/framework/src/Illuminate/Container/Container.php:972
/mnt/c/Users/Gaser/Desktop/COPRRA/vendor/laravel/framework/src/Illuminate/Foundation/Application.php:1078
/mnt/c/Users/Gaser/Desktop/COPRRA/vendor/laravel/framework/src/Illuminate/Container/Container.php:903
/mnt/c/Users/Gaser/Desktop/COPRRA/vendor/laravel/framework/src/Illuminate/Foundation/Application.php:1058
/mnt/c/Users/Gaser/Desktop/COPRRA/vendor/laravel/framework/src/Illuminate/Foundation/helpers.php:138
/mnt/c/Users/Gaser/Desktop/COPRRA/vendor/laravel/framework/src/Illuminate/Foundation/helpers.php:851
/mnt/c/Users/Gaser/Desktop/COPRRA/tests/Feature/Http/Middleware/TrimStringsTest.php:69
/mnt/c/Users/Gaser/Desktop/COPRRA/vendor/laravel/framework/src/Illuminate/Foundation/Http/Middleware/TransformsRequest.php:21
/mnt/c/Users/Gaser/Desktop/COPRRA/vendor/laravel/framework/src/Illuminate/Foundation/Http/Middleware/TrimStrings.php:51
/mnt/c/Users/Gaser/Desktop/COPRRA/tests/Feature/Http/Middleware/TrimStringsTest.php:68

43) Tests\Feature\Http\Middleware\TrimStringsTest::test_trim_strings_middleware_handles_empty_strings
Illuminate\Contracts\Container\BindingResolutionException: Target [Illuminate\Contracts\Routing\ResponseFactory] is not instantiable.

/mnt/c/Users/Gaser/Desktop/COPRRA/vendor/laravel/framework/src/Illuminate/Container/Container.php:1456
/mnt/c/Users/Gaser/Desktop/COPRRA/vendor/laravel/framework/src/Illuminate/Container/Container.php:1170
/mnt/c/Users/Gaser/Desktop/COPRRA/vendor/laravel/framework/src/Illuminate/Container/Container.php:972
/mnt/c/Users/Gaser/Desktop/COPRRA/vendor/laravel/framework/src/Illuminate/Foundation/Application.php:1078
/mnt/c/Users/Gaser/Desktop/COPRRA/vendor/laravel/framework/src/Illuminate/Container/Container.php:903
/mnt/c/Users/Gaser/Desktop/COPRRA/vendor/laravel/framework/src/Illuminate/Foundation/Application.php:1058
/mnt/c/Users/Gaser/Desktop/COPRRA/vendor/laravel/framework/src/Illuminate/Foundation/helpers.php:138
/mnt/c/Users/Gaser/Desktop/COPRRA/vendor/laravel/framework/src/Illuminate/Foundation/helpers.php:851
/mnt/c/Users/Gaser/Desktop/COPRRA/tests/Feature/Http/Middleware/TrimStringsTest.php:89
/mnt/c/Users/Gaser/Desktop/COPRRA/vendor/laravel/framework/src/Illuminate/Foundation/Http/Middleware/TransformsRequest.php:21
/mnt/c/Users/Gaser/Desktop/COPRRA/vendor/laravel/framework/src/Illuminate/Foundation/Http/Middleware/TrimStrings.php:51
/mnt/c/Users/Gaser/Desktop/COPRRA/tests/Feature/Http/Middleware/TrimStringsTest.php:88

44) Tests\Feature\Http\Middleware\TrimStringsTest::test_trim_strings_middleware_passes_request_to_next_middleware
Illuminate\Contracts\Container\BindingResolutionException: Target [Illuminate\Contracts\Routing\ResponseFactory] is not instantiable.

/mnt/c/Users/Gaser/Desktop/COPRRA/vendor/laravel/framework/src/Illuminate/Container/Container.php:1456
/mnt/c/Users/Gaser/Desktop/COPRRA/vendor/laravel/framework/src/Illuminate/Container/Container.php:1170
/mnt/c/Users/Gaser/Desktop/COPRRA/vendor/laravel/framework/src/Illuminate/Container/Container.php:972
/mnt/c/Users/Gaser/Desktop/COPRRA/vendor/laravel/framework/src/Illuminate/Foundation/Application.php:1078
/mnt/c/Users/Gaser/Desktop/COPRRA/vendor/laravel/framework/src/Illuminate/Container/Container.php:903
/mnt/c/Users/Gaser/Desktop/COPRRA/vendor/laravel/framework/src/Illuminate/Foundation/Application.php:1058
/mnt/c/Users/Gaser/Desktop/COPRRA/vendor/laravel/framework/src/Illuminate/Foundation/helpers.php:138
/mnt/c/Users/Gaser/Desktop/COPRRA/vendor/laravel/framework/src/Illuminate/Foundation/helpers.php:851
/mnt/c/Users/Gaser/Desktop/COPRRA/tests/Feature/Http/Middleware/TrimStringsTest.php:106
/mnt/c/Users/Gaser/Desktop/COPRRA/vendor/laravel/framework/src/Illuminate/Foundation/Http/Middleware/TransformsRequest.php:21
/mnt/c/Users/Gaser/Desktop/COPRRA/vendor/laravel/framework/src/Illuminate/Foundation/Http/Middleware/TrimStrings.php:51
/mnt/c/Users/Gaser/Desktop/COPRRA/tests/Feature/Http/Middleware/TrimStringsTest.php:105

45) Tests\Feature\Http\Middleware\ValidateSignatureTest::test_validate_signature_middleware_validates_correct_signature
Illuminate\Routing\Exceptions\InvalidSignatureException: Invalid signature.

/mnt/c/Users/Gaser/Desktop/COPRRA/vendor/laravel/framework/src/Illuminate/Routing/Middleware/ValidateSignature.php:73
/mnt/c/Users/Gaser/Desktop/COPRRA/tests/Feature/Http/Middleware/ValidateSignatureTest.php:22

46) Tests\Feature\Http\Middleware\ValidateSignatureTest::test_validate_signature_middleware_handles_missing_signature
Illuminate\Routing\Exceptions\InvalidSignatureException: Invalid signature.

/mnt/c/Users/Gaser/Desktop/COPRRA/vendor/laravel/framework/src/Illuminate/Routing/Middleware/ValidateSignature.php:73
/mnt/c/Users/Gaser/Desktop/COPRRA/tests/Feature/Http/Middleware/ValidateSignatureTest.php:35

47) Tests\Feature\Http\Middleware\ValidateSignatureTest::test_validate_signature_middleware_handles_invalid_signature
Illuminate\Routing\Exceptions\InvalidSignatureException: Invalid signature.

/mnt/c/Users/Gaser/Desktop/COPRRA/vendor/laravel/framework/src/Illuminate/Routing/Middleware/ValidateSignature.php:73
/mnt/c/Users/Gaser/Desktop/COPRRA/tests/Feature/Http/Middleware/ValidateSignatureTest.php:49

48) Tests\Feature\Http\Middleware\ValidateSignatureTest::test_validate_signature_middleware_handles_post_requests
Illuminate\Routing\Exceptions\InvalidSignatureException: Invalid signature.

/mnt/c/Users/Gaser/Desktop/COPRRA/vendor/laravel/framework/src/Illuminate/Routing/Middleware/ValidateSignature.php:73
/mnt/c/Users/Gaser/Desktop/COPRRA/tests/Feature/Http/Middleware/ValidateSignatureTest.php:64

49) Tests\Feature\Http\Middleware\ValidateSignatureTest::test_validate_signature_middleware_handles_api_requests
Illuminate\Routing\Exceptions\InvalidSignatureException: Invalid signature.

/mnt/c/Users/Gaser/Desktop/COPRRA/vendor/laravel/framework/src/Illuminate/Routing/Middleware/ValidateSignature.php:73
/mnt/c/Users/Gaser/Desktop/COPRRA/tests/Feature/Http/Middleware/ValidateSignatureTest.php:78

50) Tests\Feature\Http\Middleware\VerifyCsrfTokenTest::test_verify_csrf_token_middleware_allows_valid_token
ArgumentCountError: Too few arguments to function Illuminate\Session\Store::__construct(), 1 passed in /mnt/c/Users/Gaser/Desktop/COPRRA/tests/Feature/Http/Middleware/VerifyCsrfTokenTest.php on line 20 and at least 2 expected

/mnt/c/Users/Gaser/Desktop/COPRRA/vendor/laravel/framework/src/Illuminate/Session/Store.php:74
/mnt/c/Users/Gaser/Desktop/COPRRA/tests/Feature/Http/Middleware/VerifyCsrfTokenTest.php:20

51) Tests\Feature\Http\Middleware\VerifyCsrfTokenTest::test_verify_csrf_token_middleware_blocks_invalid_token
ArgumentCountError: Too few arguments to function Illuminate\Session\Store::__construct(), 1 passed in /mnt/c/Users/Gaser/Desktop/COPRRA/tests/Feature/Http/Middleware/VerifyCsrfTokenTest.php on line 39 and at least 2 expected

/mnt/c/Users/Gaser/Desktop/COPRRA/vendor/laravel/framework/src/Illuminate/Session/Store.php:74
/mnt/c/Users/Gaser/Desktop/COPRRA/tests/Feature/Http/Middleware/VerifyCsrfTokenTest.php:39

52) Tests\Feature\Http\Middleware\VerifyCsrfTokenTest::test_verify_csrf_token_middleware_allows_get_requests
ArgumentCountError: Too few arguments to function Illuminate\Foundation\Http\Middleware\VerifyCsrfToken::__construct(), 0 passed in /mnt/c/Users/Gaser/Desktop/COPRRA/tests/Feature/Http/Middleware/VerifyCsrfTokenTest.php on line 58 and exactly 2 expected

/mnt/c/Users/Gaser/Desktop/COPRRA/vendor/laravel/framework/src/Illuminate/Foundation/Http/Middleware/VerifyCsrfToken.php:64
/mnt/c/Users/Gaser/Desktop/COPRRA/tests/Feature/Http/Middleware/VerifyCsrfTokenTest.php:58

53) Tests\Feature\Http\Middleware\VerifyCsrfTokenTest::test_verify_csrf_token_middleware_allows_head_requests
ArgumentCountError: Too few arguments to function Illuminate\Foundation\Http\Middleware\VerifyCsrfToken::__construct(), 0 passed in /mnt/c/Users/Gaser/Desktop/COPRRA/tests/Feature/Http/Middleware/VerifyCsrfTokenTest.php on line 71 and exactly 2 expected

/mnt/c/Users/Gaser/Desktop/COPRRA/vendor/laravel/framework/src/Illuminate/Foundation/Http/Middleware/VerifyCsrfToken.php:64
/mnt/c/Users/Gaser/Desktop/COPRRA/tests/Feature/Http/Middleware/VerifyCsrfTokenTest.php:71

54) Tests\Feature\Http\Middleware\VerifyCsrfTokenTest::test_verify_csrf_token_middleware_allows_options_requests
ArgumentCountError: Too few arguments to function Illuminate\Foundation\Http\Middleware\VerifyCsrfToken::__construct(), 0 passed in /mnt/c/Users/Gaser/Desktop/COPRRA/tests/Feature/Http/Middleware/VerifyCsrfTokenTest.php on line 83 and exactly 2 expected

/mnt/c/Users/Gaser/Desktop/COPRRA/vendor/laravel/framework/src/Illuminate/Foundation/Http/Middleware/VerifyCsrfToken.php:64
/mnt/c/Users/Gaser/Desktop/COPRRA/tests/Feature/Http/Middleware/VerifyCsrfTokenTest.php:83

55) Tests\Feature\Http\Middleware\VerifyCsrfTokenTest::test_verify_csrf_token_middleware_blocks_post_requests_without_token
ArgumentCountError: Too few arguments to function Illuminate\Session\Store::__construct(), 1 passed in /mnt/c/Users/Gaser/Desktop/COPRRA/tests/Feature/Http/Middleware/VerifyCsrfTokenTest.php on line 94 and at least 2 expected

/mnt/c/Users/Gaser/Desktop/COPRRA/vendor/laravel/framework/src/Illuminate/Session/Store.php:74
/mnt/c/Users/Gaser/Desktop/COPRRA/tests/Feature/Http/Middleware/VerifyCsrfTokenTest.php:94

56) Tests\Feature\Models\BrandTest::test_it_can_validate_name_length
BadMethodCallException: Call to undefined method App\Models\Brand::validate()

/mnt/c/Users/Gaser/Desktop/COPRRA/vendor/laravel/framework/src/Illuminate/Support/Traits/ForwardsCalls.php:67
/mnt/c/Users/Gaser/Desktop/COPRRA/vendor/laravel/framework/src/Illuminate/Support/Traits/ForwardsCalls.php:36
/mnt/c/Users/Gaser/Desktop/COPRRA/vendor/laravel/framework/src/Illuminate/Database/Eloquent/Model.php:2540
/mnt/c/Users/Gaser/Desktop/COPRRA/tests/Feature/Models/BrandTest.php:76

57) Tests\Feature\Models\BrandTest::test_it_can_validate_website_url_format
BadMethodCallException: Call to undefined method App\Models\Brand::validate()

/mnt/c/Users/Gaser/Desktop/COPRRA/vendor/laravel/framework/src/Illuminate/Support/Traits/ForwardsCalls.php:67
/mnt/c/Users/Gaser/Desktop/COPRRA/vendor/laravel/framework/src/Illuminate/Support/Traits/ForwardsCalls.php:36
/mnt/c/Users/Gaser/Desktop/COPRRA/vendor/laravel/framework/src/Illuminate/Database/Eloquent/Model.php:2540
/mnt/c/Users/Gaser/Desktop/COPRRA/tests/Feature/Models/BrandTest.php:87

58) Tests\Feature\Models\BrandTest::test_it_can_validate_logo_url_format
BadMethodCallException: Call to undefined method App\Models\Brand::validate()

/mnt/c/Users/Gaser/Desktop/COPRRA/vendor/laravel/framework/src/Illuminate/Support/Traits/ForwardsCalls.php:67
/mnt/c/Users/Gaser/Desktop/COPRRA/vendor/laravel/framework/src/Illuminate/Support/Traits/ForwardsCalls.php:36
/mnt/c/Users/Gaser/Desktop/COPRRA/vendor/laravel/framework/src/Illuminate/Database/Eloquent/Model.php:2540
/mnt/c/Users/Gaser/Desktop/COPRRA/tests/Feature/Models/BrandTest.php:98

59) Tests\Feature\Models\NotificationSimpleTest::test_is_read_returns_true_when_read_at_is_set
Error: Cannot use object of type Mockery_15 as array

/mnt/c/Users/Gaser/Desktop/COPRRA/vendor/laravel/framework/src/Illuminate/Database/DatabaseManager.php:382
/mnt/c/Users/Gaser/Desktop/COPRRA/vendor/laravel/framework/src/Illuminate/Database/DatabaseManager.php:95
/mnt/c/Users/Gaser/Desktop/COPRRA/vendor/laravel/framework/src/Illuminate/Database/Eloquent/Model.php:1980
/mnt/c/Users/Gaser/Desktop/COPRRA/vendor/laravel/framework/src/Illuminate/Database/Eloquent/Model.php:1946
/mnt/c/Users/Gaser/Desktop/COPRRA/vendor/laravel/framework/src/Illuminate/Database/Eloquent/Concerns/HasAttributes.php:1642
/mnt/c/Users/Gaser/Desktop/COPRRA/vendor/laravel/framework/src/Illuminate/Database/Eloquent/Concerns/HasAttributes.php:1594
/mnt/c/Users/Gaser/Desktop/COPRRA/vendor/laravel/framework/src/Illuminate/Database/Eloquent/Concerns/HasAttributes.php:1075
/mnt/c/Users/Gaser/Desktop/COPRRA/vendor/laravel/framework/src/Illuminate/Database/Eloquent/Model.php:619
/mnt/c/Users/Gaser/Desktop/COPRRA/vendor/laravel/framework/src/Illuminate/Database/Eloquent/Model.php:305
/mnt/c/Users/Gaser/Desktop/COPRRA/tests/Feature/Models/NotificationSimpleTest.php:98

60) Tests\Feature\Models\NotificationSimpleTest::test_is_unread_returns_false_when_read_at_is_set
Error: Cannot use object of type Mockery_15 as array

/mnt/c/Users/Gaser/Desktop/COPRRA/vendor/laravel/framework/src/Illuminate/Database/DatabaseManager.php:382
/mnt/c/Users/Gaser/Desktop/COPRRA/vendor/laravel/framework/src/Illuminate/Database/DatabaseManager.php:95
/mnt/c/Users/Gaser/Desktop/COPRRA/vendor/laravel/framework/src/Illuminate/Database/Eloquent/Model.php:1980
/mnt/c/Users/Gaser/Desktop/COPRRA/vendor/laravel/framework/src/Illuminate/Database/Eloquent/Model.php:1946
/mnt/c/Users/Gaser/Desktop/COPRRA/vendor/laravel/framework/src/Illuminate/Database/Eloquent/Concerns/HasAttributes.php:1642
/mnt/c/Users/Gaser/Desktop/COPRRA/vendor/laravel/framework/src/Illuminate/Database/Eloquent/Concerns/HasAttributes.php:1594
/mnt/c/Users/Gaser/Desktop/COPRRA/vendor/laravel/framework/src/Illuminate/Database/Eloquent/Concerns/HasAttributes.php:1075
/mnt/c/Users/Gaser/Desktop/COPRRA/vendor/laravel/framework/src/Illuminate/Database/Eloquent/Model.php:619
/mnt/c/Users/Gaser/Desktop/COPRRA/vendor/laravel/framework/src/Illuminate/Database/Eloquent/Model.php:305
/mnt/c/Users/Gaser/Desktop/COPRRA/tests/Feature/Models/NotificationSimpleTest.php:122

61) Tests\Feature\Models\NotificationSimpleTest::test_is_sent_returns_true_when_sent_at_is_set
Error: Cannot use object of type Mockery_15 as array

/mnt/c/Users/Gaser/Desktop/COPRRA/vendor/laravel/framework/src/Illuminate/Database/DatabaseManager.php:382
/mnt/c/Users/Gaser/Desktop/COPRRA/vendor/laravel/framework/src/Illuminate/Database/DatabaseManager.php:95
/mnt/c/Users/Gaser/Desktop/COPRRA/vendor/laravel/framework/src/Illuminate/Database/Eloquent/Model.php:1980
/mnt/c/Users/Gaser/Desktop/COPRRA/vendor/laravel/framework/src/Illuminate/Database/Eloquent/Model.php:1946
/mnt/c/Users/Gaser/Desktop/COPRRA/vendor/laravel/framework/src/Illuminate/Database/Eloquent/Concerns/HasAttributes.php:1642
/mnt/c/Users/Gaser/Desktop/COPRRA/vendor/laravel/framework/src/Illuminate/Database/Eloquent/Concerns/HasAttributes.php:1594
/mnt/c/Users/Gaser/Desktop/COPRRA/vendor/laravel/framework/src/Illuminate/Database/Eloquent/Concerns/HasAttributes.php:1075
/mnt/c/Users/Gaser/Desktop/COPRRA/tests/Feature/Models/NotificationSimpleTest.php:131

62) Tests\Feature\Models\NotificationSimpleTest::test_is_pending_returns_false_when_sent_at_is_set
Error: Cannot use object of type Mockery_15 as array

/mnt/c/Users/Gaser/Desktop/COPRRA/vendor/laravel/framework/src/Illuminate/Database/DatabaseManager.php:382
/mnt/c/Users/Gaser/Desktop/COPRRA/vendor/laravel/framework/src/Illuminate/Database/DatabaseManager.php:95
/mnt/c/Users/Gaser/Desktop/COPRRA/vendor/laravel/framework/src/Illuminate/Database/Eloquent/Model.php:1980
/mnt/c/Users/Gaser/Desktop/COPRRA/vendor/laravel/framework/src/Illuminate/Database/Eloquent/Model.php:1946
/mnt/c/Users/Gaser/Desktop/COPRRA/vendor/laravel/framework/src/Illuminate/Database/Eloquent/Concerns/HasAttributes.php:1642
/mnt/c/Users/Gaser/Desktop/COPRRA/vendor/laravel/framework/src/Illuminate/Database/Eloquent/Concerns/HasAttributes.php:1594
/mnt/c/Users/Gaser/Desktop/COPRRA/vendor/laravel/framework/src/Illuminate/Database/Eloquent/Concerns/HasAttributes.php:1075
/mnt/c/Users/Gaser/Desktop/COPRRA/tests/Feature/Models/NotificationSimpleTest.php:159

63) Tests\Feature\Models\NotificationSimpleTest::test_get_badge_text_returns_correct_text
Error: Cannot use object of type Mockery_15 as array

/mnt/c/Users/Gaser/Desktop/COPRRA/vendor/laravel/framework/src/Illuminate/Database/DatabaseManager.php:382
/mnt/c/Users/Gaser/Desktop/COPRRA/vendor/laravel/framework/src/Illuminate/Database/DatabaseManager.php:95
/mnt/c/Users/Gaser/Desktop/COPRRA/vendor/laravel/framework/src/Illuminate/Database/Eloquent/Model.php:1980
/mnt/c/Users/Gaser/Desktop/COPRRA/vendor/laravel/framework/src/Illuminate/Database/Eloquent/Model.php:1946
/mnt/c/Users/Gaser/Desktop/COPRRA/vendor/laravel/framework/src/Illuminate/Database/Eloquent/Concerns/HasAttributes.php:1642
/mnt/c/Users/Gaser/Desktop/COPRRA/vendor/laravel/framework/src/Illuminate/Database/Eloquent/Concerns/HasAttributes.php:1594
/mnt/c/Users/Gaser/Desktop/COPRRA/vendor/laravel/framework/src/Illuminate/Database/Eloquent/Concerns/HasAttributes.php:1075
/mnt/c/Users/Gaser/Desktop/COPRRA/vendor/laravel/framework/src/Illuminate/Database/Eloquent/Model.php:619
/mnt/c/Users/Gaser/Desktop/COPRRA/vendor/laravel/framework/src/Illuminate/Database/Eloquent/Model.php:305
/mnt/c/Users/Gaser/Desktop/COPRRA/tests/Feature/Models/NotificationSimpleTest.php:296

64) Tests\Feature\Models\NotificationSimpleTest::test_get_metadata_returns_metadata_array
Error: Cannot use object of type Mockery_15 as array

/mnt/c/Users/Gaser/Desktop/COPRRA/vendor/laravel/framework/src/Illuminate/Database/DatabaseManager.php:382
/mnt/c/Users/Gaser/Desktop/COPRRA/vendor/laravel/framework/src/Illuminate/Database/DatabaseManager.php:95
/mnt/c/Users/Gaser/Desktop/COPRRA/vendor/laravel/framework/src/Illuminate/Database/Eloquent/Model.php:1980
/mnt/c/Users/Gaser/Desktop/COPRRA/vendor/laravel/framework/src/Illuminate/Database/Eloquent/Model.php:1946
/mnt/c/Users/Gaser/Desktop/COPRRA/vendor/laravel/framework/src/Illuminate/Database/Eloquent/Model.php:1713
/mnt/c/Users/Gaser/Desktop/COPRRA/vendor/laravel/framework/src/Illuminate/Database/Eloquent/Model.php:1611
/mnt/c/Users/Gaser/Desktop/COPRRA/vendor/laravel/framework/src/Illuminate/Database/Eloquent/Model.php:1647
/mnt/c/Users/Gaser/Desktop/COPRRA/vendor/laravel/framework/src/Illuminate/Database/Eloquent/Model.php:1600
/mnt/c/Users/Gaser/Desktop/COPRRA/vendor/laravel/framework/src/Illuminate/Database/Eloquent/Model.php:2540
/mnt/c/Users/Gaser/Desktop/COPRRA/tests/Feature/Models/NotificationSimpleTest.php:359

65) Tests\Feature\Models\NotificationTest::test_mark_as_unread
BadMethodCallException: Call to undefined method App\Models\Notification::markAsUnread()

/mnt/c/Users/Gaser/Desktop/COPRRA/vendor/laravel/framework/src/Illuminate/Support/Traits/ForwardsCalls.php:67
/mnt/c/Users/Gaser/Desktop/COPRRA/vendor/laravel/framework/src/Illuminate/Support/Traits/ForwardsCalls.php:36
/mnt/c/Users/Gaser/Desktop/COPRRA/vendor/laravel/framework/src/Illuminate/Database/Eloquent/Model.php:2540
/mnt/c/Users/Gaser/Desktop/COPRRA/tests/Feature/Models/NotificationTest.php:296

66) Tests\Feature\Models\NotificationTest::test_mark_as_sent
BadMethodCallException: Call to undefined method App\Models\Notification::markAsSent()

/mnt/c/Users/Gaser/Desktop/COPRRA/vendor/laravel/framework/src/Illuminate/Support/Traits/ForwardsCalls.php:67
/mnt/c/Users/Gaser/Desktop/COPRRA/vendor/laravel/framework/src/Illuminate/Support/Traits/ForwardsCalls.php:36
/mnt/c/Users/Gaser/Desktop/COPRRA/vendor/laravel/framework/src/Illuminate/Database/Eloquent/Model.php:2540
/mnt/c/Users/Gaser/Desktop/COPRRA/tests/Feature/Models/NotificationTest.php:307

67) Tests\Feature\Models\NotificationTest::test_mark_as_failed
BadMethodCallException: Call to undefined method App\Models\Notification::markAsFailed()

/mnt/c/Users/Gaser/Desktop/COPRRA/vendor/laravel/framework/src/Illuminate/Support/Traits/ForwardsCalls.php:67
/mnt/c/Users/Gaser/Desktop/COPRRA/vendor/laravel/framework/src/Illuminate/Support/Traits/ForwardsCalls.php:36
/mnt/c/Users/Gaser/Desktop/COPRRA/vendor/laravel/framework/src/Illuminate/Database/Eloquent/Model.php:2540
/mnt/c/Users/Gaser/Desktop/COPRRA/tests/Feature/Models/NotificationTest.php:319

68) Tests\Feature\Models\NotificationTest::test_get_time_ago
BadMethodCallException: Call to undefined method App\Models\Notification::getTimeAgo()

/mnt/c/Users/Gaser/Desktop/COPRRA/vendor/laravel/framework/src/Illuminate/Support/Traits/ForwardsCalls.php:67
/mnt/c/Users/Gaser/Desktop/COPRRA/vendor/laravel/framework/src/Illuminate/Support/Traits/ForwardsCalls.php:36
/mnt/c/Users/Gaser/Desktop/COPRRA/vendor/laravel/framework/src/Illuminate/Database/Eloquent/Model.php:2540
/mnt/c/Users/Gaser/Desktop/COPRRA/tests/Feature/Models/NotificationTest.php:441

69) Tests\Feature\Models\NotificationTest::test_get_read_time_ago
BadMethodCallException: Call to undefined method App\Models\Notification::getReadTimeAgo()

/mnt/c/Users/Gaser/Desktop/COPRRA/vendor/laravel/framework/src/Illuminate/Support/Traits/ForwardsCalls.php:67
/mnt/c/Users/Gaser/Desktop/COPRRA/vendor/laravel/framework/src/Illuminate/Support/Traits/ForwardsCalls.php:36
/mnt/c/Users/Gaser/Desktop/COPRRA/vendor/laravel/framework/src/Illuminate/Database/Eloquent/Model.php:2540
/mnt/c/Users/Gaser/Desktop/COPRRA/tests/Feature/Models/NotificationTest.php:450

70) Tests\Feature\Models\NotificationTest::test_get_sent_time_ago
BadMethodCallException: Call to undefined method App\Models\Notification::getSentTimeAgo()

/mnt/c/Users/Gaser/Desktop/COPRRA/vendor/laravel/framework/src/Illuminate/Support/Traits/ForwardsCalls.php:67
/mnt/c/Users/Gaser/Desktop/COPRRA/vendor/laravel/framework/src/Illuminate/Support/Traits/ForwardsCalls.php:36
/mnt/c/Users/Gaser/Desktop/COPRRA/vendor/laravel/framework/src/Illuminate/Database/Eloquent/Model.php:2540
/mnt/c/Users/Gaser/Desktop/COPRRA/tests/Feature/Models/NotificationTest.php:460

71) Tests\Feature\Models\NotificationTest::test_set_data
BadMethodCallException: Call to undefined method App\Models\Notification::setData()

/mnt/c/Users/Gaser/Desktop/COPRRA/vendor/laravel/framework/src/Illuminate/Support/Traits/ForwardsCalls.php:67
/mnt/c/Users/Gaser/Desktop/COPRRA/vendor/laravel/framework/src/Illuminate/Support/Traits/ForwardsCalls.php:36
/mnt/c/Users/Gaser/Desktop/COPRRA/vendor/laravel/framework/src/Illuminate/Database/Eloquent/Model.php:2540
/mnt/c/Users/Gaser/Desktop/COPRRA/tests/Feature/Models/NotificationTest.php:483

72) Tests\Feature\Models\NotificationTest::test_get_action_text
BadMethodCallException: Call to undefined method App\Models\Notification::getActionText()

/mnt/c/Users/Gaser/Desktop/COPRRA/vendor/laravel/framework/src/Illuminate/Support/Traits/ForwardsCalls.php:67
/mnt/c/Users/Gaser/Desktop/COPRRA/vendor/laravel/framework/src/Illuminate/Support/Traits/ForwardsCalls.php:36
/mnt/c/Users/Gaser/Desktop/COPRRA/vendor/laravel/framework/src/Illuminate/Database/Eloquent/Model.php:2540
/mnt/c/Users/Gaser/Desktop/COPRRA/tests/Feature/Models/NotificationTest.php:558

73) Tests\Feature\Models\NotificationTest::test_increment_retry_count
BadMethodCallException: Call to undefined method App\Models\Notification::incrementRetryCount()

/mnt/c/Users/Gaser/Desktop/COPRRA/vendor/laravel/framework/src/Illuminate/Support/Traits/ForwardsCalls.php:67
/mnt/c/Users/Gaser/Desktop/COPRRA/vendor/laravel/framework/src/Illuminate/Support/Traits/ForwardsCalls.php:36
/mnt/c/Users/Gaser/Desktop/COPRRA/vendor/laravel/framework/src/Illuminate/Database/Eloquent/Model.php:2540
/mnt/c/Users/Gaser/Desktop/COPRRA/tests/Feature/Models/NotificationTest.php:616

74) Tests\Feature\Models\NotificationTest::test_get_failure_reason
BadMethodCallException: Call to undefined method App\Models\Notification::getFailureReason()

/mnt/c/Users/Gaser/Desktop/COPRRA/vendor/laravel/framework/src/Illuminate/Support/Traits/ForwardsCalls.php:67
/mnt/c/Users/Gaser/Desktop/COPRRA/vendor/laravel/framework/src/Illuminate/Support/Traits/ForwardsCalls.php:36
/mnt/c/Users/Gaser/Desktop/COPRRA/vendor/laravel/framework/src/Illuminate/Database/Eloquent/Model.php:2540
/mnt/c/Users/Gaser/Desktop/COPRRA/tests/Feature/Models/NotificationTest.php:640

75) Tests\Feature\Models\NotificationTest::test_get_metadata
BadMethodCallException: Call to undefined method App\Models\Notification::getMetadata()

/mnt/c/Users/Gaser/Desktop/COPRRA/vendor/laravel/framework/src/Illuminate/Support/Traits/ForwardsCalls.php:67
/mnt/c/Users/Gaser/Desktop/COPRRA/vendor/laravel/framework/src/Illuminate/Support/Traits/ForwardsCalls.php:36
/mnt/c/Users/Gaser/Desktop/COPRRA/vendor/laravel/framework/src/Illuminate/Database/Eloquent/Model.php:2540
/mnt/c/Users/Gaser/Desktop/COPRRA/tests/Feature/Models/NotificationTest.php:649

76) Tests\Feature\Models\NotificationTest::test_set_metadata
BadMethodCallException: Call to undefined method App\Models\Notification::setMetadata()

/mnt/c/Users/Gaser/Desktop/COPRRA/vendor/laravel/framework/src/Illuminate/Support/Traits/ForwardsCalls.php:67
/mnt/c/Users/Gaser/Desktop/COPRRA/vendor/laravel/framework/src/Illuminate/Support/Traits/ForwardsCalls.php:36
/mnt/c/Users/Gaser/Desktop/COPRRA/vendor/laravel/framework/src/Illuminate/Database/Eloquent/Model.php:2540
/mnt/c/Users/Gaser/Desktop/COPRRA/tests/Feature/Models/NotificationTest.php:657

77) Tests\Feature\Models\NotificationTest::test_set_tags
BadMethodCallException: Call to undefined method App\Models\Notification::setTags()

/mnt/c/Users/Gaser/Desktop/COPRRA/vendor/laravel/framework/src/Illuminate/Support/Traits/ForwardsCalls.php:67
/mnt/c/Users/Gaser/Desktop/COPRRA/vendor/laravel/framework/src/Illuminate/Support/Traits/ForwardsCalls.php:36
/mnt/c/Users/Gaser/Desktop/COPRRA/vendor/laravel/framework/src/Illuminate/Database/Eloquent/Model.php:2540
/mnt/c/Users/Gaser/Desktop/COPRRA/tests/Feature/Models/NotificationTest.php:676

78) Tests\Feature\Models\NotificationTest::test_add_tag
BadMethodCallException: Call to undefined method App\Models\Notification::addTag()

/mnt/c/Users/Gaser/Desktop/COPRRA/vendor/laravel/framework/src/Illuminate/Support/Traits/ForwardsCalls.php:67
/mnt/c/Users/Gaser/Desktop/COPRRA/vendor/laravel/framework/src/Illuminate/Support/Traits/ForwardsCalls.php:36
/mnt/c/Users/Gaser/Desktop/COPRRA/vendor/laravel/framework/src/Illuminate/Database/Eloquent/Model.php:2540
/mnt/c/Users/Gaser/Desktop/COPRRA/tests/Feature/Models/NotificationTest.php:687

79) Tests\Feature\Models\NotificationTest::test_add_existing_tag
BadMethodCallException: Call to undefined method App\Models\Notification::addTag()

/mnt/c/Users/Gaser/Desktop/COPRRA/vendor/laravel/framework/src/Illuminate/Support/Traits/ForwardsCalls.php:67
/mnt/c/Users/Gaser/Desktop/COPRRA/vendor/laravel/framework/src/Illuminate/Support/Traits/ForwardsCalls.php:36
/mnt/c/Users/Gaser/Desktop/COPRRA/vendor/laravel/framework/src/Illuminate/Database/Eloquent/Model.php:2540
/mnt/c/Users/Gaser/Desktop/COPRRA/tests/Feature/Models/NotificationTest.php:698

80) Tests\Feature\Models\NotificationTest::test_remove_tag
BadMethodCallException: Call to undefined method App\Models\Notification::removeTag()

/mnt/c/Users/Gaser/Desktop/COPRRA/vendor/laravel/framework/src/Illuminate/Support/Traits/ForwardsCalls.php:67
/mnt/c/Users/Gaser/Desktop/COPRRA/vendor/laravel/framework/src/Illuminate/Support/Traits/ForwardsCalls.php:36
/mnt/c/Users/Gaser/Desktop/COPRRA/vendor/laravel/framework/src/Illuminate/Database/Eloquent/Model.php:2540
/mnt/c/Users/Gaser/Desktop/COPRRA/tests/Feature/Models/NotificationTest.php:709

81) Tests\Feature\Models\PaymentMethodTest::it_can_create_a_payment_method
BladeUI\Icons\Exceptions\CannotRegisterIconSet: The options for the "heroicons" set don't have a prefix defined.

/mnt/c/Users/Gaser/Desktop/COPRRA/vendor/blade-ui-kit/blade-icons/src/Exceptions/CannotRegisterIconSet.php:23
/mnt/c/Users/Gaser/Desktop/COPRRA/vendor/blade-ui-kit/blade-icons/src/Factory.php:64
/mnt/c/Users/Gaser/Desktop/COPRRA/vendor/blade-ui-kit/blade-heroicons/src/BladeHeroiconsServiceProvider.php:20
/mnt/c/Users/Gaser/Desktop/COPRRA/vendor/laravel/framework/src/Illuminate/Container/Container.php:1672
/mnt/c/Users/Gaser/Desktop/COPRRA/vendor/laravel/framework/src/Illuminate/Container/Container.php:1608
/mnt/c/Users/Gaser/Desktop/COPRRA/vendor/laravel/framework/src/Illuminate/Container/Container.php:1594
/mnt/c/Users/Gaser/Desktop/COPRRA/vendor/laravel/framework/src/Illuminate/Container/Container.php:990
/mnt/c/Users/Gaser/Desktop/COPRRA/vendor/laravel/framework/src/Illuminate/Foundation/Application.php:1078
/mnt/c/Users/Gaser/Desktop/COPRRA/vendor/laravel/framework/src/Illuminate/Container/Container.php:903
/mnt/c/Users/Gaser/Desktop/COPRRA/vendor/laravel/framework/src/Illuminate/Foundation/Application.php:1058
/mnt/c/Users/Gaser/Desktop/COPRRA/vendor/blade-ui-kit/blade-icons/src/BladeIconsServiceProvider.php:66
/mnt/c/Users/Gaser/Desktop/COPRRA/vendor/laravel/framework/src/Illuminate/Container/Container.php:1672
/mnt/c/Users/Gaser/Desktop/COPRRA/vendor/laravel/framework/src/Illuminate/Container/Container.php:1608
/mnt/c/Users/Gaser/Desktop/COPRRA/vendor/laravel/framework/src/Illuminate/Container/Container.php:1594
/mnt/c/Users/Gaser/Desktop/COPRRA/vendor/laravel/framework/src/Illuminate/Container/Container.php:990
/mnt/c/Users/Gaser/Desktop/COPRRA/vendor/laravel/framework/src/Illuminate/Foundation/Application.php:1078
/mnt/c/Users/Gaser/Desktop/COPRRA/vendor/laravel/framework/src/Illuminate/Container/Container.php:903
/mnt/c/Users/Gaser/Desktop/COPRRA/vendor/laravel/framework/src/Illuminate/Foundation/Application.php:1058
/mnt/c/Users/Gaser/Desktop/COPRRA/vendor/laravel/framework/src/Illuminate/Container/Container.php:1856
/mnt/c/Users/Gaser/Desktop/COPRRA/vendor/laravel/framework/src/Illuminate/Support/Facades/Facade.php:240
/mnt/c/Users/Gaser/Desktop/COPRRA/vendor/laravel/framework/src/Illuminate/Support/Facades/Facade.php:211
/mnt/c/Users/Gaser/Desktop/COPRRA/vendor/laravel/framework/src/Illuminate/Support/Facades/Facade.php:357
/mnt/c/Users/Gaser/Desktop/COPRRA/app/Providers/CoprraServiceProvider.php:36
/mnt/c/Users/Gaser/Desktop/COPRRA/vendor/laravel/framework/src/Illuminate/Container/BoundMethod.php:36
/mnt/c/Users/Gaser/Desktop/COPRRA/vendor/laravel/framework/src/Illuminate/Container/Util.php:43
/mnt/c/Users/Gaser/Desktop/COPRRA/vendor/laravel/framework/src/Illuminate/Container/BoundMethod.php:96
/mnt/c/Users/Gaser/Desktop/COPRRA/vendor/laravel/framework/src/Illuminate/Container/BoundMethod.php:35
/mnt/c/Users/Gaser/Desktop/COPRRA/vendor/laravel/framework/src/Illuminate/Container/Container.php:836
/mnt/c/Users/Gaser/Desktop/COPRRA/vendor/laravel/framework/src/Illuminate/Foundation/Application.php:1151
/mnt/c/Users/Gaser/Desktop/COPRRA/vendor/laravel/framework/src/Illuminate/Foundation/Application.php:1132
/mnt/c/Users/Gaser/Desktop/COPRRA/vendor/laravel/framework/src/Illuminate/Foundation/Application.php:1131
/mnt/c/Users/Gaser/Desktop/COPRRA/vendor/laravel/framework/src/Illuminate/Foundation/Bootstrap/BootProviders.php:17
/mnt/c/Users/Gaser/Desktop/COPRRA/vendor/laravel/framework/src/Illuminate/Foundation/Application.php:342
/mnt/c/Users/Gaser/Desktop/COPRRA/vendor/laravel/framework/src/Illuminate/Foundation/Console/Kernel.php:473
/mnt/c/Users/Gaser/Desktop/COPRRA/tests/CreatesApplication.php:31
/mnt/c/Users/Gaser/Desktop/COPRRA/vendor/laravel/framework/src/Illuminate/Foundation/Testing/TestCase.php:54
/mnt/c/Users/Gaser/Desktop/COPRRA/vendor/laravel/framework/src/Illuminate/Foundation/Testing/Concerns/InteractsWithTestCaseLifecycle.php:92
/mnt/c/Users/Gaser/Desktop/COPRRA/vendor/laravel/framework/src/Illuminate/Foundation/Testing/TestCase.php:44
/mnt/c/Users/Gaser/Desktop/COPRRA/tests/TestCase.php:28

82) Tests\Feature\Models\PaymentMethodTest::it_casts_attributes_correctly
Error: Class "Database\Factories\PaymentMethodFactory" not found

/mnt/c/Users/Gaser/Desktop/COPRRA/vendor/laravel/framework/src/Illuminate/Database/Eloquent/Factories/Factory.php:919
/mnt/c/Users/Gaser/Desktop/COPRRA/vendor/laravel/framework/src/Illuminate/Database/Eloquent/Factories/HasFactory.php:21
/mnt/c/Users/Gaser/Desktop/COPRRA/tests/Feature/Models/PaymentMethodTest.php:46

83) Tests\Feature\Models\PaymentMethodTest::it_has_many_payments
Error: Class "Database\Factories\PaymentMethodFactory" not found

/mnt/c/Users/Gaser/Desktop/COPRRA/vendor/laravel/framework/src/Illuminate/Database/Eloquent/Factories/Factory.php:919
/mnt/c/Users/Gaser/Desktop/COPRRA/vendor/laravel/framework/src/Illuminate/Database/Eloquent/Factories/HasFactory.php:21
/mnt/c/Users/Gaser/Desktop/COPRRA/tests/Feature/Models/PaymentMethodTest.php:63

84) Tests\Feature\Models\PaymentMethodTest::it_has_active_scope
Error: Class "Database\Factories\PaymentMethodFactory" not found

/mnt/c/Users/Gaser/Desktop/COPRRA/vendor/laravel/framework/src/Illuminate/Database/Eloquent/Factories/Factory.php:919
/mnt/c/Users/Gaser/Desktop/COPRRA/vendor/laravel/framework/src/Illuminate/Database/Eloquent/Factories/HasFactory.php:21
/mnt/c/Users/Gaser/Desktop/COPRRA/tests/Feature/Models/PaymentMethodTest.php:75

85) Tests\Feature\Models\PaymentMethodTest::it_has_default_scope
Error: Class "Database\Factories\PaymentMethodFactory" not found

/mnt/c/Users/Gaser/Desktop/COPRRA/vendor/laravel/framework/src/Illuminate/Database/Eloquent/Factories/Factory.php:919
/mnt/c/Users/Gaser/Desktop/COPRRA/vendor/laravel/framework/src/Illuminate/Database/Eloquent/Factories/HasFactory.php:21
/mnt/c/Users/Gaser/Desktop/COPRRA/tests/Feature/Models/PaymentMethodTest.php:87

86) Tests\Feature\Models\PaymentTest::test_it_can_create_a_payment
Error: Class "Database\Factories\PaymentMethodFactory" not found

/mnt/c/Users/Gaser/Desktop/COPRRA/vendor/laravel/framework/src/Illuminate/Database/Eloquent/Factories/Factory.php:919
/mnt/c/Users/Gaser/Desktop/COPRRA/vendor/laravel/framework/src/Illuminate/Database/Eloquent/Factories/HasFactory.php:21
/mnt/c/Users/Gaser/Desktop/COPRRA/tests/Feature/Models/PaymentTest.php:23

87) Tests\Feature\Models\PaymentTest::test_payment_relationships
Error: Class "Database\Factories\PaymentMethodFactory" not found

/mnt/c/Users/Gaser/Desktop/COPRRA/vendor/laravel/framework/src/Illuminate/Database/Eloquent/Factories/Factory.php:919
/mnt/c/Users/Gaser/Desktop/COPRRA/vendor/laravel/framework/src/Illuminate/Database/Eloquent/Factories/HasFactory.php:21
/mnt/c/Users/Gaser/Desktop/COPRRA/tests/Feature/Models/PaymentTest.php:53

88) Tests\Feature\Models\PaymentTest::test_payment_casts_attributes_correctly
Illuminate\Database\QueryException: SQLSTATE[HY000]: General error: 1 table payments has no column named gateway_response (Connection: sqlite, SQL: insert into "payments" ("order_id", "amount", "currency", "status", "method", "transaction_id", "gateway", "metadata", "gateway_response", "processed_at", "updated_at", "created_at") values (1, 785.69, USD, failed, paypal, 38861baf-daf9-396d-9bdf-221e8bc79954, paypal, "{\"test\":true}", {"code":200,"message":"OK"}, 2023-01-01 12:00:00, 2025-10-14 10:39:32, 2025-10-14 10:39:32))

/mnt/c/Users/Gaser/Desktop/COPRRA/vendor/laravel/framework/src/Illuminate/Database/Connection.php:824
/mnt/c/Users/Gaser/Desktop/COPRRA/vendor/laravel/framework/src/Illuminate/Database/Connection.php:778
/mnt/c/Users/Gaser/Desktop/COPRRA/vendor/laravel/framework/src/Illuminate/Database/Connection.php:559
/mnt/c/Users/Gaser/Desktop/COPRRA/vendor/laravel/framework/src/Illuminate/Database/Connection.php:523
/mnt/c/Users/Gaser/Desktop/COPRRA/vendor/laravel/framework/src/Illuminate/Database/Query/Processors/Processor.php:32
/mnt/c/Users/Gaser/Desktop/COPRRA/vendor/laravel/framework/src/Illuminate/Database/Query/Builder.php:3853
/mnt/c/Users/Gaser/Desktop/COPRRA/vendor/laravel/framework/src/Illuminate/Database/Eloquent/Builder.php:2235
/mnt/c/Users/Gaser/Desktop/COPRRA/vendor/laravel/framework/src/Illuminate/Database/Eloquent/Model.php:1436
/mnt/c/Users/Gaser/Desktop/COPRRA/vendor/laravel/framework/src/Illuminate/Database/Eloquent/Model.php:1401
/mnt/c/Users/Gaser/Desktop/COPRRA/vendor/laravel/framework/src/Illuminate/Database/Eloquent/Model.php:1240
/mnt/c/Users/Gaser/Desktop/COPRRA/vendor/laravel/framework/src/Illuminate/Database/Eloquent/Factories/Factory.php:370
/mnt/c/Users/Gaser/Desktop/COPRRA/vendor/laravel/framework/src/Illuminate/Collections/Traits/EnumeratesValues.php:271
/mnt/c/Users/Gaser/Desktop/COPRRA/vendor/laravel/framework/src/Illuminate/Database/Eloquent/Factories/Factory.php:365
/mnt/c/Users/Gaser/Desktop/COPRRA/vendor/laravel/framework/src/Illuminate/Database/Eloquent/Factories/Factory.php:321
/mnt/c/Users/Gaser/Desktop/COPRRA/vendor/laravel/framework/src/Illuminate/Database/Eloquent/Factories/Factory.php:315
/mnt/c/Users/Gaser/Desktop/COPRRA/tests/Feature/Models/PaymentTest.php:73

Caused by
PDOException: SQLSTATE[HY000]: General error: 1 table payments has no column named gateway_response

/mnt/c/Users/Gaser/Desktop/COPRRA/vendor/laravel/framework/src/Illuminate/Database/Connection.php:564
/mnt/c/Users/Gaser/Desktop/COPRRA/vendor/laravel/framework/src/Illuminate/Database/Connection.php:811
/mnt/c/Users/Gaser/Desktop/COPRRA/vendor/laravel/framework/src/Illuminate/Database/Connection.php:778
/mnt/c/Users/Gaser/Desktop/COPRRA/vendor/laravel/framework/src/Illuminate/Database/Connection.php:559
/mnt/c/Users/Gaser/Desktop/COPRRA/vendor/laravel/framework/src/Illuminate/Database/Connection.php:523
/mnt/c/Users/Gaser/Desktop/COPRRA/vendor/laravel/framework/src/Illuminate/Database/Query/Processors/Processor.php:32
/mnt/c/Users/Gaser/Desktop/COPRRA/vendor/laravel/framework/src/Illuminate/Database/Query/Builder.php:3853
/mnt/c/Users/Gaser/Desktop/COPRRA/vendor/laravel/framework/src/Illuminate/Database/Eloquent/Builder.php:2235
/mnt/c/Users/Gaser/Desktop/COPRRA/vendor/laravel/framework/src/Illuminate/Database/Eloquent/Model.php:1436
/mnt/c/Users/Gaser/Desktop/COPRRA/vendor/laravel/framework/src/Illuminate/Database/Eloquent/Model.php:1401
/mnt/c/Users/Gaser/Desktop/COPRRA/vendor/laravel/framework/src/Illuminate/Database/Eloquent/Model.php:1240
/mnt/c/Users/Gaser/Desktop/COPRRA/vendor/laravel/framework/src/Illuminate/Database/Eloquent/Factories/Factory.php:370
/mnt/c/Users/Gaser/Desktop/COPRRA/vendor/laravel/framework/src/Illuminate/Collections/Traits/EnumeratesValues.php:271
/mnt/c/Users/Gaser/Desktop/COPRRA/vendor/laravel/framework/src/Illuminate/Database/Eloquent/Factories/Factory.php:365
/mnt/c/Users/Gaser/Desktop/COPRRA/vendor/laravel/framework/src/Illuminate/Database/Eloquent/Factories/Factory.php:321
/mnt/c/Users/Gaser/Desktop/COPRRA/vendor/laravel/framework/src/Illuminate/Database/Eloquent/Factories/Factory.php:315
/mnt/c/Users/Gaser/Desktop/COPRRA/tests/Feature/Models/PaymentTest.php:73

89) Tests\Feature\Models\PaymentTest::test_payment_status_transitions
Illuminate\Database\QueryException: SQLSTATE[HY000]: General error: 1 no such column: processed_at (Connection: sqlite, SQL: update "payments" set "status" = completed, "processed_at" = 2025-10-14 10:39:34, "updated_at" = 2025-10-14 10:39:34 where "id" = 1)

/mnt/c/Users/Gaser/Desktop/COPRRA/vendor/laravel/framework/src/Illuminate/Database/Connection.php:824
/mnt/c/Users/Gaser/Desktop/COPRRA/vendor/laravel/framework/src/Illuminate/Database/Connection.php:778
/mnt/c/Users/Gaser/Desktop/COPRRA/vendor/laravel/framework/src/Illuminate/Database/Connection.php:583
/mnt/c/Users/Gaser/Desktop/COPRRA/vendor/laravel/framework/src/Illuminate/Database/Connection.php:535
/mnt/c/Users/Gaser/Desktop/COPRRA/vendor/laravel/framework/src/Illuminate/Database/Query/Builder.php:3917
/mnt/c/Users/Gaser/Desktop/COPRRA/vendor/laravel/framework/src/Illuminate/Database/Eloquent/Builder.php:1266
/mnt/c/Users/Gaser/Desktop/COPRRA/vendor/laravel/framework/src/Illuminate/Database/Eloquent/Model.php:1316
/mnt/c/Users/Gaser/Desktop/COPRRA/vendor/laravel/framework/src/Illuminate/Database/Eloquent/Model.php:1233
/mnt/c/Users/Gaser/Desktop/COPRRA/vendor/laravel/framework/src/Illuminate/Database/Eloquent/Model.php:1090
/mnt/c/Users/Gaser/Desktop/COPRRA/tests/Feature/Models/PaymentTest.php:135

Caused by
PDOException: SQLSTATE[HY000]: General error: 1 no such column: processed_at

/mnt/c/Users/Gaser/Desktop/COPRRA/vendor/laravel/framework/src/Illuminate/Database/Connection.php:591
/mnt/c/Users/Gaser/Desktop/COPRRA/vendor/laravel/framework/src/Illuminate/Database/Connection.php:811
/mnt/c/Users/Gaser/Desktop/COPRRA/vendor/laravel/framework/src/Illuminate/Database/Connection.php:778
/mnt/c/Users/Gaser/Desktop/COPRRA/vendor/laravel/framework/src/Illuminate/Database/Connection.php:583
/mnt/c/Users/Gaser/Desktop/COPRRA/vendor/laravel/framework/src/Illuminate/Database/Connection.php:535
/mnt/c/Users/Gaser/Desktop/COPRRA/vendor/laravel/framework/src/Illuminate/Database/Query/Builder.php:3917
/mnt/c/Users/Gaser/Desktop/COPRRA/vendor/laravel/framework/src/Illuminate/Database/Eloquent/Builder.php:1266
/mnt/c/Users/Gaser/Desktop/COPRRA/vendor/laravel/framework/src/Illuminate/Database/Eloquent/Model.php:1316
/mnt/c/Users/Gaser/Desktop/COPRRA/vendor/laravel/framework/src/Illuminate/Database/Eloquent/Model.php:1233
/mnt/c/Users/Gaser/Desktop/COPRRA/vendor/laravel/framework/src/Illuminate/Database/Eloquent/Model.php:1090
/mnt/c/Users/Gaser/Desktop/COPRRA/tests/Feature/Models/PaymentTest.php:135

90) Tests\Feature\Models\PaymentTest::test_payment_gateway_response_storage
Illuminate\Database\QueryException: SQLSTATE[HY000]: General error: 1 table payments has no column named gateway_response (Connection: sqlite, SQL: insert into "payments" ("order_id", "amount", "currency", "status", "method", "transaction_id", "gateway", "metadata", "gateway_response", "updated_at", "created_at") values (1, 723.71, USD, pending, bank_transfer, 11d15c0b-4947-3da4-8f59-567ee30dc161, braintree, "{\"test\":true}", {"transaction_id":"ext-123","authorization_code":"auth-456","response_code":"00","response_message":"Approved"}, 2025-10-14 10:39:35, 2025-10-14 10:39:35))

/mnt/c/Users/Gaser/Desktop/COPRRA/vendor/laravel/framework/src/Illuminate/Database/Connection.php:824
/mnt/c/Users/Gaser/Desktop/COPRRA/vendor/laravel/framework/src/Illuminate/Database/Connection.php:778
/mnt/c/Users/Gaser/Desktop/COPRRA/vendor/laravel/framework/src/Illuminate/Database/Connection.php:559
/mnt/c/Users/Gaser/Desktop/COPRRA/vendor/laravel/framework/src/Illuminate/Database/Connection.php:523
/mnt/c/Users/Gaser/Desktop/COPRRA/vendor/laravel/framework/src/Illuminate/Database/Query/Processors/Processor.php:32
/mnt/c/Users/Gaser/Desktop/COPRRA/vendor/laravel/framework/src/Illuminate/Database/Query/Builder.php:3853
/mnt/c/Users/Gaser/Desktop/COPRRA/vendor/laravel/framework/src/Illuminate/Database/Eloquent/Builder.php:2235
/mnt/c/Users/Gaser/Desktop/COPRRA/vendor/laravel/framework/src/Illuminate/Database/Eloquent/Model.php:1436
/mnt/c/Users/Gaser/Desktop/COPRRA/vendor/laravel/framework/src/Illuminate/Database/Eloquent/Model.php:1401
/mnt/c/Users/Gaser/Desktop/COPRRA/vendor/laravel/framework/src/Illuminate/Database/Eloquent/Model.php:1240
/mnt/c/Users/Gaser/Desktop/COPRRA/vendor/laravel/framework/src/Illuminate/Database/Eloquent/Factories/Factory.php:370
/mnt/c/Users/Gaser/Desktop/COPRRA/vendor/laravel/framework/src/Illuminate/Collections/Traits/EnumeratesValues.php:271
/mnt/c/Users/Gaser/Desktop/COPRRA/vendor/laravel/framework/src/Illuminate/Database/Eloquent/Factories/Factory.php:365
/mnt/c/Users/Gaser/Desktop/COPRRA/vendor/laravel/framework/src/Illuminate/Database/Eloquent/Factories/Factory.php:321
/mnt/c/Users/Gaser/Desktop/COPRRA/vendor/laravel/framework/src/Illuminate/Database/Eloquent/Factories/Factory.php:315
/mnt/c/Users/Gaser/Desktop/COPRRA/tests/Feature/Models/PaymentTest.php:168

Caused by
PDOException: SQLSTATE[HY000]: General error: 1 table payments has no column named gateway_response

/mnt/c/Users/Gaser/Desktop/COPRRA/vendor/laravel/framework/src/Illuminate/Database/Connection.php:564
/mnt/c/Users/Gaser/Desktop/COPRRA/vendor/laravel/framework/src/Illuminate/Database/Connection.php:811
/mnt/c/Users/Gaser/Desktop/COPRRA/vendor/laravel/framework/src/Illuminate/Database/Connection.php:778
/mnt/c/Users/Gaser/Desktop/COPRRA/vendor/laravel/framework/src/Illuminate/Database/Connection.php:559
/mnt/c/Users/Gaser/Desktop/COPRRA/vendor/laravel/framework/src/Illuminate/Database/Connection.php:523
/mnt/c/Users/Gaser/Desktop/COPRRA/vendor/laravel/framework/src/Illuminate/Database/Query/Processors/Processor.php:32
/mnt/c/Users/Gaser/Desktop/COPRRA/vendor/laravel/framework/src/Illuminate/Database/Query/Builder.php:3853
/mnt/c/Users/Gaser/Desktop/COPRRA/vendor/laravel/framework/src/Illuminate/Database/Eloquent/Builder.php:2235
/mnt/c/Users/Gaser/Desktop/COPRRA/vendor/laravel/framework/src/Illuminate/Database/Eloquent/Model.php:1436
/mnt/c/Users/Gaser/Desktop/COPRRA/vendor/laravel/framework/src/Illuminate/Database/Eloquent/Model.php:1401
/mnt/c/Users/Gaser/Desktop/COPRRA/vendor/laravel/framework/src/Illuminate/Database/Eloquent/Model.php:1240
/mnt/c/Users/Gaser/Desktop/COPRRA/vendor/laravel/framework/src/Illuminate/Database/Eloquent/Factories/Factory.php:370
/mnt/c/Users/Gaser/Desktop/COPRRA/vendor/laravel/framework/src/Illuminate/Collections/Traits/EnumeratesValues.php:271
/mnt/c/Users/Gaser/Desktop/COPRRA/vendor/laravel/framework/src/Illuminate/Database/Eloquent/Factories/Factory.php:365
/mnt/c/Users/Gaser/Desktop/COPRRA/vendor/laravel/framework/src/Illuminate/Database/Eloquent/Factories/Factory.php:321
/mnt/c/Users/Gaser/Desktop/COPRRA/vendor/laravel/framework/src/Illuminate/Database/Eloquent/Factories/Factory.php:315
/mnt/c/Users/Gaser/Desktop/COPRRA/tests/Feature/Models/PaymentTest.php:168

91) Tests\Feature\Models\PriceAlertTest::test_activate
BadMethodCallException: Call to undefined method App\Models\PriceAlert::activate()

/mnt/c/Users/Gaser/Desktop/COPRRA/vendor/laravel/framework/src/Illuminate/Support/Traits/ForwardsCalls.php:67
/mnt/c/Users/Gaser/Desktop/COPRRA/vendor/laravel/framework/src/Illuminate/Support/Traits/ForwardsCalls.php:36
/mnt/c/Users/Gaser/Desktop/COPRRA/vendor/laravel/framework/src/Illuminate/Database/Eloquent/Model.php:2540
/mnt/c/Users/Gaser/Desktop/COPRRA/tests/Feature/Models/PriceAlertTest.php:157

92) Tests\Feature\Models\PriceAlertTest::test_deactivate
BadMethodCallException: Call to undefined method App\Models\PriceAlert::deactivate()

/mnt/c/Users/Gaser/Desktop/COPRRA/vendor/laravel/framework/src/Illuminate/Support/Traits/ForwardsCalls.php:67
/mnt/c/Users/Gaser/Desktop/COPRRA/vendor/laravel/framework/src/Illuminate/Support/Traits/ForwardsCalls.php:36
/mnt/c/Users/Gaser/Desktop/COPRRA/vendor/laravel/framework/src/Illuminate/Database/Eloquent/Model.php:2540
/mnt/c/Users/Gaser/Desktop/COPRRA/tests/Feature/Models/PriceAlertTest.php:169

93) Tests\Feature\Models\PriceAlertTest::test_validation_passes_with_valid_data
BadMethodCallException: Call to undefined method App\Models\PriceAlert::validate()

/mnt/c/Users/Gaser/Desktop/COPRRA/vendor/laravel/framework/src/Illuminate/Support/Traits/ForwardsCalls.php:67
/mnt/c/Users/Gaser/Desktop/COPRRA/vendor/laravel/framework/src/Illuminate/Support/Traits/ForwardsCalls.php:36
/mnt/c/Users/Gaser/Desktop/COPRRA/vendor/laravel/framework/src/Illuminate/Database/Eloquent/Model.php:2540
/mnt/c/Users/Gaser/Desktop/COPRRA/tests/Feature/Models/PriceAlertTest.php:188

94) Tests\Feature\Models\PriceAlertTest::test_validation_fails_with_missing_required_fields
BadMethodCallException: Call to undefined method App\Models\PriceAlert::validate()

/mnt/c/Users/Gaser/Desktop/COPRRA/vendor/laravel/framework/src/Illuminate/Support/Traits/ForwardsCalls.php:67
/mnt/c/Users/Gaser/Desktop/COPRRA/vendor/laravel/framework/src/Illuminate/Support/Traits/ForwardsCalls.php:36
/mnt/c/Users/Gaser/Desktop/COPRRA/vendor/laravel/framework/src/Illuminate/Database/Eloquent/Model.php:2540
/mnt/c/Users/Gaser/Desktop/COPRRA/tests/Feature/Models/PriceAlertTest.php:197

95) Tests\Feature\Models\PriceAlertTest::test_validation_fails_with_invalid_target_price
BadMethodCallException: Call to undefined method App\Models\PriceAlert::validate()

/mnt/c/Users/Gaser/Desktop/COPRRA/vendor/laravel/framework/src/Illuminate/Support/Traits/ForwardsCalls.php:67
/mnt/c/Users/Gaser/Desktop/COPRRA/vendor/laravel/framework/src/Illuminate/Support/Traits/ForwardsCalls.php:36
/mnt/c/Users/Gaser/Desktop/COPRRA/vendor/laravel/framework/src/Illuminate/Database/Eloquent/Model.php:2540
/mnt/c/Users/Gaser/Desktop/COPRRA/tests/Feature/Models/PriceAlertTest.php:216

96) Tests\Feature\Models\ProductTest::test_booted_deletes_related_records
Illuminate\Database\QueryException: SQLSTATE[23000]: Integrity constraint violation: 19 FOREIGN KEY constraint failed (Connection: sqlite, SQL: delete from "products" where "id" = 1)

/mnt/c/Users/Gaser/Desktop/COPRRA/vendor/laravel/framework/src/Illuminate/Database/Connection.php:824
/mnt/c/Users/Gaser/Desktop/COPRRA/vendor/laravel/framework/src/Illuminate/Database/Connection.php:778
/mnt/c/Users/Gaser/Desktop/COPRRA/vendor/laravel/framework/src/Illuminate/Database/Connection.php:583
/mnt/c/Users/Gaser/Desktop/COPRRA/vendor/laravel/framework/src/Illuminate/Database/Connection.php:547
/mnt/c/Users/Gaser/Desktop/COPRRA/vendor/laravel/framework/src/Illuminate/Database/Query/Builder.php:4109
/mnt/c/Users/Gaser/Desktop/COPRRA/vendor/laravel/framework/src/Illuminate/Database/Eloquent/Builder.php:1490
/mnt/c/Users/Gaser/Desktop/COPRRA/vendor/laravel/framework/src/Illuminate/Database/Eloquent/SoftDeletes.php:124
/mnt/c/Users/Gaser/Desktop/COPRRA/vendor/laravel/framework/src/Illuminate/Database/Eloquent/Model.php:1510
/mnt/c/Users/Gaser/Desktop/COPRRA/vendor/laravel/framework/src/Illuminate/Database/Eloquent/SoftDeletes.php:59
/mnt/c/Users/Gaser/Desktop/COPRRA/tests/Feature/Models/ProductTest.php:401

Caused by
PDOException: SQLSTATE[23000]: Integrity constraint violation: 19 FOREIGN KEY constraint failed

/mnt/c/Users/Gaser/Desktop/COPRRA/vendor/laravel/framework/src/Illuminate/Database/Connection.php:595
/mnt/c/Users/Gaser/Desktop/COPRRA/vendor/laravel/framework/src/Illuminate/Database/Connection.php:811
/mnt/c/Users/Gaser/Desktop/COPRRA/vendor/laravel/framework/src/Illuminate/Database/Connection.php:778
/mnt/c/Users/Gaser/Desktop/COPRRA/vendor/laravel/framework/src/Illuminate/Database/Connection.php:583
/mnt/c/Users/Gaser/Desktop/COPRRA/vendor/laravel/framework/src/Illuminate/Database/Connection.php:547
/mnt/c/Users/Gaser/Desktop/COPRRA/vendor/laravel/framework/src/Illuminate/Database/Query/Builder.php:4109
/mnt/c/Users/Gaser/Desktop/COPRRA/vendor/laravel/framework/src/Illuminate/Database/Eloquent/Builder.php:1490
/mnt/c/Users/Gaser/Desktop/COPRRA/vendor/laravel/framework/src/Illuminate/Database/Eloquent/SoftDeletes.php:124
/mnt/c/Users/Gaser/Desktop/COPRRA/vendor/laravel/framework/src/Illuminate/Database/Eloquent/Model.php:1510
/mnt/c/Users/Gaser/Desktop/COPRRA/vendor/laravel/framework/src/Illuminate/Database/Eloquent/SoftDeletes.php:59
/mnt/c/Users/Gaser/Desktop/COPRRA/tests/Feature/Models/ProductTest.php:401

97) Tests\Feature\Models\RewardTest::it_can_create_a_reward
Error: Class "Database\Factories\RewardFactory" not found

/mnt/c/Users/Gaser/Desktop/COPRRA/vendor/laravel/framework/src/Illuminate/Database/Eloquent/Factories/Factory.php:919
/mnt/c/Users/Gaser/Desktop/COPRRA/vendor/laravel/framework/src/Illuminate/Database/Eloquent/Factories/HasFactory.php:21
/mnt/c/Users/Gaser/Desktop/COPRRA/tests/Feature/Models/RewardTest.php:17

98) Tests\Feature\Models\RewardTest::it_casts_attributes_correctly
Error: Class "Database\Factories\RewardFactory" not found

/mnt/c/Users/Gaser/Desktop/COPRRA/vendor/laravel/framework/src/Illuminate/Database/Eloquent/Factories/Factory.php:919
/mnt/c/Users/Gaser/Desktop/COPRRA/vendor/laravel/framework/src/Illuminate/Database/Eloquent/Factories/HasFactory.php:21
/mnt/c/Users/Gaser/Desktop/COPRRA/tests/Feature/Models/RewardTest.php:51

99) Tests\Feature\Models\RewardTest::it_has_active_scope
Error: Class "Database\Factories\RewardFactory" not found

/mnt/c/Users/Gaser/Desktop/COPRRA/vendor/laravel/framework/src/Illuminate/Database/Eloquent/Factories/Factory.php:919
/mnt/c/Users/Gaser/Desktop/COPRRA/vendor/laravel/framework/src/Illuminate/Database/Eloquent/Factories/HasFactory.php:21
/mnt/c/Users/Gaser/Desktop/COPRRA/tests/Feature/Models/RewardTest.php:70

100) Tests\Feature\Models\RewardTest::it_has_available_for_points_scope
Error: Class "Database\Factories\RewardFactory" not found

/mnt/c/Users/Gaser/Desktop/COPRRA/vendor/laravel/framework/src/Illuminate/Database/Eloquent/Factories/Factory.php:919
/mnt/c/Users/Gaser/Desktop/COPRRA/vendor/laravel/framework/src/Illuminate/Database/Eloquent/Factories/HasFactory.php:21
/mnt/c/Users/Gaser/Desktop/COPRRA/tests/Feature/Models/RewardTest.php:100

101) Tests\Feature\Models\UserLocaleSettingTest::test_it_can_create_a_user_locale_setting
Mockery\Exception\NoMatchingExpectationException: No matching handler found for Mockery_18_Illuminate_Config_Repository::get('app.faker_locale', 'en_US'). Either the method was unexpected or its arguments matched no expected argument list for this method



/mnt/c/Users/Gaser/Desktop/COPRRA/vendor/mockery/mockery/library/Mockery/ExpectationDirector.php:90
/mnt/c/Users/Gaser/Desktop/COPRRA/vendor/laravel/framework/src/Illuminate/Database/DatabaseServiceProvider.php:104
/mnt/c/Users/Gaser/Desktop/COPRRA/vendor/laravel/framework/src/Illuminate/Container/Container.php:1154
/mnt/c/Users/Gaser/Desktop/COPRRA/vendor/laravel/framework/src/Illuminate/Container/Container.php:972
/mnt/c/Users/Gaser/Desktop/COPRRA/vendor/laravel/framework/src/Illuminate/Foundation/Application.php:1078
/mnt/c/Users/Gaser/Desktop/COPRRA/vendor/laravel/framework/src/Illuminate/Container/Container.php:903
/mnt/c/Users/Gaser/Desktop/COPRRA/vendor/laravel/framework/src/Illuminate/Foundation/Application.php:1058
/mnt/c/Users/Gaser/Desktop/COPRRA/vendor/laravel/framework/src/Illuminate/Database/Eloquent/Factories/Factory.php:964
/mnt/c/Users/Gaser/Desktop/COPRRA/vendor/laravel/framework/src/Illuminate/Database/Eloquent/Factories/Factory.php:187
/mnt/c/Users/Gaser/Desktop/COPRRA/vendor/laravel/framework/src/Illuminate/Database/Eloquent/Factories/Factory.php:207
/mnt/c/Users/Gaser/Desktop/COPRRA/vendor/laravel/framework/src/Illuminate/Database/Eloquent/Factories/HasFactory.php:36
/mnt/c/Users/Gaser/Desktop/COPRRA/vendor/laravel/framework/src/Illuminate/Database/Eloquent/Factories/HasFactory.php:21
/mnt/c/Users/Gaser/Desktop/COPRRA/tests/Feature/Models/UserLocaleSettingTest.php:30

102) Tests\Feature\Models\UserLocaleSettingTest::test_it_casts_attributes_correctly
Mockery\Exception\NoMatchingExpectationException: No matching handler found for Mockery_18_Illuminate_Config_Repository::get('app.faker_locale', 'en_US'). Either the method was unexpected or its arguments matched no expected argument list for this method



/mnt/c/Users/Gaser/Desktop/COPRRA/vendor/mockery/mockery/library/Mockery/ExpectationDirector.php:90
/mnt/c/Users/Gaser/Desktop/COPRRA/vendor/laravel/framework/src/Illuminate/Database/DatabaseServiceProvider.php:104
/mnt/c/Users/Gaser/Desktop/COPRRA/vendor/laravel/framework/src/Illuminate/Container/Container.php:1154
/mnt/c/Users/Gaser/Desktop/COPRRA/vendor/laravel/framework/src/Illuminate/Container/Container.php:972
/mnt/c/Users/Gaser/Desktop/COPRRA/vendor/laravel/framework/src/Illuminate/Foundation/Application.php:1078
/mnt/c/Users/Gaser/Desktop/COPRRA/vendor/laravel/framework/src/Illuminate/Container/Container.php:903
/mnt/c/Users/Gaser/Desktop/COPRRA/vendor/laravel/framework/src/Illuminate/Foundation/Application.php:1058
/mnt/c/Users/Gaser/Desktop/COPRRA/vendor/laravel/framework/src/Illuminate/Database/Eloquent/Factories/Factory.php:964
/mnt/c/Users/Gaser/Desktop/COPRRA/vendor/laravel/framework/src/Illuminate/Database/Eloquent/Factories/Factory.php:187
/mnt/c/Users/Gaser/Desktop/COPRRA/vendor/laravel/framework/src/Illuminate/Database/Eloquent/Factories/Factory.php:207
/mnt/c/Users/Gaser/Desktop/COPRRA/vendor/laravel/framework/src/Illuminate/Database/Eloquent/Factories/HasFactory.php:36
/mnt/c/Users/Gaser/Desktop/COPRRA/vendor/laravel/framework/src/Illuminate/Database/Eloquent/Factories/HasFactory.php:21
/mnt/c/Users/Gaser/Desktop/COPRRA/tests/Feature/Models/UserLocaleSettingTest.php:55

103) Tests\Feature\Models\UserLocaleSettingTest::test_it_belongs_to_user
Mockery\Exception\NoMatchingExpectationException: No matching handler found for Mockery_18_Illuminate_Config_Repository::get('app.faker_locale', 'en_US'). Either the method was unexpected or its arguments matched no expected argument list for this method



/mnt/c/Users/Gaser/Desktop/COPRRA/vendor/mockery/mockery/library/Mockery/ExpectationDirector.php:90
/mnt/c/Users/Gaser/Desktop/COPRRA/vendor/laravel/framework/src/Illuminate/Database/DatabaseServiceProvider.php:104
/mnt/c/Users/Gaser/Desktop/COPRRA/vendor/laravel/framework/src/Illuminate/Container/Container.php:1154
/mnt/c/Users/Gaser/Desktop/COPRRA/vendor/laravel/framework/src/Illuminate/Container/Container.php:972
/mnt/c/Users/Gaser/Desktop/COPRRA/vendor/laravel/framework/src/Illuminate/Foundation/Application.php:1078
/mnt/c/Users/Gaser/Desktop/COPRRA/vendor/laravel/framework/src/Illuminate/Container/Container.php:903
/mnt/c/Users/Gaser/Desktop/COPRRA/vendor/laravel/framework/src/Illuminate/Foundation/Application.php:1058
/mnt/c/Users/Gaser/Desktop/COPRRA/vendor/laravel/framework/src/Illuminate/Database/Eloquent/Factories/Factory.php:964
/mnt/c/Users/Gaser/Desktop/COPRRA/vendor/laravel/framework/src/Illuminate/Database/Eloquent/Factories/Factory.php:187
/mnt/c/Users/Gaser/Desktop/COPRRA/vendor/laravel/framework/src/Illuminate/Database/Eloquent/Factories/Factory.php:207
/mnt/c/Users/Gaser/Desktop/COPRRA/vendor/laravel/framework/src/Illuminate/Database/Eloquent/Factories/HasFactory.php:36
/mnt/c/Users/Gaser/Desktop/COPRRA/vendor/laravel/framework/src/Illuminate/Database/Eloquent/Factories/HasFactory.php:21
/mnt/c/Users/Gaser/Desktop/COPRRA/tests/Feature/Models/UserLocaleSettingTest.php:73

104) Tests\Feature\Models\UserLocaleSettingTest::test_it_belongs_to_language
Mockery\Exception\NoMatchingExpectationException: No matching handler found for Mockery_18_Illuminate_Config_Repository::get('app.faker_locale', 'en_US'). Either the method was unexpected or its arguments matched no expected argument list for this method



/mnt/c/Users/Gaser/Desktop/COPRRA/vendor/mockery/mockery/library/Mockery/ExpectationDirector.php:90
/mnt/c/Users/Gaser/Desktop/COPRRA/vendor/laravel/framework/src/Illuminate/Database/DatabaseServiceProvider.php:104
/mnt/c/Users/Gaser/Desktop/COPRRA/vendor/laravel/framework/src/Illuminate/Container/Container.php:1154
/mnt/c/Users/Gaser/Desktop/COPRRA/vendor/laravel/framework/src/Illuminate/Container/Container.php:972
/mnt/c/Users/Gaser/Desktop/COPRRA/vendor/laravel/framework/src/Illuminate/Foundation/Application.php:1078
/mnt/c/Users/Gaser/Desktop/COPRRA/vendor/laravel/framework/src/Illuminate/Container/Container.php:903
/mnt/c/Users/Gaser/Desktop/COPRRA/vendor/laravel/framework/src/Illuminate/Foundation/Application.php:1058
/mnt/c/Users/Gaser/Desktop/COPRRA/vendor/laravel/framework/src/Illuminate/Database/Eloquent/Factories/Factory.php:964
/mnt/c/Users/Gaser/Desktop/COPRRA/vendor/laravel/framework/src/Illuminate/Database/Eloquent/Factories/Factory.php:187
/mnt/c/Users/Gaser/Desktop/COPRRA/vendor/laravel/framework/src/Illuminate/Database/Eloquent/Factories/Factory.php:207
/mnt/c/Users/Gaser/Desktop/COPRRA/vendor/laravel/framework/src/Illuminate/Database/Eloquent/Factories/HasFactory.php:36
/mnt/c/Users/Gaser/Desktop/COPRRA/vendor/laravel/framework/src/Illuminate/Database/Eloquent/Factories/HasFactory.php:21
/mnt/c/Users/Gaser/Desktop/COPRRA/tests/Feature/Models/UserLocaleSettingTest.php:83

105) Tests\Feature\Models\UserLocaleSettingTest::test_it_belongs_to_currency
Mockery\Exception\NoMatchingExpectationException: No matching handler found for Mockery_18_Illuminate_Config_Repository::get('app.faker_locale', 'en_US'). Either the method was unexpected or its arguments matched no expected argument list for this method



/mnt/c/Users/Gaser/Desktop/COPRRA/vendor/mockery/mockery/library/Mockery/ExpectationDirector.php:90
/mnt/c/Users/Gaser/Desktop/COPRRA/vendor/laravel/framework/src/Illuminate/Database/DatabaseServiceProvider.php:104
/mnt/c/Users/Gaser/Desktop/COPRRA/vendor/laravel/framework/src/Illuminate/Container/Container.php:1154
/mnt/c/Users/Gaser/Desktop/COPRRA/vendor/laravel/framework/src/Illuminate/Container/Container.php:972
/mnt/c/Users/Gaser/Desktop/COPRRA/vendor/laravel/framework/src/Illuminate/Foundation/Application.php:1078
/mnt/c/Users/Gaser/Desktop/COPRRA/vendor/laravel/framework/src/Illuminate/Container/Container.php:903
/mnt/c/Users/Gaser/Desktop/COPRRA/vendor/laravel/framework/src/Illuminate/Foundation/Application.php:1058
/mnt/c/Users/Gaser/Desktop/COPRRA/vendor/laravel/framework/src/Illuminate/Database/Eloquent/Factories/Factory.php:964
/mnt/c/Users/Gaser/Desktop/COPRRA/vendor/laravel/framework/src/Illuminate/Database/Eloquent/Factories/Factory.php:187
/mnt/c/Users/Gaser/Desktop/COPRRA/vendor/laravel/framework/src/Illuminate/Database/Eloquent/Factories/Factory.php:207
/mnt/c/Users/Gaser/Desktop/COPRRA/vendor/laravel/framework/src/Illuminate/Database/Eloquent/Factories/HasFactory.php:36
/mnt/c/Users/Gaser/Desktop/COPRRA/vendor/laravel/framework/src/Illuminate/Database/Eloquent/Factories/HasFactory.php:21
/mnt/c/Users/Gaser/Desktop/COPRRA/tests/Feature/Models/UserLocaleSettingTest.php:93

106) Tests\Feature\Models\UserLocaleSettingTest::test_find_for_user_with_user_id
Mockery\Exception\NoMatchingExpectationException: No matching handler found for Mockery_18_Illuminate_Config_Repository::get('app.faker_locale', 'en_US'). Either the method was unexpected or its arguments matched no expected argument list for this method



/mnt/c/Users/Gaser/Desktop/COPRRA/vendor/mockery/mockery/library/Mockery/ExpectationDirector.php:90
/mnt/c/Users/Gaser/Desktop/COPRRA/vendor/laravel/framework/src/Illuminate/Database/DatabaseServiceProvider.php:104
/mnt/c/Users/Gaser/Desktop/COPRRA/vendor/laravel/framework/src/Illuminate/Container/Container.php:1154
/mnt/c/Users/Gaser/Desktop/COPRRA/vendor/laravel/framework/src/Illuminate/Container/Container.php:972
/mnt/c/Users/Gaser/Desktop/COPRRA/vendor/laravel/framework/src/Illuminate/Foundation/Application.php:1078
/mnt/c/Users/Gaser/Desktop/COPRRA/vendor/laravel/framework/src/Illuminate/Container/Container.php:903
/mnt/c/Users/Gaser/Desktop/COPRRA/vendor/laravel/framework/src/Illuminate/Foundation/Application.php:1058
/mnt/c/Users/Gaser/Desktop/COPRRA/vendor/laravel/framework/src/Illuminate/Database/Eloquent/Factories/Factory.php:964
/mnt/c/Users/Gaser/Desktop/COPRRA/vendor/laravel/framework/src/Illuminate/Database/Eloquent/Factories/Factory.php:187
/mnt/c/Users/Gaser/Desktop/COPRRA/vendor/laravel/framework/src/Illuminate/Database/Eloquent/Factories/Factory.php:207
/mnt/c/Users/Gaser/Desktop/COPRRA/vendor/laravel/framework/src/Illuminate/Database/Eloquent/Factories/HasFactory.php:36
/mnt/c/Users/Gaser/Desktop/COPRRA/vendor/laravel/framework/src/Illuminate/Database/Eloquent/Factories/HasFactory.php:21
/mnt/c/Users/Gaser/Desktop/COPRRA/tests/Feature/Models/UserLocaleSettingTest.php:103

107) Tests\Feature\Models\UserLocaleSettingTest::test_find_for_user_with_session_id
Mockery\Exception\NoMatchingExpectationException: No matching handler found for Mockery_18_Illuminate_Config_Repository::get('app.faker_locale', 'en_US'). Either the method was unexpected or its arguments matched no expected argument list for this method



/mnt/c/Users/Gaser/Desktop/COPRRA/vendor/mockery/mockery/library/Mockery/ExpectationDirector.php:90
/mnt/c/Users/Gaser/Desktop/COPRRA/vendor/laravel/framework/src/Illuminate/Database/DatabaseServiceProvider.php:104
/mnt/c/Users/Gaser/Desktop/COPRRA/vendor/laravel/framework/src/Illuminate/Container/Container.php:1154
/mnt/c/Users/Gaser/Desktop/COPRRA/vendor/laravel/framework/src/Illuminate/Container/Container.php:972
/mnt/c/Users/Gaser/Desktop/COPRRA/vendor/laravel/framework/src/Illuminate/Foundation/Application.php:1078
/mnt/c/Users/Gaser/Desktop/COPRRA/vendor/laravel/framework/src/Illuminate/Container/Container.php:903
/mnt/c/Users/Gaser/Desktop/COPRRA/vendor/laravel/framework/src/Illuminate/Foundation/Application.php:1058
/mnt/c/Users/Gaser/Desktop/COPRRA/vendor/laravel/framework/src/Illuminate/Database/Eloquent/Factories/Factory.php:964
/mnt/c/Users/Gaser/Desktop/COPRRA/vendor/laravel/framework/src/Illuminate/Database/Eloquent/Factories/Factory.php:187
/mnt/c/Users/Gaser/Desktop/COPRRA/vendor/laravel/framework/src/Illuminate/Database/Eloquent/Factories/Factory.php:207
/mnt/c/Users/Gaser/Desktop/COPRRA/vendor/laravel/framework/src/Illuminate/Database/Eloquent/Factories/HasFactory.php:36
/mnt/c/Users/Gaser/Desktop/COPRRA/vendor/laravel/framework/src/Illuminate/Database/Eloquent/Factories/HasFactory.php:21
/mnt/c/Users/Gaser/Desktop/COPRRA/tests/Feature/Models/UserLocaleSettingTest.php:124

108) Tests\Feature\Models\UserLocaleSettingTest::test_find_for_user_returns_latest_when_multiple_exist
Mockery\Exception\NoMatchingExpectationException: No matching handler found for Mockery_18_Illuminate_Config_Repository::get('app.faker_locale', 'en_US'). Either the method was unexpected or its arguments matched no expected argument list for this method



/mnt/c/Users/Gaser/Desktop/COPRRA/vendor/mockery/mockery/library/Mockery/ExpectationDirector.php:90
/mnt/c/Users/Gaser/Desktop/COPRRA/vendor/laravel/framework/src/Illuminate/Database/DatabaseServiceProvider.php:104
/mnt/c/Users/Gaser/Desktop/COPRRA/vendor/laravel/framework/src/Illuminate/Container/Container.php:1154
/mnt/c/Users/Gaser/Desktop/COPRRA/vendor/laravel/framework/src/Illuminate/Container/Container.php:972
/mnt/c/Users/Gaser/Desktop/COPRRA/vendor/laravel/framework/src/Illuminate/Foundation/Application.php:1078
/mnt/c/Users/Gaser/Desktop/COPRRA/vendor/laravel/framework/src/Illuminate/Container/Container.php:903
/mnt/c/Users/Gaser/Desktop/COPRRA/vendor/laravel/framework/src/Illuminate/Foundation/Application.php:1058
/mnt/c/Users/Gaser/Desktop/COPRRA/vendor/laravel/framework/src/Illuminate/Database/Eloquent/Factories/Factory.php:964
/mnt/c/Users/Gaser/Desktop/COPRRA/vendor/laravel/framework/src/Illuminate/Database/Eloquent/Factories/Factory.php:187
/mnt/c/Users/Gaser/Desktop/COPRRA/vendor/laravel/framework/src/Illuminate/Database/Eloquent/Factories/Factory.php:207
/mnt/c/Users/Gaser/Desktop/COPRRA/vendor/laravel/framework/src/Illuminate/Database/Eloquent/Factories/HasFactory.php:36
/mnt/c/Users/Gaser/Desktop/COPRRA/vendor/laravel/framework/src/Illuminate/Database/Eloquent/Factories/HasFactory.php:21
/mnt/c/Users/Gaser/Desktop/COPRRA/tests/Feature/Models/UserLocaleSettingTest.php:144

109) Tests\Feature\Models\UserLocaleSettingTest::test_find_for_user_returns_null_when_no_user_or_session
Mockery\Exception\BadMethodCallException: Received Mockery_18_Illuminate_Config_Repository::offsetGet(), but no expectations were specified

/mnt/c/Users/Gaser/Desktop/COPRRA/vendor/laravel/framework/src/Illuminate/Database/DatabaseManager.php:382
/mnt/c/Users/Gaser/Desktop/COPRRA/vendor/laravel/framework/src/Illuminate/Database/DatabaseManager.php:95
/mnt/c/Users/Gaser/Desktop/COPRRA/vendor/laravel/framework/src/Illuminate/Database/Eloquent/Model.php:1980
/mnt/c/Users/Gaser/Desktop/COPRRA/vendor/laravel/framework/src/Illuminate/Database/Eloquent/Model.php:1946
/mnt/c/Users/Gaser/Desktop/COPRRA/vendor/laravel/framework/src/Illuminate/Database/Eloquent/Model.php:1713
/mnt/c/Users/Gaser/Desktop/COPRRA/vendor/laravel/framework/src/Illuminate/Database/Eloquent/Model.php:1611
/mnt/c/Users/Gaser/Desktop/COPRRA/vendor/laravel/framework/src/Illuminate/Database/Eloquent/Model.php:1647
/mnt/c/Users/Gaser/Desktop/COPRRA/vendor/laravel/framework/src/Illuminate/Database/Eloquent/Model.php:1600
/mnt/c/Users/Gaser/Desktop/COPRRA/vendor/laravel/framework/src/Illuminate/Database/Eloquent/Model.php:2540
/mnt/c/Users/Gaser/Desktop/COPRRA/vendor/laravel/framework/src/Illuminate/Database/Eloquent/Model.php:2556
/mnt/c/Users/Gaser/Desktop/COPRRA/tests/Feature/Models/UserLocaleSettingTest.php:176

110) Tests\Feature\Models\UserLocaleSettingTest::test_find_for_user_returns_null_when_no_match
Mockery\Exception\BadMethodCallException: Received Mockery_18_Illuminate_Config_Repository::offsetGet(), but no expectations were specified

/mnt/c/Users/Gaser/Desktop/COPRRA/vendor/laravel/framework/src/Illuminate/Database/DatabaseManager.php:382
/mnt/c/Users/Gaser/Desktop/COPRRA/vendor/laravel/framework/src/Illuminate/Database/DatabaseManager.php:95
/mnt/c/Users/Gaser/Desktop/COPRRA/vendor/laravel/framework/src/Illuminate/Database/Eloquent/Model.php:1980
/mnt/c/Users/Gaser/Desktop/COPRRA/vendor/laravel/framework/src/Illuminate/Database/Eloquent/Model.php:1946
/mnt/c/Users/Gaser/Desktop/COPRRA/vendor/laravel/framework/src/Illuminate/Database/Eloquent/Model.php:1713
/mnt/c/Users/Gaser/Desktop/COPRRA/vendor/laravel/framework/src/Illuminate/Database/Eloquent/Model.php:1611
/mnt/c/Users/Gaser/Desktop/COPRRA/vendor/laravel/framework/src/Illuminate/Database/Eloquent/Model.php:1647
/mnt/c/Users/Gaser/Desktop/COPRRA/vendor/laravel/framework/src/Illuminate/Database/Eloquent/Model.php:1600
/mnt/c/Users/Gaser/Desktop/COPRRA/vendor/laravel/framework/src/Illuminate/Database/Eloquent/Model.php:2540
/mnt/c/Users/Gaser/Desktop/COPRRA/vendor/laravel/framework/src/Illuminate/Database/Eloquent/Model.php:2556
/mnt/c/Users/Gaser/Desktop/COPRRA/tests/Feature/Models/UserLocaleSettingTest.php:184

111) Tests\Feature\Models\UserLocaleSettingTest::test_update_or_create_for_user_with_user_id
Mockery\Exception\NoMatchingExpectationException: No matching handler found for Mockery_18_Illuminate_Config_Repository::get('app.faker_locale', 'en_US'). Either the method was unexpected or its arguments matched no expected argument list for this method



/mnt/c/Users/Gaser/Desktop/COPRRA/vendor/mockery/mockery/library/Mockery/ExpectationDirector.php:90
/mnt/c/Users/Gaser/Desktop/COPRRA/vendor/laravel/framework/src/Illuminate/Database/DatabaseServiceProvider.php:104
/mnt/c/Users/Gaser/Desktop/COPRRA/vendor/laravel/framework/src/Illuminate/Container/Container.php:1154
/mnt/c/Users/Gaser/Desktop/COPRRA/vendor/laravel/framework/src/Illuminate/Container/Container.php:972
/mnt/c/Users/Gaser/Desktop/COPRRA/vendor/laravel/framework/src/Illuminate/Foundation/Application.php:1078
/mnt/c/Users/Gaser/Desktop/COPRRA/vendor/laravel/framework/src/Illuminate/Container/Container.php:903
/mnt/c/Users/Gaser/Desktop/COPRRA/vendor/laravel/framework/src/Illuminate/Foundation/Application.php:1058
/mnt/c/Users/Gaser/Desktop/COPRRA/vendor/laravel/framework/src/Illuminate/Database/Eloquent/Factories/Factory.php:964
/mnt/c/Users/Gaser/Desktop/COPRRA/vendor/laravel/framework/src/Illuminate/Database/Eloquent/Factories/Factory.php:187
/mnt/c/Users/Gaser/Desktop/COPRRA/vendor/laravel/framework/src/Illuminate/Database/Eloquent/Factories/Factory.php:207
/mnt/c/Users/Gaser/Desktop/COPRRA/vendor/laravel/framework/src/Illuminate/Database/Eloquent/Factories/HasFactory.php:36
/mnt/c/Users/Gaser/Desktop/COPRRA/vendor/laravel/framework/src/Illuminate/Database/Eloquent/Factories/HasFactory.php:21
/mnt/c/Users/Gaser/Desktop/COPRRA/tests/Feature/Models/UserLocaleSettingTest.php:192

112) Tests\Feature\Models\UserLocaleSettingTest::test_update_or_create_for_user_with_session_id
Mockery\Exception\NoMatchingExpectationException: No matching handler found for Mockery_18_Illuminate_Config_Repository::get('app.faker_locale', 'en_US'). Either the method was unexpected or its arguments matched no expected argument list for this method



/mnt/c/Users/Gaser/Desktop/COPRRA/vendor/mockery/mockery/library/Mockery/ExpectationDirector.php:90
/mnt/c/Users/Gaser/Desktop/COPRRA/vendor/laravel/framework/src/Illuminate/Database/DatabaseServiceProvider.php:104
/mnt/c/Users/Gaser/Desktop/COPRRA/vendor/laravel/framework/src/Illuminate/Container/Container.php:1154
/mnt/c/Users/Gaser/Desktop/COPRRA/vendor/laravel/framework/src/Illuminate/Container/Container.php:972
/mnt/c/Users/Gaser/Desktop/COPRRA/vendor/laravel/framework/src/Illuminate/Foundation/Application.php:1078
/mnt/c/Users/Gaser/Desktop/COPRRA/vendor/laravel/framework/src/Illuminate/Container/Container.php:903
/mnt/c/Users/Gaser/Desktop/COPRRA/vendor/laravel/framework/src/Illuminate/Foundation/Application.php:1058
/mnt/c/Users/Gaser/Desktop/COPRRA/vendor/laravel/framework/src/Illuminate/Database/Eloquent/Factories/Factory.php:964
/mnt/c/Users/Gaser/Desktop/COPRRA/vendor/laravel/framework/src/Illuminate/Database/Eloquent/Factories/Factory.php:187
/mnt/c/Users/Gaser/Desktop/COPRRA/vendor/laravel/framework/src/Illuminate/Database/Eloquent/Factories/Factory.php:207
/mnt/c/Users/Gaser/Desktop/COPRRA/vendor/laravel/framework/src/Illuminate/Database/Eloquent/Factories/HasFactory.php:36
/mnt/c/Users/Gaser/Desktop/COPRRA/vendor/laravel/framework/src/Illuminate/Database/Eloquent/Factories/HasFactory.php:21
/mnt/c/Users/Gaser/Desktop/COPRRA/tests/Feature/Models/UserLocaleSettingTest.php:218

113) Tests\Feature\Models\UserLocaleSettingTest::test_update_or_create_for_user_updates_existing
Mockery\Exception\NoMatchingExpectationException: No matching handler found for Mockery_18_Illuminate_Config_Repository::get('app.faker_locale', 'en_US'). Either the method was unexpected or its arguments matched no expected argument list for this method



/mnt/c/Users/Gaser/Desktop/COPRRA/vendor/mockery/mockery/library/Mockery/ExpectationDirector.php:90
/mnt/c/Users/Gaser/Desktop/COPRRA/vendor/laravel/framework/src/Illuminate/Database/DatabaseServiceProvider.php:104
/mnt/c/Users/Gaser/Desktop/COPRRA/vendor/laravel/framework/src/Illuminate/Container/Container.php:1154
/mnt/c/Users/Gaser/Desktop/COPRRA/vendor/laravel/framework/src/Illuminate/Container/Container.php:972
/mnt/c/Users/Gaser/Desktop/COPRRA/vendor/laravel/framework/src/Illuminate/Foundation/Application.php:1078
/mnt/c/Users/Gaser/Desktop/COPRRA/vendor/laravel/framework/src/Illuminate/Container/Container.php:903
/mnt/c/Users/Gaser/Desktop/COPRRA/vendor/laravel/framework/src/Illuminate/Foundation/Application.php:1058
/mnt/c/Users/Gaser/Desktop/COPRRA/vendor/laravel/framework/src/Illuminate/Database/Eloquent/Factories/Factory.php:964
/mnt/c/Users/Gaser/Desktop/COPRRA/vendor/laravel/framework/src/Illuminate/Database/Eloquent/Factories/Factory.php:187
/mnt/c/Users/Gaser/Desktop/COPRRA/vendor/laravel/framework/src/Illuminate/Database/Eloquent/Factories/Factory.php:207
/mnt/c/Users/Gaser/Desktop/COPRRA/vendor/laravel/framework/src/Illuminate/Database/Eloquent/Factories/HasFactory.php:36
/mnt/c/Users/Gaser/Desktop/COPRRA/vendor/laravel/framework/src/Illuminate/Database/Eloquent/Factories/HasFactory.php:21
/mnt/c/Users/Gaser/Desktop/COPRRA/tests/Feature/Models/UserLocaleSettingTest.php:242

114) Tests\Feature\Models\UserLocaleSettingTest::test_update_or_create_for_user_with_minimal_parameters
Mockery\Exception\NoMatchingExpectationException: No matching handler found for Mockery_18_Illuminate_Config_Repository::get('app.faker_locale', 'en_US'). Either the method was unexpected or its arguments matched no expected argument list for this method



/mnt/c/Users/Gaser/Desktop/COPRRA/vendor/mockery/mockery/library/Mockery/ExpectationDirector.php:90
/mnt/c/Users/Gaser/Desktop/COPRRA/vendor/laravel/framework/src/Illuminate/Database/DatabaseServiceProvider.php:104
/mnt/c/Users/Gaser/Desktop/COPRRA/vendor/laravel/framework/src/Illuminate/Container/Container.php:1154
/mnt/c/Users/Gaser/Desktop/COPRRA/vendor/laravel/framework/src/Illuminate/Container/Container.php:972
/mnt/c/Users/Gaser/Desktop/COPRRA/vendor/laravel/framework/src/Illuminate/Foundation/Application.php:1078
/mnt/c/Users/Gaser/Desktop/COPRRA/vendor/laravel/framework/src/Illuminate/Container/Container.php:903
/mnt/c/Users/Gaser/Desktop/COPRRA/vendor/laravel/framework/src/Illuminate/Foundation/Application.php:1058
/mnt/c/Users/Gaser/Desktop/COPRRA/vendor/laravel/framework/src/Illuminate/Database/Eloquent/Factories/Factory.php:964
/mnt/c/Users/Gaser/Desktop/COPRRA/vendor/laravel/framework/src/Illuminate/Database/Eloquent/Factories/Factory.php:187
/mnt/c/Users/Gaser/Desktop/COPRRA/vendor/laravel/framework/src/Illuminate/Database/Eloquent/Factories/Factory.php:207
/mnt/c/Users/Gaser/Desktop/COPRRA/vendor/laravel/framework/src/Illuminate/Database/Eloquent/Factories/HasFactory.php:36
/mnt/c/Users/Gaser/Desktop/COPRRA/vendor/laravel/framework/src/Illuminate/Database/Eloquent/Factories/HasFactory.php:21
/mnt/c/Users/Gaser/Desktop/COPRRA/tests/Feature/Models/UserLocaleSettingTest.php:294

115) Tests\Feature\Models\UserLocaleSettingTest::test_factory_creates_valid_user_locale_setting
Mockery\Exception\NoMatchingExpectationException: No matching handler found for Mockery_18_Illuminate_Config_Repository::get('app.faker_locale', 'en_US'). Either the method was unexpected or its arguments matched no expected argument list for this method



/mnt/c/Users/Gaser/Desktop/COPRRA/vendor/mockery/mockery/library/Mockery/ExpectationDirector.php:90
/mnt/c/Users/Gaser/Desktop/COPRRA/vendor/laravel/framework/src/Illuminate/Database/DatabaseServiceProvider.php:104
/mnt/c/Users/Gaser/Desktop/COPRRA/vendor/laravel/framework/src/Illuminate/Container/Container.php:1154
/mnt/c/Users/Gaser/Desktop/COPRRA/vendor/laravel/framework/src/Illuminate/Container/Container.php:972
/mnt/c/Users/Gaser/Desktop/COPRRA/vendor/laravel/framework/src/Illuminate/Foundation/Application.php:1078
/mnt/c/Users/Gaser/Desktop/COPRRA/vendor/laravel/framework/src/Illuminate/Container/Container.php:903
/mnt/c/Users/Gaser/Desktop/COPRRA/vendor/laravel/framework/src/Illuminate/Foundation/Application.php:1058
/mnt/c/Users/Gaser/Desktop/COPRRA/vendor/laravel/framework/src/Illuminate/Database/Eloquent/Factories/Factory.php:964
/mnt/c/Users/Gaser/Desktop/COPRRA/vendor/laravel/framework/src/Illuminate/Database/Eloquent/Factories/Factory.php:187
/mnt/c/Users/Gaser/Desktop/COPRRA/vendor/laravel/framework/src/Illuminate/Database/Eloquent/Factories/Factory.php:207
/mnt/c/Users/Gaser/Desktop/COPRRA/vendor/laravel/framework/src/Illuminate/Database/Eloquent/Factories/HasFactory.php:36
/mnt/c/Users/Gaser/Desktop/COPRRA/vendor/laravel/framework/src/Illuminate/Database/Eloquent/Factories/HasFactory.php:21
/mnt/c/Users/Gaser/Desktop/COPRRA/tests/Feature/Models/UserLocaleSettingTest.php:316

116) Tests\Feature\Models\UserLocaleSettingTest::test_relationships_work_correctly
Mockery\Exception\NoMatchingExpectationException: No matching handler found for Mockery_18_Illuminate_Config_Repository::get('app.faker_locale', 'en_US'). Either the method was unexpected or its arguments matched no expected argument list for this method



/mnt/c/Users/Gaser/Desktop/COPRRA/vendor/mockery/mockery/library/Mockery/ExpectationDirector.php:90
/mnt/c/Users/Gaser/Desktop/COPRRA/vendor/laravel/framework/src/Illuminate/Database/DatabaseServiceProvider.php:104
/mnt/c/Users/Gaser/Desktop/COPRRA/vendor/laravel/framework/src/Illuminate/Container/Container.php:1154
/mnt/c/Users/Gaser/Desktop/COPRRA/vendor/laravel/framework/src/Illuminate/Container/Container.php:972
/mnt/c/Users/Gaser/Desktop/COPRRA/vendor/laravel/framework/src/Illuminate/Foundation/Application.php:1078
/mnt/c/Users/Gaser/Desktop/COPRRA/vendor/laravel/framework/src/Illuminate/Container/Container.php:903
/mnt/c/Users/Gaser/Desktop/COPRRA/vendor/laravel/framework/src/Illuminate/Foundation/Application.php:1058
/mnt/c/Users/Gaser/Desktop/COPRRA/vendor/laravel/framework/src/Illuminate/Database/Eloquent/Factories/Factory.php:964
/mnt/c/Users/Gaser/Desktop/COPRRA/vendor/laravel/framework/src/Illuminate/Database/Eloquent/Factories/Factory.php:187
/mnt/c/Users/Gaser/Desktop/COPRRA/vendor/laravel/framework/src/Illuminate/Database/Eloquent/Factories/Factory.php:207
/mnt/c/Users/Gaser/Desktop/COPRRA/vendor/laravel/framework/src/Illuminate/Database/Eloquent/Factories/HasFactory.php:36
/mnt/c/Users/Gaser/Desktop/COPRRA/vendor/laravel/framework/src/Illuminate/Database/Eloquent/Factories/HasFactory.php:21
/mnt/c/Users/Gaser/Desktop/COPRRA/tests/Feature/Models/UserLocaleSettingTest.php:341

117) Tests\Feature\Models\UserLocaleSettingTest::test_can_have_null_user_id
Mockery\Exception\NoMatchingExpectationException: No matching handler found for Mockery_18_Illuminate_Config_Repository::get('app.faker_locale', 'en_US'). Either the method was unexpected or its arguments matched no expected argument list for this method



/mnt/c/Users/Gaser/Desktop/COPRRA/vendor/mockery/mockery/library/Mockery/ExpectationDirector.php:90
/mnt/c/Users/Gaser/Desktop/COPRRA/vendor/laravel/framework/src/Illuminate/Database/DatabaseServiceProvider.php:104
/mnt/c/Users/Gaser/Desktop/COPRRA/vendor/laravel/framework/src/Illuminate/Container/Container.php:1154
/mnt/c/Users/Gaser/Desktop/COPRRA/vendor/laravel/framework/src/Illuminate/Container/Container.php:972
/mnt/c/Users/Gaser/Desktop/COPRRA/vendor/laravel/framework/src/Illuminate/Foundation/Application.php:1078
/mnt/c/Users/Gaser/Desktop/COPRRA/vendor/laravel/framework/src/Illuminate/Container/Container.php:903
/mnt/c/Users/Gaser/Desktop/COPRRA/vendor/laravel/framework/src/Illuminate/Foundation/Application.php:1058
/mnt/c/Users/Gaser/Desktop/COPRRA/vendor/laravel/framework/src/Illuminate/Database/Eloquent/Factories/Factory.php:964
/mnt/c/Users/Gaser/Desktop/COPRRA/vendor/laravel/framework/src/Illuminate/Database/Eloquent/Factories/Factory.php:187
/mnt/c/Users/Gaser/Desktop/COPRRA/vendor/laravel/framework/src/Illuminate/Database/Eloquent/Factories/Factory.php:207
/mnt/c/Users/Gaser/Desktop/COPRRA/vendor/laravel/framework/src/Illuminate/Database/Eloquent/Factories/HasFactory.php:36
/mnt/c/Users/Gaser/Desktop/COPRRA/vendor/laravel/framework/src/Illuminate/Database/Eloquent/Factories/HasFactory.php:21
/mnt/c/Users/Gaser/Desktop/COPRRA/tests/Feature/Models/UserLocaleSettingTest.php:367

118) Tests\Feature\Models\UserLocaleSettingTest::test_can_have_null_session_id
Mockery\Exception\NoMatchingExpectationException: No matching handler found for Mockery_18_Illuminate_Config_Repository::get('app.faker_locale', 'en_US'). Either the method was unexpected or its arguments matched no expected argument list for this method



/mnt/c/Users/Gaser/Desktop/COPRRA/vendor/mockery/mockery/library/Mockery/ExpectationDirector.php:90
/mnt/c/Users/Gaser/Desktop/COPRRA/vendor/laravel/framework/src/Illuminate/Database/DatabaseServiceProvider.php:104
/mnt/c/Users/Gaser/Desktop/COPRRA/vendor/laravel/framework/src/Illuminate/Container/Container.php:1154
/mnt/c/Users/Gaser/Desktop/COPRRA/vendor/laravel/framework/src/Illuminate/Container/Container.php:972
/mnt/c/Users/Gaser/Desktop/COPRRA/vendor/laravel/framework/src/Illuminate/Foundation/Application.php:1078
/mnt/c/Users/Gaser/Desktop/COPRRA/vendor/laravel/framework/src/Illuminate/Container/Container.php:903
/mnt/c/Users/Gaser/Desktop/COPRRA/vendor/laravel/framework/src/Illuminate/Foundation/Application.php:1058
/mnt/c/Users/Gaser/Desktop/COPRRA/vendor/laravel/framework/src/Illuminate/Database/Eloquent/Factories/Factory.php:964
/mnt/c/Users/Gaser/Desktop/COPRRA/vendor/laravel/framework/src/Illuminate/Database/Eloquent/Factories/Factory.php:187
/mnt/c/Users/Gaser/Desktop/COPRRA/vendor/laravel/framework/src/Illuminate/Database/Eloquent/Factories/Factory.php:207
/mnt/c/Users/Gaser/Desktop/COPRRA/vendor/laravel/framework/src/Illuminate/Database/Eloquent/Factories/HasFactory.php:36
/mnt/c/Users/Gaser/Desktop/COPRRA/vendor/laravel/framework/src/Illuminate/Database/Eloquent/Factories/HasFactory.php:21
/mnt/c/Users/Gaser/Desktop/COPRRA/tests/Feature/Models/UserLocaleSettingTest.php:379

119) Tests\Feature\Models\UserLocaleSettingTest::test_can_have_null_ip_address
Mockery\Exception\NoMatchingExpectationException: No matching handler found for Mockery_18_Illuminate_Config_Repository::get('app.faker_locale', 'en_US'). Either the method was unexpected or its arguments matched no expected argument list for this method



/mnt/c/Users/Gaser/Desktop/COPRRA/vendor/mockery/mockery/library/Mockery/ExpectationDirector.php:90
/mnt/c/Users/Gaser/Desktop/COPRRA/vendor/laravel/framework/src/Illuminate/Database/DatabaseServiceProvider.php:104
/mnt/c/Users/Gaser/Desktop/COPRRA/vendor/laravel/framework/src/Illuminate/Container/Container.php:1154
/mnt/c/Users/Gaser/Desktop/COPRRA/vendor/laravel/framework/src/Illuminate/Container/Container.php:972
/mnt/c/Users/Gaser/Desktop/COPRRA/vendor/laravel/framework/src/Illuminate/Foundation/Application.php:1078
/mnt/c/Users/Gaser/Desktop/COPRRA/vendor/laravel/framework/src/Illuminate/Container/Container.php:903
/mnt/c/Users/Gaser/Desktop/COPRRA/vendor/laravel/framework/src/Illuminate/Foundation/Application.php:1058
/mnt/c/Users/Gaser/Desktop/COPRRA/vendor/laravel/framework/src/Illuminate/Database/Eloquent/Factories/Factory.php:964
/mnt/c/Users/Gaser/Desktop/COPRRA/vendor/laravel/framework/src/Illuminate/Database/Eloquent/Factories/Factory.php:187
/mnt/c/Users/Gaser/Desktop/COPRRA/vendor/laravel/framework/src/Illuminate/Database/Eloquent/Factories/Factory.php:207
/mnt/c/Users/Gaser/Desktop/COPRRA/vendor/laravel/framework/src/Illuminate/Database/Eloquent/Factories/HasFactory.php:36
/mnt/c/Users/Gaser/Desktop/COPRRA/vendor/laravel/framework/src/Illuminate/Database/Eloquent/Factories/HasFactory.php:21
/mnt/c/Users/Gaser/Desktop/COPRRA/tests/Feature/Models/UserLocaleSettingTest.php:392

120) Tests\Feature\Models\UserLocaleSettingTest::test_can_have_null_country_code
Mockery\Exception\NoMatchingExpectationException: No matching handler found for Mockery_18_Illuminate_Config_Repository::get('app.faker_locale', 'en_US'). Either the method was unexpected or its arguments matched no expected argument list for this method



/mnt/c/Users/Gaser/Desktop/COPRRA/vendor/mockery/mockery/library/Mockery/ExpectationDirector.php:90
/mnt/c/Users/Gaser/Desktop/COPRRA/vendor/laravel/framework/src/Illuminate/Database/DatabaseServiceProvider.php:104
/mnt/c/Users/Gaser/Desktop/COPRRA/vendor/laravel/framework/src/Illuminate/Container/Container.php:1154
/mnt/c/Users/Gaser/Desktop/COPRRA/vendor/laravel/framework/src/Illuminate/Container/Container.php:972
/mnt/c/Users/Gaser/Desktop/COPRRA/vendor/laravel/framework/src/Illuminate/Foundation/Application.php:1078
/mnt/c/Users/Gaser/Desktop/COPRRA/vendor/laravel/framework/src/Illuminate/Container/Container.php:903
/mnt/c/Users/Gaser/Desktop/COPRRA/vendor/laravel/framework/src/Illuminate/Foundation/Application.php:1058
/mnt/c/Users/Gaser/Desktop/COPRRA/vendor/laravel/framework/src/Illuminate/Database/Eloquent/Factories/Factory.php:964
/mnt/c/Users/Gaser/Desktop/COPRRA/vendor/laravel/framework/src/Illuminate/Database/Eloquent/Factories/Factory.php:187
/mnt/c/Users/Gaser/Desktop/COPRRA/vendor/laravel/framework/src/Illuminate/Database/Eloquent/Factories/Factory.php:207
/mnt/c/Users/Gaser/Desktop/COPRRA/vendor/laravel/framework/src/Illuminate/Database/Eloquent/Factories/HasFactory.php:36
/mnt/c/Users/Gaser/Desktop/COPRRA/vendor/laravel/framework/src/Illuminate/Database/Eloquent/Factories/HasFactory.php:21
/mnt/c/Users/Gaser/Desktop/COPRRA/tests/Feature/Models/UserLocaleSettingTest.php:402

121) Tests\Feature\SEOTest::test_generates_meta_data_for_product
ArgumentCountError: Too few arguments to function App\Services\SEOService::__construct(), 0 passed in /mnt/c/Users/Gaser/Desktop/COPRRA/tests/Feature/SEOTest.php on line 31 and exactly 3 expected

/mnt/c/Users/Gaser/Desktop/COPRRA/app/Services/SEOService.php:17
/mnt/c/Users/Gaser/Desktop/COPRRA/tests/Feature/SEOTest.php:31

122) Tests\Feature\SEOTest::test_generates_meta_data_for_category
ArgumentCountError: Too few arguments to function App\Services\SEOService::__construct(), 0 passed in /mnt/c/Users/Gaser/Desktop/COPRRA/tests/Feature/SEOTest.php on line 31 and exactly 3 expected

/mnt/c/Users/Gaser/Desktop/COPRRA/app/Services/SEOService.php:17
/mnt/c/Users/Gaser/Desktop/COPRRA/tests/Feature/SEOTest.php:31

123) Tests\Feature\SEOTest::test_generates_meta_data_for_store
ArgumentCountError: Too few arguments to function App\Services\SEOService::__construct(), 0 passed in /mnt/c/Users/Gaser/Desktop/COPRRA/tests/Feature/SEOTest.php on line 31 and exactly 3 expected

/mnt/c/Users/Gaser/Desktop/COPRRA/app/Services/SEOService.php:17
/mnt/c/Users/Gaser/Desktop/COPRRA/tests/Feature/SEOTest.php:31

124) Tests\Feature\SEOTest::test_generates_title_with_correct_length
ArgumentCountError: Too few arguments to function App\Services\SEOService::__construct(), 0 passed in /mnt/c/Users/Gaser/Desktop/COPRRA/tests/Feature/SEOTest.php on line 31 and exactly 3 expected

/mnt/c/Users/Gaser/Desktop/COPRRA/app/Services/SEOService.php:17
/mnt/c/Users/Gaser/Desktop/COPRRA/tests/Feature/SEOTest.php:31

125) Tests\Feature\SEOTest::test_generates_description_with_correct_length
ArgumentCountError: Too few arguments to function App\Services\SEOService::__construct(), 0 passed in /mnt/c/Users/Gaser/Desktop/COPRRA/tests/Feature/SEOTest.php on line 31 and exactly 3 expected

/mnt/c/Users/Gaser/Desktop/COPRRA/app/Services/SEOService.php:17
/mnt/c/Users/Gaser/Desktop/COPRRA/tests/Feature/SEOTest.php:31

126) Tests\Feature\SEOTest::test_validates_meta_data_correctly
ArgumentCountError: Too few arguments to function App\Services\SEOService::__construct(), 0 passed in /mnt/c/Users/Gaser/Desktop/COPRRA/tests/Feature/SEOTest.php on line 31 and exactly 3 expected

/mnt/c/Users/Gaser/Desktop/COPRRA/app/Services/SEOService.php:17
/mnt/c/Users/Gaser/Desktop/COPRRA/tests/Feature/SEOTest.php:31

127) Tests\Feature\SEOTest::test_detects_missing_title
ArgumentCountError: Too few arguments to function App\Services\SEOService::__construct(), 0 passed in /mnt/c/Users/Gaser/Desktop/COPRRA/tests/Feature/SEOTest.php on line 31 and exactly 3 expected

/mnt/c/Users/Gaser/Desktop/COPRRA/app/Services/SEOService.php:17
/mnt/c/Users/Gaser/Desktop/COPRRA/tests/Feature/SEOTest.php:31

128) Tests\Feature\SEOTest::test_detects_short_title
ArgumentCountError: Too few arguments to function App\Services\SEOService::__construct(), 0 passed in /mnt/c/Users/Gaser/Desktop/COPRRA/tests/Feature/SEOTest.php on line 31 and exactly 3 expected

/mnt/c/Users/Gaser/Desktop/COPRRA/app/Services/SEOService.php:17
/mnt/c/Users/Gaser/Desktop/COPRRA/tests/Feature/SEOTest.php:31

129) Tests\Feature\SEOTest::test_detects_long_title
ArgumentCountError: Too few arguments to function App\Services\SEOService::__construct(), 0 passed in /mnt/c/Users/Gaser/Desktop/COPRRA/tests/Feature/SEOTest.php on line 31 and exactly 3 expected

/mnt/c/Users/Gaser/Desktop/COPRRA/app/Services/SEOService.php:17
/mnt/c/Users/Gaser/Desktop/COPRRA/tests/Feature/SEOTest.php:31

130) Tests\Feature\SEOTest::test_detects_missing_description
ArgumentCountError: Too few arguments to function App\Services\SEOService::__construct(), 0 passed in /mnt/c/Users/Gaser/Desktop/COPRRA/tests/Feature/SEOTest.php on line 31 and exactly 3 expected

/mnt/c/Users/Gaser/Desktop/COPRRA/app/Services/SEOService.php:17
/mnt/c/Users/Gaser/Desktop/COPRRA/tests/Feature/SEOTest.php:31

131) Tests\Feature\SEOTest::test_generates_structured_data_for_product
ArgumentCountError: Too few arguments to function App\Services\SEOService::__construct(), 0 passed in /mnt/c/Users/Gaser/Desktop/COPRRA/tests/Feature/SEOTest.php on line 31 and exactly 3 expected

/mnt/c/Users/Gaser/Desktop/COPRRA/app/Services/SEOService.php:17
/mnt/c/Users/Gaser/Desktop/COPRRA/tests/Feature/SEOTest.php:31

132) Tests\Feature\SEOTest::test_generates_breadcrumb_structured_data
ArgumentCountError: Too few arguments to function App\Services\SEOService::__construct(), 0 passed in /mnt/c/Users/Gaser/Desktop/COPRRA/tests/Feature/SEOTest.php on line 31 and exactly 3 expected

/mnt/c/Users/Gaser/Desktop/COPRRA/app/Services/SEOService.php:17
/mnt/c/Users/Gaser/Desktop/COPRRA/tests/Feature/SEOTest.php:31

133) Tests\Feature\SEOTest::test_generates_sitemap_successfully
ArgumentCountError: Too few arguments to function App\Services\SEOService::__construct(), 0 passed in /mnt/c/Users/Gaser/Desktop/COPRRA/tests/Feature/SEOTest.php on line 31 and exactly 3 expected

/mnt/c/Users/Gaser/Desktop/COPRRA/app/Services/SEOService.php:17
/mnt/c/Users/Gaser/Desktop/COPRRA/tests/Feature/SEOTest.php:31

134) Tests\Feature\SEOTest::test_sitemap_includes_products
ArgumentCountError: Too few arguments to function App\Services\SEOService::__construct(), 0 passed in /mnt/c/Users/Gaser/Desktop/COPRRA/tests/Feature/SEOTest.php on line 31 and exactly 3 expected

/mnt/c/Users/Gaser/Desktop/COPRRA/app/Services/SEOService.php:17
/mnt/c/Users/Gaser/Desktop/COPRRA/tests/Feature/SEOTest.php:31

135) Tests\Feature\SEOTest::test_seo_audit_command_runs_successfully
ArgumentCountError: Too few arguments to function App\Services\SEOService::__construct(), 0 passed in /mnt/c/Users/Gaser/Desktop/COPRRA/tests/Feature/SEOTest.php on line 31 and exactly 3 expected

/mnt/c/Users/Gaser/Desktop/COPRRA/app/Services/SEOService.php:17
/mnt/c/Users/Gaser/Desktop/COPRRA/tests/Feature/SEOTest.php:31

136) Tests\Feature\SEOTest::test_seo_audit_can_fix_issues
ArgumentCountError: Too few arguments to function App\Services\SEOService::__construct(), 0 passed in /mnt/c/Users/Gaser/Desktop/COPRRA/tests/Feature/SEOTest.php on line 31 and exactly 3 expected

/mnt/c/Users/Gaser/Desktop/COPRRA/app/Services/SEOService.php:17
/mnt/c/Users/Gaser/Desktop/COPRRA/tests/Feature/SEOTest.php:31

137) Tests\Feature\SEOTest::test_robots_txt_file_exists
ArgumentCountError: Too few arguments to function App\Services\SEOService::__construct(), 0 passed in /mnt/c/Users/Gaser/Desktop/COPRRA/tests/Feature/SEOTest.php on line 31 and exactly 3 expected

/mnt/c/Users/Gaser/Desktop/COPRRA/app/Services/SEOService.php:17
/mnt/c/Users/Gaser/Desktop/COPRRA/tests/Feature/SEOTest.php:31

138) Tests\Feature\SEOTest::test_robots_txt_has_correct_content
ArgumentCountError: Too few arguments to function App\Services\SEOService::__construct(), 0 passed in /mnt/c/Users/Gaser/Desktop/COPRRA/tests/Feature/SEOTest.php on line 31 and exactly 3 expected

/mnt/c/Users/Gaser/Desktop/COPRRA/app/Services/SEOService.php:17
/mnt/c/Users/Gaser/Desktop/COPRRA/tests/Feature/SEOTest.php:31

139) Tests\Feature\Services\AuditServiceTest::test_logs_viewed_event
Error: Call to undefined method App\Services\AuditService::logViewed()

/mnt/c/Users/Gaser/Desktop/COPRRA/tests/Feature/Services/AuditServiceTest.php:115

140) Tests\Feature\Services\AuditServiceTest::test_logs_auth_event_with_user_id
Error: Call to undefined method App\Services\AuditService::logAuthEvent()

/mnt/c/Users/Gaser/Desktop/COPRRA/tests/Feature/Services/AuditServiceTest.php:152

141) Tests\Feature\Services\AuditServiceTest::test_logs_auth_event_without_user_id
Error: Call to undefined method App\Services\AuditService::logAuthEvent()

/mnt/c/Users/Gaser/Desktop/COPRRA/tests/Feature/Services/AuditServiceTest.php:168

142) Tests\Feature\Services\AuditServiceTest::test_logs_api_access
Error: Call to undefined method App\Services\AuditService::logApiAccess()

/mnt/c/Users/Gaser/Desktop/COPRRA/tests/Feature/Services/AuditServiceTest.php:185

143) Tests\Feature\Services\AuditServiceTest::test_gets_model_logs
Error: Call to undefined method App\Services\AuditService::logViewed()

/mnt/c/Users/Gaser/Desktop/COPRRA/tests/Feature/Services/AuditServiceTest.php:205

144) Tests\Feature\Services\AuditServiceTest::test_gets_user_logs
Error: Call to undefined method App\Services\AuditService::getUserLogs()

/mnt/c/Users/Gaser/Desktop/COPRRA/tests/Feature/Services/AuditServiceTest.php:221

145) Tests\Feature\Services\AuditServiceTest::test_gets_event_logs
Error: Call to undefined method App\Services\AuditService::getEventLogs()

/mnt/c/Users/Gaser/Desktop/COPRRA/tests/Feature/Services/AuditServiceTest.php:234

146) Tests\Feature\Services\AuditServiceTest::test_cleans_old_logs
Error: Call to undefined method App\Services\AuditService::cleanOldLogs()

/mnt/c/Users/Gaser/Desktop/COPRRA/tests/Feature/Services/AuditServiceTest.php:251

147) Tests\Feature\Services\BackupServiceTest::test_creates_full_backup_successfully
ArgumentCountError: Too few arguments to function App\Services\BackupService::__construct(), 0 passed in /mnt/c/Users/Gaser/Desktop/COPRRA/tests/Feature/Services/BackupServiceTest.php on line 41 and exactly 5 expected

/mnt/c/Users/Gaser/Desktop/COPRRA/app/Services/BackupService.php:33
/mnt/c/Users/Gaser/Desktop/COPRRA/tests/Feature/Services/BackupServiceTest.php:41

148) Tests\Feature\Services\BackupServiceTest::test_handles_full_backup_exception
ArgumentCountError: Too few arguments to function App\Services\BackupService::__construct(), 0 passed in /mnt/c/Users/Gaser/Desktop/COPRRA/tests/Feature/Services/BackupServiceTest.php on line 41 and exactly 5 expected

/mnt/c/Users/Gaser/Desktop/COPRRA/app/Services/BackupService.php:33
/mnt/c/Users/Gaser/Desktop/COPRRA/tests/Feature/Services/BackupServiceTest.php:41

149) Tests\Feature\Services\BackupServiceTest::test_creates_database_backup_successfully
ArgumentCountError: Too few arguments to function App\Services\BackupService::__construct(), 0 passed in /mnt/c/Users/Gaser/Desktop/COPRRA/tests/Feature/Services/BackupServiceTest.php on line 41 and exactly 5 expected

/mnt/c/Users/Gaser/Desktop/COPRRA/app/Services/BackupService.php:33
/mnt/c/Users/Gaser/Desktop/COPRRA/tests/Feature/Services/BackupServiceTest.php:41

150) Tests\Feature\Services\BackupServiceTest::test_creates_files_backup_successfully
ArgumentCountError: Too few arguments to function App\Services\BackupService::__construct(), 0 passed in /mnt/c/Users/Gaser/Desktop/COPRRA/tests/Feature/Services/BackupServiceTest.php on line 41 and exactly 5 expected

/mnt/c/Users/Gaser/Desktop/COPRRA/app/Services/BackupService.php:33
/mnt/c/Users/Gaser/Desktop/COPRRA/tests/Feature/Services/BackupServiceTest.php:41

151) Tests\Feature\Services\BackupServiceTest::test_restores_from_backup_successfully
ArgumentCountError: Too few arguments to function App\Services\BackupService::__construct(), 0 passed in /mnt/c/Users/Gaser/Desktop/COPRRA/tests/Feature/Services/BackupServiceTest.php on line 41 and exactly 5 expected

/mnt/c/Users/Gaser/Desktop/COPRRA/app/Services/BackupService.php:33
/mnt/c/Users/Gaser/Desktop/COPRRA/tests/Feature/Services/BackupServiceTest.php:41

152) Tests\Feature\Services\BackupServiceTest::test_handles_restore_with_nonexistent_backup
ArgumentCountError: Too few arguments to function App\Services\BackupService::__construct(), 0 passed in /mnt/c/Users/Gaser/Desktop/COPRRA/tests/Feature/Services/BackupServiceTest.php on line 41 and exactly 5 expected

/mnt/c/Users/Gaser/Desktop/COPRRA/app/Services/BackupService.php:33
/mnt/c/Users/Gaser/Desktop/COPRRA/tests/Feature/Services/BackupServiceTest.php:41

153) Tests\Feature\Services\BackupServiceTest::test_lists_backups_successfully
ArgumentCountError: Too few arguments to function App\Services\BackupService::__construct(), 0 passed in /mnt/c/Users/Gaser/Desktop/COPRRA/tests/Feature/Services/BackupServiceTest.php on line 41 and exactly 5 expected

/mnt/c/Users/Gaser/Desktop/COPRRA/app/Services/BackupService.php:33
/mnt/c/Users/Gaser/Desktop/COPRRA/tests/Feature/Services/BackupServiceTest.php:41

154) Tests\Feature\Services\BackupServiceTest::test_returns_empty_list_when_no_backup_directory
ArgumentCountError: Too few arguments to function App\Services\BackupService::__construct(), 0 passed in /mnt/c/Users/Gaser/Desktop/COPRRA/tests/Feature/Services/BackupServiceTest.php on line 41 and exactly 5 expected

/mnt/c/Users/Gaser/Desktop/COPRRA/app/Services/BackupService.php:33
/mnt/c/Users/Gaser/Desktop/COPRRA/tests/Feature/Services/BackupServiceTest.php:41

155) Tests\Feature\Services\BackupServiceTest::test_deletes_backup_successfully
ArgumentCountError: Too few arguments to function App\Services\BackupService::__construct(), 0 passed in /mnt/c/Users/Gaser/Desktop/COPRRA/tests/Feature/Services/BackupServiceTest.php on line 41 and exactly 5 expected

/mnt/c/Users/Gaser/Desktop/COPRRA/app/Services/BackupService.php:33
/mnt/c/Users/Gaser/Desktop/COPRRA/tests/Feature/Services/BackupServiceTest.php:41

156) Tests\Feature\Services\BackupServiceTest::test_handles_delete_nonexistent_backup
ArgumentCountError: Too few arguments to function App\Services\BackupService::__construct(), 0 passed in /mnt/c/Users/Gaser/Desktop/COPRRA/tests/Feature/Services/BackupServiceTest.php on line 41 and exactly 5 expected

/mnt/c/Users/Gaser/Desktop/COPRRA/app/Services/BackupService.php:33
/mnt/c/Users/Gaser/Desktop/COPRRA/tests/Feature/Services/BackupServiceTest.php:41

157) Tests\Feature\Services\BackupServiceTest::test_cleans_old_backups
ArgumentCountError: Too few arguments to function App\Services\BackupService::__construct(), 0 passed in /mnt/c/Users/Gaser/Desktop/COPRRA/tests/Feature/Services/BackupServiceTest.php on line 41 and exactly 5 expected

/mnt/c/Users/Gaser/Desktop/COPRRA/app/Services/BackupService.php:33
/mnt/c/Users/Gaser/Desktop/COPRRA/tests/Feature/Services/BackupServiceTest.php:41

158) Tests\Feature\Services\FinancialTransactionServiceTest::test_processes_payment_successfully
TypeError: App\Services\FinancialTransactionService::logPriceUpdate(): Argument #2 ($oldPrice) must be of type float, string given, called in /mnt/c/Users/Gaser/Desktop/COPRRA/app/Services/FinancialTransactionService.php on line 28

/mnt/c/Users/Gaser/Desktop/COPRRA/app/Services/FinancialTransactionService.php:47
/mnt/c/Users/Gaser/Desktop/COPRRA/app/Services/FinancialTransactionService.php:28
/mnt/c/Users/Gaser/Desktop/COPRRA/vendor/laravel/framework/src/Illuminate/Database/Concerns/ManagesTransactions.php:35
/mnt/c/Users/Gaser/Desktop/COPRRA/vendor/laravel/framework/src/Illuminate/Database/DatabaseManager.php:489
/mnt/c/Users/Gaser/Desktop/COPRRA/vendor/laravel/framework/src/Illuminate/Support/Facades/Facade.php:363
/mnt/c/Users/Gaser/Desktop/COPRRA/app/Services/FinancialTransactionService.php:19
/mnt/c/Users/Gaser/Desktop/COPRRA/tests/Feature/Services/FinancialTransactionServiceTest.php:40

159) Tests\Feature\Services\FinancialTransactionServiceTest::test_refunds_transaction
TypeError: App\Services\FinancialTransactionService::logPriceUpdate(): Argument #2 ($oldPrice) must be of type float, string given, called in /mnt/c/Users/Gaser/Desktop/COPRRA/app/Services/FinancialTransactionService.php on line 28

/mnt/c/Users/Gaser/Desktop/COPRRA/app/Services/FinancialTransactionService.php:47
/mnt/c/Users/Gaser/Desktop/COPRRA/app/Services/FinancialTransactionService.php:28
/mnt/c/Users/Gaser/Desktop/COPRRA/vendor/laravel/framework/src/Illuminate/Database/Concerns/ManagesTransactions.php:35
/mnt/c/Users/Gaser/Desktop/COPRRA/vendor/laravel/framework/src/Illuminate/Database/DatabaseManager.php:489
/mnt/c/Users/Gaser/Desktop/COPRRA/vendor/laravel/framework/src/Illuminate/Support/Facades/Facade.php:363
/mnt/c/Users/Gaser/Desktop/COPRRA/app/Services/FinancialTransactionService.php:19
/mnt/c/Users/Gaser/Desktop/COPRRA/tests/Feature/Services/FinancialTransactionServiceTest.php:94

160) Tests\Feature\Services\FinancialTransactionServiceTest::test_gets_transaction_history
TypeError: App\Services\FinancialTransactionService::logPriceUpdate(): Argument #2 ($oldPrice) must be of type float, string given, called in /mnt/c/Users/Gaser/Desktop/COPRRA/app/Services/FinancialTransactionService.php on line 28

/mnt/c/Users/Gaser/Desktop/COPRRA/app/Services/FinancialTransactionService.php:47
/mnt/c/Users/Gaser/Desktop/COPRRA/app/Services/FinancialTransactionService.php:28
/mnt/c/Users/Gaser/Desktop/COPRRA/vendor/laravel/framework/src/Illuminate/Database/Concerns/ManagesTransactions.php:35
/mnt/c/Users/Gaser/Desktop/COPRRA/vendor/laravel/framework/src/Illuminate/Database/DatabaseManager.php:489
/mnt/c/Users/Gaser/Desktop/COPRRA/vendor/laravel/framework/src/Illuminate/Support/Facades/Facade.php:363
/mnt/c/Users/Gaser/Desktop/COPRRA/app/Services/FinancialTransactionService.php:19
/mnt/c/Users/Gaser/Desktop/COPRRA/tests/Feature/Services/FinancialTransactionServiceTest.php:125

161) Tests\Feature\Services\FinancialTransactionServiceTest::test_calculates_tax
TypeError: App\Services\FinancialTransactionService::logPriceUpdate(): Argument #2 ($oldPrice) must be of type float, string given, called in /mnt/c/Users/Gaser/Desktop/COPRRA/app/Services/FinancialTransactionService.php on line 28

/mnt/c/Users/Gaser/Desktop/COPRRA/app/Services/FinancialTransactionService.php:47
/mnt/c/Users/Gaser/Desktop/COPRRA/app/Services/FinancialTransactionService.php:28
/mnt/c/Users/Gaser/Desktop/COPRRA/vendor/laravel/framework/src/Illuminate/Database/Concerns/ManagesTransactions.php:35
/mnt/c/Users/Gaser/Desktop/COPRRA/vendor/laravel/framework/src/Illuminate/Database/DatabaseManager.php:489
/mnt/c/Users/Gaser/Desktop/COPRRA/vendor/laravel/framework/src/Illuminate/Support/Facades/Facade.php:363
/mnt/c/Users/Gaser/Desktop/COPRRA/app/Services/FinancialTransactionService.php:19
/mnt/c/Users/Gaser/Desktop/COPRRA/tests/Feature/Services/FinancialTransactionServiceTest.php:139

162) Tests\Feature\Services\FinancialTransactionServiceTest::test_validates_payment_method
TypeError: App\Services\FinancialTransactionService::logPriceUpdate(): Argument #2 ($oldPrice) must be of type float, string given, called in /mnt/c/Users/Gaser/Desktop/COPRRA/app/Services/FinancialTransactionService.php on line 28

/mnt/c/Users/Gaser/Desktop/COPRRA/app/Services/FinancialTransactionService.php:47
/mnt/c/Users/Gaser/Desktop/COPRRA/app/Services/FinancialTransactionService.php:28
/mnt/c/Users/Gaser/Desktop/COPRRA/vendor/laravel/framework/src/Illuminate/Database/Concerns/ManagesTransactions.php:35
/mnt/c/Users/Gaser/Desktop/COPRRA/vendor/laravel/framework/src/Illuminate/Database/DatabaseManager.php:489
/mnt/c/Users/Gaser/Desktop/COPRRA/vendor/laravel/framework/src/Illuminate/Support/Facades/Facade.php:363
/mnt/c/Users/Gaser/Desktop/COPRRA/app/Services/FinancialTransactionService.php:19
/mnt/c/Users/Gaser/Desktop/COPRRA/tests/Feature/Services/FinancialTransactionServiceTest.php:153

163) Tests\Feature\Services\PasswordHistoryServiceTest::test_saves_password_to_history
Mockery\Exception\BadMethodCallException: Received Mockery_17_Illuminate_Log_LogManager::error(), but no expectations were specified

/mnt/c/Users/Gaser/Desktop/COPRRA/vendor/laravel/framework/src/Illuminate/Support/Facades/Facade.php:363
/mnt/c/Users/Gaser/Desktop/COPRRA/app/Services/PasswordHistoryService.php:61
/mnt/c/Users/Gaser/Desktop/COPRRA/tests/Feature/Services/PasswordHistoryServiceTest.php:86

164) Tests\Feature\Services\PasswordHistoryServiceTest::test_clears_password_history
Error: Call to undefined method App\Services\PasswordHistoryService::clearPasswordHistory()

/mnt/c/Users/Gaser/Desktop/COPRRA/tests/Feature/Services/PasswordHistoryServiceTest.php:105

165) Tests\Feature\Services\PasswordHistoryServiceTest::test_limits_password_history_count
Mockery\Exception\BadMethodCallException: Received Mockery_17_Illuminate_Log_LogManager::error(), but no expectations were specified

/mnt/c/Users/Gaser/Desktop/COPRRA/vendor/laravel/framework/src/Illuminate/Support/Facades/Facade.php:363
/mnt/c/Users/Gaser/Desktop/COPRRA/app/Services/PasswordHistoryService.php:61
/mnt/c/Users/Gaser/Desktop/COPRRA/tests/Feature/Services/PasswordHistoryServiceTest.php:168

166) Tests\Feature\Services\PasswordPolicyServiceTest::test_saves_password_to_history
Mockery\Exception\BadMethodCallException: Received Mockery_17_Illuminate_Log_LogManager::error(), but no expectations were specified

/mnt/c/Users/Gaser/Desktop/COPRRA/vendor/laravel/framework/src/Illuminate/Support/Facades/Facade.php:363
/mnt/c/Users/Gaser/Desktop/COPRRA/app/Services/PasswordHistoryService.php:61
/mnt/c/Users/Gaser/Desktop/COPRRA/app/Services/PasswordPolicyService.php:49
/mnt/c/Users/Gaser/Desktop/COPRRA/tests/Feature/Services/PasswordPolicyServiceTest.php:235

167) Tests\Feature\Services\PasswordPolicyServiceTest::test_handles_save_password_history_exception
Mockery\Exception\NoMatchingExpectationException: No matching handler found for Mockery_17_Illuminate_Log_LogManager::error('Failed to save password to history: Hash error'). Either the method was unexpected or its arguments matched no expected argument list for this method



/mnt/c/Users/Gaser/Desktop/COPRRA/vendor/mockery/mockery/library/Mockery/ExpectationDirector.php:90
/mnt/c/Users/Gaser/Desktop/COPRRA/vendor/laravel/framework/src/Illuminate/Support/Facades/Facade.php:363
/mnt/c/Users/Gaser/Desktop/COPRRA/app/Services/PasswordHistoryService.php:61
/mnt/c/Users/Gaser/Desktop/COPRRA/app/Services/PasswordPolicyService.php:49
/mnt/c/Users/Gaser/Desktop/COPRRA/tests/Feature/Services/PasswordPolicyServiceTest.php:255

168) Tests\Feature\Services\PasswordPolicyServiceTest::test_checks_password_expired
Error: Call to undefined method App\Services\PasswordPolicyService::isPasswordExpired()

/mnt/c/Users/Gaser/Desktop/COPRRA/tests/Feature/Services/PasswordPolicyServiceTest.php:267

169) Tests\Feature\Services\PasswordPolicyServiceTest::test_handles_password_expiry_check_exception
Error: Call to undefined method App\Services\PasswordPolicyService::isPasswordExpired()

/mnt/c/Users/Gaser/Desktop/COPRRA/tests/Feature/Services/PasswordPolicyServiceTest.php:283

170) Tests\Feature\Services\PasswordPolicyServiceTest::test_checks_account_not_locked
Error: Call to undefined method App\Services\PasswordPolicyService::isAccountLocked()

/mnt/c/Users/Gaser/Desktop/COPRRA/tests/Feature/Services/PasswordPolicyServiceTest.php:295

171) Tests\Feature\Services\PasswordPolicyServiceTest::test_handles_account_lock_check_exception
Error: Call to undefined method App\Services\PasswordPolicyService::isAccountLocked()

/mnt/c/Users/Gaser/Desktop/COPRRA/tests/Feature/Services/PasswordPolicyServiceTest.php:311

172) Tests\Feature\Services\PasswordPolicyServiceTest::test_records_failed_attempt
Error: Call to undefined method App\Services\PasswordPolicyService::recordFailedAttempt()

/mnt/c/Users/Gaser/Desktop/COPRRA/tests/Feature/Services/PasswordPolicyServiceTest.php:327

173) Tests\Feature\Services\PasswordPolicyServiceTest::test_handles_record_failed_attempt_exception
Error: Call to undefined method App\Services\PasswordPolicyService::recordFailedAttempt()

/mnt/c/Users/Gaser/Desktop/COPRRA/tests/Feature/Services/PasswordPolicyServiceTest.php:348

174) Tests\Feature\Services\PasswordPolicyServiceTest::test_clears_failed_attempts
Error: Call to undefined method App\Services\PasswordPolicyService::clearFailedAttempts()

/mnt/c/Users/Gaser/Desktop/COPRRA/tests/Feature/Services/PasswordPolicyServiceTest.php:363

175) Tests\Feature\Services\PasswordPolicyServiceTest::test_generates_secure_password
Error: Call to undefined method App\Services\PasswordPolicyService::generateSecurePassword()

/mnt/c/Users/Gaser/Desktop/COPRRA/tests/Feature/Services/PasswordPolicyServiceTest.php:372

176) Tests\Feature\Services\PasswordPolicyServiceTest::test_generates_secure_password_with_default_length
Error: Call to undefined method App\Services\PasswordPolicyService::generateSecurePassword()

/mnt/c/Users/Gaser/Desktop/COPRRA/tests/Feature/Services/PasswordPolicyServiceTest.php:386

177) Tests\Feature\Services\PasswordPolicyServiceTest::test_gets_policy_requirements
Error: Call to undefined method App\Services\PasswordPolicyService::getPolicyRequirements()

/mnt/c/Users/Gaser/Desktop/COPRRA/tests/Feature/Services/PasswordPolicyServiceTest.php:396

178) Tests\Feature\Services\PasswordPolicyServiceTest::test_updates_policy
Error: Call to undefined method App\Services\PasswordPolicyService::updatePolicy()

/mnt/c/Users/Gaser/Desktop/COPRRA/tests/Feature/Services/PasswordPolicyServiceTest.php:427

179) Tests\Feature\Services\PasswordPolicyServiceTest::test_handles_update_policy_exception
Error: Call to undefined method App\Services\PasswordPolicyService::updatePolicy()

/mnt/c/Users/Gaser/Desktop/COPRRA/tests/Feature/Services/PasswordPolicyServiceTest.php:449

180) Tests\Feature\Services\ProcessServiceTest::test_runs_process_command_successfully
Mockery\Exception\BadMethodCallException: Method Mockery_25_Illuminate_Process_Factory::timeout() does not exist on this mock object

/mnt/c/Users/Gaser/Desktop/COPRRA/vendor/laravel/framework/src/Illuminate/Support/Facades/Facade.php:363
/mnt/c/Users/Gaser/Desktop/COPRRA/app/Services/ProcessService.php:47
/mnt/c/Users/Gaser/Desktop/COPRRA/tests/Feature/Services/ProcessServiceTest.php:50

181) Tests\Feature\Services\ProductServiceTest::test_returns_paginated_products_from_cache
Mockery\Exception: The class \App\Services\CacheService is marked final and its methods cannot be replaced. Classes marked final can be passed in to \Mockery::mock() as instantiated objects to create a partial mock, but only if the mock is not subject to type hinting checks.

/mnt/c/Users/Gaser/Desktop/COPRRA/vendor/mockery/mockery/library/Mockery/Generator/MockConfiguration.php:367
/mnt/c/Users/Gaser/Desktop/COPRRA/vendor/mockery/mockery/library/Mockery/Generator/MockConfiguration.php:182
/mnt/c/Users/Gaser/Desktop/COPRRA/vendor/mockery/mockery/library/Mockery/Generator/StringManipulationGenerator.php:66
/mnt/c/Users/Gaser/Desktop/COPRRA/vendor/mockery/mockery/library/Mockery/Generator/CachingGenerator.php:41
/mnt/c/Users/Gaser/Desktop/COPRRA/vendor/mockery/mockery/library/Mockery/Container.php:395
/mnt/c/Users/Gaser/Desktop/COPRRA/vendor/mockery/mockery/library/Mockery.php:477
/mnt/c/Users/Gaser/Desktop/COPRRA/tests/Feature/Services/ProductServiceTest.php:32

182) Tests\Feature\Services\ProductServiceTest::test_returns_empty_paginator_when_cache_returns_null
Mockery\Exception: The class \App\Services\CacheService is marked final and its methods cannot be replaced. Classes marked final can be passed in to \Mockery::mock() as instantiated objects to create a partial mock, but only if the mock is not subject to type hinting checks.

/mnt/c/Users/Gaser/Desktop/COPRRA/vendor/mockery/mockery/library/Mockery/Generator/MockConfiguration.php:367
/mnt/c/Users/Gaser/Desktop/COPRRA/vendor/mockery/mockery/library/Mockery/Generator/MockConfiguration.php:182
/mnt/c/Users/Gaser/Desktop/COPRRA/vendor/mockery/mockery/library/Mockery/Generator/StringManipulationGenerator.php:66
/mnt/c/Users/Gaser/Desktop/COPRRA/vendor/mockery/mockery/library/Mockery/Generator/CachingGenerator.php:41
/mnt/c/Users/Gaser/Desktop/COPRRA/vendor/mockery/mockery/library/Mockery/Container.php:395
/mnt/c/Users/Gaser/Desktop/COPRRA/vendor/mockery/mockery/library/Mockery.php:477
/mnt/c/Users/Gaser/Desktop/COPRRA/tests/Feature/Services/ProductServiceTest.php:32

183) Tests\Feature\Services\ProductServiceTest::test_handles_invalid_page_number
Mockery\Exception: The class \App\Services\CacheService is marked final and its methods cannot be replaced. Classes marked final can be passed in to \Mockery::mock() as instantiated objects to create a partial mock, but only if the mock is not subject to type hinting checks.

/mnt/c/Users/Gaser/Desktop/COPRRA/vendor/mockery/mockery/library/Mockery/Generator/MockConfiguration.php:367
/mnt/c/Users/Gaser/Desktop/COPRRA/vendor/mockery/mockery/library/Mockery/Generator/MockConfiguration.php:182
/mnt/c/Users/Gaser/Desktop/COPRRA/vendor/mockery/mockery/library/Mockery/Generator/StringManipulationGenerator.php:66
/mnt/c/Users/Gaser/Desktop/COPRRA/vendor/mockery/mockery/library/Mockery/Generator/CachingGenerator.php:41
/mnt/c/Users/Gaser/Desktop/COPRRA/vendor/mockery/mockery/library/Mockery/Container.php:395
/mnt/c/Users/Gaser/Desktop/COPRRA/vendor/mockery/mockery/library/Mockery.php:477
/mnt/c/Users/Gaser/Desktop/COPRRA/tests/Feature/Services/ProductServiceTest.php:32

184) Tests\Feature\Services\ProductServiceTest::test_uses_default_per_page_when_not_specified
Mockery\Exception: The class \App\Services\CacheService is marked final and its methods cannot be replaced. Classes marked final can be passed in to \Mockery::mock() as instantiated objects to create a partial mock, but only if the mock is not subject to type hinting checks.

/mnt/c/Users/Gaser/Desktop/COPRRA/vendor/mockery/mockery/library/Mockery/Generator/MockConfiguration.php:367
/mnt/c/Users/Gaser/Desktop/COPRRA/vendor/mockery/mockery/library/Mockery/Generator/MockConfiguration.php:182
/mnt/c/Users/Gaser/Desktop/COPRRA/vendor/mockery/mockery/library/Mockery/Generator/StringManipulationGenerator.php:66
/mnt/c/Users/Gaser/Desktop/COPRRA/vendor/mockery/mockery/library/Mockery/Generator/CachingGenerator.php:41
/mnt/c/Users/Gaser/Desktop/COPRRA/vendor/mockery/mockery/library/Mockery/Container.php:395
/mnt/c/Users/Gaser/Desktop/COPRRA/vendor/mockery/mockery/library/Mockery.php:477
/mnt/c/Users/Gaser/Desktop/COPRRA/tests/Feature/Services/ProductServiceTest.php:32

185) Tests\Feature\Services\ProductServiceTest::test_calls_repository_when_cache_miss
Mockery\Exception: The class \App\Services\CacheService is marked final and its methods cannot be replaced. Classes marked final can be passed in to \Mockery::mock() as instantiated objects to create a partial mock, but only if the mock is not subject to type hinting checks.

/mnt/c/Users/Gaser/Desktop/COPRRA/vendor/mockery/mockery/library/Mockery/Generator/MockConfiguration.php:367
/mnt/c/Users/Gaser/Desktop/COPRRA/vendor/mockery/mockery/library/Mockery/Generator/MockConfiguration.php:182
/mnt/c/Users/Gaser/Desktop/COPRRA/vendor/mockery/mockery/library/Mockery/Generator/StringManipulationGenerator.php:66
/mnt/c/Users/Gaser/Desktop/COPRRA/vendor/mockery/mockery/library/Mockery/Generator/CachingGenerator.php:41
/mnt/c/Users/Gaser/Desktop/COPRRA/vendor/mockery/mockery/library/Mockery/Container.php:395
/mnt/c/Users/Gaser/Desktop/COPRRA/vendor/mockery/mockery/library/Mockery.php:477
/mnt/c/Users/Gaser/Desktop/COPRRA/tests/Feature/Services/ProductServiceTest.php:32

186) Tests\Feature\Services\ReportServiceTest::test_generates_sales_report
ArgumentCountError: Too few arguments to function App\Services\ReportService::__construct(), 0 passed in /mnt/c/Users/Gaser/Desktop/COPRRA/tests/Feature/Services/ReportServiceTest.php on line 20 and exactly 5 expected

/mnt/c/Users/Gaser/Desktop/COPRRA/app/Services/ReportService.php:17
/mnt/c/Users/Gaser/Desktop/COPRRA/tests/Feature/Services/ReportServiceTest.php:20

187) Tests\Feature\Services\ReportServiceTest::test_generates_sales_report_with_default_dates
ArgumentCountError: Too few arguments to function App\Services\ReportService::__construct(), 0 passed in /mnt/c/Users/Gaser/Desktop/COPRRA/tests/Feature/Services/ReportServiceTest.php on line 20 and exactly 5 expected

/mnt/c/Users/Gaser/Desktop/COPRRA/app/Services/ReportService.php:17
/mnt/c/Users/Gaser/Desktop/COPRRA/tests/Feature/Services/ReportServiceTest.php:20

188) Tests\Feature\Services\ReportServiceTest::test_generates_sales_report_with_null_start_date
ArgumentCountError: Too few arguments to function App\Services\ReportService::__construct(), 0 passed in /mnt/c/Users/Gaser/Desktop/COPRRA/tests/Feature/Services/ReportServiceTest.php on line 20 and exactly 5 expected

/mnt/c/Users/Gaser/Desktop/COPRRA/app/Services/ReportService.php:17
/mnt/c/Users/Gaser/Desktop/COPRRA/tests/Feature/Services/ReportServiceTest.php:20

189) Tests\Feature\Services\ReportServiceTest::test_generates_sales_report_with_null_end_date
ArgumentCountError: Too few arguments to function App\Services\ReportService::__construct(), 0 passed in /mnt/c/Users/Gaser/Desktop/COPRRA/tests/Feature/Services/ReportServiceTest.php on line 20 and exactly 5 expected

/mnt/c/Users/Gaser/Desktop/COPRRA/app/Services/ReportService.php:17
/mnt/c/Users/Gaser/Desktop/COPRRA/tests/Feature/Services/ReportServiceTest.php:20

190) Tests\Feature\Services\ReportServiceTest::test_handles_invalid_date_range
ArgumentCountError: Too few arguments to function App\Services\ReportService::__construct(), 0 passed in /mnt/c/Users/Gaser/Desktop/COPRRA/tests/Feature/Services/ReportServiceTest.php on line 20 and exactly 5 expected

/mnt/c/Users/Gaser/Desktop/COPRRA/app/Services/ReportService.php:17
/mnt/c/Users/Gaser/Desktop/COPRRA/tests/Feature/Services/ReportServiceTest.php:20

191) Tests\Feature\Services\UserBanServiceTest::test_checks_user_is_not_banned_by_default
Error: Call to undefined method App\Services\UserBanService::isUserBanned()

/mnt/c/Users/Gaser/Desktop/COPRRA/tests/Feature/Services/UserBanServiceTest.php:57

192) Tests\Feature\Services\UserBanServiceTest::test_gets_ban_reasons
Error: Call to undefined method App\Services\UserBanService::getBanReasons()

/mnt/c/Users/Gaser/Desktop/COPRRA/tests/Feature/Services/UserBanServiceTest.php:185

--

There were 25 failures:

1) Tests\Feature\E2E\OrderFlowTest::test_complete_order_status_update_flow
Expected response status code [200] but received 500.
Failed asserting that 500 is identical to 200.

The following exception occurred during the last request:

PDOException: SQLSTATE[HY000]: General error: 1 no such table: notifications in /mnt/c/Users/Gaser/Desktop/COPRRA/vendor/laravel/framework/src/Illuminate/Database/Connection.php:564
Stack trace:
#0 /mnt/c/Users/Gaser/Desktop/COPRRA/vendor/laravel/framework/src/Illuminate/Database/Connection.php(564): PDO->prepare()
#1 /mnt/c/Users/Gaser/Desktop/COPRRA/vendor/laravel/framework/src/Illuminate/Database/Connection.php(811): Illuminate\Database\Connection->Illuminate\Database\{closure}()
#2 /mnt/c/Users/Gaser/Desktop/COPRRA/vendor/laravel/framework/src/Illuminate/Database/Connection.php(778): Illuminate\Database\Connection->runQueryCallback()
#3 /mnt/c/Users/Gaser/Desktop/COPRRA/vendor/laravel/framework/src/Illuminate/Database/Connection.php(559): Illuminate\Database\Connection->run()
#4 /mnt/c/Users/Gaser/Desktop/COPRRA/vendor/laravel/framework/src/Illuminate/Database/Connection.php(523): Illuminate\Database\Connection->statement()
#5 /mnt/c/Users/Gaser/Desktop/COPRRA/vendor/laravel/framework/src/Illuminate/Database/Query/Builder.php(3804): Illuminate\Database\Connection->insert()
#6 /mnt/c/Users/Gaser/Desktop/COPRRA/app/Http/Controllers/OrderController.php(204): Illuminate\Database\Query\Builder->insert()
#7 /mnt/c/Users/Gaser/Desktop/COPRRA/vendor/laravel/framework/src/Illuminate/Routing/Controller.php(54): App\Http\Controllers\OrderController->updateStatus()
#8 /mnt/c/Users/Gaser/Desktop/COPRRA/vendor/laravel/framework/src/Illuminate/Routing/ControllerDispatcher.php(43): Illuminate\Routing\Controller->callAction()
#9 /mnt/c/Users/Gaser/Desktop/COPRRA/vendor/laravel/framework/src/Illuminate/Routing/Route.php(265): Illuminate\Routing\ControllerDispatcher->dispatch()
#10 /mnt/c/Users/Gaser/Desktop/COPRRA/vendor/laravel/framework/src/Illuminate/Routing/Route.php(211): Illuminate\Routing\Route->runController()
#11 /mnt/c/Users/Gaser/Desktop/COPRRA/vendor/laravel/framework/src/Illuminate/Routing/Router.php(822): Illuminate\Routing\Route->run()
#12 /mnt/c/Users/Gaser/Desktop/COPRRA/vendor/laravel/framework/src/Illuminate/Pipeline/Pipeline.php(180): Illuminate\Routing\Router->Illuminate\Routing\{closure}()
#13 /mnt/c/Users/Gaser/Desktop/COPRRA/app/Http/Middleware/SetLocaleAndCurrency.php(30): Illuminate\Pipeline\Pipeline->Illuminate\Pipeline\{closure}()
#14 /mnt/c/Users/Gaser/Desktop/COPRRA/vendor/laravel/framework/src/Illuminate/Pipeline/Pipeline.php(219): App\Http\Middleware\SetLocaleAndCurrency->handle()
#15 /mnt/c/Users/Gaser/Desktop/COPRRA/app/Http/Middleware/LocaleMiddleware.php(45): Illuminate\Pipeline\Pipeline->Illuminate\Pipeline\{closure}()
#16 /mnt/c/Users/Gaser/Desktop/COPRRA/vendor/laravel/framework/src/Illuminate/Pipeline/Pipeline.php(219): App\Http\Middleware\LocaleMiddleware->handle()
#17 /mnt/c/Users/Gaser/Desktop/COPRRA/app/Http/Middleware/VerifyCsrfToken.php(18): Illuminate\Pipeline\Pipeline->Illuminate\Pipeline\{closure}()
#18 /mnt/c/Users/Gaser/Desktop/COPRRA/vendor/laravel/framework/src/Illuminate/Pipeline/Pipeline.php(219): App\Http\Middleware\VerifyCsrfToken->handle()
#19 /mnt/c/Users/Gaser/Desktop/COPRRA/vendor/laravel/framework/src/Illuminate/Routing/Middleware/SubstituteBindings.php(50): Illuminate\Pipeline\Pipeline->Illuminate\Pipeline\{closure}()
#20 /mnt/c/Users/Gaser/Desktop/COPRRA/vendor/laravel/framework/src/Illuminate/Pipeline/Pipeline.php(219): Illuminate\Routing\Middleware\SubstituteBindings->handle()
#21 /mnt/c/Users/Gaser/Desktop/COPRRA/vendor/laravel/framework/src/Illuminate/Auth/Middleware/Authenticate.php(63): Illuminate\Pipeline\Pipeline->Illuminate\Pipeline\{closure}()
#22 /mnt/c/Users/Gaser/Desktop/COPRRA/vendor/laravel/framework/src/Illuminate/Pipeline/Pipeline.php(219): Illuminate\Auth\Middleware\Authenticate->handle()
#23 /mnt/c/Users/Gaser/Desktop/COPRRA/vendor/laravel/framework/src/Illuminate/Foundation/Http/Middleware/VerifyCsrfToken.php(87): Illuminate\Pipeline\Pipeline->Illuminate\Pipeline\{closure}()
#24 /mnt/c/Users/Gaser/Desktop/COPRRA/vendor/laravel/framework/src/Illuminate/Pipeline/Pipeline.php(219): Illuminate\Foundation\Http\Middleware\VerifyCsrfToken->handle()
#25 /mnt/c/Users/Gaser/Desktop/COPRRA/vendor/laravel/framework/src/Illuminate/View/Middleware/ShareErrorsFromSession.php(48): Illuminate\Pipeline\Pipeline->Illuminate\Pipeline\{closure}()
#26 /mnt/c/Users/Gaser/Desktop/COPRRA/vendor/laravel/framework/src/Illuminate/Pipeline/Pipeline.php(219): Illuminate\View\Middleware\ShareErrorsFromSession->handle()
#27 /mnt/c/Users/Gaser/Desktop/COPRRA/vendor/laravel/framework/src/Illuminate/Session/Middleware/StartSession.php(120): Illuminate\Pipeline\Pipeline->Illuminate\Pipeline\{closure}()
#28 /mnt/c/Users/Gaser/Desktop/COPRRA/vendor/laravel/framework/src/Illuminate/Session/Middleware/StartSession.php(63): Illuminate\Session\Middleware\StartSession->handleStatefulRequest()
#29 /mnt/c/Users/Gaser/Desktop/COPRRA/vendor/laravel/framework/src/Illuminate/Pipeline/Pipeline.php(219): Illuminate\Session\Middleware\StartSession->handle()
#30 /mnt/c/Users/Gaser/Desktop/COPRRA/vendor/laravel/framework/src/Illuminate/Cookie/Middleware/AddQueuedCookiesToResponse.php(36): Illuminate\Pipeline\Pipeline->Illuminate\Pipeline\{closure}()
#31 /mnt/c/Users/Gaser/Desktop/COPRRA/vendor/laravel/framework/src/Illuminate/Pipeline/Pipeline.php(219): Illuminate\Cookie\Middleware\AddQueuedCookiesToResponse->handle()
#32 /mnt/c/Users/Gaser/Desktop/COPRRA/vendor/laravel/framework/src/Illuminate/Cookie/Middleware/EncryptCookies.php(74): Illuminate\Pipeline\Pipeline->Illuminate\Pipeline\{closure}()
#33 /mnt/c/Users/Gaser/Desktop/COPRRA/vendor/laravel/framework/src/Illuminate/Pipeline/Pipeline.php(219): Illuminate\Cookie\Middleware\EncryptCookies->handle()
#34 /mnt/c/Users/Gaser/Desktop/COPRRA/vendor/laravel/framework/src/Illuminate/Cookie/Middleware/EncryptCookies.php(74): Illuminate\Pipeline\Pipeline->Illuminate\Pipeline\{closure}()
#35 /mnt/c/Users/Gaser/Desktop/COPRRA/vendor/laravel/framework/src/Illuminate/Pipeline/Pipeline.php(219): Illuminate\Cookie\Middleware\EncryptCookies->handle()
#36 /mnt/c/Users/Gaser/Desktop/COPRRA/vendor/laravel/framework/src/Illuminate/Pipeline/Pipeline.php(137): Illuminate\Pipeline\Pipeline->Illuminate\Pipeline\{closure}()
#37 /mnt/c/Users/Gaser/Desktop/COPRRA/vendor/laravel/framework/src/Illuminate/Routing/Router.php(821): Illuminate\Pipeline\Pipeline->then()
#38 /mnt/c/Users/Gaser/Desktop/COPRRA/vendor/laravel/framework/src/Illuminate/Routing/Router.php(800): Illuminate\Routing\Router->runRouteWithinStack()
#39 /mnt/c/Users/Gaser/Desktop/COPRRA/vendor/laravel/framework/src/Illuminate/Routing/Router.php(764): Illuminate\Routing\Router->runRoute()
#40 /mnt/c/Users/Gaser/Desktop/COPRRA/vendor/laravel/framework/src/Illuminate/Routing/Router.php(753): Illuminate\Routing\Router->dispatchToRoute()
#41 /mnt/c/Users/Gaser/Desktop/COPRRA/vendor/laravel/framework/src/Illuminate/Foundation/Http/Kernel.php(200): Illuminate\Routing\Router->dispatch()
#42 /mnt/c/Users/Gaser/Desktop/COPRRA/vendor/laravel/framework/src/Illuminate/Pipeline/Pipeline.php(180): Illuminate\Foundation\Http\Kernel->Illuminate\Foundation\Http\{closure}()
#43 /mnt/c/Users/Gaser/Desktop/COPRRA/vendor/livewire/livewire/src/Features/SupportDisablingBackButtonCache/DisableBackButtonCacheMiddleware.php(19): Illuminate\Pipeline\Pipeline->Illuminate\Pipeline\{closure}()
#44 /mnt/c/Users/Gaser/Desktop/COPRRA/vendor/laravel/framework/src/Illuminate/Pipeline/Pipeline.php(219): Livewire\Features\SupportDisablingBackButtonCache\DisableBackButtonCacheMiddleware->handle()
#45 /mnt/c/Users/Gaser/Desktop/COPRRA/app/Http/Middleware/SecurityHeadersMiddleware.php(26): Illuminate\Pipeline\Pipeline->Illuminate\Pipeline\{closure}()
#46 /mnt/c/Users/Gaser/Desktop/COPRRA/vendor/laravel/framework/src/Illuminate/Pipeline/Pipeline.php(219): App\Http\Middleware\SecurityHeadersMiddleware->handle()
#47 /mnt/c/Users/Gaser/Desktop/COPRRA/app/Http/Middleware/AddCspNonce.php(25): Illuminate\Pipeline\Pipeline->Illuminate\Pipeline\{closure}()
#48 /mnt/c/Users/Gaser/Desktop/COPRRA/vendor/laravel/framework/src/Illuminate/Pipeline/Pipeline.php(219): App\Http\Middleware\AddCspNonce->handle()
#49 /mnt/c/Users/Gaser/Desktop/COPRRA/app/Http/Middleware/OverrideHealthEndpoint.php(21): Illuminate\Pipeline\Pipeline->Illuminate\Pipeline\{closure}()
#50 /mnt/c/Users/Gaser/Desktop/COPRRA/vendor/laravel/framework/src/Illuminate/Pipeline/Pipeline.php(219): App\Http\Middleware\OverrideHealthEndpoint->handle()
#51 /mnt/c/Users/Gaser/Desktop/COPRRA/vendor/laravel/framework/src/Illuminate/Foundation/Http/Middleware/TransformsRequest.php(21): Illuminate\Pipeline\Pipeline->Illuminate\Pipeline\{closure}()
#52 /mnt/c/Users/Gaser/Desktop/COPRRA/vendor/laravel/framework/src/Illuminate/Foundation/Http/Middleware/ConvertEmptyStringsToNull.php(31): Illuminate\Foundation\Http\Middleware\TransformsRequest->handle()
#53 /mnt/c/Users/Gaser/Desktop/COPRRA/vendor/laravel/framework/src/Illuminate/Pipeline/Pipeline.php(219): Illuminate\Foundation\Http\Middleware\ConvertEmptyStringsToNull->handle()
#54 /mnt/c/Users/Gaser/Desktop/COPRRA/vendor/laravel/framework/src/Illuminate/Foundation/Http/Middleware/TransformsRequest.php(21): Illuminate\Pipeline\Pipeline->Illuminate\Pipeline\{closure}()
#55 /mnt/c/Users/Gaser/Desktop/COPRRA/vendor/laravel/framework/src/Illuminate/Foundation/Http/Middleware/TrimStrings.php(51): Illuminate\Foundation\Http\Middleware\TransformsRequest->handle()
#56 /mnt/c/Users/Gaser/Desktop/COPRRA/vendor/laravel/framework/src/Illuminate/Pipeline/Pipeline.php(219): Illuminate\Foundation\Http\Middleware\TrimStrings->handle()
#57 /mnt/c/Users/Gaser/Desktop/COPRRA/vendor/laravel/framework/src/Illuminate/Http/Middleware/ValidatePostSize.php(27): Illuminate\Pipeline\Pipeline->Illuminate\Pipeline\{closure}()
#58 /mnt/c/Users/Gaser/Desktop/COPRRA/vendor/laravel/framework/src/Illuminate/Pipeline/Pipeline.php(219): Illuminate\Http\Middleware\ValidatePostSize->handle()
#59 /mnt/c/Users/Gaser/Desktop/COPRRA/vendor/laravel/framework/src/Illuminate/Foundation/Http/Middleware/PreventRequestsDuringMaintenance.php(109): Illuminate\Pipeline\Pipeline->Illuminate\Pipeline\{closure}()
#60 /mnt/c/Users/Gaser/Desktop/COPRRA/vendor/laravel/framework/src/Illuminate/Pipeline/Pipeline.php(219): Illuminate\Foundation\Http\Middleware\PreventRequestsDuringMaintenance->handle()
#61 /mnt/c/Users/Gaser/Desktop/COPRRA/vendor/laravel/framework/src/Illuminate/Http/Middleware/HandleCors.php(48): Illuminate\Pipeline\Pipeline->Illuminate\Pipeline\{closure}()
#62 /mnt/c/Users/Gaser/Desktop/COPRRA/vendor/laravel/framework/src/Illuminate/Pipeline/Pipeline.php(219): Illuminate\Http\Middleware\HandleCors->handle()
#63 /mnt/c/Users/Gaser/Desktop/COPRRA/vendor/laravel/framework/src/Illuminate/Http/Middleware/TrustProxies.php(58): Illuminate\Pipeline\Pipeline->Illuminate\Pipeline\{closure}()
#64 /mnt/c/Users/Gaser/Desktop/COPRRA/vendor/laravel/framework/src/Illuminate/Pipeline/Pipeline.php(219): Illuminate\Http\Middleware\TrustProxies->handle()
#65 /mnt/c/Users/Gaser/Desktop/COPRRA/vendor/laravel/framework/src/Illuminate/Foundation/Http/Middleware/InvokeDeferredCallbacks.php(22): Illuminate\Pipeline\Pipeline->Illuminate\Pipeline\{closure}()
#66 /mnt/c/Users/Gaser/Desktop/COPRRA/vendor/laravel/framework/src/Illuminate/Pipeline/Pipeline.php(219): Illuminate\Foundation\Http\Middleware\InvokeDeferredCallbacks->handle()
#67 /mnt/c/Users/Gaser/Desktop/COPRRA/vendor/laravel/framework/src/Illuminate/Http/Middleware/ValidatePathEncoding.php(26): Illuminate\Pipeline\Pipeline->Illuminate\Pipeline\{closure}()
#68 /mnt/c/Users/Gaser/Desktop/COPRRA/vendor/laravel/framework/src/Illuminate/Pipeline/Pipeline.php(219): Illuminate\Http\Middleware\ValidatePathEncoding->handle()
#69 /mnt/c/Users/Gaser/Desktop/COPRRA/vendor/laravel/framework/src/Illuminate/Pipeline/Pipeline.php(137): Illuminate\Pipeline\Pipeline->Illuminate\Pipeline\{closure}()
#70 /mnt/c/Users/Gaser/Desktop/COPRRA/vendor/laravel/framework/src/Illuminate/Foundation/Http/Kernel.php(175): Illuminate\Pipeline\Pipeline->then()
#71 /mnt/c/Users/Gaser/Desktop/COPRRA/vendor/laravel/framework/src/Illuminate/Foundation/Http/Kernel.php(144): Illuminate\Foundation\Http\Kernel->sendRequestThroughRouter()
#72 /mnt/c/Users/Gaser/Desktop/COPRRA/vendor/laravel/framework/src/Illuminate/Foundation/Testing/Concerns/MakesHttpRequests.php(607): Illuminate\Foundation\Http\Kernel->handle()
#73 /mnt/c/Users/Gaser/Desktop/COPRRA/vendor/laravel/framework/src/Illuminate/Foundation/Testing/Concerns/MakesHttpRequests.php(457): Illuminate\Foundation\Testing\TestCase->call()
#74 /mnt/c/Users/Gaser/Desktop/COPRRA/tests/Feature/E2E/OrderFlowTest.php(102): Illuminate\Foundation\Testing\TestCase->patch()
#75 /mnt/c/Users/Gaser/Desktop/COPRRA/vendor/phpunit/phpunit/src/Framework/TestCase.php(1104): Tests\Feature\E2E\OrderFlowTest->test_complete_order_status_update_flow()
#76 /mnt/c/Users/Gaser/Desktop/COPRRA/vendor/phpunit/phpunit/src/Framework/TestCase.php(485): PHPUnit\Framework\TestCase->runTest()
#77 /mnt/c/Users/Gaser/Desktop/COPRRA/vendor/phpunit/phpunit/src/Framework/TestRunner/TestRunner.php(87): PHPUnit\Framework\TestCase->runBare()
#78 /mnt/c/Users/Gaser/Desktop/COPRRA/vendor/phpunit/phpunit/src/Framework/TestCase.php(330): PHPUnit\Framework\TestRunner->run()
#79 /mnt/c/Users/Gaser/Desktop/COPRRA/vendor/phpunit/phpunit/src/Framework/TestSuite.php(369): PHPUnit\Framework\TestCase->run()
#80 /mnt/c/Users/Gaser/Desktop/COPRRA/vendor/phpunit/phpunit/src/Framework/TestSuite.php(369): PHPUnit\Framework\TestSuite->run()
#81 /mnt/c/Users/Gaser/Desktop/COPRRA/vendor/phpunit/phpunit/src/Framework/TestSuite.php(369): PHPUnit\Framework\TestSuite->run()
#82 /mnt/c/Users/Gaser/Desktop/COPRRA/vendor/phpunit/phpunit/src/TextUI/TestRunner.php(64): PHPUnit\Framework\TestSuite->run()
#83 /mnt/c/Users/Gaser/Desktop/COPRRA/vendor/phpunit/phpunit/src/TextUI/Application.php(210): PHPUnit\TextUI\TestRunner->run()
#84 /mnt/c/Users/Gaser/Desktop/COPRRA/vendor/phpunit/phpunit/phpunit(104): PHPUnit\TextUI\Application->run()
#85 /mnt/c/Users/Gaser/Desktop/COPRRA/vendor/bin/phpunit(122): include('...')
#86 {main}

Next Illuminate\Database\QueryException: SQLSTATE[HY000]: General error: 1 no such table: notifications (Connection: sqlite, SQL: insert into "notifications" ("id", "type", "user_id", "notifiable_type", "notifiable_id", "data", "read_at", "created_at", "updated_at") values (8ef20b69-1a96-4e08-b9a9-70b49ba3ae83, order_status, 1, App\Models\User, 1, {"title":"  ","message":"     processing","order_id":1,"status":"processing"}, ?, 2025-10-14 10:23:57, 2025-10-14 10:23:57)) in /mnt/c/Users/Gaser/Desktop/COPRRA/vendor/laravel/framework/src/Illuminate/Database/Connection.php:824
Stack trace:
#0 /mnt/c/Users/Gaser/Desktop/COPRRA/vendor/laravel/framework/src/Illuminate/Database/Connection.php(778): Illuminate\Database\Connection->runQueryCallback()
#1 /mnt/c/Users/Gaser/Desktop/COPRRA/vendor/laravel/framework/src/Illuminate/Database/Connection.php(559): Illuminate\Database\Connection->run()
#2 /mnt/c/Users/Gaser/Desktop/COPRRA/vendor/laravel/framework/src/Illuminate/Database/Connection.php(523): Illuminate\Database\Connection->statement()
#3 /mnt/c/Users/Gaser/Desktop/COPRRA/vendor/laravel/framework/src/Illuminate/Database/Query/Builder.php(3804): Illuminate\Database\Connection->insert()
#4 /mnt/c/Users/Gaser/Desktop/COPRRA/app/Http/Controllers/OrderController.php(204): Illuminate\Database\Query\Builder->insert()
#5 /mnt/c/Users/Gaser/Desktop/COPRRA/vendor/laravel/framework/src/Illuminate/Routing/Controller.php(54): App\Http\Controllers\OrderController->updateStatus()
#6 /mnt/c/Users/Gaser/Desktop/COPRRA/vendor/laravel/framework/src/Illuminate/Routing/ControllerDispatcher.php(43): Illuminate\Routing\Controller->callAction()
#7 /mnt/c/Users/Gaser/Desktop/COPRRA/vendor/laravel/framework/src/Illuminate/Routing/Route.php(265): Illuminate\Routing\ControllerDispatcher->dispatch()
#8 /mnt/c/Users/Gaser/Desktop/COPRRA/vendor/laravel/framework/src/Illuminate/Routing/Route.php(211): Illuminate\Routing\Route->runController()
#9 /mnt/c/Users/Gaser/Desktop/COPRRA/vendor/laravel/framework/src/Illuminate/Routing/Router.php(822): Illuminate\Routing\Route->run()
#10 /mnt/c/Users/Gaser/Desktop/COPRRA/vendor/laravel/framework/src/Illuminate/Pipeline/Pipeline.php(180): Illuminate\Routing\Router->Illuminate\Routing\{closure}()
#11 /mnt/c/Users/Gaser/Desktop/COPRRA/app/Http/Middleware/SetLocaleAndCurrency.php(30): Illuminate\Pipeline\Pipeline->Illuminate\Pipeline\{closure}()
#12 /mnt/c/Users/Gaser/Desktop/COPRRA/vendor/laravel/framework/src/Illuminate/Pipeline/Pipeline.php(219): App\Http\Middleware\SetLocaleAndCurrency->handle()
#13 /mnt/c/Users/Gaser/Desktop/COPRRA/app/Http/Middleware/LocaleMiddleware.php(45): Illuminate\Pipeline\Pipeline->Illuminate\Pipeline\{closure}()
#14 /mnt/c/Users/Gaser/Desktop/COPRRA/vendor/laravel/framework/src/Illuminate/Pipeline/Pipeline.php(219): App\Http\Middleware\LocaleMiddleware->handle()
#15 /mnt/c/Users/Gaser/Desktop/COPRRA/app/Http/Middleware/VerifyCsrfToken.php(18): Illuminate\Pipeline\Pipeline->Illuminate\Pipeline\{closure}()
#16 /mnt/c/Users/Gaser/Desktop/COPRRA/vendor/laravel/framework/src/Illuminate/Pipeline/Pipeline.php(219): App\Http\Middleware\VerifyCsrfToken->handle()
#17 /mnt/c/Users/Gaser/Desktop/COPRRA/vendor/laravel/framework/src/Illuminate/Routing/Middleware/SubstituteBindings.php(50): Illuminate\Pipeline\Pipeline->Illuminate\Pipeline\{closure}()
#18 /mnt/c/Users/Gaser/Desktop/COPRRA/vendor/laravel/framework/src/Illuminate/Pipeline/Pipeline.php(219): Illuminate\Routing\Middleware\SubstituteBindings->handle()
#19 /mnt/c/Users/Gaser/Desktop/COPRRA/vendor/laravel/framework/src/Illuminate/Auth/Middleware/Authenticate.php(63): Illuminate\Pipeline\Pipeline->Illuminate\Pipeline\{closure}()
#20 /mnt/c/Users/Gaser/Desktop/COPRRA/vendor/laravel/framework/src/Illuminate/Pipeline/Pipeline.php(219): Illuminate\Auth\Middleware\Authenticate->handle()
#21 /mnt/c/Users/Gaser/Desktop/COPRRA/vendor/laravel/framework/src/Illuminate/Foundation/Http/Middleware/VerifyCsrfToken.php(87): Illuminate\Pipeline\Pipeline->Illuminate\Pipeline\{closure}()
#22 /mnt/c/Users/Gaser/Desktop/COPRRA/vendor/laravel/framework/src/Illuminate/Pipeline/Pipeline.php(219): Illuminate\Foundation\Http\Middleware\VerifyCsrfToken->handle()
#23 /mnt/c/Users/Gaser/Desktop/COPRRA/vendor/laravel/framework/src/Illuminate/View/Middleware/ShareErrorsFromSession.php(48): Illuminate\Pipeline\Pipeline->Illuminate\Pipeline\{closure}()
#24 /mnt/c/Users/Gaser/Desktop/COPRRA/vendor/laravel/framework/src/Illuminate/Pipeline/Pipeline.php(219): Illuminate\View\Middleware\ShareErrorsFromSession->handle()
#25 /mnt/c/Users/Gaser/Desktop/COPRRA/vendor/laravel/framework/src/Illuminate/Session/Middleware/StartSession.php(120): Illuminate\Pipeline\Pipeline->Illuminate\Pipeline\{closure}()
#26 /mnt/c/Users/Gaser/Desktop/COPRRA/vendor/laravel/framework/src/Illuminate/Session/Middleware/StartSession.php(63): Illuminate\Session\Middleware\StartSession->handleStatefulRequest()
#27 /mnt/c/Users/Gaser/Desktop/COPRRA/vendor/laravel/framework/src/Illuminate/Pipeline/Pipeline.php(219): Illuminate\Session\Middleware\StartSession->handle()
#28 /mnt/c/Users/Gaser/Desktop/COPRRA/vendor/laravel/framework/src/Illuminate/Cookie/Middleware/AddQueuedCookiesToResponse.php(36): Illuminate\Pipeline\Pipeline->Illuminate\Pipeline\{closure}()
#29 /mnt/c/Users/Gaser/Desktop/COPRRA/vendor/laravel/framework/src/Illuminate/Pipeline/Pipeline.php(219): Illuminate\Cookie\Middleware\AddQueuedCookiesToResponse->handle()
#30 /mnt/c/Users/Gaser/Desktop/COPRRA/vendor/laravel/framework/src/Illuminate/Cookie/Middleware/EncryptCookies.php(74): Illuminate\Pipeline\Pipeline->Illuminate\Pipeline\{closure}()
#31 /mnt/c/Users/Gaser/Desktop/COPRRA/vendor/laravel/framework/src/Illuminate/Pipeline/Pipeline.php(219): Illuminate\Cookie\Middleware\EncryptCookies->handle()
#32 /mnt/c/Users/Gaser/Desktop/COPRRA/vendor/laravel/framework/src/Illuminate/Cookie/Middleware/EncryptCookies.php(74): Illuminate\Pipeline\Pipeline->Illuminate\Pipeline\{closure}()
#33 /mnt/c/Users/Gaser/Desktop/COPRRA/vendor/laravel/framework/src/Illuminate/Pipeline/Pipeline.php(219): Illuminate\Cookie\Middleware\EncryptCookies->handle()
#34 /mnt/c/Users/Gaser/Desktop/COPRRA/vendor/laravel/framework/src/Illuminate/Pipeline/Pipeline.php(137): Illuminate\Pipeline\Pipeline->Illuminate\Pipeline\{closure}()
#35 /mnt/c/Users/Gaser/Desktop/COPRRA/vendor/laravel/framework/src/Illuminate/Routing/Router.php(821): Illuminate\Pipeline\Pipeline->then()
#36 /mnt/c/Users/Gaser/Desktop/COPRRA/vendor/laravel/framework/src/Illuminate/Routing/Router.php(800): Illuminate\Routing\Router->runRouteWithinStack()
#37 /mnt/c/Users/Gaser/Desktop/COPRRA/vendor/laravel/framework/src/Illuminate/Routing/Router.php(764): Illuminate\Routing\Router->runRoute()
#38 /mnt/c/Users/Gaser/Desktop/COPRRA/vendor/laravel/framework/src/Illuminate/Routing/Router.php(753): Illuminate\Routing\Router->dispatchToRoute()
#39 /mnt/c/Users/Gaser/Desktop/COPRRA/vendor/laravel/framework/src/Illuminate/Foundation/Http/Kernel.php(200): Illuminate\Routing\Router->dispatch()
#40 /mnt/c/Users/Gaser/Desktop/COPRRA/vendor/laravel/framework/src/Illuminate/Pipeline/Pipeline.php(180): Illuminate\Foundation\Http\Kernel->Illuminate\Foundation\Http\{closure}()
#41 /mnt/c/Users/Gaser/Desktop/COPRRA/vendor/livewire/livewire/src/Features/SupportDisablingBackButtonCache/DisableBackButtonCacheMiddleware.php(19): Illuminate\Pipeline\Pipeline->Illuminate\Pipeline\{closure}()
#42 /mnt/c/Users/Gaser/Desktop/COPRRA/vendor/laravel/framework/src/Illuminate/Pipeline/Pipeline.php(219): Livewire\Features\SupportDisablingBackButtonCache\DisableBackButtonCacheMiddleware->handle()
#43 /mnt/c/Users/Gaser/Desktop/COPRRA/app/Http/Middleware/SecurityHeadersMiddleware.php(26): Illuminate\Pipeline\Pipeline->Illuminate\Pipeline\{closure}()
#44 /mnt/c/Users/Gaser/Desktop/COPRRA/vendor/laravel/framework/src/Illuminate/Pipeline/Pipeline.php(219): App\Http\Middleware\SecurityHeadersMiddleware->handle()
#45 /mnt/c/Users/Gaser/Desktop/COPRRA/app/Http/Middleware/AddCspNonce.php(25): Illuminate\Pipeline\Pipeline->Illuminate\Pipeline\{closure}()
#46 /mnt/c/Users/Gaser/Desktop/COPRRA/vendor/laravel/framework/src/Illuminate/Pipeline/Pipeline.php(219): App\Http\Middleware\AddCspNonce->handle()
#47 /mnt/c/Users/Gaser/Desktop/COPRRA/app/Http/Middleware/OverrideHealthEndpoint.php(21): Illuminate\Pipeline\Pipeline->Illuminate\Pipeline\{closure}()
#48 /mnt/c/Users/Gaser/Desktop/COPRRA/vendor/laravel/framework/src/Illuminate/Pipeline/Pipeline.php(219): App\Http\Middleware\OverrideHealthEndpoint->handle()
#49 /mnt/c/Users/Gaser/Desktop/COPRRA/vendor/laravel/framework/src/Illuminate/Foundation/Http/Middleware/TransformsRequest.php(21): Illuminate\Pipeline\Pipeline->Illuminate\Pipeline\{closure}()
#50 /mnt/c/Users/Gaser/Desktop/COPRRA/vendor/laravel/framework/src/Illuminate/Foundation/Http/Middleware/ConvertEmptyStringsToNull.php(31): Illuminate\Foundation\Http\Middleware\TransformsRequest->handle()
#51 /mnt/c/Users/Gaser/Desktop/COPRRA/vendor/laravel/framework/src/Illuminate/Pipeline/Pipeline.php(219): Illuminate\Foundation\Http\Middleware\ConvertEmptyStringsToNull->handle()
#52 /mnt/c/Users/Gaser/Desktop/COPRRA/vendor/laravel/framework/src/Illuminate/Foundation/Http/Middleware/TransformsRequest.php(21): Illuminate\Pipeline\Pipeline->Illuminate\Pipeline\{closure}()
#53 /mnt/c/Users/Gaser/Desktop/COPRRA/vendor/laravel/framework/src/Illuminate/Foundation/Http/Middleware/TrimStrings.php(51): Illuminate\Foundation\Http\Middleware\TransformsRequest->handle()
#54 /mnt/c/Users/Gaser/Desktop/COPRRA/vendor/laravel/framework/src/Illuminate/Pipeline/Pipeline.php(219): Illuminate\Foundation\Http\Middleware\TrimStrings->handle()
#55 /mnt/c/Users/Gaser/Desktop/COPRRA/vendor/laravel/framework/src/Illuminate/Http/Middleware/ValidatePostSize.php(27): Illuminate\Pipeline\Pipeline->Illuminate\Pipeline\{closure}()
#56 /mnt/c/Users/Gaser/Desktop/COPRRA/vendor/laravel/framework/src/Illuminate/Pipeline/Pipeline.php(219): Illuminate\Http\Middleware\ValidatePostSize->handle()
#57 /mnt/c/Users/Gaser/Desktop/COPRRA/vendor/laravel/framework/src/Illuminate/Foundation/Http/Middleware/PreventRequestsDuringMaintenance.php(109): Illuminate\Pipeline\Pipeline->Illuminate\Pipeline\{closure}()
#58 /mnt/c/Users/Gaser/Desktop/COPRRA/vendor/laravel/framework/src/Illuminate/Pipeline/Pipeline.php(219): Illuminate\Foundation\Http\Middleware\PreventRequestsDuringMaintenance->handle()
#59 /mnt/c/Users/Gaser/Desktop/COPRRA/vendor/laravel/framework/src/Illuminate/Http/Middleware/HandleCors.php(48): Illuminate\Pipeline\Pipeline->Illuminate\Pipeline\{closure}()
#60 /mnt/c/Users/Gaser/Desktop/COPRRA/vendor/laravel/framework/src/Illuminate/Pipeline/Pipeline.php(219): Illuminate\Http\Middleware\HandleCors->handle()
#61 /mnt/c/Users/Gaser/Desktop/COPRRA/vendor/laravel/framework/src/Illuminate/Http/Middleware/TrustProxies.php(58): Illuminate\Pipeline\Pipeline->Illuminate\Pipeline\{closure}()
#62 /mnt/c/Users/Gaser/Desktop/COPRRA/vendor/laravel/framework/src/Illuminate/Pipeline/Pipeline.php(219): Illuminate\Http\Middleware\TrustProxies->handle()
#63 /mnt/c/Users/Gaser/Desktop/COPRRA/vendor/laravel/framework/src/Illuminate/Foundation/Http/Middleware/InvokeDeferredCallbacks.php(22): Illuminate\Pipeline\Pipeline->Illuminate\Pipeline\{closure}()
#64 /mnt/c/Users/Gaser/Desktop/COPRRA/vendor/laravel/framework/src/Illuminate/Pipeline/Pipeline.php(219): Illuminate\Foundation\Http\Middleware\InvokeDeferredCallbacks->handle()
#65 /mnt/c/Users/Gaser/Desktop/COPRRA/vendor/laravel/framework/src/Illuminate/Http/Middleware/ValidatePathEncoding.php(26): Illuminate\Pipeline\Pipeline->Illuminate\Pipeline\{closure}()
#66 /mnt/c/Users/Gaser/Desktop/COPRRA/vendor/laravel/framework/src/Illuminate/Pipeline/Pipeline.php(219): Illuminate\Http\Middleware\ValidatePathEncoding->handle()
#67 /mnt/c/Users/Gaser/Desktop/COPRRA/vendor/laravel/framework/src/Illuminate/Pipeline/Pipeline.php(137): Illuminate\Pipeline\Pipeline->Illuminate\Pipeline\{closure}()
#68 /mnt/c/Users/Gaser/Desktop/COPRRA/vendor/laravel/framework/src/Illuminate/Foundation/Http/Kernel.php(175): Illuminate\Pipeline\Pipeline->then()
#69 /mnt/c/Users/Gaser/Desktop/COPRRA/vendor/laravel/framework/src/Illuminate/Foundation/Http/Kernel.php(144): Illuminate\Foundation\Http\Kernel->sendRequestThroughRouter()
#70 /mnt/c/Users/Gaser/Desktop/COPRRA/vendor/laravel/framework/src/Illuminate/Foundation/Testing/Concerns/MakesHttpRequests.php(607): Illuminate\Foundation\Http\Kernel->handle()
#71 /mnt/c/Users/Gaser/Desktop/COPRRA/vendor/laravel/framework/src/Illuminate/Foundation/Testing/Concerns/MakesHttpRequests.php(457): Illuminate\Foundation\Testing\TestCase->call()
#72 /mnt/c/Users/Gaser/Desktop/COPRRA/tests/Feature/E2E/OrderFlowTest.php(102): Illuminate\Foundation\Testing\TestCase->patch()
#73 /mnt/c/Users/Gaser/Desktop/COPRRA/vendor/phpunit/phpunit/src/Framework/TestCase.php(1104): Tests\Feature\E2E\OrderFlowTest->test_complete_order_status_update_flow()
#74 /mnt/c/Users/Gaser/Desktop/COPRRA/vendor/phpunit/phpunit/src/Framework/TestCase.php(485): PHPUnit\Framework\TestCase->runTest()
#75 /mnt/c/Users/Gaser/Desktop/COPRRA/vendor/phpunit/phpunit/src/Framework/TestRunner/TestRunner.php(87): PHPUnit\Framework\TestCase->runBare()
#76 /mnt/c/Users/Gaser/Desktop/COPRRA/vendor/phpunit/phpunit/src/Framework/TestCase.php(330): PHPUnit\Framework\TestRunner->run()
#77 /mnt/c/Users/Gaser/Desktop/COPRRA/vendor/phpunit/phpunit/src/Framework/TestSuite.php(369): PHPUnit\Framework\TestCase->run()
#78 /mnt/c/Users/Gaser/Desktop/COPRRA/vendor/phpunit/phpunit/src/Framework/TestSuite.php(369): PHPUnit\Framework\TestSuite->run()
#79 /mnt/c/Users/Gaser/Desktop/COPRRA/vendor/phpunit/phpunit/src/Framework/TestSuite.php(369): PHPUnit\Framework\TestSuite->run()
#80 /mnt/c/Users/Gaser/Desktop/COPRRA/vendor/phpunit/phpunit/src/TextUI/TestRunner.php(64): PHPUnit\Framework\TestSuite->run()
#81 /mnt/c/Users/Gaser/Desktop/COPRRA/vendor/phpunit/phpunit/src/TextUI/Application.php(210): PHPUnit\TextUI\TestRunner->run()
#82 /mnt/c/Users/Gaser/Desktop/COPRRA/vendor/phpunit/phpunit/phpunit(104): PHPUnit\TextUI\Application->run()
#83 /mnt/c/Users/Gaser/Desktop/COPRRA/vendor/bin/phpunit(122): include('...')
#84 {main}

----------------------------------------------------------------------------------

SQLSTATE[HY000]: General error: 1 no such table: notifications (Connection: sqlite, SQL: insert into "notifications" ("id", "type", "user_id", "notifiable_type", "notifiable_id", "data", "read_at", "created_at", "updated_at") values (8ef20b69-1a96-4e08-b9a9-70b49ba3ae83, order_status, 1, App\Models\User, 1, {"title":"  ","message":"     processing","order_id":1,"status":"processing"}, ?, 2025-10-14 10:23:57, 2025-10-14 10:23:57))

/mnt/c/Users/Gaser/Desktop/COPRRA/vendor/laravel/framework/src/Illuminate/Testing/TestResponseAssert.php:45
/mnt/c/Users/Gaser/Desktop/COPRRA/vendor/laravel/framework/src/Illuminate/Testing/TestResponse.php:174
/mnt/c/Users/Gaser/Desktop/COPRRA/tests/Feature/E2E/OrderFlowTest.php:105

2) Tests\Feature\Http\Controllers\SystemControllerTest::it_can_run_database_migrations
Expected response status code [200] but received 500.
Failed asserting that 500 is identical to 200.

/mnt/c/Users/Gaser/Desktop/COPRRA/vendor/laravel/framework/src/Illuminate/Testing/TestResponseAssert.php:45
/mnt/c/Users/Gaser/Desktop/COPRRA/vendor/laravel/framework/src/Illuminate/Testing/TestResponse.php:174
/mnt/c/Users/Gaser/Desktop/COPRRA/tests/Feature/Http/Controllers/SystemControllerTest.php:56

3) Tests\Feature\Models\NotificationSimpleTest::test_it_has_correct_casts
Failed asserting that two arrays are equal.
--- Expected
+++ Actual
@@ @@
     'priority' => 'integer'
     'metadata' => 'array'
     'tags' => 'array'
-    'id' => 'int'
 )

/mnt/c/Users/Gaser/Desktop/COPRRA/tests/Feature/Models/NotificationSimpleTest.php:66

4) Tests\Feature\Models\NotificationTest::test_get_channel_display_name
Failed asserting that two strings are equal.
--- Expected
+++ Actual
@@ @@
-'Custom_channel'
+'Custom channel'

/mnt/c/Users/Gaser/Desktop/COPRRA/tests/Feature/Models/NotificationTest.php:419

5) Tests\Feature\Models\NotificationTest::test_get_status_display_name
Failed asserting that two strings are equal.
--- Expected
+++ Actual
@@ @@
-'Custom_status'
+'Custom status'

/mnt/c/Users/Gaser/Desktop/COPRRA/tests/Feature/Models/NotificationTest.php:433

6) Tests\Feature\Models\OrderTest::test_order_fillable_attributes
Failed asserting that two arrays are equal.
--- Expected
+++ Actual
@@ @@
     9 => 'shipping_address'
     10 => 'billing_address'
     11 => 'notes'
-    12 => 'shipped_at'
-    13 => 'delivered_at'
+    12 => 'order_date'
+    13 => 'shipped_at'
+    14 => 'delivered_at'
 )

/mnt/c/Users/Gaser/Desktop/COPRRA/tests/Feature/Models/OrderTest.php:153

7) Tests\Feature\Models\OrderTest::test_order_totals_calculation
Failed asserting that '0.00' matches expected 110.0.

/mnt/c/Users/Gaser/Desktop/COPRRA/tests/Feature/Models/OrderTest.php:188

8) Tests\Feature\Models\PaymentTest::test_payment_fillable_attributes
Failed asserting that two arrays are equal.
--- Expected
+++ Actual
@@ @@
     0 => 'order_id'
     1 => 'payment_method_id'
     2 => 'transaction_id'
-    3 => 'status'
-    4 => 'amount'
-    5 => 'currency'
-    6 => 'gateway_response'
-    7 => 'processed_at'
+    3 => 'method'
+    4 => 'gateway'
+    5 => 'status'
+    6 => 'amount'
+    7 => 'currency'
+    8 => 'gateway_response'
+    9 => 'metadata'
+    10 => 'processed_at'
 )

/mnt/c/Users/Gaser/Desktop/COPRRA/tests/Feature/Models/PaymentTest.php:124

9) Tests\Feature\Models\PriceAlertTest::test_it_casts_attributes_correctly
Failed asserting that '99.99' is of type float.

/mnt/c/Users/Gaser/Desktop/COPRRA/tests/Feature/Models/PriceAlertTest.php:64

10) Tests\Feature\Models\PriceAlertTest::test_factory_creates_valid_price_alert
Failed asserting that '686.74' is of type float.

/mnt/c/Users/Gaser/Desktop/COPRRA/tests/Feature/Models/PriceAlertTest.php:255

11) Tests\Feature\Models\ProductTest::test_fillable_attributes
Failed asserting that two arrays are equal.
--- Expected
+++ Actual
@@ @@
     1 => 'slug'
     2 => 'description'
     3 => 'price'
-    4 => 'image'
-    5 => 'is_active'
-    6 => 'stock_quantity'
-    7 => 'category_id'
-    8 => 'brand_id'
-    9 => 'store_id'
+    4 => 'currency_id'
+    5 => 'image'
+    6 => 'is_active'
+    7 => 'stock_quantity'
+    8 => 'stock'
+    9 => 'category_id'
+    10 => 'brand_id'
+    11 => 'store_id'
 )

/mnt/c/Users/Gaser/Desktop/COPRRA/tests/Feature/Models/ProductTest.php:439

12) Tests\Feature\Models\UserLocaleSettingTest::test_update_or_create_for_user_throws_exception_without_user_or_session
Failed asserting that exception of type "Mockery\Exception\BadMethodCallException" matches expected exception "InvalidArgumentException". Message was: "Received Mockery_18_Illuminate_Config_Repository::offsetGet(), but no expectations were specified" at
/mnt/c/Users/Gaser/Desktop/COPRRA/vendor/laravel/framework/src/Illuminate/Database/DatabaseManager.php:382
/mnt/c/Users/Gaser/Desktop/COPRRA/vendor/laravel/framework/src/Illuminate/Database/DatabaseManager.php:95
/mnt/c/Users/Gaser/Desktop/COPRRA/vendor/laravel/framework/src/Illuminate/Database/Eloquent/Model.php:1980
/mnt/c/Users/Gaser/Desktop/COPRRA/vendor/laravel/framework/src/Illuminate/Database/Eloquent/Model.php:1946
/mnt/c/Users/Gaser/Desktop/COPRRA/vendor/laravel/framework/src/Illuminate/Database/Eloquent/Model.php:1713
/mnt/c/Users/Gaser/Desktop/COPRRA/vendor/laravel/framework/src/Illuminate/Database/Eloquent/Model.php:1611
/mnt/c/Users/Gaser/Desktop/COPRRA/vendor/laravel/framework/src/Illuminate/Database/Eloquent/Model.php:1647
/mnt/c/Users/Gaser/Desktop/COPRRA/vendor/laravel/framework/src/Illuminate/Database/Eloquent/Model.php:1600
/mnt/c/Users/Gaser/Desktop/COPRRA/vendor/laravel/framework/src/Illuminate/Database/Eloquent/Model.php:2540
/mnt/c/Users/Gaser/Desktop/COPRRA/vendor/laravel/framework/src/Illuminate/Database/Eloquent/Model.php:2556
/mnt/c/Users/Gaser/Desktop/COPRRA/tests/Feature/Models/UserLocaleSettingTest.php:281
.

13) Tests\Feature\Models\UserTest::test_it_can_create_a_user
App\Enums\UserRole Enum (ADMIN, 'admin') does not match expected type "string".

/mnt/c/Users/Gaser/Desktop/COPRRA/tests/Feature/Models/UserTest.php:43

14) Tests\Feature\Models\UserTest::test_fillable_attributes
Failed asserting that two arrays are equal.
--- Expected
+++ Actual
@@ @@
     0 => 'name'
     1 => 'email'
     2 => 'password'
-    3 => 'is_admin'
-    4 => 'is_active'
-    5 => 'is_blocked'
-    6 => 'ban_reason'
-    7 => 'ban_description'
-    8 => 'banned_at'
-    9 => 'ban_expires_at'
-    10 => 'session_id'
-    11 => 'role'
-    12 => 'password_confirmed_at'
+    3 => 'phone'
+    4 => 'is_admin'
+    5 => 'is_active'
+    6 => 'is_blocked'
+    7 => 'ban_reason'
+    8 => 'ban_description'
+    9 => 'banned_at'
+    10 => 'ban_expires_at'
+    11 => 'session_id'
+    12 => 'role'
+    13 => 'password_confirmed_at'
 )

/mnt/c/Users/Gaser/Desktop/COPRRA/tests/Feature/Models/UserTest.php:194

15) Tests\Feature\Services\PasswordPolicyServiceTest::test_validates_weak_password
Failed asserting that an array contains 'Password must be at least 10 characters long'.

/mnt/c/Users/Gaser/Desktop/COPRRA/tests/Feature/Services/PasswordPolicyServiceTest.php:57

16) Tests\Feature\Services\PasswordPolicyServiceTest::test_validates_password_without_symbols
Failed asserting that false is true.

/mnt/c/Users/Gaser/Desktop/COPRRA/tests/Feature/Services/PasswordPolicyServiceTest.php:108

17) Tests\Feature\Services\PasswordPolicyServiceTest::test_validates_forbidden_password
Failed asserting that an array contains 'Password is too common and not allowed'.

/mnt/c/Users/Gaser/Desktop/COPRRA/tests/Feature/Services/PasswordPolicyServiceTest.php:122

18) Tests\Feature\Services\PasswordPolicyServiceTest::test_calculates_password_strength_strong
Failed asserting that two strings are equal.
--- Expected
+++ Actual
@@ @@
-'strong'
+'very_strong'

/mnt/c/Users/Gaser/Desktop/COPRRA/tests/Feature/Services/PasswordPolicyServiceTest.php:197

19) Tests\Feature\Services\PasswordPolicyServiceTest::test_validates_password_with_case_insensitive_forbidden
Failed asserting that an array contains 'Password is too common and not allowed'.

/mnt/c/Users/Gaser/Desktop/COPRRA/tests/Feature/Services/PasswordPolicyServiceTest.php:478

20) Tests\Feature\Services\PasswordResetServiceTest::test_handles_send_reset_email_with_valid_email
Failed asserting that 2 matches expected 1.

/mnt/c/Users/Gaser/Desktop/COPRRA/tests/Feature/Services/PasswordResetServiceTest.php:40

21) Tests\Feature\Services\PasswordResetServiceTest::test_handles_send_reset_email_with_nonexistent_email
Failed asserting that 2 matches expected 1.

/mnt/c/Users/Gaser/Desktop/COPRRA/tests/Feature/Services/PasswordResetServiceTest.php:56

22) Tests\Feature\Services\PasswordResetServiceTest::test_handles_reset_password_with_valid_token
Failed asserting that 4 matches expected 3.

/mnt/c/Users/Gaser/Desktop/COPRRA/tests/Feature/Services/PasswordResetServiceTest.php:72

23) Tests\Feature\Services\PasswordResetServiceTest::test_handles_reset_password_with_invalid_token
Failed asserting that 4 matches expected 3.

/mnt/c/Users/Gaser/Desktop/COPRRA/tests/Feature/Services/PasswordResetServiceTest.php:90

24) Tests\Feature\Services\PasswordResetServiceTest::test_handles_expired_token
Failed asserting that 4 matches expected 3.

/mnt/c/Users/Gaser/Desktop/COPRRA/tests/Feature/Services/PasswordResetServiceTest.php:140

25) Tests\Feature\Services\PasswordResetServiceTest::test_handles_too_many_attempts
Failed asserting that 4 matches expected 3.

/mnt/c/Users/Gaser/Desktop/COPRRA/tests/Feature/Services/PasswordResetServiceTest.php:158

--

There were 15 risky tests:

1) Tests\Feature\Http\Middleware\SecurityHeadersTest::test_security_headers_middleware_logs_suspicious_sql_injection_attempts
* Test code or tested code did not remove its own error handlers

* Test code or tested code did not remove its own exception handlers

/mnt/c/Users/Gaser/Desktop/COPRRA/tests/Feature/Http/Middleware/SecurityHeadersTest.php:99

2) Tests\Feature\Http\Middleware\SecurityHeadersTest::test_security_headers_middleware_logs_suspicious_xss_attempts
* Test code or tested code did not remove its own error handlers

* Test code or tested code did not remove its own exception handlers

/mnt/c/Users/Gaser/Desktop/COPRRA/tests/Feature/Http/Middleware/SecurityHeadersTest.php:115

3) Tests\Feature\Http\Middleware\SecurityHeadersTest::test_security_headers_middleware_logs_suspicious_file_uploads
* Test code or tested code did not remove its own error handlers

* Test code or tested code did not remove its own exception handlers

/mnt/c/Users/Gaser/Desktop/COPRRA/tests/Feature/Http/Middleware/SecurityHeadersTest.php:131

4) Tests\Feature\Http\Middleware\SetLocaleAndCurrencyTest::test_can_be_instantiated
* Test code or tested code did not remove its own error handlers

* Test code or tested code did not remove its own exception handlers

/mnt/c/Users/Gaser/Desktop/COPRRA/tests/SafeTestBase.php:65

5) Tests\Feature\Http\Middleware\SetLocaleAndCurrencyTest::test_set_locale_and_currency_middleware_sets_locale_and_currency
* Test code or tested code did not remove its own error handlers

* Test code or tested code did not remove its own exception handlers

/mnt/c/Users/Gaser/Desktop/COPRRA/tests/Feature/Http/Middleware/SetLocaleAndCurrencyTest.php:13

6) Tests\Feature\Http\Middleware\SetLocaleAndCurrencyTest::test_set_locale_and_currency_middleware_handles_default_values
* Test code or tested code did not remove its own error handlers

* Test code or tested code did not remove its own exception handlers

/mnt/c/Users/Gaser/Desktop/COPRRA/tests/Feature/Http/Middleware/SetLocaleAndCurrencyTest.php:27

7) Tests\Feature\Http\Middleware\SetLocaleAndCurrencyTest::test_set_locale_and_currency_middleware_handles_session_values
* Test code or tested code did not remove its own error handlers

* Test code or tested code did not remove its own exception handlers

/mnt/c/Users/Gaser/Desktop/COPRRA/tests/Feature/Http/Middleware/SetLocaleAndCurrencyTest.php:40

8) Tests\Feature\Http\Middleware\SetLocaleAndCurrencyTest::test_set_locale_and_currency_middleware_handles_cookie_values
* Test code or tested code did not remove its own error handlers

* Test code or tested code did not remove its own exception handlers

/mnt/c/Users/Gaser/Desktop/COPRRA/tests/Feature/Http/Middleware/SetLocaleAndCurrencyTest.php:59

9) Tests\Feature\Http\Middleware\SetLocaleAndCurrencyTest::test_set_locale_and_currency_middleware_handles_post_requests
* Test code or tested code did not remove its own error handlers

* Test code or tested code did not remove its own exception handlers

/mnt/c/Users/Gaser/Desktop/COPRRA/tests/Feature/Http/Middleware/SetLocaleAndCurrencyTest.php:74

10) Tests\Feature\Http\Middleware\ShareErrorsFromSessionTest::test_can_be_instantiated
* Test code or tested code did not remove its own error handlers

* Test code or tested code did not remove its own exception handlers

/mnt/c/Users/Gaser/Desktop/COPRRA/tests/SafeTestBase.php:65

11) Tests\Feature\Http\Middleware\ShareErrorsFromSessionTest::test_share_errors_from_session_middleware_shares_errors
* Test code or tested code did not remove its own error handlers

* Test code or tested code did not remove its own exception handlers

/mnt/c/Users/Gaser/Desktop/COPRRA/tests/Feature/Http/Middleware/ShareErrorsFromSessionTest.php:14

12) Tests\Feature\Http\Middleware\ShareErrorsFromSessionTest::test_share_errors_from_session_middleware_handles_no_errors
* Test code or tested code did not remove its own error handlers

* Test code or tested code did not remove its own exception handlers

/mnt/c/Users/Gaser/Desktop/COPRRA/tests/Feature/Http/Middleware/ShareErrorsFromSessionTest.php:30

13) Tests\Feature\Http\Middleware\ShareErrorsFromSessionTest::test_share_errors_from_session_middleware_handles_multiple_errors
* Test code or tested code did not remove its own error handlers

* Test code or tested code did not remove its own exception handlers

/mnt/c/Users/Gaser/Desktop/COPRRA/tests/Feature/Http/Middleware/ShareErrorsFromSessionTest.php:45

14) Tests\Feature\Http\Middleware\ShareErrorsFromSessionTest::test_share_errors_from_session_middleware_handles_post_requests
* Test code or tested code did not remove its own error handlers

* Test code or tested code did not remove its own exception handlers

/mnt/c/Users/Gaser/Desktop/COPRRA/tests/Feature/Http/Middleware/ShareErrorsFromSessionTest.php:64

15) Tests\Feature\Http\Middleware\ShareErrorsFromSessionTest::test_share_errors_from_session_middleware_handles_api_requests
* Test code or tested code did not remove its own error handlers

* Test code or tested code did not remove its own exception handlers

/mnt/c/Users/Gaser/Desktop/COPRRA/tests/Feature/Http/Middleware/ShareErrorsFromSessionTest.php:81

ERRORS!
Tests: 1048, Assertions: 2219, Errors: 192, Failures: 25, Risky: 15.
