<?xml version="1.0" encoding="UTF-8"?>
<testsuites name="PHP_CodeSniffer 3.13.4" errors="0" tests="1874" failures="1679">
<testsuite name="/var/www/html/resources/views/auth/register.blade.php" errors="0" tests="1" failures="0">
 <testcase name="/var/www/html/resources/views/auth/register.blade.php"/>
</testsuite>
<testsuite name="/var/www/html/app/Http/Requests/BaseApiRequest.php" errors="0" tests="1" failures="0">
 <testcase name="/var/www/html/app/Http/Requests/BaseApiRequest.php"/>
</testsuite>
<testsuite name="/var/www/html/app/Services/PasswordPolicyService.php" errors="0" tests="8" failures="8">
 <testcase name="PSR12.Operators.OperatorSpacing.NoSpaceBefore at /var/www/html/app/Services/PasswordPolicyService.php (32:53)">
  <failure type="error" message="Expected at least 1 space before &quot;.&quot;; 0 found"/>
 </testcase>
 <testcase name="PSR12.Operators.OperatorSpacing.NoSpaceAfter at /var/www/html/app/Services/PasswordPolicyService.php (32:53)">
  <failure type="error" message="Expected at least 1 space after &quot;.&quot;; 0 found"/>
 </testcase>
 <testcase name="PSR12.Operators.OperatorSpacing.NoSpaceBefore at /var/www/html/app/Services/PasswordPolicyService.php (32:64)">
  <failure type="error" message="Expected at least 1 space before &quot;.&quot;; 0 found"/>
 </testcase>
 <testcase name="PSR12.Operators.OperatorSpacing.NoSpaceAfter at /var/www/html/app/Services/PasswordPolicyService.php (32:64)">
  <failure type="error" message="Expected at least 1 space after &quot;.&quot;; 0 found"/>
 </testcase>
 <testcase name="PSR12.Operators.OperatorSpacing.NoSpaceBefore at /var/www/html/app/Services/PasswordPolicyService.php (39:52)">
  <failure type="error" message="Expected at least 1 space before &quot;.&quot;; 0 found"/>
 </testcase>
 <testcase name="PSR12.Operators.OperatorSpacing.NoSpaceAfter at /var/www/html/app/Services/PasswordPolicyService.php (39:52)">
  <failure type="error" message="Expected at least 1 space after &quot;.&quot;; 0 found"/>
 </testcase>
 <testcase name="PSR12.Operators.OperatorSpacing.NoSpaceBefore at /var/www/html/app/Services/PasswordPolicyService.php (39:63)">
  <failure type="error" message="Expected at least 1 space before &quot;.&quot;; 0 found"/>
 </testcase>
 <testcase name="PSR12.Operators.OperatorSpacing.NoSpaceAfter at /var/www/html/app/Services/PasswordPolicyService.php (39:63)">
  <failure type="error" message="Expected at least 1 space after &quot;.&quot;; 0 found"/>
 </testcase>
</testsuite>
<testsuite name="/var/www/html/app/Console/Commands/AgentProposeFixCommand.php" errors="0" tests="39" failures="39">
 <testcase name="PSR12.Operators.OperatorSpacing.NoSpaceBefore at /var/www/html/app/Console/Commands/AgentProposeFixCommand.php (103:55)">
  <failure type="error" message="Expected at least 1 space before &quot;.&quot;; 0 found"/>
 </testcase>
 <testcase name="PSR12.Operators.OperatorSpacing.NoSpaceAfter at /var/www/html/app/Console/Commands/AgentProposeFixCommand.php (103:55)">
  <failure type="error" message="Expected at least 1 space after &quot;.&quot;; 0 found"/>
 </testcase>
 <testcase name="PSR12.Operators.OperatorSpacing.NoSpaceBefore at /var/www/html/app/Console/Commands/AgentProposeFixCommand.php (109:35)">
  <failure type="error" message="Expected at least 1 space before &quot;.&quot;; 0 found"/>
 </testcase>
 <testcase name="PSR12.Operators.OperatorSpacing.NoSpaceAfter at /var/www/html/app/Console/Commands/AgentProposeFixCommand.php (109:35)">
  <failure type="error" message="Expected at least 1 space after &quot;.&quot;; 0 found"/>
 </testcase>
 <testcase name="PSR12.Operators.OperatorSpacing.NoSpaceBefore at /var/www/html/app/Console/Commands/AgentProposeFixCommand.php (136:55)">
  <failure type="error" message="Expected at least 1 space before &quot;.&quot;; 0 found"/>
 </testcase>
 <testcase name="PSR12.Operators.OperatorSpacing.NoSpaceAfter at /var/www/html/app/Console/Commands/AgentProposeFixCommand.php (136:55)">
  <failure type="error" message="Expected at least 1 space after &quot;.&quot;; 0 found"/>
 </testcase>
 <testcase name="PSR12.Operators.OperatorSpacing.NoSpaceBefore at /var/www/html/app/Console/Commands/AgentProposeFixCommand.php (137:40)">
  <failure type="error" message="Expected at least 1 space before &quot;.&quot;; 0 found"/>
 </testcase>
 <testcase name="PSR12.Operators.OperatorSpacing.NoSpaceAfter at /var/www/html/app/Console/Commands/AgentProposeFixCommand.php (137:40)">
  <failure type="error" message="Expected at least 1 space after &quot;.&quot;; 0 found"/>
 </testcase>
 <testcase name="PSR12.Operators.OperatorSpacing.NoSpaceBefore at /var/www/html/app/Console/Commands/AgentProposeFixCommand.php (143:36)">
  <failure type="error" message="Expected at least 1 space before &quot;.&quot;; 0 found"/>
 </testcase>
 <testcase name="PSR12.Operators.OperatorSpacing.NoSpaceAfter at /var/www/html/app/Console/Commands/AgentProposeFixCommand.php (143:36)">
  <failure type="error" message="Expected at least 1 space after &quot;.&quot;; 0 found"/>
 </testcase>
 <testcase name="Generic.Files.LineLength.TooLong at /var/www/html/app/Console/Commands/AgentProposeFixCommand.php (168:136)">
  <failure type="warning" message="Line exceeds 120 characters; contains 136 characters"/>
 </testcase>
 <testcase name="PSR12.Operators.OperatorSpacing.NoSpaceBefore at /var/www/html/app/Console/Commands/AgentProposeFixCommand.php (171:66)">
  <failure type="error" message="Expected at least 1 space before &quot;.&quot;; 0 found"/>
 </testcase>
 <testcase name="PSR12.Operators.OperatorSpacing.NoSpaceAfter at /var/www/html/app/Console/Commands/AgentProposeFixCommand.php (171:66)">
  <failure type="error" message="Expected at least 1 space after &quot;.&quot;; 0 found"/>
 </testcase>
 <testcase name="PSR12.Operators.OperatorSpacing.NoSpaceBefore at /var/www/html/app/Console/Commands/AgentProposeFixCommand.php (172:44)">
  <failure type="error" message="Expected at least 1 space before &quot;.&quot;; 0 found"/>
 </testcase>
 <testcase name="PSR12.Operators.OperatorSpacing.NoSpaceAfter at /var/www/html/app/Console/Commands/AgentProposeFixCommand.php (172:44)">
  <failure type="error" message="Expected at least 1 space after &quot;.&quot;; 0 found"/>
 </testcase>
 <testcase name="PSR12.Operators.OperatorSpacing.NoSpaceBefore at /var/www/html/app/Console/Commands/AgentProposeFixCommand.php (178:39)">
  <failure type="error" message="Expected at least 1 space before &quot;.&quot;; 0 found"/>
 </testcase>
 <testcase name="PSR12.Operators.OperatorSpacing.NoSpaceAfter at /var/www/html/app/Console/Commands/AgentProposeFixCommand.php (178:39)">
  <failure type="error" message="Expected at least 1 space after &quot;.&quot;; 0 found"/>
 </testcase>
 <testcase name="PSR12.Operators.OperatorSpacing.NoSpaceBefore at /var/www/html/app/Console/Commands/AgentProposeFixCommand.php (203:55)">
  <failure type="error" message="Expected at least 1 space before &quot;.&quot;; 0 found"/>
 </testcase>
 <testcase name="PSR12.Operators.OperatorSpacing.NoSpaceAfter at /var/www/html/app/Console/Commands/AgentProposeFixCommand.php (203:55)">
  <failure type="error" message="Expected at least 1 space after &quot;.&quot;; 0 found"/>
 </testcase>
 <testcase name="PSR12.Operators.OperatorSpacing.NoSpaceBefore at /var/www/html/app/Console/Commands/AgentProposeFixCommand.php (209:39)">
  <failure type="error" message="Expected at least 1 space before &quot;.&quot;; 0 found"/>
 </testcase>
 <testcase name="PSR12.Operators.OperatorSpacing.NoSpaceAfter at /var/www/html/app/Console/Commands/AgentProposeFixCommand.php (209:39)">
  <failure type="error" message="Expected at least 1 space after &quot;.&quot;; 0 found"/>
 </testcase>
 <testcase name="PSR12.Operators.OperatorSpacing.NoSpaceBefore at /var/www/html/app/Console/Commands/AgentProposeFixCommand.php (225:69)">
  <failure type="error" message="Expected at least 1 space before &quot;.&quot;; 0 found"/>
 </testcase>
 <testcase name="PSR12.Operators.OperatorSpacing.NoSpaceAfter at /var/www/html/app/Console/Commands/AgentProposeFixCommand.php (225:69)">
  <failure type="error" message="Expected at least 1 space after &quot;.&quot;; 0 found"/>
 </testcase>
 <testcase name="PSR12.Operators.OperatorSpacing.NoSpaceBefore at /var/www/html/app/Console/Commands/AgentProposeFixCommand.php (226:46)">
  <failure type="error" message="Expected at least 1 space before &quot;.&quot;; 0 found"/>
 </testcase>
 <testcase name="PSR12.Operators.OperatorSpacing.NoSpaceAfter at /var/www/html/app/Console/Commands/AgentProposeFixCommand.php (226:46)">
  <failure type="error" message="Expected at least 1 space after &quot;.&quot;; 0 found"/>
 </testcase>
 <testcase name="PSR12.Operators.OperatorSpacing.NoSpaceBefore at /var/www/html/app/Console/Commands/AgentProposeFixCommand.php (232:42)">
  <failure type="error" message="Expected at least 1 space before &quot;.&quot;; 0 found"/>
 </testcase>
 <testcase name="PSR12.Operators.OperatorSpacing.NoSpaceAfter at /var/www/html/app/Console/Commands/AgentProposeFixCommand.php (232:42)">
  <failure type="error" message="Expected at least 1 space after &quot;.&quot;; 0 found"/>
 </testcase>
 <testcase name="PSR12.Operators.OperatorSpacing.NoSpaceBefore at /var/www/html/app/Console/Commands/AgentProposeFixCommand.php (244:53)">
  <failure type="error" message="Expected at least 1 space before &quot;.&quot;; 0 found"/>
 </testcase>
 <testcase name="PSR12.Operators.OperatorSpacing.NoSpaceAfter at /var/www/html/app/Console/Commands/AgentProposeFixCommand.php (244:53)">
  <failure type="error" message="Expected at least 1 space after &quot;.&quot;; 0 found"/>
 </testcase>
 <testcase name="PSR12.Operators.OperatorSpacing.NoSpaceBefore at /var/www/html/app/Console/Commands/AgentProposeFixCommand.php (250:40)">
  <failure type="error" message="Expected at least 1 space before &quot;.&quot;; 0 found"/>
 </testcase>
 <testcase name="PSR12.Operators.OperatorSpacing.NoSpaceAfter at /var/www/html/app/Console/Commands/AgentProposeFixCommand.php (250:40)">
  <failure type="error" message="Expected at least 1 space after &quot;.&quot;; 0 found"/>
 </testcase>
 <testcase name="PSR12.Operators.OperatorSpacing.NoSpaceBefore at /var/www/html/app/Console/Commands/AgentProposeFixCommand.php (279:61)">
  <failure type="error" message="Expected at least 1 space before &quot;.&quot;; 0 found"/>
 </testcase>
 <testcase name="PSR12.Operators.OperatorSpacing.NoSpaceAfter at /var/www/html/app/Console/Commands/AgentProposeFixCommand.php (279:61)">
  <failure type="error" message="Expected at least 1 space after &quot;.&quot;; 0 found"/>
 </testcase>
 <testcase name="PSR12.Operators.OperatorSpacing.NoSpaceBefore at /var/www/html/app/Console/Commands/AgentProposeFixCommand.php (281:106)">
  <failure type="error" message="Expected at least 1 space before &quot;.&quot;; 0 found"/>
 </testcase>
 <testcase name="PSR12.Operators.OperatorSpacing.NoSpaceAfter at /var/www/html/app/Console/Commands/AgentProposeFixCommand.php (281:106)">
  <failure type="error" message="Expected at least 1 space after &quot;.&quot;; 0 found"/>
 </testcase>
 <testcase name="PSR12.Operators.OperatorSpacing.NoSpaceBefore at /var/www/html/app/Console/Commands/AgentProposeFixCommand.php (287:34)">
  <failure type="error" message="Expected at least 1 space before &quot;.&quot;; 0 found"/>
 </testcase>
 <testcase name="PSR12.Operators.OperatorSpacing.NoSpaceAfter at /var/www/html/app/Console/Commands/AgentProposeFixCommand.php (287:34)">
  <failure type="error" message="Expected at least 1 space after &quot;.&quot;; 0 found"/>
 </testcase>
 <testcase name="Generic.Files.LineLength.TooLong at /var/www/html/app/Console/Commands/AgentProposeFixCommand.php (322:126)">
  <failure type="warning" message="Line exceeds 120 characters; contains 126 characters"/>
 </testcase>
 <testcase name="Generic.Files.LineLength.TooLong at /var/www/html/app/Console/Commands/AgentProposeFixCommand.php (323:135)">
  <failure type="warning" message="Line exceeds 120 characters; contains 135 characters"/>
 </testcase>
</testsuite>
<testsuite name="/var/www/html/app/Http/Requests/CartRequest.php" errors="0" tests="1" failures="1">
 <testcase name="PSR12.Classes.OpeningBraceSpace.Found at /var/www/html/app/Http/Requests/CartRequest.php (10:1)">
  <failure type="error" message="Opening brace must not be followed by a blank line"/>
 </testcase>
</testsuite>
<testsuite name="/var/www/html/resources/views/auth/verify-email.blade.php" errors="0" tests="1" failures="0">
 <testcase name="/var/www/html/resources/views/auth/verify-email.blade.php"/>
</testsuite>
<testsuite name="/var/www/html/app/Console/Commands/CacheManagement.php" errors="0" tests="1" failures="0">
 <testcase name="/var/www/html/app/Console/Commands/CacheManagement.php"/>
</testsuite>
<testsuite name="/var/www/html/app/Services/PasswordResetService.php" errors="0" tests="11" failures="11">
 <testcase name="PSR12.Operators.OperatorSpacing.NoSpaceBefore at /var/www/html/app/Services/PasswordResetService.php (126:34)">
  <failure type="error" message="Expected at least 1 space before &quot;.&quot;; 0 found"/>
 </testcase>
 <testcase name="PSR12.Operators.OperatorSpacing.NoSpaceAfter at /var/www/html/app/Services/PasswordResetService.php (126:34)">
  <failure type="error" message="Expected at least 1 space after &quot;.&quot;; 0 found"/>
 </testcase>
 <testcase name="PSR12.Operators.OperatorSpacing.NoSpaceBefore at /var/www/html/app/Services/PasswordResetService.php (138:34)">
  <failure type="error" message="Expected at least 1 space before &quot;.&quot;; 0 found"/>
 </testcase>
 <testcase name="PSR12.Operators.OperatorSpacing.NoSpaceAfter at /var/www/html/app/Services/PasswordResetService.php (138:34)">
  <failure type="error" message="Expected at least 1 space after &quot;.&quot;; 0 found"/>
 </testcase>
 <testcase name="Generic.Files.LineLength.TooLong at /var/www/html/app/Services/PasswordResetService.php (150:146)">
  <failure type="warning" message="Line exceeds 120 characters; contains 146 characters"/>
 </testcase>
 <testcase name="PSR12.Operators.OperatorSpacing.NoSpaceBefore at /var/www/html/app/Services/PasswordResetService.php (193:34)">
  <failure type="error" message="Expected at least 1 space before &quot;.&quot;; 0 found"/>
 </testcase>
 <testcase name="PSR12.Operators.OperatorSpacing.NoSpaceAfter at /var/www/html/app/Services/PasswordResetService.php (193:34)">
  <failure type="error" message="Expected at least 1 space after &quot;.&quot;; 0 found"/>
 </testcase>
 <testcase name="PSR12.Operators.OperatorSpacing.NoSpaceBefore at /var/www/html/app/Services/PasswordResetService.php (209:34)">
  <failure type="error" message="Expected at least 1 space before &quot;.&quot;; 0 found"/>
 </testcase>
 <testcase name="PSR12.Operators.OperatorSpacing.NoSpaceAfter at /var/www/html/app/Services/PasswordResetService.php (209:34)">
  <failure type="error" message="Expected at least 1 space after &quot;.&quot;; 0 found"/>
 </testcase>
 <testcase name="PSR12.Operators.OperatorSpacing.NoSpaceBefore at /var/www/html/app/Services/PasswordResetService.php (250:34)">
  <failure type="error" message="Expected at least 1 space before &quot;.&quot;; 0 found"/>
 </testcase>
 <testcase name="PSR12.Operators.OperatorSpacing.NoSpaceAfter at /var/www/html/app/Services/PasswordResetService.php (250:34)">
  <failure type="error" message="Expected at least 1 space after &quot;.&quot;; 0 found"/>
 </testcase>
</testsuite>
<testsuite name="/var/www/html/resources/views/brands/create.blade.php" errors="0" tests="1" failures="0">
 <testcase name="/var/www/html/resources/views/brands/create.blade.php"/>
</testsuite>
<testsuite name="/var/www/html/app/Console/Commands/CleanAnalytics.php" errors="0" tests="1" failures="0">
 <testcase name="/var/www/html/app/Console/Commands/CleanAnalytics.php"/>
</testsuite>
<testsuite name="/var/www/html/app/Http/Requests/ChangePasswordRequest.php" errors="0" tests="1" failures="1">
 <testcase name="PSR12.Classes.OpeningBraceSpace.Found at /var/www/html/app/Http/Requests/ChangePasswordRequest.php (10:1)">
  <failure type="error" message="Opening brace must not be followed by a blank line"/>
 </testcase>
</testsuite>
<testsuite name="/var/www/html/resources/views/brands/edit.blade.php" errors="0" tests="1" failures="0">
 <testcase name="/var/www/html/resources/views/brands/edit.blade.php"/>
</testsuite>
<testsuite name="/var/www/html/app/Http/Requests/ForgotPasswordRequest.php" errors="0" tests="2" failures="2">
 <testcase name="PSR12.Classes.OpeningBraceSpace.Found at /var/www/html/app/Http/Requests/ForgotPasswordRequest.php (10:1)">
  <failure type="error" message="Opening brace must not be followed by a blank line"/>
 </testcase>
 <testcase name="PSR2.Files.EndFileNewline.TooMany at /var/www/html/app/Http/Requests/ForgotPasswordRequest.php (27:1)">
  <failure type="error" message="Expected 1 blank line at end of file; 2 found"/>
 </testcase>
</testsuite>
<testsuite name="/var/www/html/app/Services/PaymentService.php" errors="0" tests="1" failures="0">
 <testcase name="/var/www/html/app/Services/PaymentService.php"/>
</testsuite>
<testsuite name="/var/www/html/app/Console/Commands/GenerateSitemap.php" errors="0" tests="7" failures="7">
 <testcase name="PSR12.Operators.OperatorSpacing.NoSpaceBefore at /var/www/html/app/Console/Commands/GenerateSitemap.php (32:60)">
  <failure type="error" message="Expected at least 1 space before &quot;.&quot;; 0 found"/>
 </testcase>
 <testcase name="PSR12.Operators.OperatorSpacing.NoSpaceAfter at /var/www/html/app/Console/Commands/GenerateSitemap.php (32:60)">
  <failure type="error" message="Expected at least 1 space after &quot;.&quot;; 0 found"/>
 </testcase>
 <testcase name="PSR12.Operators.OperatorSpacing.NoSpaceBefore at /var/www/html/app/Console/Commands/GenerateSitemap.php (33:83)">
  <failure type="error" message="Expected at least 1 space before &quot;.&quot;; 0 found"/>
 </testcase>
 <testcase name="PSR12.Operators.OperatorSpacing.NoSpaceAfter at /var/www/html/app/Console/Commands/GenerateSitemap.php (33:83)">
  <failure type="error" message="Expected at least 1 space after &quot;.&quot;; 0 found"/>
 </testcase>
 <testcase name="PSR12.Operators.OperatorSpacing.NoSpaceBefore at /var/www/html/app/Console/Commands/GenerateSitemap.php (75:57)">
  <failure type="error" message="Expected at least 1 space before &quot;.&quot;; 0 found"/>
 </testcase>
 <testcase name="PSR12.Operators.OperatorSpacing.NoSpaceAfter at /var/www/html/app/Console/Commands/GenerateSitemap.php (75:57)">
  <failure type="error" message="Expected at least 1 space after &quot;.&quot;; 0 found"/>
 </testcase>
 <testcase name="Generic.Files.LineLength.TooLong at /var/www/html/app/Console/Commands/GenerateSitemap.php (84:177)">
  <failure type="warning" message="Line exceeds 120 characters; contains 177 characters"/>
 </testcase>
</testsuite>
<testsuite name="/var/www/html/resources/views/brands/index.blade.php" errors="0" tests="1" failures="0">
 <testcase name="/var/www/html/resources/views/brands/index.blade.php"/>
</testsuite>
<testsuite name="/var/www/html/app/Services/PerformanceAnalysisService.php" errors="0" tests="2" failures="2">
 <testcase name="PSR12.Operators.OperatorSpacing.NoSpaceBefore at /var/www/html/app/Services/PerformanceAnalysisService.php (25:56)">
  <failure type="error" message="Expected at least 1 space before &quot;.&quot;; 0 found"/>
 </testcase>
 <testcase name="PSR12.Operators.OperatorSpacing.NoSpaceAfter at /var/www/html/app/Services/PerformanceAnalysisService.php (25:56)">
  <failure type="error" message="Expected at least 1 space after &quot;.&quot;; 0 found"/>
 </testcase>
</testsuite>
<testsuite name="/var/www/html/app/Http/Requests/LoginRequest.php" errors="0" tests="1" failures="0">
 <testcase name="/var/www/html/app/Http/Requests/LoginRequest.php"/>
</testsuite>
<testsuite name="/var/www/html/resources/views/brands/show.blade.php" errors="0" tests="1" failures="0">
 <testcase name="/var/www/html/resources/views/brands/show.blade.php"/>
</testsuite>
<testsuite name="/var/www/html/app/Console/Commands/GenerateTranslations.php" errors="0" tests="1" failures="0">
 <testcase name="/var/www/html/app/Console/Commands/GenerateTranslations.php"/>
</testsuite>
<testsuite name="/var/www/html/resources/views/cart/index.blade.php" errors="0" tests="1" failures="0">
 <testcase name="/var/www/html/resources/views/cart/index.blade.php"/>
</testsuite>
<testsuite name="/var/www/html/app/Http/Requests/ProductCreateRequest.php" errors="0" tests="1" failures="1">
 <testcase name="Generic.Files.LineLength.TooLong at /var/www/html/app/Http/Requests/ProductCreateRequest.php (247:139)">
  <failure type="warning" message="Line exceeds 120 characters; contains 139 characters"/>
 </testcase>
</testsuite>
<testsuite name="/var/www/html/app/Services/PerformanceMonitoringService.php" errors="0" tests="5" failures="5">
 <testcase name="Generic.Files.LineLength.TooLong at /var/www/html/app/Services/PerformanceMonitoringService.php (56:141)">
  <failure type="warning" message="Line exceeds 120 characters; contains 141 characters"/>
 </testcase>
 <testcase name="Generic.Files.LineLength.TooLong at /var/www/html/app/Services/PerformanceMonitoringService.php (223:128)">
  <failure type="warning" message="Line exceeds 120 characters; contains 129 characters"/>
 </testcase>
 <testcase name="Generic.Files.LineLength.TooLong at /var/www/html/app/Services/PerformanceMonitoringService.php (224:126)">
  <failure type="warning" message="Line exceeds 120 characters; contains 126 characters"/>
 </testcase>
 <testcase name="Generic.Files.LineLength.TooLong at /var/www/html/app/Services/PerformanceMonitoringService.php (236:130)">
  <failure type="warning" message="Line exceeds 120 characters; contains 130 characters"/>
 </testcase>
 <testcase name="Generic.Files.LineLength.TooLong at /var/www/html/app/Services/PerformanceMonitoringService.php (247:122)">
  <failure type="warning" message="Line exceeds 120 characters; contains 123 characters"/>
 </testcase>
</testsuite>
<testsuite name="/var/www/html/app/Console/Commands/OptimizeDatabase.php" errors="0" tests="10" failures="10">
 <testcase name="PSR12.Operators.OperatorSpacing.NoSpaceBefore at /var/www/html/app/Console/Commands/OptimizeDatabase.php (66:46)">
  <failure type="error" message="Expected at least 1 space before &quot;.&quot;; 0 found"/>
 </testcase>
 <testcase name="PSR12.Operators.OperatorSpacing.NoSpaceAfter at /var/www/html/app/Console/Commands/OptimizeDatabase.php (66:46)">
  <failure type="error" message="Expected at least 1 space after &quot;.&quot;; 0 found"/>
 </testcase>
 <testcase name="PSR12.Operators.OperatorSpacing.NoSpaceBefore at /var/www/html/app/Console/Commands/OptimizeDatabase.php (66:68)">
  <failure type="error" message="Expected at least 1 space before &quot;.&quot;; 0 found"/>
 </testcase>
 <testcase name="PSR12.Operators.OperatorSpacing.NoSpaceAfter at /var/www/html/app/Console/Commands/OptimizeDatabase.php (66:68)">
  <failure type="error" message="Expected at least 1 space after &quot;.&quot;; 0 found"/>
 </testcase>
 <testcase name="PSR12.Operators.OperatorSpacing.NoSpaceBefore at /var/www/html/app/Console/Commands/OptimizeDatabase.php (68:58)">
  <failure type="error" message="Expected at least 1 space before &quot;.&quot;; 0 found"/>
 </testcase>
 <testcase name="PSR12.Operators.OperatorSpacing.NoSpaceAfter at /var/www/html/app/Console/Commands/OptimizeDatabase.php (68:58)">
  <failure type="error" message="Expected at least 1 space after &quot;.&quot;; 0 found"/>
 </testcase>
 <testcase name="PSR12.Operators.OperatorSpacing.NoSpaceBefore at /var/www/html/app/Console/Commands/OptimizeDatabase.php (92:61)">
  <failure type="error" message="Expected at least 1 space before &quot;.&quot;; 0 found"/>
 </testcase>
 <testcase name="PSR12.Operators.OperatorSpacing.NoSpaceAfter at /var/www/html/app/Console/Commands/OptimizeDatabase.php (92:61)">
  <failure type="error" message="Expected at least 1 space after &quot;.&quot;; 0 found"/>
 </testcase>
 <testcase name="PSR12.Operators.OperatorSpacing.NoSpaceBefore at /var/www/html/app/Console/Commands/OptimizeDatabase.php (116:62)">
  <failure type="error" message="Expected at least 1 space before &quot;.&quot;; 0 found"/>
 </testcase>
 <testcase name="PSR12.Operators.OperatorSpacing.NoSpaceAfter at /var/www/html/app/Console/Commands/OptimizeDatabase.php (116:62)">
  <failure type="error" message="Expected at least 1 space after &quot;.&quot;; 0 found"/>
 </testcase>
</testsuite>
<testsuite name="/var/www/html/app/Http/Requests/ProductIndexRequest.php" errors="0" tests="2" failures="2">
 <testcase name="PSR12.Classes.OpeningBraceSpace.Found at /var/www/html/app/Http/Requests/ProductIndexRequest.php (10:1)">
  <failure type="error" message="Opening brace must not be followed by a blank line"/>
 </testcase>
 <testcase name="PSR2.Files.EndFileNewline.TooMany at /var/www/html/app/Http/Requests/ProductIndexRequest.php (34:1)">
  <failure type="error" message="Expected 1 blank line at end of file; 2 found"/>
 </testcase>
</testsuite>
<testsuite name="/var/www/html/resources/views/categories/index.blade.php" errors="0" tests="1" failures="0">
 <testcase name="/var/www/html/resources/views/categories/index.blade.php"/>
</testsuite>
<testsuite name="/var/www/html/app/Console/Commands/OptimizePerformance.php" errors="0" tests="3" failures="3">
 <testcase name="PSR12.Files.FileHeader.IncorrectOrder at /var/www/html/app/Console/Commands/OptimizePerformance.php (9:1)">
  <failure type="error" message="The file-level docblock must follow the opening PHP tag in the file header"/>
 </testcase>
 <testcase name="PSR12.Files.FileHeader.SpacingAfterBlock at /var/www/html/app/Console/Commands/OptimizePerformance.php (12:2)">
  <failure type="error" message="Header blocks must be separated by a single blank line"/>
 </testcase>
 <testcase name="PSR12.Files.FileHeader.IncorrectGrouping at /var/www/html/app/Console/Commands/OptimizePerformance.php (13:1)">
  <failure type="error" message="Similar statements must be grouped together inside header blocks; the first &quot;use&quot; statement was found on line 7"/>
 </testcase>
</testsuite>
<testsuite name="/var/www/html/app/Services/PointsService.php" errors="0" tests="1" failures="1">
 <testcase name="Generic.Files.LineLength.TooLong at /var/www/html/app/Services/PointsService.php (16:138)">
  <failure type="warning" message="Line exceeds 120 characters; contains 146 characters"/>
 </testcase>
</testsuite>
<testsuite name="/var/www/html/app/Http/Requests/ProductRequest.php" errors="0" tests="2" failures="2">
 <testcase name="PSR12.Operators.OperatorSpacing.NoSpaceBefore at /var/www/html/app/Http/Requests/ProductRequest.php (28:80)">
  <failure type="error" message="Expected at least 1 space before &quot;.&quot;; 0 found"/>
 </testcase>
 <testcase name="PSR12.Operators.OperatorSpacing.NoSpaceAfter at /var/www/html/app/Http/Requests/ProductRequest.php (28:80)">
  <failure type="error" message="Expected at least 1 space after &quot;.&quot;; 0 found"/>
 </testcase>
</testsuite>
<testsuite name="/var/www/html/resources/views/categories/show.blade.php" errors="0" tests="1" failures="0">
 <testcase name="/var/www/html/resources/views/categories/show.blade.php"/>
</testsuite>
<testsuite name="/var/www/html/app/Services/PriceSearchService.php" errors="0" tests="2" failures="2">
 <testcase name="Squiz.Functions.MultiLineFunctionDeclaration.BraceOnSameLine at /var/www/html/app/Services/PriceSearchService.php (13:88)">
  <failure type="error" message="Opening brace should be on a new line"/>
 </testcase>
 <testcase name="Squiz.WhiteSpace.ScopeClosingBrace.ContentBefore at /var/www/html/app/Services/PriceSearchService.php (13:89)">
  <failure type="error" message="Closing brace must be on a line by itself"/>
 </testcase>
</testsuite>
<testsuite name="/var/www/html/app/Console/Commands/ProcessPendingWebhooks.php" errors="0" tests="1" failures="0">
 <testcase name="/var/www/html/app/Console/Commands/ProcessPendingWebhooks.php"/>
</testsuite>
<testsuite name="/var/www/html/resources/views/category-show.blade.php" errors="0" tests="1" failures="0">
 <testcase name="/var/www/html/resources/views/category-show.blade.php"/>
</testsuite>
<testsuite name="/var/www/html/app/Http/Requests/ProductSearchRequest.php" errors="0" tests="1" failures="1">
 <testcase name="Generic.Files.LineLength.TooLong at /var/www/html/app/Http/Requests/ProductSearchRequest.php (257:143)">
  <failure type="warning" message="Line exceeds 120 characters; contains 143 characters"/>
 </testcase>
</testsuite>
<testsuite name="/var/www/html/app/Services/ProcessService.php" errors="0" tests="1" failures="0">
 <testcase name="/var/www/html/app/Services/ProcessService.php"/>
</testsuite>
<testsuite name="/var/www/html/app/Console/Commands/SEOAudit.php" errors="0" tests="3" failures="3">
 <testcase name="PSR12.Files.FileHeader.IncorrectOrder at /var/www/html/app/Console/Commands/SEOAudit.php (13:1)">
  <failure type="error" message="The file-level docblock must follow the opening PHP tag in the file header"/>
 </testcase>
 <testcase name="PSR12.Files.FileHeader.SpacingAfterBlock at /var/www/html/app/Console/Commands/SEOAudit.php (16:2)">
  <failure type="error" message="Header blocks must be separated by a single blank line"/>
 </testcase>
 <testcase name="PSR12.Files.FileHeader.IncorrectGrouping at /var/www/html/app/Console/Commands/SEOAudit.php (17:1)">
  <failure type="error" message="Similar statements must be grouped together inside header blocks; the first &quot;use&quot; statement was found on line 7"/>
 </testcase>
</testsuite>
<testsuite name="/var/www/html/resources/views/components/alert.blade.php" errors="0" tests="1" failures="0">
 <testcase name="/var/www/html/resources/views/components/alert.blade.php"/>
</testsuite>
<testsuite name="/var/www/html/app/Http/Requests/ProductUpdateRequest.php" errors="0" tests="7" failures="7">
 <testcase name="Generic.Files.LineLength.TooLong at /var/www/html/app/Http/Requests/ProductUpdateRequest.php (31:125)">
  <failure type="warning" message="Line exceeds 120 characters; contains 125 characters"/>
 </testcase>
 <testcase name="PSR12.Operators.OperatorSpacing.NoSpaceBefore at /var/www/html/app/Http/Requests/ProductUpdateRequest.php (216:63)">
  <failure type="error" message="Expected at least 1 space before &quot;.&quot;; 0 found"/>
 </testcase>
 <testcase name="PSR12.Operators.OperatorSpacing.NoSpaceAfter at /var/www/html/app/Http/Requests/ProductUpdateRequest.php (216:63)">
  <failure type="error" message="Expected at least 1 space after &quot;.&quot;; 0 found"/>
 </testcase>
 <testcase name="PSR12.Operators.OperatorSpacing.NoSpaceBefore at /var/www/html/app/Http/Requests/ProductUpdateRequest.php (216:91)">
  <failure type="error" message="Expected at least 1 space before &quot;.&quot;; 0 found"/>
 </testcase>
 <testcase name="PSR12.Operators.OperatorSpacing.NoSpaceAfter at /var/www/html/app/Http/Requests/ProductUpdateRequest.php (216:91)">
  <failure type="error" message="Expected at least 1 space after &quot;.&quot;; 0 found"/>
 </testcase>
 <testcase name="Generic.Files.LineLength.TooLong at /var/www/html/app/Http/Requests/ProductUpdateRequest.php (216:123)">
  <failure type="warning" message="Line exceeds 120 characters; contains 123 characters"/>
 </testcase>
 <testcase name="Generic.Files.LineLength.TooLong at /var/www/html/app/Http/Requests/ProductUpdateRequest.php (273:131)">
  <failure type="warning" message="Line exceeds 120 characters; contains 131 characters"/>
 </testcase>
</testsuite>
<testsuite name="/var/www/html/resources/views/components/aria-button.blade.php" errors="0" tests="1" failures="0">
 <testcase name="/var/www/html/resources/views/components/aria-button.blade.php"/>
</testsuite>
<testsuite name="/var/www/html/app/Services/ProductService.php" errors="0" tests="8" failures="8">
 <testcase name="Squiz.WhiteSpace.ScopeClosingBrace.ContentBefore at /var/www/html/app/Services/ProductService.php (18:8)">
  <failure type="error" message="Closing brace must be on a line by itself"/>
 </testcase>
 <testcase name="PSR12.Operators.OperatorSpacing.NoSpaceBefore at /var/www/html/app/Services/ProductService.php (32:29)">
  <failure type="error" message="Expected at least 1 space before &quot;.&quot;; 0 found"/>
 </testcase>
 <testcase name="PSR12.Operators.OperatorSpacing.NoSpaceAfter at /var/www/html/app/Services/ProductService.php (32:29)">
  <failure type="error" message="Expected at least 1 space after &quot;.&quot;; 0 found"/>
 </testcase>
 <testcase name="PSR12.Operators.OperatorSpacing.NoSpaceBefore at /var/www/html/app/Services/ProductService.php (58:28)">
  <failure type="error" message="Expected at least 1 space before &quot;.&quot;; 0 found"/>
 </testcase>
 <testcase name="PSR12.Operators.OperatorSpacing.NoSpaceAfter at /var/www/html/app/Services/ProductService.php (58:28)">
  <failure type="error" message="Expected at least 1 space after &quot;.&quot;; 0 found"/>
 </testcase>
 <testcase name="PSR12.Operators.OperatorSpacing.NoSpaceBefore at /var/www/html/app/Services/ProductService.php (77:31)">
  <failure type="error" message="Expected at least 1 space before &quot;.&quot;; 0 found"/>
 </testcase>
 <testcase name="PSR12.Operators.OperatorSpacing.NoSpaceAfter at /var/www/html/app/Services/ProductService.php (77:31)">
  <failure type="error" message="Expected at least 1 space after &quot;.&quot;; 0 found"/>
 </testcase>
 <testcase name="PSR12.Classes.ClassInstantiation.MissingParentheses at /var/www/html/app/Services/ProductService.php (83:88)">
  <failure type="error" message="Parentheses must be used when instantiating a new class"/>
 </testcase>
</testsuite>
<testsuite name="/var/www/html/resources/views/components/button.blade.php" errors="0" tests="1" failures="0">
 <testcase name="/var/www/html/resources/views/components/button.blade.php"/>
</testsuite>
<testsuite name="/var/www/html/app/Console/Commands/StatsCommand.php" errors="0" tests="15" failures="15">
 <testcase name="PSR12.Operators.OperatorSpacing.NoSpaceBefore at /var/www/html/app/Console/Commands/StatsCommand.php (40:24)">
  <failure type="error" message="Expected at least 1 space before &quot;.&quot;; 0 found"/>
 </testcase>
 <testcase name="PSR12.Operators.OperatorSpacing.NoSpaceAfter at /var/www/html/app/Console/Commands/StatsCommand.php (40:24)">
  <failure type="error" message="Expected at least 1 space after &quot;.&quot;; 0 found"/>
 </testcase>
 <testcase name="PSR12.Operators.OperatorSpacing.NoSpaceBefore at /var/www/html/app/Console/Commands/StatsCommand.php (94:34)">
  <failure type="error" message="Expected at least 1 space before &quot;.&quot;; 0 found"/>
 </testcase>
 <testcase name="PSR12.Operators.OperatorSpacing.NoSpaceAfter at /var/www/html/app/Console/Commands/StatsCommand.php (94:34)">
  <failure type="error" message="Expected at least 1 space after &quot;.&quot;; 0 found"/>
 </testcase>
 <testcase name="PSR12.Operators.OperatorSpacing.NoSpaceBefore at /var/www/html/app/Console/Commands/StatsCommand.php (95:34)">
  <failure type="error" message="Expected at least 1 space before &quot;.&quot;; 0 found"/>
 </testcase>
 <testcase name="PSR12.Operators.OperatorSpacing.NoSpaceAfter at /var/www/html/app/Console/Commands/StatsCommand.php (95:34)">
  <failure type="error" message="Expected at least 1 space after &quot;.&quot;; 0 found"/>
 </testcase>
 <testcase name="PSR12.Operators.OperatorSpacing.NoSpaceBefore at /var/www/html/app/Console/Commands/StatsCommand.php (96:34)">
  <failure type="error" message="Expected at least 1 space before &quot;.&quot;; 0 found"/>
 </testcase>
 <testcase name="PSR12.Operators.OperatorSpacing.NoSpaceAfter at /var/www/html/app/Console/Commands/StatsCommand.php (96:34)">
  <failure type="error" message="Expected at least 1 space after &quot;.&quot;; 0 found"/>
 </testcase>
 <testcase name="Generic.Files.LineLength.TooLong at /var/www/html/app/Console/Commands/StatsCommand.php (107:137)">
  <failure type="warning" message="Line exceeds 120 characters; contains 137 characters"/>
 </testcase>
 <testcase name="Generic.Files.LineLength.TooLong at /var/www/html/app/Console/Commands/StatsCommand.php (120:121)">
  <failure type="warning" message="Line exceeds 120 characters; contains 121 characters"/>
 </testcase>
 <testcase name="Generic.Files.LineLength.TooLong at /var/www/html/app/Console/Commands/StatsCommand.php (133:126)">
  <failure type="warning" message="Line exceeds 120 characters; contains 126 characters"/>
 </testcase>
 <testcase name="PSR12.Operators.OperatorSpacing.NoSpaceBefore at /var/www/html/app/Console/Commands/StatsCommand.php (171:40)">
  <failure type="error" message="Expected at least 1 space before &quot;.&quot;; 0 found"/>
 </testcase>
 <testcase name="PSR12.Operators.OperatorSpacing.NoSpaceAfter at /var/www/html/app/Console/Commands/StatsCommand.php (171:40)">
  <failure type="error" message="Expected at least 1 space after &quot;.&quot;; 0 found"/>
 </testcase>
 <testcase name="PSR12.Operators.OperatorSpacing.NoSpaceBefore at /var/www/html/app/Console/Commands/StatsCommand.php (171:44)">
  <failure type="error" message="Expected at least 1 space before &quot;.&quot;; 0 found"/>
 </testcase>
 <testcase name="PSR12.Operators.OperatorSpacing.NoSpaceAfter at /var/www/html/app/Console/Commands/StatsCommand.php (171:44)">
  <failure type="error" message="Expected at least 1 space after &quot;.&quot;; 0 found"/>
 </testcase>
</testsuite>
<testsuite name="/var/www/html/app/Http/Requests/RegisterRequest.php" errors="0" tests="2" failures="2">
 <testcase name="PSR12.Classes.OpeningBraceSpace.Found at /var/www/html/app/Http/Requests/RegisterRequest.php (11:1)">
  <failure type="error" message="Opening brace must not be followed by a blank line"/>
 </testcase>
 <testcase name="PSR2.Files.EndFileNewline.TooMany at /var/www/html/app/Http/Requests/RegisterRequest.php (50:1)">
  <failure type="error" message="Expected 1 blank line at end of file; 2 found"/>
 </testcase>
</testsuite>
<testsuite name="/var/www/html/resources/views/components/card.blade.php" errors="0" tests="1" failures="0">
 <testcase name="/var/www/html/resources/views/components/card.blade.php"/>
</testsuite>
<testsuite name="/var/www/html/app/Services/QualityAnalysisService.php" errors="0" tests="3" failures="3">
 <testcase name="PSR12.Operators.OperatorSpacing.NoSpaceBefore at /var/www/html/app/Services/QualityAnalysisService.php (25:57)">
  <failure type="error" message="Expected at least 1 space before &quot;.&quot;; 0 found"/>
 </testcase>
 <testcase name="PSR12.Operators.OperatorSpacing.NoSpaceAfter at /var/www/html/app/Services/QualityAnalysisService.php (25:57)">
  <failure type="error" message="Expected at least 1 space after &quot;.&quot;; 0 found"/>
 </testcase>
 <testcase name="Generic.Files.LineLength.TooLong at /var/www/html/app/Services/QualityAnalysisService.php (47:131)">
  <failure type="warning" message="Line exceeds 120 characters; contains 131 characters"/>
 </testcase>
</testsuite>
<testsuite name="/var/www/html/app/Http/Requests/ResetPasswordRequest.php" errors="0" tests="2" failures="2">
 <testcase name="PSR12.Classes.OpeningBraceSpace.Found at /var/www/html/app/Http/Requests/ResetPasswordRequest.php (11:1)">
  <failure type="error" message="Opening brace must not be followed by a blank line"/>
 </testcase>
 <testcase name="PSR2.Files.EndFileNewline.TooMany at /var/www/html/app/Http/Requests/ResetPasswordRequest.php (31:1)">
  <failure type="error" message="Expected 1 blank line at end of file; 2 found"/>
 </testcase>
</testsuite>
<testsuite name="/var/www/html/app/Console/Commands/UpdateExchangeRates.php" errors="0" tests="1" failures="0">
 <testcase name="/var/www/html/app/Console/Commands/UpdateExchangeRates.php"/>
</testsuite>
<testsuite name="/var/www/html/resources/views/components/input.blade.php" errors="0" tests="1" failures="0">
 <testcase name="/var/www/html/resources/views/components/input.blade.php"/>
</testsuite>
<testsuite name="/var/www/html/resources/views/components/modal.blade.php" errors="0" tests="1" failures="0">
 <testcase name="/var/www/html/resources/views/components/modal.blade.php"/>
</testsuite>
<testsuite name="/var/www/html/app/Console/Commands/UpdatePricesCommand.php" errors="0" tests="8" failures="8">
 <testcase name="Generic.Files.LineLength.TooLong at /var/www/html/app/Console/Commands/UpdatePricesCommand.php (20:210)">
  <failure type="warning" message="Line exceeds 120 characters; contains 210 characters"/>
 </testcase>
 <testcase name="PSR12.Operators.OperatorSpacing.NoSpaceBefore at /var/www/html/app/Console/Commands/UpdatePricesCommand.php (46:52)">
  <failure type="error" message="Expected at least 1 space before &quot;.&quot;; 0 found"/>
 </testcase>
 <testcase name="PSR12.Operators.OperatorSpacing.NoSpaceAfter at /var/www/html/app/Console/Commands/UpdatePricesCommand.php (46:52)">
  <failure type="error" message="Expected at least 1 space after &quot;.&quot;; 0 found"/>
 </testcase>
 <testcase name="PSR12.Operators.OperatorSpacing.NoSpaceBefore at /var/www/html/app/Console/Commands/UpdatePricesCommand.php (51:54)">
  <failure type="error" message="Expected at least 1 space before &quot;.&quot;; 0 found"/>
 </testcase>
 <testcase name="PSR12.Operators.OperatorSpacing.NoSpaceAfter at /var/www/html/app/Console/Commands/UpdatePricesCommand.php (51:54)">
  <failure type="error" message="Expected at least 1 space after &quot;.&quot;; 0 found"/>
 </testcase>
 <testcase name="Generic.Files.LineLength.TooLong at /var/www/html/app/Console/Commands/UpdatePricesCommand.php (77:122)">
  <failure type="warning" message="Line exceeds 120 characters; contains 122 characters"/>
 </testcase>
 <testcase name="PSR12.Operators.OperatorSpacing.NoSpaceBefore at /var/www/html/app/Console/Commands/UpdatePricesCommand.php (87:83)">
  <failure type="error" message="Expected at least 1 space before &quot;.&quot;; 0 found"/>
 </testcase>
 <testcase name="PSR12.Operators.OperatorSpacing.NoSpaceAfter at /var/www/html/app/Console/Commands/UpdatePricesCommand.php (87:83)">
  <failure type="error" message="Expected at least 1 space after &quot;.&quot;; 0 found"/>
 </testcase>
</testsuite>
<testsuite name="/var/www/html/app/Services/RecommendationService.php" errors="0" tests="1" failures="0">
 <testcase name="/var/www/html/app/Services/RecommendationService.php"/>
</testsuite>
<testsuite name="/var/www/html/app/Http/Requests/StoreBrandRequest.php" errors="0" tests="1" failures="1">
 <testcase name="PSR12.Classes.OpeningBraceSpace.Found at /var/www/html/app/Http/Requests/StoreBrandRequest.php (10:1)">
  <failure type="error" message="Opening brace must not be followed by a blank line"/>
 </testcase>
</testsuite>
<testsuite name="/var/www/html/resources/views/components/price-comparison-table.blade.php" errors="0" tests="1" failures="0">
 <testcase name="/var/www/html/resources/views/components/price-comparison-table.blade.php"/>
</testsuite>
<testsuite name="/var/www/html/app/Console/Kernel.php" errors="0" tests="1" failures="0">
 <testcase name="/var/www/html/app/Console/Kernel.php"/>
</testsuite>
<testsuite name="/var/www/html/resources/views/components/variables.blade.php" errors="0" tests="1" failures="0">
 <testcase name="/var/www/html/resources/views/components/variables.blade.php"/>
</testsuite>
<testsuite name="/var/www/html/app/Services/ReportService.php" errors="0" tests="2" failures="2">
 <testcase name="Generic.Files.LineLength.TooLong at /var/www/html/app/Services/ReportService.php (24:123)">
  <failure type="warning" message="Line exceeds 120 characters; contains 127 characters"/>
 </testcase>
 <testcase name="Generic.Files.LineLength.TooLong at /var/www/html/app/Services/ReportService.php (541:140)">
  <failure type="warning" message="Line exceeds 120 characters; contains 140 characters"/>
 </testcase>
</testsuite>
<testsuite name="/var/www/html/app/Http/Requests/StoreCategoryRequest.php" errors="0" tests="1" failures="0">
 <testcase name="/var/www/html/app/Http/Requests/StoreCategoryRequest.php"/>
</testsuite>
<testsuite name="/var/www/html/app/Contracts/FileSecurityService.php" errors="0" tests="1" failures="0">
 <testcase name="/var/www/html/app/Contracts/FileSecurityService.php"/>
</testsuite>
<testsuite name="/var/www/html/resources/views/contact.blade.php" errors="0" tests="1" failures="0">
 <testcase name="/var/www/html/resources/views/contact.blade.php"/>
</testsuite>
<testsuite name="/var/www/html/app/Services/RouteConfigurationService.php" errors="0" tests="5" failures="5">
 <testcase name="Squiz.Functions.MultiLineFunctionDeclaration.BraceOnSameLine at /var/www/html/app/Services/RouteConfigurationService.php (14:109)">
  <failure type="error" message="Opening brace should be on a new line"/>
 </testcase>
 <testcase name="Squiz.WhiteSpace.ScopeClosingBrace.ContentBefore at /var/www/html/app/Services/RouteConfigurationService.php (14:110)">
  <failure type="error" message="Closing brace must be on a line by itself"/>
 </testcase>
 <testcase name="Generic.Files.LineLength.TooLong at /var/www/html/app/Services/RouteConfigurationService.php (22:147)">
  <failure type="warning" message="Line exceeds 120 characters; contains 147 characters"/>
 </testcase>
 <testcase name="Generic.Files.LineLength.TooLong at /var/www/html/app/Services/RouteConfigurationService.php (25:139)">
  <failure type="warning" message="Line exceeds 120 characters; contains 139 characters"/>
 </testcase>
 <testcase name="Generic.Files.LineLength.TooLong at /var/www/html/app/Services/RouteConfigurationService.php (31:135)">
  <failure type="warning" message="Line exceeds 120 characters; contains 135 characters"/>
 </testcase>
</testsuite>
<testsuite name="/var/www/html/app/Http/Requests/StorePriceAlertRequest.php" errors="0" tests="1" failures="1">
 <testcase name="PSR12.Classes.OpeningBraceSpace.Found at /var/www/html/app/Http/Requests/StorePriceAlertRequest.php (10:1)">
  <failure type="error" message="Opening brace must not be followed by a blank line"/>
 </testcase>
</testsuite>
<testsuite name="/var/www/html/resources/views/emails/welcome.blade.php" errors="0" tests="1" failures="0">
 <testcase name="/var/www/html/resources/views/emails/welcome.blade.php"/>
</testsuite>
<testsuite name="/var/www/html/app/Contracts/LoginAttemptService.php" errors="0" tests="1" failures="0">
 <testcase name="/var/www/html/app/Contracts/LoginAttemptService.php"/>
</testsuite>
<testsuite name="/var/www/html/resources/views/errors/404.blade.php" errors="0" tests="1" failures="0">
 <testcase name="/var/www/html/resources/views/errors/404.blade.php"/>
</testsuite>
<testsuite name="/var/www/html/app/Contracts/PasswordResetService.php" errors="0" tests="1" failures="0">
 <testcase name="/var/www/html/app/Contracts/PasswordResetService.php"/>
</testsuite>
<testsuite name="/var/www/html/app/Services/SecurityAnalysisService.php" errors="0" tests="2" failures="2">
 <testcase name="PSR12.Operators.OperatorSpacing.NoSpaceBefore at /var/www/html/app/Services/SecurityAnalysisService.php (28:53)">
  <failure type="error" message="Expected at least 1 space before &quot;.&quot;; 0 found"/>
 </testcase>
 <testcase name="PSR12.Operators.OperatorSpacing.NoSpaceAfter at /var/www/html/app/Services/SecurityAnalysisService.php (28:53)">
  <failure type="error" message="Expected at least 1 space after &quot;.&quot;; 0 found"/>
 </testcase>
</testsuite>
<testsuite name="/var/www/html/app/Http/Requests/StoreProductRequest.php" errors="0" tests="1" failures="0">
 <testcase name="/var/www/html/app/Http/Requests/StoreProductRequest.php"/>
</testsuite>
<testsuite name="/var/www/html/app/Contracts/StoreAdapterInterface.php" errors="0" tests="5" failures="5">
 <testcase name="Squiz.WhiteSpace.SuperfluousWhitespace.EndLine at /var/www/html/app/Contracts/StoreAdapterInterface.php (9:3)">
  <failure type="error" message="Whitespace found at end of line"/>
 </testcase>
 <testcase name="Squiz.WhiteSpace.SuperfluousWhitespace.EndLine at /var/www/html/app/Contracts/StoreAdapterInterface.php (32:7)">
  <failure type="error" message="Whitespace found at end of line"/>
 </testcase>
 <testcase name="Squiz.WhiteSpace.SuperfluousWhitespace.EndLine at /var/www/html/app/Contracts/StoreAdapterInterface.php (53:7)">
  <failure type="error" message="Whitespace found at end of line"/>
 </testcase>
 <testcase name="Squiz.WhiteSpace.SuperfluousWhitespace.EndLine at /var/www/html/app/Contracts/StoreAdapterInterface.php (72:7)">
  <failure type="error" message="Whitespace found at end of line"/>
 </testcase>
 <testcase name="PSR2.Files.EndFileNewline.TooMany at /var/www/html/app/Contracts/StoreAdapterInterface.php (80:1)">
  <failure type="error" message="Expected 1 blank line at end of file; 2 found"/>
 </testcase>
</testsuite>
<testsuite name="/var/www/html/resources/views/home.blade.php" errors="0" tests="1" failures="0">
 <testcase name="/var/www/html/resources/views/home.blade.php"/>
</testsuite>
<testsuite name="/var/www/html/app/Services/SEOService.php" errors="0" tests="1" failures="1">
 <testcase name="PSR2.Files.EndFileNewline.TooMany at /var/www/html/app/Services/SEOService.php (262:1)">
  <failure type="error" message="Expected 1 blank line at end of file; 2 found"/>
 </testcase>
</testsuite>
<testsuite name="/var/www/html/app/Contracts/UserBanService.php" errors="0" tests="1" failures="1">
 <testcase name="Generic.Files.LineLength.TooLong at /var/www/html/app/Contracts/UserBanService.php (14:130)">
  <failure type="warning" message="Line exceeds 120 characters; contains 130 characters"/>
 </testcase>
</testsuite>
<testsuite name="/var/www/html/resources/views/layouts/app.blade.php" errors="0" tests="1" failures="0">
 <testcase name="/var/www/html/resources/views/layouts/app.blade.php"/>
</testsuite>
<testsuite name="/var/www/html/app/Http/Requests/StoreReviewRequest.php" errors="0" tests="1" failures="1">
 <testcase name="PSR12.Classes.OpeningBraceSpace.Found at /var/www/html/app/Http/Requests/StoreReviewRequest.php (10:1)">
  <failure type="error" message="Opening brace must not be followed by a blank line"/>
 </testcase>
</testsuite>
<testsuite name="/var/www/html/app/DTO/AnalysisResult.php" errors="0" tests="1" failures="1">
 <testcase name="Squiz.WhiteSpace.ScopeClosingBrace.ContentBefore at /var/www/html/app/DTO/AnalysisResult.php (15:8)">
  <failure type="error" message="Closing brace must be on a line by itself"/>
 </testcase>
</testsuite>
<testsuite name="/var/www/html/resources/views/layouts/footer.blade.php" errors="0" tests="1" failures="0">
 <testcase name="/var/www/html/resources/views/layouts/footer.blade.php"/>
</testsuite>
<testsuite name="/var/www/html/app/Services/StorageManagementService.php" errors="0" tests="4" failures="4">
 <testcase name="Generic.Files.LineLength.TooLong at /var/www/html/app/Services/StorageManagementService.php (115:123)">
  <failure type="warning" message="Line exceeds 120 characters; contains 123 characters"/>
 </testcase>
 <testcase name="Generic.Files.LineLength.TooLong at /var/www/html/app/Services/StorageManagementService.php (386:122)">
  <failure type="warning" message="Line exceeds 120 characters; contains 122 characters"/>
 </testcase>
 <testcase name="Generic.Files.LineLength.TooLong at /var/www/html/app/Services/StorageManagementService.php (387:128)">
  <failure type="warning" message="Line exceeds 120 characters; contains 128 characters"/>
 </testcase>
 <testcase name="Generic.Files.LineLength.TooLong at /var/www/html/app/Services/StorageManagementService.php (388:126)">
  <failure type="warning" message="Line exceeds 120 characters; contains 126 characters"/>
 </testcase>
</testsuite>
<testsuite name="/var/www/html/app/Http/Requests/SwitchLanguageRequest.php" errors="0" tests="1" failures="1">
 <testcase name="PSR12.Classes.OpeningBraceSpace.Found at /var/www/html/app/Http/Requests/SwitchLanguageRequest.php (10:1)">
  <failure type="error" message="Opening brace must not be followed by a blank line"/>
 </testcase>
</testsuite>
<testsuite name="/var/www/html/app/Services/StoreAdapterManager.php" errors="0" tests="1" failures="0">
 <testcase name="/var/www/html/app/Services/StoreAdapterManager.php"/>
</testsuite>
<testsuite name="/var/www/html/resources/views/layouts/navigation.blade.php" errors="0" tests="1" failures="0">
 <testcase name="/var/www/html/resources/views/layouts/navigation.blade.php"/>
</testsuite>
<testsuite name="/var/www/html/app/DTO/ProcessResult.php" errors="0" tests="1" failures="1">
 <testcase name="Squiz.WhiteSpace.ScopeClosingBrace.ContentBefore at /var/www/html/app/DTO/ProcessResult.php (25:8)">
  <failure type="error" message="Closing brace must be on a line by itself"/>
 </testcase>
</testsuite>
<testsuite name="/var/www/html/app/Services/StoreAdapters/AbstractStoreAdapter.php" errors="0" tests="4" failures="4">
 <testcase name="Squiz.WhiteSpace.SuperfluousWhitespace.EndLine at /var/www/html/app/Services/StoreAdapters/AbstractStoreAdapter.php (39:1)">
  <failure type="error" message="Whitespace found at end of line"/>
 </testcase>
 <testcase name="Squiz.WhiteSpace.ControlStructureSpacing.SpacingBeforeClose at /var/www/html/app/Services/StoreAdapters/AbstractStoreAdapter.php (46:1)">
  <failure type="error" message="Blank line found at end of control structure"/>
 </testcase>
 <testcase name="Squiz.WhiteSpace.SuperfluousWhitespace.EndLine at /var/www/html/app/Services/StoreAdapters/AbstractStoreAdapter.php (49:1)">
  <failure type="error" message="Whitespace found at end of line"/>
 </testcase>
 <testcase name="PSR2.Files.EndFileNewline.TooMany at /var/www/html/app/Services/StoreAdapters/AbstractStoreAdapter.php (136:1)">
  <failure type="error" message="Expected 1 blank line at end of file; 2 found"/>
 </testcase>
</testsuite>
<testsuite name="/var/www/html/resources/views/layouts/partials/header.blade.php" errors="0" tests="1" failures="0">
 <testcase name="/var/www/html/resources/views/layouts/partials/header.blade.php"/>
</testsuite>
<testsuite name="/var/www/html/app/Enums/NotificationStatus.php" errors="0" tests="1" failures="1">
 <testcase name="PSR2.Files.EndFileNewline.TooMany at /var/www/html/app/Enums/NotificationStatus.php (49:1)">
  <failure type="error" message="Expected 1 blank line at end of file; 2 found"/>
 </testcase>
</testsuite>
<testsuite name="/var/www/html/app/Http/Requests/UpdateBrandRequest.php" errors="0" tests="1" failures="1">
 <testcase name="PSR12.Classes.OpeningBraceSpace.Found at /var/www/html/app/Http/Requests/UpdateBrandRequest.php (10:1)">
  <failure type="error" message="Opening brace must not be followed by a blank line"/>
 </testcase>
</testsuite>
<testsuite name="/var/www/html/app/Services/StoreAdapters/AmazonAdapter.php" errors="0" tests="5" failures="5">
 <testcase name="Squiz.WhiteSpace.SuperfluousWhitespace.EndLine at /var/www/html/app/Services/StoreAdapters/AmazonAdapter.php (9:3)">
  <failure type="error" message="Whitespace found at end of line"/>
 </testcase>
 <testcase name="Squiz.WhiteSpace.SuperfluousWhitespace.EndLine at /var/www/html/app/Services/StoreAdapters/AmazonAdapter.php (92:1)">
  <failure type="error" message="Whitespace found at end of line"/>
 </testcase>
 <testcase name="Generic.Files.LineLength.TooLong at /var/www/html/app/Services/StoreAdapters/AmazonAdapter.php (93:122)">
  <failure type="warning" message="Line exceeds 120 characters; contains 122 characters"/>
 </testcase>
 <testcase name="Squiz.WhiteSpace.SuperfluousWhitespace.EndLine at /var/www/html/app/Services/StoreAdapters/AmazonAdapter.php (94:1)">
  <failure type="error" message="Whitespace found at end of line"/>
 </testcase>
 <testcase name="PSR2.Files.EndFileNewline.TooMany at /var/www/html/app/Services/StoreAdapters/AmazonAdapter.php (182:1)">
  <failure type="error" message="Expected 1 blank line at end of file; 2 found"/>
 </testcase>
</testsuite>
<testsuite name="/var/www/html/resources/views/price-alerts/create.blade.php" errors="0" tests="1" failures="0">
 <testcase name="/var/www/html/resources/views/price-alerts/create.blade.php"/>
</testsuite>
<testsuite name="/var/www/html/app/Enums/OrderStatus.php" errors="0" tests="1" failures="1">
 <testcase name="PSR2.Files.EndFileNewline.TooMany at /var/www/html/app/Enums/OrderStatus.php (80:1)">
  <failure type="error" message="Expected 1 blank line at end of file; 2 found"/>
 </testcase>
</testsuite>
<testsuite name="/var/www/html/app/Http/Requests/UpdateCartRequest.php" errors="0" tests="2" failures="2">
 <testcase name="PSR12.Classes.OpeningBraceSpace.Found at /var/www/html/app/Http/Requests/UpdateCartRequest.php (10:1)">
  <failure type="error" message="Opening brace must not be followed by a blank line"/>
 </testcase>
 <testcase name="PSR2.Files.EndFileNewline.TooMany at /var/www/html/app/Http/Requests/UpdateCartRequest.php (29:1)">
  <failure type="error" message="Expected 1 blank line at end of file; 2 found"/>
 </testcase>
</testsuite>
<testsuite name="/var/www/html/app/Services/StoreAdapters/EbayAdapter.php" errors="0" tests="1" failures="1">
 <testcase name="Generic.Files.LineLength.TooLong at /var/www/html/app/Services/StoreAdapters/EbayAdapter.php (88:138)">
  <failure type="warning" message="Line exceeds 120 characters; contains 138 characters"/>
 </testcase>
</testsuite>
<testsuite name="/var/www/html/app/Enums/UserRole.php" errors="0" tests="1" failures="1">
 <testcase name="PSR2.Files.EndFileNewline.TooMany at /var/www/html/app/Enums/UserRole.php (87:1)">
  <failure type="error" message="Expected 1 blank line at end of file; 2 found"/>
 </testcase>
</testsuite>
<testsuite name="/var/www/html/resources/views/price-alerts/edit.blade.php" errors="0" tests="1" failures="0">
 <testcase name="/var/www/html/resources/views/price-alerts/edit.blade.php"/>
</testsuite>
<testsuite name="/var/www/html/app/Services/StoreAdapters/NoonAdapter.php" errors="0" tests="1" failures="0">
 <testcase name="/var/www/html/app/Services/StoreAdapters/NoonAdapter.php"/>
</testsuite>
<testsuite name="/var/www/html/app/Events/OrderStatusChanged.php" errors="0" tests="1" failures="1">
 <testcase name="Squiz.WhiteSpace.ScopeClosingBrace.ContentBefore at /var/www/html/app/Events/OrderStatusChanged.php (28:8)">
  <failure type="error" message="Closing brace must be on a line by itself"/>
 </testcase>
</testsuite>
<testsuite name="/var/www/html/app/Http/Requests/UpdateCategoryRequest.php" errors="0" tests="1" failures="0">
 <testcase name="/var/www/html/app/Http/Requests/UpdateCategoryRequest.php"/>
</testsuite>
<testsuite name="/var/www/html/resources/views/price-alerts/index.blade.php" errors="0" tests="1" failures="0">
 <testcase name="/var/www/html/resources/views/price-alerts/index.blade.php"/>
</testsuite>
<testsuite name="/var/www/html/resources/views/price-alerts/show.blade.php" errors="0" tests="1" failures="0">
 <testcase name="/var/www/html/resources/views/price-alerts/show.blade.php"/>
</testsuite>
<testsuite name="/var/www/html/app/Services/SuspiciousActivityService.php" errors="0" tests="3" failures="3">
 <testcase name="Generic.Files.LineLength.TooLong at /var/www/html/app/Services/SuspiciousActivityService.php (214:121)">
  <failure type="warning" message="Line exceeds 120 characters; contains 125 characters"/>
 </testcase>
 <testcase name="Generic.Files.LineLength.TooLong at /var/www/html/app/Services/SuspiciousActivityService.php (328:146)">
  <failure type="warning" message="Line exceeds 120 characters; contains 150 characters"/>
 </testcase>
 <testcase name="Generic.Files.LineLength.TooLong at /var/www/html/app/Services/SuspiciousActivityService.php (351:118)">
  <failure type="warning" message="Line exceeds 120 characters; contains 122 characters"/>
 </testcase>
</testsuite>
<testsuite name="/var/www/html/app/Exceptions/GlobalExceptionHandler.php" errors="0" tests="26" failures="26">
 <testcase name="Squiz.WhiteSpace.ScopeClosingBrace.ContentBefore at /var/www/html/app/Exceptions/GlobalExceptionHandler.php (41:65)">
  <failure type="error" message="Closing brace must be on a line by itself"/>
 </testcase>
 <testcase name="Generic.Files.LineLength.TooLong at /var/www/html/app/Exceptions/GlobalExceptionHandler.php (48:126)">
  <failure type="warning" message="Line exceeds 120 characters; contains 133 characters"/>
 </testcase>
 <testcase name="Generic.Files.LineLength.TooLong at /var/www/html/app/Exceptions/GlobalExceptionHandler.php (106:168)">
  <failure type="warning" message="Line exceeds 120 characters; contains 175 characters"/>
 </testcase>
 <testcase name="PSR12.Operators.OperatorSpacing.NoSpaceBefore at /var/www/html/app/Exceptions/GlobalExceptionHandler.php (331:73)">
  <failure type="error" message="Expected at least 1 space before &quot;.&quot;; 0 found"/>
 </testcase>
 <testcase name="PSR12.Operators.OperatorSpacing.NoSpaceBefore at /var/www/html/app/Exceptions/GlobalExceptionHandler.php (332:34)">
  <failure type="error" message="Expected at least 1 space before &quot;.&quot;; 0 found"/>
 </testcase>
 <testcase name="PSR12.Operators.OperatorSpacing.NoSpaceAfter at /var/www/html/app/Exceptions/GlobalExceptionHandler.php (332:34)">
  <failure type="error" message="Expected at least 1 space after &quot;.&quot;; 0 found"/>
 </testcase>
 <testcase name="PSR12.Operators.OperatorSpacing.NoSpaceBefore at /var/www/html/app/Exceptions/GlobalExceptionHandler.php (332:51)">
  <failure type="error" message="Expected at least 1 space before &quot;.&quot;; 0 found"/>
 </testcase>
 <testcase name="PSR12.Operators.OperatorSpacing.NoSpaceAfter at /var/www/html/app/Exceptions/GlobalExceptionHandler.php (332:51)">
  <failure type="error" message="Expected at least 1 space after &quot;.&quot;; 0 found"/>
 </testcase>
 <testcase name="PSR12.Operators.OperatorSpacing.NoSpaceBefore at /var/www/html/app/Exceptions/GlobalExceptionHandler.php (332:56)">
  <failure type="error" message="Expected at least 1 space before &quot;.&quot;; 0 found"/>
 </testcase>
 <testcase name="PSR12.Operators.OperatorSpacing.NoSpaceBefore at /var/www/html/app/Exceptions/GlobalExceptionHandler.php (333:33)">
  <failure type="error" message="Expected at least 1 space before &quot;.&quot;; 0 found"/>
 </testcase>
 <testcase name="PSR12.Operators.OperatorSpacing.NoSpaceAfter at /var/www/html/app/Exceptions/GlobalExceptionHandler.php (333:33)">
  <failure type="error" message="Expected at least 1 space after &quot;.&quot;; 0 found"/>
 </testcase>
 <testcase name="PSR12.Operators.OperatorSpacing.NoSpaceBefore at /var/www/html/app/Exceptions/GlobalExceptionHandler.php (333:47)">
  <failure type="error" message="Expected at least 1 space before &quot;.&quot;; 0 found"/>
 </testcase>
 <testcase name="PSR12.Operators.OperatorSpacing.NoSpaceAfter at /var/www/html/app/Exceptions/GlobalExceptionHandler.php (333:47)">
  <failure type="error" message="Expected at least 1 space after &quot;.&quot;; 0 found"/>
 </testcase>
 <testcase name="PSR12.Operators.OperatorSpacing.NoSpaceBefore at /var/www/html/app/Exceptions/GlobalExceptionHandler.php (333:51)">
  <failure type="error" message="Expected at least 1 space before &quot;.&quot;; 0 found"/>
 </testcase>
 <testcase name="PSR12.Operators.OperatorSpacing.NoSpaceAfter at /var/www/html/app/Exceptions/GlobalExceptionHandler.php (333:51)">
  <failure type="error" message="Expected at least 1 space after &quot;.&quot;; 0 found"/>
 </testcase>
 <testcase name="PSR12.Operators.OperatorSpacing.NoSpaceBefore at /var/www/html/app/Exceptions/GlobalExceptionHandler.php (333:65)">
  <failure type="error" message="Expected at least 1 space before &quot;.&quot;; 0 found"/>
 </testcase>
 <testcase name="PSR12.Operators.OperatorSpacing.NoSpaceAfter at /var/www/html/app/Exceptions/GlobalExceptionHandler.php (333:65)">
  <failure type="error" message="Expected at least 1 space after &quot;.&quot;; 0 found"/>
 </testcase>
 <testcase name="PSR12.Operators.OperatorSpacing.NoSpaceBefore at /var/www/html/app/Exceptions/GlobalExceptionHandler.php (333:70)">
  <failure type="error" message="Expected at least 1 space before &quot;.&quot;; 0 found"/>
 </testcase>
 <testcase name="PSR12.Operators.OperatorSpacing.NoSpaceBefore at /var/www/html/app/Exceptions/GlobalExceptionHandler.php (334:33)">
  <failure type="error" message="Expected at least 1 space before &quot;.&quot;; 0 found"/>
 </testcase>
 <testcase name="PSR12.Operators.OperatorSpacing.NoSpaceAfter at /var/www/html/app/Exceptions/GlobalExceptionHandler.php (334:33)">
  <failure type="error" message="Expected at least 1 space after &quot;.&quot;; 0 found"/>
 </testcase>
 <testcase name="PSR12.Operators.OperatorSpacing.NoSpaceBefore at /var/www/html/app/Exceptions/GlobalExceptionHandler.php (334:54)">
  <failure type="error" message="Expected at least 1 space before &quot;.&quot;; 0 found"/>
 </testcase>
 <testcase name="PSR12.Operators.OperatorSpacing.NoSpaceAfter at /var/www/html/app/Exceptions/GlobalExceptionHandler.php (334:54)">
  <failure type="error" message="Expected at least 1 space after &quot;.&quot;; 0 found"/>
 </testcase>
 <testcase name="PSR12.Operators.OperatorSpacing.NoSpaceBefore at /var/www/html/app/Exceptions/GlobalExceptionHandler.php (334:59)">
  <failure type="error" message="Expected at least 1 space before &quot;.&quot;; 0 found"/>
 </testcase>
 <testcase name="PSR12.Operators.OperatorSpacing.NoSpaceBefore at /var/www/html/app/Exceptions/GlobalExceptionHandler.php (335:32)">
  <failure type="error" message="Expected at least 1 space before &quot;.&quot;; 0 found"/>
 </testcase>
 <testcase name="PSR12.Operators.OperatorSpacing.NoSpaceAfter at /var/www/html/app/Exceptions/GlobalExceptionHandler.php (335:32)">
  <failure type="error" message="Expected at least 1 space after &quot;.&quot;; 0 found"/>
 </testcase>
 <testcase name="Generic.Files.LineLength.TooLong at /var/www/html/app/Exceptions/GlobalExceptionHandler.php (337:127)">
  <failure type="warning" message="Line exceeds 120 characters; contains 127 characters"/>
 </testcase>
</testsuite>
<testsuite name="/var/www/html/app/Http/Requests/UpdatePriceAlertRequest.php" errors="0" tests="1" failures="1">
 <testcase name="PSR12.Classes.OpeningBraceSpace.Found at /var/www/html/app/Http/Requests/UpdatePriceAlertRequest.php (10:1)">
  <failure type="error" message="Opening brace must not be followed by a blank line"/>
 </testcase>
</testsuite>
<testsuite name="/var/www/html/resources/views/product-show.blade.php" errors="0" tests="1" failures="0">
 <testcase name="/var/www/html/resources/views/product-show.blade.php"/>
</testsuite>
<testsuite name="/var/www/html/app/Services/TestAnalysisService.php" errors="0" tests="2" failures="2">
 <testcase name="Squiz.Functions.MultiLineFunctionDeclaration.BraceOnSameLine at /var/www/html/app/Services/TestAnalysisService.php (12:72)">
  <failure type="error" message="Opening brace should be on a new line"/>
 </testcase>
 <testcase name="Squiz.WhiteSpace.ScopeClosingBrace.ContentBefore at /var/www/html/app/Services/TestAnalysisService.php (12:73)">
  <failure type="error" message="Closing brace must be on a line by itself"/>
 </testcase>
</testsuite>
<testsuite name="/var/www/html/app/Exceptions/Handler.php" errors="0" tests="1" failures="0">
 <testcase name="/var/www/html/app/Exceptions/Handler.php"/>
</testsuite>
<testsuite name="/var/www/html/resources/views/products/index.blade.php" errors="0" tests="1" failures="0">
 <testcase name="/var/www/html/resources/views/products/index.blade.php"/>
</testsuite>
<testsuite name="/var/www/html/app/Http/Requests/UpdateProductRequest.php" errors="0" tests="1" failures="1">
 <testcase name="PSR12.Classes.OpeningBraceSpace.Found at /var/www/html/app/Http/Requests/UpdateProductRequest.php (10:1)">
  <failure type="error" message="Opening brace must not be followed by a blank line"/>
 </testcase>
</testsuite>
<testsuite name="/var/www/html/app/Exceptions/ProductUpdate.php" errors="0" tests="2" failures="2">
 <testcase name="PSR2.Classes.ClassDeclaration.OpenBraceNewLine at /var/www/html/app/Exceptions/ProductUpdate.php (9:39)">
  <failure type="error" message="Opening brace of a class must be on the line after the definition"/>
 </testcase>
 <testcase name="Squiz.WhiteSpace.ScopeClosingBrace.ContentBefore at /var/www/html/app/Exceptions/ProductUpdate.php (9:40)">
  <failure type="error" message="Closing brace must be on a line by itself"/>
 </testcase>
</testsuite>
<testsuite name="/var/www/html/resources/views/products/price-comparison.blade.php" errors="0" tests="1" failures="0">
 <testcase name="/var/www/html/resources/views/products/price-comparison.blade.php"/>
</testsuite>
<testsuite name="/var/www/html/app/Services/UserBanService.php" errors="0" tests="1" failures="0">
 <testcase name="/var/www/html/app/Services/UserBanService.php"/>
</testsuite>
<testsuite name="/var/www/html/app/Helpers/OrderHelper.php" errors="0" tests="1" failures="0">
 <testcase name="/var/www/html/app/Helpers/OrderHelper.php"/>
</testsuite>
<testsuite name="/var/www/html/app/Services/WebhookService.php" errors="0" tests="4" failures="4">
 <testcase name="PSR12.Classes.OpeningBraceSpace.Found at /var/www/html/app/Services/WebhookService.php (12:1)">
  <failure type="error" message="Opening brace must not be followed by a blank line"/>
 </testcase>
 <testcase name="Squiz.WhiteSpace.ControlStructureSpacing.SpacingBeforeClose at /var/www/html/app/Services/WebhookService.php (78:1)">
  <failure type="error" message="Blank line found at end of control structure"/>
 </testcase>
 <testcase name="Generic.Files.LineLength.TooLong at /var/www/html/app/Services/WebhookService.php (214:121)">
  <failure type="warning" message="Line exceeds 120 characters; contains 121 characters"/>
 </testcase>
 <testcase name="PSR2.Files.EndFileNewline.TooMany at /var/www/html/app/Services/WebhookService.php (248:1)">
  <failure type="error" message="Expected 1 blank line at end of file; 2 found"/>
 </testcase>
</testsuite>
<testsuite name="/var/www/html/app/Http/Requests/UpdateReviewRequest.php" errors="0" tests="1" failures="1">
 <testcase name="PSR12.Classes.OpeningBraceSpace.Found at /var/www/html/app/Http/Requests/UpdateReviewRequest.php (10:1)">
  <failure type="error" message="Opening brace must not be followed by a blank line"/>
 </testcase>
</testsuite>
<testsuite name="/var/www/html/resources/views/products/show.blade.php" errors="0" tests="1" failures="0">
 <testcase name="/var/www/html/resources/views/products/show.blade.php"/>
</testsuite>
<testsuite name="/var/www/html/app/Helpers/PriceHelper.php" errors="0" tests="1" failures="0">
 <testcase name="/var/www/html/app/Helpers/PriceHelper.php"/>
</testsuite>
<testsuite name="/var/www/html/resources/views/profile/edit.blade.php" errors="0" tests="1" failures="0">
 <testcase name="/var/www/html/resources/views/profile/edit.blade.php"/>
</testsuite>
<testsuite name="/var/www/html/app/View/Composers/AppComposer.php" errors="0" tests="2" failures="2">
 <testcase name="PSR12.Classes.OpeningBraceSpace.Found at /var/www/html/app/View/Composers/AppComposer.php (13:1)">
  <failure type="error" message="Opening brace must not be followed by a blank line"/>
 </testcase>
 <testcase name="Generic.Files.LineLength.TooLong at /var/www/html/app/View/Composers/AppComposer.php (83:131)">
  <failure type="warning" message="Line exceeds 120 characters; contains 135 characters"/>
 </testcase>
</testsuite>
<testsuite name="/var/www/html/app/Http/Requests/UpdateUserRequest.php" errors="0" tests="1" failures="1">
 <testcase name="PSR12.Classes.OpeningBraceSpace.Found at /var/www/html/app/Http/Requests/UpdateUserRequest.php (11:1)">
  <failure type="error" message="Opening brace must not be followed by a blank line"/>
 </testcase>
</testsuite>
<testsuite name="/var/www/html/resources/views/welcome.blade.php" errors="0" tests="1" failures="0">
 <testcase name="/var/www/html/resources/views/welcome.blade.php"/>
</testsuite>
<testsuite name="/var/www/html/app/Http/Controllers/Admin/AIControlPanelController.php" errors="0" tests="2" failures="2">
 <testcase name="PSR2.Classes.ClassDeclaration.OpenBraceNewLine at /var/www/html/app/Http/Controllers/Admin/AIControlPanelController.php (13:51)">
  <failure type="error" message="Opening brace of a class must be on the line after the definition"/>
 </testcase>
 <testcase name="Squiz.WhiteSpace.ScopeClosingBrace.ContentBefore at /var/www/html/app/Http/Controllers/Admin/AIControlPanelController.php (13:52)">
  <failure type="error" message="Closing brace must be on a line by itself"/>
 </testcase>
</testsuite>
<testsuite name="/var/www/html/app/_ide_helper_cart.php" errors="0" tests="2" failures="2">
 <testcase name="PSR2.Classes.ClassDeclaration.OpenBraceNewLine at /var/www/html/app/_ide_helper_cart.php (10:18)">
  <failure type="error" message="Opening brace of a class must be on the line after the definition"/>
 </testcase>
 <testcase name="Squiz.WhiteSpace.ScopeClosingBrace.ContentBefore at /var/www/html/app/_ide_helper_cart.php (10:19)">
  <failure type="error" message="Closing brace must be on a line by itself"/>
 </testcase>
</testsuite>
<testsuite name="/var/www/html/app/Http/Resources/OrderItemResource.php" errors="0" tests="1" failures="0">
 <testcase name="/var/www/html/app/Http/Resources/OrderItemResource.php"/>
</testsuite>
<testsuite name="/var/www/html/resources/views/wishlist/index.blade.php" errors="0" tests="1" failures="0">
 <testcase name="/var/www/html/resources/views/wishlist/index.blade.php"/>
</testsuite>
<testsuite name="/var/www/html/app/Http/Resources/OrderResource.php" errors="0" tests="1" failures="0">
 <testcase name="/var/www/html/app/Http/Resources/OrderResource.php"/>
</testsuite>
<testsuite name="/var/www/html/bootstrap/app.php" errors="0" tests="1" failures="1">
 <testcase name="Squiz.WhiteSpace.ScopeClosingBrace.ContentBefore at /var/www/html/bootstrap/app.php (28:57)">
  <failure type="error" message="Closing brace must be on a line by itself"/>
 </testcase>
</testsuite>
<testsuite name="/var/www/html/app/Http/Controllers/Admin/DashboardController.php" errors="0" tests="2" failures="2">
 <testcase name="Generic.Files.LineLength.TooLong at /var/www/html/app/Http/Controllers/Admin/DashboardController.php (99:135)">
  <failure type="warning" message="Line exceeds 120 characters; contains 135 characters"/>
 </testcase>
 <testcase name="Generic.Files.LineLength.TooLong at /var/www/html/app/Http/Controllers/Admin/DashboardController.php (116:124)">
  <failure type="warning" message="Line exceeds 120 characters; contains 124 characters"/>
 </testcase>
</testsuite>
<testsuite name="/var/www/html/app/Http/Resources/ProductResource.php" errors="0" tests="1" failures="0">
 <testcase name="/var/www/html/app/Http/Resources/ProductResource.php"/>
</testsuite>
<testsuite name="/var/www/html/routes/api.php" errors="0" tests="4" failures="4">
 <testcase name="Generic.Files.LineLength.TooLong at /var/www/html/routes/api.php (29:126)">
  <failure type="warning" message="Line exceeds 120 characters; contains 126 characters"/>
 </testcase>
 <testcase name="Generic.Files.LineLength.TooLong at /var/www/html/routes/api.php (197:121)">
  <failure type="warning" message="Line exceeds 120 characters; contains 121 characters"/>
 </testcase>
 <testcase name="Generic.Files.LineLength.TooLong at /var/www/html/routes/api.php (424:125)">
  <failure type="warning" message="Line exceeds 120 characters; contains 125 characters"/>
 </testcase>
 <testcase name="Generic.Files.LineLength.TooLong at /var/www/html/routes/api.php (446:121)">
  <failure type="warning" message="Line exceeds 120 characters; contains 121 characters"/>
 </testcase>
</testsuite>
<testsuite name="/var/www/html/check-environment.php" errors="0" tests="111" failures="111">
 <testcase name="PSR1.Files.SideEffects.FoundWithSymbols at /var/www/html/check-environment.php (1:1)">
  <failure type="warning" message="A file should declare new symbols (classes, functions, constants, etc.) and cause no other side effects, or it should execute logic with side effects, but should not do both. The first symbol is defined on line 25 and the first side effect is on line 20."/>
 </testcase>
 <testcase name="PSR12.Operators.OperatorSpacing.NoSpaceBefore at /var/www/html/check-environment.php (27:14)">
  <failure type="error" message="Expected at least 1 space before &quot;.&quot;; 0 found"/>
 </testcase>
 <testcase name="PSR12.Operators.OperatorSpacing.NoSpaceAfter at /var/www/html/check-environment.php (27:14)">
  <failure type="error" message="Expected at least 1 space after &quot;.&quot;; 0 found"/>
 </testcase>
 <testcase name="PSR12.Operators.OperatorSpacing.NoSpaceBefore at /var/www/html/check-environment.php (27:25)">
  <failure type="error" message="Expected at least 1 space before &quot;.&quot;; 0 found"/>
 </testcase>
 <testcase name="PSR12.Operators.OperatorSpacing.NoSpaceAfter at /var/www/html/check-environment.php (27:25)">
  <failure type="error" message="Expected at least 1 space after &quot;.&quot;; 0 found"/>
 </testcase>
 <testcase name="PSR12.Operators.OperatorSpacing.NoSpaceBefore at /var/www/html/check-environment.php (27:41)">
  <failure type="error" message="Expected at least 1 space before &quot;.&quot;; 0 found"/>
 </testcase>
 <testcase name="PSR12.Operators.OperatorSpacing.NoSpaceAfter at /var/www/html/check-environment.php (27:41)">
  <failure type="error" message="Expected at least 1 space after &quot;.&quot;; 0 found"/>
 </testcase>
 <testcase name="PSR12.Operators.OperatorSpacing.NoSpaceBefore at /var/www/html/check-environment.php (27:53)">
  <failure type="error" message="Expected at least 1 space before &quot;.&quot;; 0 found"/>
 </testcase>
 <testcase name="PSR12.Operators.OperatorSpacing.NoSpaceAfter at /var/www/html/check-environment.php (27:53)">
  <failure type="error" message="Expected at least 1 space after &quot;.&quot;; 0 found"/>
 </testcase>
 <testcase name="PSR12.Operators.OperatorSpacing.NoSpaceBefore at /var/www/html/check-environment.php (33:21)">
  <failure type="error" message="Expected at least 1 space before &quot;.&quot;; 0 found"/>
 </testcase>
 <testcase name="PSR12.Operators.OperatorSpacing.NoSpaceAfter at /var/www/html/check-environment.php (33:21)">
  <failure type="error" message="Expected at least 1 space after &quot;.&quot;; 0 found"/>
 </testcase>
 <testcase name="PSR12.Operators.OperatorSpacing.NoSpaceBefore at /var/www/html/check-environment.php (33:26)">
  <failure type="error" message="Expected at least 1 space before &quot;.&quot;; 0 found"/>
 </testcase>
 <testcase name="PSR12.Operators.OperatorSpacing.NoSpaceAfter at /var/www/html/check-environment.php (33:26)">
  <failure type="error" message="Expected at least 1 space after &quot;.&quot;; 0 found"/>
 </testcase>
 <testcase name="PSR12.Operators.OperatorSpacing.NoSpaceBefore at /var/www/html/check-environment.php (33:38)">
  <failure type="error" message="Expected at least 1 space before &quot;.&quot;; 0 found"/>
 </testcase>
 <testcase name="PSR12.Operators.OperatorSpacing.NoSpaceAfter at /var/www/html/check-environment.php (33:38)">
  <failure type="error" message="Expected at least 1 space after &quot;.&quot;; 0 found"/>
 </testcase>
 <testcase name="PSR12.Operators.OperatorSpacing.NoSpaceBefore at /var/www/html/check-environment.php (33:44)">
  <failure type="error" message="Expected at least 1 space before &quot;.&quot;; 0 found"/>
 </testcase>
 <testcase name="PSR12.Operators.OperatorSpacing.NoSpaceAfter at /var/www/html/check-environment.php (33:44)">
  <failure type="error" message="Expected at least 1 space after &quot;.&quot;; 0 found"/>
 </testcase>
 <testcase name="PSR12.Operators.OperatorSpacing.NoSpaceBefore at /var/www/html/check-environment.php (40:19)">
  <failure type="error" message="Expected at least 1 space before &quot;.&quot;; 0 found"/>
 </testcase>
 <testcase name="PSR12.Operators.OperatorSpacing.NoSpaceAfter at /var/www/html/check-environment.php (40:19)">
[...]
  <failure type="error" message="Expected at least 1 space before &quot;.&quot;; 0 found"/>
 </testcase>
 <testcase name="PSR12.Operators.OperatorSpacing.NoSpaceAfter at /var/www/html/tests/TestUtilities/TestSuiteValidator.php (144:58)">
  <failure type="error" message="Expected at least 1 space after &quot;.&quot;; 0 found"/>
 </testcase>
 <testcase name="PSR12.Operators.OperatorSpacing.NoSpaceBefore at /var/www/html/tests/TestUtilities/TestSuiteValidator.php (228:60)">
  <failure type="error" message="Expected at least 1 space before &quot;.&quot;; 0 found"/>
 </testcase>
 <testcase name="PSR12.Operators.OperatorSpacing.NoSpaceAfter at /var/www/html/tests/TestUtilities/TestSuiteValidator.php (228:60)">
  <failure type="error" message="Expected at least 1 space after &quot;.&quot;; 0 found"/>
 </testcase>
 <testcase name="PSR12.Operators.OperatorSpacing.NoSpaceBefore at /var/www/html/tests/TestUtilities/TestSuiteValidator.php (228:92)">
  <failure type="error" message="Expected at least 1 space before &quot;.&quot;; 0 found"/>
 </testcase>
 <testcase name="PSR12.Operators.OperatorSpacing.NoSpaceAfter at /var/www/html/tests/TestUtilities/TestSuiteValidator.php (228:92)">
  <failure type="error" message="Expected at least 1 space after &quot;.&quot;; 0 found"/>
 </testcase>
 <testcase name="PSR12.Operators.OperatorSpacing.NoSpaceBefore at /var/www/html/tests/TestUtilities/TestSuiteValidator.php (235:58)">
  <failure type="error" message="Expected at least 1 space before &quot;.&quot;; 0 found"/>
 </testcase>
 <testcase name="PSR12.Operators.OperatorSpacing.NoSpaceAfter at /var/www/html/tests/TestUtilities/TestSuiteValidator.php (235:58)">
  <failure type="error" message="Expected at least 1 space after &quot;.&quot;; 0 found"/>
 </testcase>
 <testcase name="PSR12.Operators.OperatorSpacing.NoSpaceBefore at /var/www/html/tests/TestUtilities/TestSuiteValidator.php (235:97)">
  <failure type="error" message="Expected at least 1 space before &quot;.&quot;; 0 found"/>
 </testcase>
 <testcase name="PSR12.Operators.OperatorSpacing.NoSpaceAfter at /var/www/html/tests/TestUtilities/TestSuiteValidator.php (235:97)">
  <failure type="error" message="Expected at least 1 space after &quot;.&quot;; 0 found"/>
 </testcase>
 <testcase name="PSR12.Operators.OperatorSpacing.NoSpaceBefore at /var/www/html/tests/TestUtilities/TestSuiteValidator.php (294:62)">
  <failure type="error" message="Expected at least 1 space before &quot;.&quot;; 0 found"/>
 </testcase>
 <testcase name="PSR12.Operators.OperatorSpacing.NoSpaceAfter at /var/www/html/tests/TestUtilities/TestSuiteValidator.php (294:62)">
  <failure type="error" message="Expected at least 1 space after &quot;.&quot;; 0 found"/>
 </testcase>
 <testcase name="Generic.Files.LineLength.TooLong at /var/www/html/tests/TestUtilities/TestSuiteValidator.php (294:123)">
  <failure type="warning" message="Line exceeds 120 characters; contains 123 characters"/>
 </testcase>
</testsuite>
<testsuite name="/var/www/html/app/Http/Middleware/VerifyCsrfToken.php" errors="0" tests="1" failures="0">
 <testcase name="/var/www/html/app/Http/Middleware/VerifyCsrfToken.php"/>
</testsuite>
<testsuite name="/var/www/html/app/Services/ImageOptimizationService.php" errors="0" tests="1" failures="0">
 <testcase name="/var/www/html/app/Services/ImageOptimizationService.php"/>
</testsuite>
<testsuite name="/var/www/html/test_cache.php" errors="0" tests="22" failures="22">
 <testcase name="PSR12.Operators.OperatorSpacing.NoSpaceBefore at /var/www/html/test_cache.php (15:27)">
  <failure type="error" message="Expected at least 1 space before &quot;.&quot;; 0 found"/>
 </testcase>
 <testcase name="PSR12.Operators.OperatorSpacing.NoSpaceAfter at /var/www/html/test_cache.php (15:27)">
  <failure type="error" message="Expected at least 1 space after &quot;.&quot;; 0 found"/>
 </testcase>
 <testcase name="PSR12.Operators.OperatorSpacing.NoSpaceBefore at /var/www/html/test_cache.php (15:42)">
  <failure type="error" message="Expected at least 1 space before &quot;.&quot;; 0 found"/>
 </testcase>
 <testcase name="PSR12.Operators.OperatorSpacing.NoSpaceAfter at /var/www/html/test_cache.php (15:42)">
  <failure type="error" message="Expected at least 1 space after &quot;.&quot;; 0 found"/>
 </testcase>
 <testcase name="PSR12.Operators.OperatorSpacing.NoSpaceBefore at /var/www/html/test_cache.php (16:24)">
  <failure type="error" message="Expected at least 1 space before &quot;.&quot;; 0 found"/>
 </testcase>
 <testcase name="PSR12.Operators.OperatorSpacing.NoSpaceAfter at /var/www/html/test_cache.php (16:24)">
  <failure type="error" message="Expected at least 1 space after &quot;.&quot;; 0 found"/>
 </testcase>
 <testcase name="PSR12.Operators.OperatorSpacing.NoSpaceBefore at /var/www/html/test_cache.php (16:53)">
  <failure type="error" message="Expected at least 1 space before &quot;.&quot;; 0 found"/>
 </testcase>
 <testcase name="PSR12.Operators.OperatorSpacing.NoSpaceAfter at /var/www/html/test_cache.php (16:53)">
  <failure type="error" message="Expected at least 1 space after &quot;.&quot;; 0 found"/>
 </testcase>
 <testcase name="PSR12.Operators.OperatorSpacing.NoSpaceBefore at /var/www/html/test_cache.php (17:27)">
  <failure type="error" message="Expected at least 1 space before &quot;.&quot;; 0 found"/>
 </testcase>
 <testcase name="PSR12.Operators.OperatorSpacing.NoSpaceAfter at /var/www/html/test_cache.php (17:27)">
  <failure type="error" message="Expected at least 1 space after &quot;.&quot;; 0 found"/>
 </testcase>
 <testcase name="PSR12.Operators.OperatorSpacing.NoSpaceBefore at /var/www/html/test_cache.php (17:55)">
  <failure type="error" message="Expected at least 1 space before &quot;.&quot;; 0 found"/>
 </testcase>
 <testcase name="PSR12.Operators.OperatorSpacing.NoSpaceAfter at /var/www/html/test_cache.php (17:55)">
  <failure type="error" message="Expected at least 1 space after &quot;.&quot;; 0 found"/>
 </testcase>
 <testcase name="PSR12.Operators.OperatorSpacing.NoSpaceBefore at /var/www/html/test_cache.php (18:27)">
  <failure type="error" message="Expected at least 1 space before &quot;.&quot;; 0 found"/>
 </testcase>
 <testcase name="PSR12.Operators.OperatorSpacing.NoSpaceAfter at /var/www/html/test_cache.php (18:27)">
  <failure type="error" message="Expected at least 1 space after &quot;.&quot;; 0 found"/>
 </testcase>
 <testcase name="PSR12.Operators.OperatorSpacing.NoSpaceBefore at /var/www/html/test_cache.php (18:55)">
  <failure type="error" message="Expected at least 1 space before &quot;.&quot;; 0 found"/>
 </testcase>
 <testcase name="PSR12.Operators.OperatorSpacing.NoSpaceAfter at /var/www/html/test_cache.php (18:55)">
  <failure type="error" message="Expected at least 1 space after &quot;.&quot;; 0 found"/>
 </testcase>
 <testcase name="PSR12.Operators.OperatorSpacing.NoSpaceBefore at /var/www/html/test_cache.php (19:37)">
  <failure type="error" message="Expected at least 1 space before &quot;.&quot;; 0 found"/>
 </testcase>
 <testcase name="PSR12.Operators.OperatorSpacing.NoSpaceAfter at /var/www/html/test_cache.php (19:37)">
  <failure type="error" message="Expected at least 1 space after &quot;.&quot;; 0 found"/>
 </testcase>
 <testcase name="PSR12.Operators.OperatorSpacing.NoSpaceBefore at /var/www/html/test_cache.php (19:80)">
  <failure type="error" message="Expected at least 1 space before &quot;.&quot;; 0 found"/>
 </testcase>
 <testcase name="PSR12.Operators.OperatorSpacing.NoSpaceAfter at /var/www/html/test_cache.php (19:80)">
  <failure type="error" message="Expected at least 1 space after &quot;.&quot;; 0 found"/>
 </testcase>
 <testcase name="PSR12.Operators.OperatorSpacing.NoSpaceBefore at /var/www/html/test_cache.php (21:29)">
  <failure type="error" message="Expected at least 1 space before &quot;.&quot;; 0 found"/>
 </testcase>
 <testcase name="PSR12.Operators.OperatorSpacing.NoSpaceAfter at /var/www/html/test_cache.php (21:29)">
  <failure type="error" message="Expected at least 1 space after &quot;.&quot;; 0 found"/>
 </testcase>
</testsuite>
<testsuite name="/var/www/html/app/Services/LoginAttemptService.php" errors="0" tests="8" failures="8">
 <testcase name="PSR12.Operators.OperatorSpacing.NoSpaceBefore at /var/www/html/app/Services/LoginAttemptService.php (66:31)">
  <failure type="error" message="Expected at least 1 space before &quot;.&quot;; 0 found"/>
 </testcase>
 <testcase name="PSR12.Operators.OperatorSpacing.NoSpaceAfter at /var/www/html/app/Services/LoginAttemptService.php (66:31)">
  <failure type="error" message="Expected at least 1 space after &quot;.&quot;; 0 found"/>
 </testcase>
 <testcase name="PSR12.Operators.OperatorSpacing.NoSpaceBefore at /var/www/html/app/Services/LoginAttemptService.php (89:34)">
  <failure type="error" message="Expected at least 1 space before &quot;.&quot;; 0 found"/>
 </testcase>
 <testcase name="PSR12.Operators.OperatorSpacing.NoSpaceAfter at /var/www/html/app/Services/LoginAttemptService.php (89:34)">
  <failure type="error" message="Expected at least 1 space after &quot;.&quot;; 0 found"/>
 </testcase>
 <testcase name="PSR12.Operators.OperatorSpacing.NoSpaceBefore at /var/www/html/app/Services/LoginAttemptService.php (113:34)">
  <failure type="error" message="Expected at least 1 space before &quot;.&quot;; 0 found"/>
 </testcase>
 <testcase name="PSR12.Operators.OperatorSpacing.NoSpaceAfter at /var/www/html/app/Services/LoginAttemptService.php (113:34)">
  <failure type="error" message="Expected at least 1 space after &quot;.&quot;; 0 found"/>
 </testcase>
 <testcase name="PSR12.Operators.OperatorSpacing.NoSpaceBefore at /var/www/html/app/Services/LoginAttemptService.php (122:31)">
  <failure type="error" message="Expected at least 1 space before &quot;.&quot;; 0 found"/>
 </testcase>
 <testcase name="PSR12.Operators.OperatorSpacing.NoSpaceAfter at /var/www/html/app/Services/LoginAttemptService.php (122:31)">
  <failure type="error" message="Expected at least 1 space after &quot;.&quot;; 0 found"/>
 </testcase>
</testsuite>
<testsuite name="/var/www/html/app/Http/Requests/BanUserRequest.php" errors="0" tests="1" failures="0">
 <testcase name="/var/www/html/app/Http/Requests/BanUserRequest.php"/>
</testsuite>
<testsuite name="/var/www/html/test_cache_service.php" errors="0" tests="4" failures="4">
 <testcase name="PSR12.Operators.OperatorSpacing.NoSpaceBefore at /var/www/html/test_cache_service.php (25:19)">
  <failure type="error" message="Expected at least 1 space before &quot;.&quot;; 0 found"/>
 </testcase>
 <testcase name="PSR12.Operators.OperatorSpacing.NoSpaceAfter at /var/www/html/test_cache_service.php (25:19)">
  <failure type="error" message="Expected at least 1 space after &quot;.&quot;; 0 found"/>
 </testcase>
 <testcase name="PSR12.Operators.OperatorSpacing.NoSpaceBefore at /var/www/html/test_cache_service.php (25:36)">
  <failure type="error" message="Expected at least 1 space before &quot;.&quot;; 0 found"/>
 </testcase>
 <testcase name="PSR12.Operators.OperatorSpacing.NoSpaceAfter at /var/www/html/test_cache_service.php (25:36)">
  <failure type="error" message="Expected at least 1 space after &quot;.&quot;; 0 found"/>
 </testcase>
</testsuite>
<testsuite name="/var/www/html/app/Services/NotificationService.php" errors="0" tests="3" failures="3">
 <testcase name="Squiz.Functions.MultiLineFunctionDeclaration.BraceOnSameLine at /var/www/html/app/Services/NotificationService.php (19:78)">
  <failure type="error" message="Opening brace should be on a new line"/>
 </testcase>
 <testcase name="Squiz.WhiteSpace.ScopeClosingBrace.ContentBefore at /var/www/html/app/Services/NotificationService.php (19:79)">
  <failure type="error" message="Closing brace must be on a line by itself"/>
 </testcase>
 <testcase name="Generic.Files.LineLength.TooLong at /var/www/html/app/Services/NotificationService.php (181:17)">
  <failure type="warning" message="Line exceeds 120 characters; contains 126 characters"/>
 </testcase>
</testsuite>
<testsuite name="/var/www/html/test_optimized_queries.php" errors="0" tests="20" failures="20">
 <testcase name="PSR12.Operators.OperatorSpacing.NoSpaceBefore at /var/www/html/test_optimized_queries.php (18:25)">
  <failure type="error" message="Expected at least 1 space before &quot;.&quot;; 0 found"/>
 </testcase>
 <testcase name="PSR12.Operators.OperatorSpacing.NoSpaceAfter at /var/www/html/test_optimized_queries.php (18:25)">
  <failure type="error" message="Expected at least 1 space after &quot;.&quot;; 0 found"/>
 </testcase>
 <testcase name="PSR12.Operators.OperatorSpacing.NoSpaceBefore at /var/www/html/test_optimized_queries.php (18:51)">
  <failure type="error" message="Expected at least 1 space before &quot;.&quot;; 0 found"/>
 </testcase>
 <testcase name="PSR12.Operators.OperatorSpacing.NoSpaceAfter at /var/www/html/test_optimized_queries.php (18:51)">
  <failure type="error" message="Expected at least 1 space after &quot;.&quot;; 0 found"/>
 </testcase>
 <testcase name="PSR12.Operators.OperatorSpacing.NoSpaceBefore at /var/www/html/test_optimized_queries.php (19:28)">
  <failure type="error" message="Expected at least 1 space before &quot;.&quot;; 0 found"/>
 </testcase>
 <testcase name="PSR12.Operators.OperatorSpacing.NoSpaceAfter at /var/www/html/test_optimized_queries.php (19:28)">
  <failure type="error" message="Expected at least 1 space after &quot;.&quot;; 0 found"/>
 </testcase>
 <testcase name="PSR12.Operators.OperatorSpacing.NoSpaceBefore at /var/www/html/test_optimized_queries.php (19:57)">
  <failure type="error" message="Expected at least 1 space before &quot;.&quot;; 0 found"/>
 </testcase>
 <testcase name="PSR12.Operators.OperatorSpacing.NoSpaceAfter at /var/www/html/test_optimized_queries.php (19:57)">
  <failure type="error" message="Expected at least 1 space after &quot;.&quot;; 0 found"/>
 </testcase>
 <testcase name="PSR12.Operators.OperatorSpacing.NoSpaceBefore at /var/www/html/test_optimized_queries.php (23:60)">
  <failure type="error" message="Expected at least 1 space before &quot;.&quot;; 0 found"/>
 </testcase>
 <testcase name="PSR12.Operators.OperatorSpacing.NoSpaceAfter at /var/www/html/test_optimized_queries.php (23:60)">
  <failure type="error" message="Expected at least 1 space after &quot;.&quot;; 0 found"/>
 </testcase>
 <testcase name="PSR12.Operators.OperatorSpacing.NoSpaceBefore at /var/www/html/test_optimized_queries.php (23:86)">
  <failure type="error" message="Expected at least 1 space before &quot;.&quot;; 0 found"/>
 </testcase>
 <testcase name="PSR12.Operators.OperatorSpacing.NoSpaceAfter at /var/www/html/test_optimized_queries.php (23:86)">
  <failure type="error" message="Expected at least 1 space after &quot;.&quot;; 0 found"/>
 </testcase>
 <testcase name="PSR12.Operators.OperatorSpacing.NoSpaceBefore at /var/www/html/test_optimized_queries.php (27:66)">
  <failure type="error" message="Expected at least 1 space before &quot;.&quot;; 0 found"/>
 </testcase>
 <testcase name="PSR12.Operators.OperatorSpacing.NoSpaceAfter at /var/www/html/test_optimized_queries.php (27:66)">
  <failure type="error" message="Expected at least 1 space after &quot;.&quot;; 0 found"/>
 </testcase>
 <testcase name="PSR12.Operators.OperatorSpacing.NoSpaceBefore at /var/www/html/test_optimized_queries.php (27:90)">
  <failure type="error" message="Expected at least 1 space before &quot;.&quot;; 0 found"/>
 </testcase>
 <testcase name="PSR12.Operators.OperatorSpacing.NoSpaceAfter at /var/www/html/test_optimized_queries.php (27:90)">
  <failure type="error" message="Expected at least 1 space after &quot;.&quot;; 0 found"/>
 </testcase>
 <testcase name="PSR12.Operators.OperatorSpacing.NoSpaceBefore at /var/www/html/test_optimized_queries.php (29:19)">
  <failure type="error" message="Expected at least 1 space before &quot;.&quot;; 0 found"/>
 </testcase>
 <testcase name="PSR12.Operators.OperatorSpacing.NoSpaceAfter at /var/www/html/test_optimized_queries.php (29:19)">
  <failure type="error" message="Expected at least 1 space after &quot;.&quot;; 0 found"/>
 </testcase>
 <testcase name="PSR12.Operators.OperatorSpacing.NoSpaceBefore at /var/www/html/test_optimized_queries.php (29:36)">
  <failure type="error" message="Expected at least 1 space before &quot;.&quot;; 0 found"/>
 </testcase>
 <testcase name="PSR12.Operators.OperatorSpacing.NoSpaceAfter at /var/www/html/test_optimized_queries.php (29:36)">
  <failure type="error" message="Expected at least 1 space after &quot;.&quot;; 0 found"/>
 </testcase>
</testsuite>
<testsuite name="/var/www/html/app/Services/OptimizedQueryService.php" errors="0" tests="9" failures="9">
 <testcase name="PSR12.Operators.OperatorSpacing.NoSpaceBefore at /var/www/html/app/Services/OptimizedQueryService.php (89:46)">
  <failure type="error" message="Expected at least 1 space before &quot;.&quot;; 0 found"/>
 </testcase>
 <testcase name="PSR12.Operators.OperatorSpacing.NoSpaceAfter at /var/www/html/app/Services/OptimizedQueryService.php (89:46)">
  <failure type="error" message="Expected at least 1 space after &quot;.&quot;; 0 found"/>
 </testcase>
 <testcase name="PSR12.Operators.OperatorSpacing.NoSpaceBefore at /var/www/html/app/Services/OptimizedQueryService.php (89:58)">
  <failure type="error" message="Expected at least 1 space before &quot;.&quot;; 0 found"/>
 </testcase>
 <testcase name="PSR12.Operators.OperatorSpacing.NoSpaceAfter at /var/www/html/app/Services/OptimizedQueryService.php (89:58)">
  <failure type="error" message="Expected at least 1 space after &quot;.&quot;; 0 found"/>
 </testcase>
 <testcase name="Generic.Files.LineLength.TooLong at /var/www/html/app/Services/OptimizedQueryService.php (201:1)">
  <failure type="warning" message="Line exceeds 120 characters; contains 139 characters"/>
 </testcase>
 <testcase name="Generic.Files.LineLength.TooLong at /var/www/html/app/Services/OptimizedQueryService.php (216:135)">
  <failure type="warning" message="Line exceeds 120 characters; contains 135 characters"/>
 </testcase>
 <testcase name="Generic.Files.LineLength.TooLong at /var/www/html/app/Services/OptimizedQueryService.php (217:147)">
  <failure type="warning" message="Line exceeds 120 characters; contains 147 characters"/>
 </testcase>
 <testcase name="Generic.Files.LineLength.TooLong at /var/www/html/app/Services/OptimizedQueryService.php (218:143)">
  <failure type="warning" message="Line exceeds 120 characters; contains 143 characters"/>
 </testcase>
 <testcase name="Generic.Files.LineLength.TooLong at /var/www/html/app/Services/OptimizedQueryService.php (219:155)">
  <failure type="warning" message="Line exceeds 120 characters; contains 155 characters"/>
 </testcase>
</testsuite>
<testsuite name="/var/www/html/app/Services/OrderService.php" errors="0" tests="1" failures="0">
 <testcase name="/var/www/html/app/Services/OrderService.php"/>
</testsuite>
<testsuite name="/var/www/html/app/Services/PasswordHistoryService.php" errors="0" tests="4" failures="4">
 <testcase name="PSR12.Operators.OperatorSpacing.NoSpaceBefore at /var/www/html/app/Services/PasswordHistoryService.php (34:57)">
  <failure type="error" message="Expected at least 1 space before &quot;.&quot;; 0 found"/>
 </testcase>
 <testcase name="PSR12.Operators.OperatorSpacing.NoSpaceAfter at /var/www/html/app/Services/PasswordHistoryService.php (34:57)">
  <failure type="error" message="Expected at least 1 space after &quot;.&quot;; 0 found"/>
 </testcase>
 <testcase name="PSR12.Operators.OperatorSpacing.NoSpaceBefore at /var/www/html/app/Services/PasswordHistoryService.php (61:62)">
  <failure type="error" message="Expected at least 1 space before &quot;.&quot;; 0 found"/>
 </testcase>
 <testcase name="PSR12.Operators.OperatorSpacing.NoSpaceAfter at /var/www/html/app/Services/PasswordHistoryService.php (61:62)">
  <failure type="error" message="Expected at least 1 space after &quot;.&quot;; 0 found"/>
 </testcase>
</testsuite>
</testsuites>

