<?xml version="1.0" encoding="UTF-8"?>
<testsuites>
  <testsuite name="C:\Users\Gaser\Desktop\COPRRA\phpunit.xml" tests="2044" assertions="5312" errors="0" failures="0" skipped="0" time="23.000000">
    <testsuite name="Feature" tests="1048" assertions="2748" errors="0" failures="0" skipped="0" time="23.000000">
      <testsuite name="Tests\Feature\Http\Controllers\ReviewControllerTest" file="C:\Users\Gaser\Desktop\COPRRA\tests\Feature\Http\Controllers\ReviewControllerTest.php" tests="4" assertions="4" errors="0" failures="0" skipped="0" time="0.000000">
        <testcase name="basic_functionality" file="C:\Users\Gaser\Desktop\COPRRA\tests\Feature\Http\Controllers\ReviewControllerTest.php" line="21" class="Tests\Feature\Http\Controllers\ReviewControllerTest" classname="Tests.Feature.Http.Controllers.ReviewControllerTest" assertions="1" time="0.890189"/>
        <testcase name="validation" file="C:\Users\Gaser\Desktop\COPRRA\tests\Feature\Http\Controllers\ReviewControllerTest.php" line="37" class="Tests\Feature\Http\Controllers\ReviewControllerTest" classname="Tests.Feature.Http.Controllers.ReviewControllerTest" assertions="1" time="0.801206"/>
        <testcase name="store_review_validation_success" file="C:\Users\Gaser\Desktop\COPRRA\tests\Feature\Http\Controllers\ReviewControllerTest.php" line="45" class="Tests\Feature\Http\Controllers\ReviewControllerTest" classname="Tests.Feature.Http.Controllers.ReviewControllerTest" assertions="1" time="0.813642"/>
        <testcase name="expected_behavior" file="C:\Users\Gaser\Desktop\COPRRA\tests\Feature\Http\Controllers\ReviewControllerTest.php" line="29" class="Tests\Feature\Http\Controllers\ReviewControllerTest" classname="Tests.Feature.Http.Controllers.ReviewControllerTest" assertions="1" time="0.807711"/>
      </testsuite>
      <testsuite name="Tests\Feature\Http\Controllers\Api\ProductControllerTest" file="C:\Users\Gaser\Desktop\COPRRA\tests\Feature\Http\Controllers\Api\ProductControllerTest.php" tests="9" assertions="79" errors="0" failures="0" skipped="0" time="0.000000">
        <testcase name="test_can_search_products" file="C:\Users\Gaser\Desktop\COPRRA\tests\Feature\Http\Controllers\Api\ProductControllerTest.php" line="100" class="Tests\Feature\Http\Controllers\Api\ProductControllerTest" classname="Tests.Feature.Http.Controllers.Api.ProductControllerTest" assertions="7" time="0.964208"/>
        <testcase name="test_can_paginate_products" file="C:\Users\Gaser\Desktop\COPRRA\tests\Feature\Http\Controllers\Api\ProductControllerTest.php" line="161" class="Tests\Feature\Http\Controllers\Api\ProductControllerTest" classname="Tests.Feature.Http.Controllers.Api.ProductControllerTest" assertions="4" time="0.118992"/>
        <testcase name="test_returns_404_for_nonexistent_product" file="C:\Users\Gaser\Desktop\COPRRA\tests\Feature\Http\Controllers\Api\ProductControllerTest.php" line="93" class="Tests\Feature\Http\Controllers\Api\ProductControllerTest" classname="Tests.Feature.Http.Controllers.Api.ProductControllerTest" assertions="1" time="0.078287"/>
        <testcase name="test_can_show_specific_product" file="C:\Users\Gaser\Desktop\COPRRA\tests\Feature\Http\Controllers\Api\ProductControllerTest.php" line="62" class="Tests\Feature\Http\Controllers\Api\ProductControllerTest" classname="Tests.Feature.Http.Controllers.Api.ProductControllerTest" assertions="13" time="0.070046"/>
        <testcase name="test_handles_invalid_sort_parameters" file="C:\Users\Gaser\Desktop\COPRRA\tests\Feature\Http\Controllers\Api\ProductControllerTest.php" line="185" class="Tests\Feature\Http\Controllers\Api\ProductControllerTest" classname="Tests.Feature.Http.Controllers.Api.ProductControllerTest" assertions="3" time="0.077640"/>
        <testcase name="test_can_list_products" file="C:\Users\Gaser\Desktop\COPRRA\tests\Feature\Http\Controllers\Api\ProductControllerTest.php" line="30" class="Tests\Feature\Http\Controllers\Api\ProductControllerTest" classname="Tests.Feature.Http.Controllers.Api.ProductControllerTest" assertions="38" time="0.080557"/>
        <testcase name="test_handles_invalid_pagination_parameters" file="C:\Users\Gaser\Desktop\COPRRA\tests\Feature\Http\Controllers\Api\ProductControllerTest.php" line="177" class="Tests\Feature\Http\Controllers\Api\ProductControllerTest" classname="Tests.Feature.Http.Controllers.Api.ProductControllerTest" assertions="3" time="0.057555"/>
        <testcase name="test_can_sort_products" file="C:\Users\Gaser\Desktop\COPRRA\tests\Feature\Http\Controllers\Api\ProductControllerTest.php" line="142" class="Tests\Feature\Http\Controllers\Api\ProductControllerTest" classname="Tests.Feature.Http.Controllers.Api.ProductControllerTest" assertions="3" time="0.055609"/>
        <testcase name="test_can_filter_products_by_category" file="C:\Users\Gaser\Desktop\COPRRA\tests\Feature\Http\Controllers\Api\ProductControllerTest.php" line="121" class="Tests\Feature\Http\Controllers\Api\ProductControllerTest" classname="Tests.Feature.Http.Controllers.Api.ProductControllerTest" assertions="7" time="0.060216"/>
      </testsuite>
      <testsuite name="Tests\Feature\Http\Controllers\ErrorControllerTest" file="C:\Users\Gaser\Desktop\COPRRA\tests\Feature\Http\Controllers\ErrorControllerTest.php" tests="15" assertions="15" errors="0" failures="0" skipped="0" time="0.000000">
        <testcase name="it_returns_404_for_nonexistent_error" file="C:\Users\Gaser\Desktop\COPRRA\tests\Feature\Http\Controllers\ErrorControllerTest.php" line="37" class="Tests\Feature\Http\Controllers\ErrorControllerTest" classname="Tests.Feature.Http.Controllers.ErrorControllerTest" assertions="1" time="0.051192"/>
        <testcase name="it_can_show_error_details" file="C:\Users\Gaser\Desktop\COPRRA\tests\Feature\Http\Controllers\ErrorControllerTest.php" line="31" class="Tests\Feature\Http\Controllers\ErrorControllerTest" classname="Tests.Feature.Http.Controllers.ErrorControllerTest" assertions="1" time="0.051394"/>
        <testcase name="it_can_display_error_dashboard" file="C:\Users\Gaser\Desktop\COPRRA\tests\Feature\Http\Controllers\ErrorControllerTest.php" line="19" class="Tests\Feature\Http\Controllers\ErrorControllerTest" classname="Tests.Feature.Http.Controllers.ErrorControllerTest" assertions="1" time="0.811315"/>
        <testcase name="it_checks_disk_space_health" file="C:\Users\Gaser\Desktop\COPRRA\tests\Feature\Http\Controllers\ErrorControllerTest.php" line="85" class="Tests\Feature\Http\Controllers\ErrorControllerTest" classname="Tests.Feature.Http.Controllers.ErrorControllerTest" assertions="1" time="0.059928"/>
        <testcase name="it_can_get_error_statistics" file="C:\Users\Gaser\Desktop\COPRRA\tests\Feature\Http\Controllers\ErrorControllerTest.php" line="49" class="Tests\Feature\Http\Controllers\ErrorControllerTest" classname="Tests.Feature.Http.Controllers.ErrorControllerTest" assertions="1" time="0.058298"/>
        <testcase name="it_checks_cache_health" file="C:\Users\Gaser\Desktop\COPRRA\tests\Feature\Http\Controllers\ErrorControllerTest.php" line="67" class="Tests\Feature\Http\Controllers\ErrorControllerTest" classname="Tests.Feature.Http.Controllers.ErrorControllerTest" assertions="1" time="0.049964"/>
        <testcase name="it_handles_storage_failure" file="C:\Users\Gaser\Desktop\COPRRA\tests\Feature\Http\Controllers\ErrorControllerTest.php" line="103" class="Tests\Feature\Http\Controllers\ErrorControllerTest" classname="Tests.Feature.Http.Controllers.ErrorControllerTest" assertions="1" time="0.055130"/>
        <testcase name="it_checks_memory_health" file="C:\Users\Gaser\Desktop\COPRRA\tests\Feature\Http\Controllers\ErrorControllerTest.php" line="79" class="Tests\Feature\Http\Controllers\ErrorControllerTest" classname="Tests.Feature.Http.Controllers.ErrorControllerTest" assertions="1" time="0.057946"/>
        <testcase name="it_handles_database_connection_failure" file="C:\Users\Gaser\Desktop\COPRRA\tests\Feature\Http\Controllers\ErrorControllerTest.php" line="91" class="Tests\Feature\Http\Controllers\ErrorControllerTest" classname="Tests.Feature.Http.Controllers.ErrorControllerTest" assertions="1" time="0.060674"/>
        <testcase name="it_can_get_system_health" file="C:\Users\Gaser\Desktop\COPRRA\tests\Feature\Http\Controllers\ErrorControllerTest.php" line="55" class="Tests\Feature\Http\Controllers\ErrorControllerTest" classname="Tests.Feature.Http.Controllers.ErrorControllerTest" assertions="1" time="0.052736"/>
        <testcase name="it_checks_storage_health" file="C:\Users\Gaser\Desktop\COPRRA\tests\Feature\Http\Controllers\ErrorControllerTest.php" line="73" class="Tests\Feature\Http\Controllers\ErrorControllerTest" classname="Tests.Feature.Http.Controllers.ErrorControllerTest" assertions="1" time="0.051932"/>
        <testcase name="it_can_get_recent_errors" file="C:\Users\Gaser\Desktop\COPRRA\tests\Feature\Http\Controllers\ErrorControllerTest.php" line="43" class="Tests\Feature\Http\Controllers\ErrorControllerTest" classname="Tests.Feature.Http.Controllers.ErrorControllerTest" assertions="1" time="0.059270"/>
        <testcase name="it_checks_database_health" file="C:\Users\Gaser\Desktop\COPRRA\tests\Feature\Http\Controllers\ErrorControllerTest.php" line="61" class="Tests\Feature\Http\Controllers\ErrorControllerTest" classname="Tests.Feature.Http.Controllers.ErrorControllerTest" assertions="1" time="0.052087"/>
        <testcase name="it_can_display_error_dashboard_as_json" file="C:\Users\Gaser\Desktop\COPRRA\tests\Feature\Http\Controllers\ErrorControllerTest.php" line="25" class="Tests\Feature\Http\Controllers\ErrorControllerTest" classname="Tests.Feature.Http.Controllers.ErrorControllerTest" assertions="1" time="0.072433"/>
        <testcase name="it_handles_cache_failure" file="C:\Users\Gaser\Desktop\COPRRA\tests\Feature\Http\Controllers\ErrorControllerTest.php" line="97" class="Tests\Feature\Http\Controllers\ErrorControllerTest" classname="Tests.Feature.Http.Controllers.ErrorControllerTest" assertions="1" time="0.057494"/>
      </testsuite>
      <testsuite name="Tests\Feature\Http\Controllers\Api\Admin\CategoryControllerTest" file="C:\Users\Gaser\Desktop\COPRRA\tests\Feature\Http\Controllers\Api\Admin\CategoryControllerTest.php" tests="14" assertions="42" errors="0" failures="0" skipped="0" time="0.000000">
        <testcase name="test_requires_admin_role_to_list_categories" file="C:\Users\Gaser\Desktop\COPRRA\tests\Feature\Http\Controllers\Api\Admin\CategoryControllerTest.php" line="62" class="Tests\Feature\Http\Controllers\Api\Admin\CategoryControllerTest" classname="Tests.Feature.Http.Controllers.Api.Admin.CategoryControllerTest" assertions="1" time="0.076051"/>
        <testcase name="test_can_delete_category" file="C:\Users\Gaser\Desktop\COPRRA\tests\Feature\Http\Controllers\Api\Admin\CategoryControllerTest.php" line="203" class="Tests\Feature\Http\Controllers\Api\Admin\CategoryControllerTest" classname="Tests.Feature.Http.Controllers.Api.Admin.CategoryControllerTest" assertions="1" time="0.058174"/>
        <testcase name="test_requires_admin_authentication_to_list_categories" file="C:\Users\Gaser\Desktop\COPRRA\tests\Feature\Http\Controllers\Api\Admin\CategoryControllerTest.php" line="55" class="Tests\Feature\Http\Controllers\Api\Admin\CategoryControllerTest" classname="Tests.Feature.Http.Controllers.Api.Admin.CategoryControllerTest" assertions="1" time="0.056479"/>
        <testcase name="test_validates_category_update_request" file="C:\Users\Gaser\Desktop\COPRRA\tests\Feature\Http\Controllers\Api\Admin\CategoryControllerTest.php" line="176" class="Tests\Feature\Http\Controllers\Api\Admin\CategoryControllerTest" classname="Tests.Feature.Http.Controllers.Api.Admin.CategoryControllerTest" assertions="3" time="0.071863"/>
        <testcase name="test_requires_admin_authentication_to_delete_category" file="C:\Users\Gaser\Desktop\COPRRA\tests\Feature\Http\Controllers\Api\Admin\CategoryControllerTest.php" line="225" class="Tests\Feature\Http\Controllers\Api\Admin\CategoryControllerTest" classname="Tests.Feature.Http.Controllers.Api.Admin.CategoryControllerTest" assertions="1" time="0.057658"/>
        <testcase name="test_can_update_category" file="C:\Users\Gaser\Desktop\COPRRA\tests\Feature\Http\Controllers\Api\Admin\CategoryControllerTest.php" line="152" class="Tests\Feature\Http\Controllers\Api\Admin\CategoryControllerTest" classname="Tests.Feature.Http.Controllers.Api.Admin.CategoryControllerTest" assertions="2" time="0.061377"/>
        <testcase name="test_returns_404_for_nonexistent_category" file="C:\Users\Gaser\Desktop\COPRRA\tests\Feature\Http\Controllers\Api\Admin\CategoryControllerTest.php" line="92" class="Tests\Feature\Http\Controllers\Api\Admin\CategoryControllerTest" classname="Tests.Feature.Http.Controllers.Api.Admin.CategoryControllerTest" assertions="1" time="0.071777"/>
        <testcase name="test_validates_category_creation_request" file="C:\Users\Gaser\Desktop\COPRRA\tests\Feature\Http\Controllers\Api\Admin\CategoryControllerTest.php" line="129" class="Tests\Feature\Http\Controllers\Api\Admin\CategoryControllerTest" classname="Tests.Feature.Http.Controllers.Api.Admin.CategoryControllerTest" assertions="3" time="0.065631"/>
        <testcase name="test_can_show_specific_category" file="C:\Users\Gaser\Desktop\COPRRA\tests\Feature\Http\Controllers\Api\Admin\CategoryControllerTest.php" line="72" class="Tests\Feature\Http\Controllers\Api\Admin\CategoryControllerTest" classname="Tests.Feature.Http.Controllers.Api.Admin.CategoryControllerTest" assertions="2" time="0.064647"/>
        <testcase name="test_returns_404_when_deleting_nonexistent_category" file="C:\Users\Gaser\Desktop\COPRRA\tests\Feature\Http\Controllers\Api\Admin\CategoryControllerTest.php" line="215" class="Tests\Feature\Http\Controllers\Api\Admin\CategoryControllerTest" classname="Tests.Feature.Http.Controllers.Api.Admin.CategoryControllerTest" assertions="1" time="0.068776"/>
        <testcase name="test_can_list_categories" file="C:\Users\Gaser\Desktop\COPRRA\tests\Feature\Http\Controllers\Api\Admin\CategoryControllerTest.php" line="31" class="Tests\Feature\Http\Controllers\Api\Admin\CategoryControllerTest" classname="Tests.Feature.Http.Controllers.Api.Admin.CategoryControllerTest" assertions="21" time="0.069061"/>
        <testcase name="test_requires_admin_authentication_to_create_category" file="C:\Users\Gaser\Desktop\COPRRA\tests\Feature\Http\Controllers\Api\Admin\CategoryControllerTest.php" line="140" class="Tests\Feature\Http\Controllers\Api\Admin\CategoryControllerTest" classname="Tests.Feature.Http.Controllers.Api.Admin.CategoryControllerTest" assertions="1" time="0.059596"/>
        <testcase name="test_can_create_category" file="C:\Users\Gaser\Desktop\COPRRA\tests\Feature\Http\Controllers\Api\Admin\CategoryControllerTest.php" line="102" class="Tests\Feature\Http\Controllers\Api\Admin\CategoryControllerTest" classname="Tests.Feature.Http.Controllers.Api.Admin.CategoryControllerTest" assertions="3" time="0.062782"/>
        <testcase name="test_requires_admin_authentication_to_update_category" file="C:\Users\Gaser\Desktop\COPRRA\tests\Feature\Http\Controllers\Api\Admin\CategoryControllerTest.php" line="189" class="Tests\Feature\Http\Controllers\Api\Admin\CategoryControllerTest" classname="Tests.Feature.Http.Controllers.Api.Admin.CategoryControllerTest" assertions="1" time="0.057181"/>
      </testsuite>
      <testsuite name="Tests\Feature\Http\Middleware\TrustHostsTest" file="C:\Users\Gaser\Desktop\COPRRA\tests\Feature\Http\Middleware\TrustHostsTest.php" tests="5" assertions="10" errors="0" failures="0" skipped="0" time="0.000000">
        <testcase name="test_trust_hosts_middleware_handles_different_hosts" file="C:\Users\Gaser\Desktop\COPRRA\tests\Feature\Http\Middleware\TrustHostsTest.php" line="31" class="Tests\Feature\Http\Middleware\TrustHostsTest" classname="Tests.Feature.Http.Middleware.TrustHostsTest" assertions="2" time="0.051377"/>
        <testcase name="test_trust_hosts_middleware_handles_api_requests" file="C:\Users\Gaser\Desktop\COPRRA\tests\Feature\Http\Middleware\TrustHostsTest.php" line="78" class="Tests\Feature\Http\Middleware\TrustHostsTest" classname="Tests.Feature.Http.Middleware.TrustHostsTest" assertions="2" time="0.050992"/>
        <testcase name="test_trust_hosts_middleware_handles_localhost" file="C:\Users\Gaser\Desktop\COPRRA\tests\Feature\Http\Middleware\TrustHostsTest.php" line="46" class="Tests\Feature\Http\Middleware\TrustHostsTest" classname="Tests.Feature.Http.Middleware.TrustHostsTest" assertions="2" time="0.064275"/>
        <testcase name="test_trust_hosts_middleware_trusts_valid_hosts" file="C:\Users\Gaser\Desktop\COPRRA\tests\Feature\Http\Middleware\TrustHostsTest.php" line="16" class="Tests\Feature\Http\Middleware\TrustHostsTest" classname="Tests.Feature.Http.Middleware.TrustHostsTest" assertions="2" time="0.051988"/>
        <testcase name="test_trust_hosts_middleware_handles_post_requests" file="C:\Users\Gaser\Desktop\COPRRA\tests\Feature\Http\Middleware\TrustHostsTest.php" line="61" class="Tests\Feature\Http\Middleware\TrustHostsTest" classname="Tests.Feature.Http.Middleware.TrustHostsTest" assertions="2" time="0.053057"/>
      </testsuite>
      <testsuite name="Tests\Feature\Integration\PriceSearchIntegrationTest" file="C:\Users\Gaser\Desktop\COPRRA\tests\Feature\Integration\PriceSearchIntegrationTest.php" tests="3" assertions="3" errors="0" failures="0" skipped="0" time="0.000000">
        <testcase name="test_expected_behavior" file="C:\Users\Gaser\Desktop\COPRRA\tests\Feature\Integration\PriceSearchIntegrationTest.php" line="23" class="Tests\Feature\Integration\PriceSearchIntegrationTest" classname="Tests.Feature.Integration.PriceSearchIntegrationTest" assertions="1" time="0.054373"/>
        <testcase name="test_basic_functionality" file="C:\Users\Gaser\Desktop\COPRRA\tests\Feature\Integration\PriceSearchIntegrationTest.php" line="16" class="Tests\Feature\Integration\PriceSearchIntegrationTest" classname="Tests.Feature.Integration.PriceSearchIntegrationTest" assertions="1" time="0.052124"/>
        <testcase name="test_validation" file="C:\Users\Gaser\Desktop\COPRRA\tests\Feature\Integration\PriceSearchIntegrationTest.php" line="30" class="Tests\Feature\Integration\PriceSearchIntegrationTest" classname="Tests.Feature.Integration.PriceSearchIntegrationTest" assertions="1" time="0.051017"/>
      </testsuite>
      <testsuite name="Tests\Feature\LinkCheckerTest" file="C:\Users\Gaser\Desktop\COPRRA\tests\Feature\LinkCheckerTest.php" tests="3" assertions="3" errors="0" failures="0" skipped="0" time="0.000000">
        <testcase name="test_expected_behavior" file="C:\Users\Gaser\Desktop\COPRRA\tests\Feature\LinkCheckerTest.php" line="23" class="Tests\Feature\LinkCheckerTest" classname="Tests.Feature.LinkCheckerTest" assertions="1" time="0.051477"/>
        <testcase name="test_basic_functionality" file="C:\Users\Gaser\Desktop\COPRRA\tests\Feature\LinkCheckerTest.php" line="16" class="Tests\Feature\LinkCheckerTest" classname="Tests.Feature.LinkCheckerTest" assertions="1" time="0.060519"/>
        <testcase name="test_validation" file="C:\Users\Gaser\Desktop\COPRRA\tests\Feature\LinkCheckerTest.php" line="30" class="Tests\Feature\LinkCheckerTest" classname="Tests.Feature.LinkCheckerTest" assertions="1" time="0.051596"/>
      </testsuite>
      <testsuite name="Tests\Feature\Http\Middleware\TrimStringsTest" file="C:\Users\Gaser\Desktop\COPRRA\tests\Feature\Http\Middleware\TrimStringsTest.php" tests="5" assertions="19" errors="0" failures="0" skipped="0" time="0.000000">
        <testcase name="test_trim_strings_middleware_handles_nested_arrays" file="C:\Users\Gaser\Desktop\COPRRA\tests\Feature\Http\Middleware\TrimStringsTest.php" line="54" class="Tests\Feature\Http\Middleware\TrimStringsTest" classname="Tests.Feature.Http.Middleware.TrimStringsTest" assertions="5" time="0.054063"/>
        <testcase name="test_trim_strings_middleware_passes_request_to_next_middleware" file="C:\Users\Gaser\Desktop\COPRRA\tests\Feature\Http\Middleware\TrimStringsTest.php" line="98" class="Tests\Feature\Http\Middleware\TrimStringsTest" classname="Tests.Feature.Http.Middleware.TrimStringsTest" assertions="2" time="0.052816"/>
        <testcase name="test_trim_strings_middleware_does_not_trim_non_string_input" file="C:\Users\Gaser\Desktop\COPRRA\tests\Feature\Http\Middleware\TrimStringsTest.php" line="35" class="Tests\Feature\Http\Middleware\TrimStringsTest" classname="Tests.Feature.Http.Middleware.TrimStringsTest" assertions="4" time="0.051421"/>
        <testcase name="test_trim_strings_middleware_trims_string_input" file="C:\Users\Gaser\Desktop\COPRRA\tests\Feature\Http\Middleware\TrimStringsTest.php" line="16" class="Tests\Feature\Http\Middleware\TrimStringsTest" classname="Tests.Feature.Http.Middleware.TrimStringsTest" assertions="4" time="0.056838"/>
        <testcase name="test_trim_strings_middleware_handles_empty_strings" file="C:\Users\Gaser\Desktop\COPRRA\tests\Feature\Http\Middleware\TrimStringsTest.php" line="79" class="Tests\Feature\Http\Middleware\TrimStringsTest" classname="Tests.Feature.Http.Middleware.TrimStringsTest" assertions="4" time="0.053423"/>
      </testsuite>
      <testsuite name="Tests\Feature\Models\RewardTest" file="C:\Users\Gaser\Desktop\COPRRA\tests\Feature\Models\RewardTest.php" tests="5" assertions="22" errors="0" failures="0" skipped="0" time="0.000000">
        <testcase name="it_has_active_scope" file="C:\Users\Gaser\Desktop\COPRRA\tests\Feature\Models\RewardTest.php" line="67" class="Tests\Feature\Models\RewardTest" classname="Tests.Feature.Models.RewardTest" assertions="2" time="0.079264"/>
        <testcase name="it_has_available_for_points_scope" file="C:\Users\Gaser\Desktop\COPRRA\tests\Feature\Models\RewardTest.php" line="98" class="Tests\Feature\Models\RewardTest" classname="Tests.Feature.Models.RewardTest" assertions="2" time="0.054858"/>
        <testcase name="it_can_create_a_reward" file="C:\Users\Gaser\Desktop\COPRRA\tests\Feature\Models\RewardTest.php" line="15" class="Tests\Feature\Models\RewardTest" classname="Tests.Feature.Models.RewardTest" assertions="11" time="0.053610"/>
        <testcase name="it_has_fillable_attributes" file="C:\Users\Gaser\Desktop\COPRRA\tests\Feature\Models\RewardTest.php" line="121" class="Tests\Feature\Models\RewardTest" classname="Tests.Feature.Models.RewardTest" assertions="1" time="0.050781"/>
        <testcase name="it_casts_attributes_correctly" file="C:\Users\Gaser\Desktop\COPRRA\tests\Feature\Models\RewardTest.php" line="49" class="Tests\Feature\Models\RewardTest" classname="Tests.Feature.Models.RewardTest" assertions="6" time="0.051513"/>
      </testsuite>
      <testsuite name="Tests\Feature\SessionManagementTest" file="C:\Users\Gaser\Desktop\COPRRA\tests\Feature\SessionManagementTest.php" tests="3" assertions="3" errors="0" failures="0" skipped="0" time="0.000000">
        <testcase name="test_expected_behavior" file="C:\Users\Gaser\Desktop\COPRRA\tests\Feature\SessionManagementTest.php" line="23" class="Tests\Feature\SessionManagementTest" classname="Tests.Feature.SessionManagementTest" assertions="1" time="0.068921"/>
        <testcase name="test_basic_functionality" file="C:\Users\Gaser\Desktop\COPRRA\tests\Feature\SessionManagementTest.php" line="16" class="Tests\Feature\SessionManagementTest" classname="Tests.Feature.SessionManagementTest" assertions="1" time="0.064750"/>
        <testcase name="test_validation" file="C:\Users\Gaser\Desktop\COPRRA\tests\Feature\SessionManagementTest.php" line="30" class="Tests\Feature\SessionManagementTest" classname="Tests.Feature.SessionManagementTest" assertions="1" time="0.060073"/>
      </testsuite>
      <testsuite name="Tests\Feature\PermissionControlTest" file="C:\Users\Gaser\Desktop\COPRRA\tests\Feature\PermissionControlTest.php" tests="3" assertions="3" errors="0" failures="0" skipped="0" time="0.000000">
        <testcase name="test_expected_behavior" file="C:\Users\Gaser\Desktop\COPRRA\tests\Feature\PermissionControlTest.php" line="23" class="Tests\Feature\PermissionControlTest" classname="Tests.Feature.PermissionControlTest" assertions="1" time="0.052485"/>
        <testcase name="test_basic_functionality" file="C:\Users\Gaser\Desktop\COPRRA\tests\Feature\PermissionControlTest.php" line="16" class="Tests\Feature\PermissionControlTest" classname="Tests.Feature.PermissionControlTest" assertions="1" time="0.051471"/>
        <testcase name="test_validation" file="C:\Users\Gaser\Desktop\COPRRA\tests\Feature\PermissionControlTest.php" line="30" class="Tests\Feature\PermissionControlTest" classname="Tests.Feature.PermissionControlTest" assertions="1" time="0.052221"/>
      </testsuite>
      <testsuite name="Tests\Feature\CacheFunctionalityTest" file="C:\Users\Gaser\Desktop\COPRRA\tests\Feature\CacheFunctionalityTest.php" tests="3" assertions="3" errors="0" failures="0" skipped="0" time="0.000000">
        <testcase name="test_expected_behavior" file="C:\Users\Gaser\Desktop\COPRRA\tests\Feature\CacheFunctionalityTest.php" line="23" class="Tests\Feature\CacheFunctionalityTest" classname="Tests.Feature.CacheFunctionalityTest" assertions="1" time="0.051549"/>
        <testcase name="test_validation" file="C:\Users\Gaser\Desktop\COPRRA\tests\Feature\CacheFunctionalityTest.php" line="30" class="Tests\Feature\CacheFunctionalityTest" classname="Tests.Feature.CacheFunctionalityTest" assertions="1" time="0.054938"/>
        <testcase name="test_basic_functionality" file="C:\Users\Gaser\Desktop\COPRRA\tests\Feature\CacheFunctionalityTest.php" line="16" class="Tests\Feature\CacheFunctionalityTest" classname="Tests.Feature.CacheFunctionalityTest" assertions="1" time="0.049938"/>
      </testsuite>
      <testsuite name="Tests\Feature\Console\Commands\AgentProposeFixCommandTest" file="C:\Users\Gaser\Desktop\COPRRA\tests\Feature\Console\Commands\AgentProposeFixCommandTest.php" tests="3" assertions="3" errors="0" failures="0" skipped="0" time="0.000000">
        <testcase name="agent_propose_fix_command_runs_successfully_with_analysis_option" file="C:\Users\Gaser\Desktop\COPRRA\tests\Feature\Console\Commands\AgentProposeFixCommandTest.php" line="22" class="Tests\Feature\Console\Commands\AgentProposeFixCommandTest" classname="Tests.Feature.Console.Commands.AgentProposeFixCommandTest" assertions="1" time="0.088645"/>
        <testcase name="agent_propose_fix_command_runs_successfully_with_style_option" file="C:\Users\Gaser\Desktop\COPRRA\tests\Feature\Console\Commands\AgentProposeFixCommandTest.php" line="15" class="Tests\Feature\Console\Commands\AgentProposeFixCommandTest" classname="Tests.Feature.Console.Commands.AgentProposeFixCommandTest" assertions="1" time="0.057018"/>
        <testcase name="agent_propose_fix_command_handles_unsupported_type" file="C:\Users\Gaser\Desktop\COPRRA\tests\Feature\Console\Commands\AgentProposeFixCommandTest.php" line="29" class="Tests\Feature\Console\Commands\AgentProposeFixCommandTest" classname="Tests.Feature.Console.Commands.AgentProposeFixCommandTest" assertions="1" time="0.495339"/>
      </testsuite>
      <testsuite name="Tests\Feature\Models\ProductTest" file="C:\Users\Gaser\Desktop\COPRRA\tests\Feature\Models\ProductTest.php" tests="27" assertions="74" errors="0" failures="0" skipped="0" time="0.000000">
        <testcase name="test_get_total_reviews" file="C:\Users\Gaser\Desktop\COPRRA\tests\Feature\Models\ProductTest.php" line="234" class="Tests\Feature\Models\ProductTest" classname="Tests.Feature.Models.ProductTest" assertions="1" time="0.068991"/>
        <testcase name="test_it_casts_attributes_correctly" file="C:\Users\Gaser\Desktop\COPRRA\tests\Feature\Models\ProductTest.php" line="60" class="Tests\Feature\Models\ProductTest" classname="Tests.Feature.Models.ProductTest" assertions="6" time="0.055329"/>
        <testcase name="test_it_has_many_wishlists" file="C:\Users\Gaser\Desktop\COPRRA\tests\Feature\Models\ProductTest.php" line="135" class="Tests\Feature\Models\ProductTest" classname="Tests.Feature.Models.ProductTest" assertions="3" time="0.060833"/>
        <testcase name="test_it_belongs_to_category" file="C:\Users\Gaser\Desktop\COPRRA\tests\Feature\Models\ProductTest.php" line="87" class="Tests\Feature\Models\ProductTest" classname="Tests.Feature.Models.ProductTest" assertions="2" time="0.067009"/>
        <testcase name="test_validation_passes_with_valid_data" file="C:\Users\Gaser\Desktop\COPRRA\tests\Feature\Models\ProductTest.php" line="313" class="Tests\Feature\Models\ProductTest" classname="Tests.Feature.Models.ProductTest" assertions="2" time="0.054323"/>
        <testcase name="test_get_current_price_without_active_offer" file="C:\Users\Gaser\Desktop\COPRRA\tests\Feature\Models\ProductTest.php" line="281" class="Tests\Feature\Models\ProductTest" classname="Tests.Feature.Models.ProductTest" assertions="1" time="0.056868"/>
        <testcase name="test_scope_with_reviews_count_adds_reviews_count" file="C:\Users\Gaser\Desktop\COPRRA\tests\Feature\Models\ProductTest.php" line="192" class="Tests\Feature\Models\ProductTest" classname="Tests.Feature.Models.ProductTest" assertions="1" time="0.074186"/>
        <testcase name="test_validation_passes_with_string_price" file="C:\Users\Gaser\Desktop\COPRRA\tests\Feature\Models\ProductTest.php" line="343" class="Tests\Feature\Models\ProductTest" classname="Tests.Feature.Models.ProductTest" assertions="2" time="0.054212"/>
        <testcase name="test_scope_search_filters_by_name" file="C:\Users\Gaser\Desktop\COPRRA\tests\Feature\Models\ProductTest.php" line="176" class="Tests\Feature\Models\ProductTest" classname="Tests.Feature.Models.ProductTest" assertions="4" time="0.059731"/>
        <testcase name="test_it_belongs_to_brand" file="C:\Users\Gaser\Desktop\COPRRA\tests\Feature\Models\ProductTest.php" line="77" class="Tests\Feature\Models\ProductTest" classname="Tests.Feature.Models.ProductTest" assertions="2" time="0.058070"/>
        <testcase name="test_validation_fails_with_negative_price" file="C:\Users\Gaser\Desktop\COPRRA\tests\Feature\Models\ProductTest.php" line="361" class="Tests\Feature\Models\ProductTest" classname="Tests.Feature.Models.ProductTest" assertions="2" time="0.068250"/>
        <testcase name="test_get_average_rating_returns_zero_when_no_reviews" file="C:\Users\Gaser\Desktop\COPRRA\tests\Feature\Models\ProductTest.php" line="224" class="Tests\Feature\Models\ProductTest" classname="Tests.Feature.Models.ProductTest" assertions="1" time="0.072662"/>
        <testcase name="test_it_can_create_a_product" file="C:\Users\Gaser\Desktop\COPRRA\tests\Feature\Models\ProductTest.php" line="26" class="Tests\Feature\Models\ProductTest" classname="Tests.Feature.Models.ProductTest" assertions="9" time="0.087675"/>
        <testcase name="test_it_has_many_price_offers" file="C:\Users\Gaser\Desktop\COPRRA\tests\Feature\Models\ProductTest.php" line="149" class="Tests\Feature\Models\ProductTest" classname="Tests.Feature.Models.ProductTest" assertions="3" time="0.087287"/>
        <testcase name="test_get_current_price_with_active_offer" file="C:\Users\Gaser\Desktop\COPRRA\tests\Feature\Models\ProductTest.php" line="265" class="Tests\Feature\Models\ProductTest" classname="Tests.Feature.Models.ProductTest" assertions="1" time="0.064758"/>
        <testcase name="test_scope_active_filters_active_products" file="C:\Users\Gaser\Desktop\COPRRA\tests\Feature\Models\ProductTest.php" line="163" class="Tests\Feature\Models\ProductTest" classname="Tests.Feature.Models.ProductTest" assertions="2" time="0.058345"/>
        <testcase name="test_get_price_history" file="C:\Users\Gaser\Desktop\COPRRA\tests\Feature\Models\ProductTest.php" line="291" class="Tests\Feature\Models\ProductTest" classname="Tests.Feature.Models.ProductTest" assertions="3" time="0.059405"/>
        <testcase name="test_it_has_many_price_alerts" file="C:\Users\Gaser\Desktop\COPRRA\tests\Feature\Models\ProductTest.php" line="107" class="Tests\Feature\Models\ProductTest" classname="Tests.Feature.Models.ProductTest" assertions="3" time="0.069663"/>
        <testcase name="test_soft_deletes" file="C:\Users\Gaser\Desktop\COPRRA\tests\Feature\Models\ProductTest.php" line="379" class="Tests\Feature\Models\ProductTest" classname="Tests.Feature.Models.ProductTest" assertions="1" time="0.073540"/>
        <testcase name="test_is_in_wishlist" file="C:\Users\Gaser\Desktop\COPRRA\tests\Feature\Models\ProductTest.php" line="254" class="Tests\Feature\Models\ProductTest" classname="Tests.Feature.Models.ProductTest" assertions="2" time="0.063334"/>
        <testcase name="test_it_has_many_reviews" file="C:\Users\Gaser\Desktop\COPRRA\tests\Feature\Models\ProductTest.php" line="121" class="Tests\Feature\Models\ProductTest" classname="Tests.Feature.Models.ProductTest" assertions="3" time="0.070379"/>
        <testcase name="test_factory_creates_valid_product" file="C:\Users\Gaser\Desktop\COPRRA\tests\Feature\Models\ProductTest.php" line="410" class="Tests\Feature\Models\ProductTest" classname="Tests.Feature.Models.ProductTest" assertions="7" time="0.059867"/>
        <testcase name="test_fillable_attributes" file="C:\Users\Gaser\Desktop\COPRRA\tests\Feature\Models\ProductTest.php" line="424" class="Tests\Feature\Models\ProductTest" classname="Tests.Feature.Models.ProductTest" assertions="1" time="0.056540"/>
        <testcase name="test_booted_deletes_related_records" file="C:\Users\Gaser\Desktop\COPRRA\tests\Feature\Models\ProductTest.php" line="389" class="Tests\Feature\Models\ProductTest" classname="Tests.Feature.Models.ProductTest" assertions="4" time="0.079753"/>
        <testcase name="test_validation_fails_with_missing_required_fields" file="C:\Users\Gaser\Desktop\COPRRA\tests\Feature\Models\ProductTest.php" line="330" class="Tests\Feature\Models\ProductTest" classname="Tests.Feature.Models.ProductTest" assertions="5" time="0.054352"/>
        <testcase name="test_it_belongs_to_store" file="C:\Users\Gaser\Desktop\COPRRA\tests\Feature\Models\ProductTest.php" line="97" class="Tests\Feature\Models\ProductTest" classname="Tests.Feature.Models.ProductTest" assertions="2" time="0.068727"/>
        <testcase name="test_get_average_rating" file="C:\Users\Gaser\Desktop\COPRRA\tests\Feature\Models\ProductTest.php" line="208" class="Tests\Feature\Models\ProductTest" classname="Tests.Feature.Models.ProductTest" assertions="1" time="0.062396"/>
      </testsuite>
      <testsuite name="Tests\Feature\Http\Controllers\PriceAlertControllerTest" file="C:\Users\Gaser\Desktop\COPRRA\tests\Feature\Http\Controllers\PriceAlertControllerTest.php" tests="3" assertions="3" errors="0" failures="0" skipped="0" time="0.000000">
        <testcase name="test_basic_functionality" file="C:\Users\Gaser\Desktop\COPRRA\tests\Feature\Http\Controllers\PriceAlertControllerTest.php" line="16" class="Tests\Feature\Http\Controllers\PriceAlertControllerTest" classname="Tests.Feature.Http.Controllers.PriceAlertControllerTest" assertions="1" time="0.058287"/>
        <testcase name="test_expected_behavior" file="C:\Users\Gaser\Desktop\COPRRA\tests\Feature\Http\Controllers\PriceAlertControllerTest.php" line="23" class="Tests\Feature\Http\Controllers\PriceAlertControllerTest" classname="Tests.Feature.Http.Controllers.PriceAlertControllerTest" assertions="1" time="0.055245"/>
        <testcase name="test_validation" file="C:\Users\Gaser\Desktop\COPRRA\tests\Feature\Http\Controllers\PriceAlertControllerTest.php" line="30" class="Tests\Feature\Http\Controllers\PriceAlertControllerTest" classname="Tests.Feature.Http.Controllers.PriceAlertControllerTest" assertions="1" time="0.063608"/>
      </testsuite>
      <testsuite name="Tests\Feature\Http\Middleware\ApiErrorHandlerTest" file="C:\Users\Gaser\Desktop\COPRRA\tests\Feature\Http\Middleware\ApiErrorHandlerTest.php" tests="11" assertions="63" errors="0" failures="0" skipped="0" time="0.000000">
        <testcase name="test_api_error_handler_handles_too_many_requests_exception" file="C:\Users\Gaser\Desktop\COPRRA\tests\Feature\Http\Middleware\ApiErrorHandlerTest.php" line="175" class="Tests\Feature\Http\Middleware\ApiErrorHandlerTest" classname="Tests.Feature.Http.Middleware.ApiErrorHandlerTest" assertions="6" time="0.054474"/>
        <testcase name="test_api_error_handler_passes_request_successfully" file="C:\Users\Gaser\Desktop\COPRRA\tests\Feature\Http\Middleware\ApiErrorHandlerTest.php" line="26" class="Tests\Feature\Http\Middleware\ApiErrorHandlerTest" classname="Tests.Feature.Http.Middleware.ApiErrorHandlerTest" assertions="2" time="0.053216"/>
        <testcase name="test_api_error_handler_handles_authentication_exception" file="C:\Users\Gaser\Desktop\COPRRA\tests\Feature\Http\Middleware\ApiErrorHandlerTest.php" line="65" class="Tests\Feature\Http\Middleware\ApiErrorHandlerTest" classname="Tests.Feature.Http.Middleware.ApiErrorHandlerTest" assertions="6" time="0.060979"/>
        <testcase name="test_api_error_handler_handles_method_not_allowed_exception" file="C:\Users\Gaser\Desktop\COPRRA\tests\Feature\Http\Middleware\ApiErrorHandlerTest.php" line="153" class="Tests\Feature\Http\Middleware\ApiErrorHandlerTest" classname="Tests.Feature.Http.Middleware.ApiErrorHandlerTest" assertions="6" time="0.051360"/>
        <testcase name="test_api_error_handler_handles_authorization_exception" file="C:\Users\Gaser\Desktop\COPRRA\tests\Feature\Http\Middleware\ApiErrorHandlerTest.php" line="87" class="Tests\Feature\Http\Middleware\ApiErrorHandlerTest" classname="Tests.Feature.Http.Middleware.ApiErrorHandlerTest" assertions="6" time="0.052521"/>
        <testcase name="test_api_error_handler_handles_model_not_found_exception" file="C:\Users\Gaser\Desktop\COPRRA\tests\Feature\Http\Middleware\ApiErrorHandlerTest.php" line="109" class="Tests\Feature\Http\Middleware\ApiErrorHandlerTest" classname="Tests.Feature.Http.Middleware.ApiErrorHandlerTest" assertions="6" time="0.054867"/>
        <testcase name="test_api_error_handler_handles_general_exception_in_development" file="C:\Users\Gaser\Desktop\COPRRA\tests\Feature\Http\Middleware\ApiErrorHandlerTest.php" line="243" class="Tests\Feature\Http\Middleware\ApiErrorHandlerTest" classname="Tests.Feature.Http.Middleware.ApiErrorHandlerTest" assertions="6" time="0.053176"/>
        <testcase name="test_api_error_handler_handles_not_found_http_exception" file="C:\Users\Gaser\Desktop\COPRRA\tests\Feature\Http\Middleware\ApiErrorHandlerTest.php" line="131" class="Tests\Feature\Http\Middleware\ApiErrorHandlerTest" classname="Tests.Feature.Http.Middleware.ApiErrorHandlerTest" assertions="6" time="0.052127"/>
        <testcase name="test_api_error_handler_handles_validation_exception" file="C:\Users\Gaser\Desktop\COPRRA\tests\Feature\Http\Middleware\ApiErrorHandlerTest.php" line="42" class="Tests\Feature\Http\Middleware\ApiErrorHandlerTest" classname="Tests.Feature.Http.Middleware.ApiErrorHandlerTest" assertions="7" time="0.052011"/>
        <testcase name="test_api_error_handler_handles_general_exception_in_production" file="C:\Users\Gaser\Desktop\COPRRA\tests\Feature\Http\Middleware\ApiErrorHandlerTest.php" line="219" class="Tests\Feature\Http\Middleware\ApiErrorHandlerTest" classname="Tests.Feature.Http.Middleware.ApiErrorHandlerTest" assertions="6" time="0.060984"/>
        <testcase name="test_api_error_handler_handles_pdo_exception" file="C:\Users\Gaser\Desktop\COPRRA\tests\Feature\Http\Middleware\ApiErrorHandlerTest.php" line="197" class="Tests\Feature\Http\Middleware\ApiErrorHandlerTest" classname="Tests.Feature.Http.Middleware.ApiErrorHandlerTest" assertions="6" time="0.053197"/>
      </testsuite>
      <testsuite name="Tests\Feature\Http\Middleware\ValidatePostSizeTest" file="C:\Users\Gaser\Desktop\COPRRA\tests\Feature\Http\Middleware\ValidatePostSizeTest.php" tests="5" assertions="10" errors="0" failures="0" skipped="0" time="0.000000">
        <testcase name="test_validate_post_size_middleware_handles_put_requests" file="C:\Users\Gaser\Desktop\COPRRA\tests\Feature\Http\Middleware\ValidatePostSizeTest.php" line="45" class="Tests\Feature\Http\Middleware\ValidatePostSizeTest" classname="Tests.Feature.Http.Middleware.ValidatePostSizeTest" assertions="2" time="0.053609"/>
        <testcase name="test_validate_post_size_middleware_allows_valid_post_size" file="C:\Users\Gaser\Desktop\COPRRA\tests\Feature\Http\Middleware\ValidatePostSizeTest.php" line="16" class="Tests\Feature\Http\Middleware\ValidatePostSizeTest" classname="Tests.Feature.Http.Middleware.ValidatePostSizeTest" assertions="2" time="0.052719"/>
        <testcase name="test_validate_post_size_middleware_handles_delete_requests" file="C:\Users\Gaser\Desktop\COPRRA\tests\Feature\Http\Middleware\ValidatePostSizeTest.php" line="75" class="Tests\Feature\Http\Middleware\ValidatePostSizeTest" classname="Tests.Feature.Http.Middleware.ValidatePostSizeTest" assertions="2" time="0.052548"/>
        <testcase name="test_validate_post_size_middleware_handles_get_requests" file="C:\Users\Gaser\Desktop\COPRRA\tests\Feature\Http\Middleware\ValidatePostSizeTest.php" line="32" class="Tests\Feature\Http\Middleware\ValidatePostSizeTest" classname="Tests.Feature.Http.Middleware.ValidatePostSizeTest" assertions="2" time="0.054483"/>
        <testcase name="test_validate_post_size_middleware_handles_patch_requests" file="C:\Users\Gaser\Desktop\COPRRA\tests\Feature\Http\Middleware\ValidatePostSizeTest.php" line="60" class="Tests\Feature\Http\Middleware\ValidatePostSizeTest" classname="Tests.Feature.Http.Middleware.ValidatePostSizeTest" assertions="2" time="0.054932"/>
      </testsuite>
      <testsuite name="Tests\Feature\Http\Controllers\UserControllerTest" file="C:\Users\Gaser\Desktop\COPRRA\tests\Feature\Http\Controllers\UserControllerTest.php" tests="8" assertions="24" errors="0" failures="0" skipped="0" time="0.000000">
        <testcase name="test_can_display_user_profile" file="C:\Users\Gaser\Desktop\COPRRA\tests\Feature\Http\Controllers\UserControllerTest.php" line="30" class="Tests\Feature\Http\Controllers\UserControllerTest" classname="Tests.Feature.Http.Controllers.UserControllerTest" assertions="3" time="0.091471"/>
        <testcase name="test_requires_authentication_to_view_profile" file="C:\Users\Gaser\Desktop\COPRRA\tests\Feature\Http\Controllers\UserControllerTest.php" line="42" class="Tests\Feature\Http\Controllers\UserControllerTest" classname="Tests.Feature.Http.Controllers.UserControllerTest" assertions="3" time="0.059824"/>
        <testcase name="test_requires_authentication_to_change_password" file="C:\Users\Gaser\Desktop\COPRRA\tests\Feature\Http\Controllers\UserControllerTest.php" line="118" class="Tests\Feature\Http\Controllers\UserControllerTest" classname="Tests.Feature.Http.Controllers.UserControllerTest" assertions="3" time="0.069052"/>
        <testcase name="test_validates_profile_update_request" file="C:\Users\Gaser\Desktop\COPRRA\tests\Feature\Http\Controllers\UserControllerTest.php" line="67" class="Tests\Feature\Http\Controllers\UserControllerTest" classname="Tests.Feature.Http.Controllers.UserControllerTest" assertions="4" time="0.083600"/>
        <testcase name="test_can_update_user_profile" file="C:\Users\Gaser\Desktop\COPRRA\tests\Feature\Http\Controllers\UserControllerTest.php" line="50" class="Tests\Feature\Http\Controllers\UserControllerTest" classname="Tests.Feature.Http.Controllers.UserControllerTest" assertions="2" time="0.075234"/>
        <testcase name="test_validates_password_change_request" file="C:\Users\Gaser\Desktop\COPRRA\tests\Feature\Http\Controllers\UserControllerTest.php" line="107" class="Tests\Feature\Http\Controllers\UserControllerTest" classname="Tests.Feature.Http.Controllers.UserControllerTest" assertions="4" time="0.060277"/>
        <testcase name="test_can_change_user_password" file="C:\Users\Gaser\Desktop\COPRRA\tests\Feature\Http\Controllers\UserControllerTest.php" line="89" class="Tests\Feature\Http\Controllers\UserControllerTest" classname="Tests.Feature.Http.Controllers.UserControllerTest" assertions="2" time="0.072800"/>
        <testcase name="test_requires_authentication_to_update_profile" file="C:\Users\Gaser\Desktop\COPRRA\tests\Feature\Http\Controllers\UserControllerTest.php" line="78" class="Tests\Feature\Http\Controllers\UserControllerTest" classname="Tests.Feature.Http.Controllers.UserControllerTest" assertions="3" time="0.056929"/>
      </testsuite>
      <testsuite name="Tests\Feature\Http\Middleware\RequirePasswordTest" file="C:\Users\Gaser\Desktop\COPRRA\tests\Feature\Http\Middleware\RequirePasswordTest.php" tests="5" assertions="7" errors="0" failures="0" skipped="0" time="0.000000">
        <testcase name="test_require_password_middleware_handles_unauthenticated_users" file="C:\Users\Gaser\Desktop\COPRRA\tests\Feature\Http\Middleware\RequirePasswordTest.php" line="79" class="Tests\Feature\Http\Middleware\RequirePasswordTest" classname="Tests.Feature.Http.Middleware.RequirePasswordTest" assertions="1" time="0.054751"/>
        <testcase name="test_require_password_middleware_handles_get_requests" file="C:\Users\Gaser\Desktop\COPRRA\tests\Feature\Http\Middleware\RequirePasswordTest.php" line="93" class="Tests\Feature\Http\Middleware\RequirePasswordTest" classname="Tests.Feature.Http.Middleware.RequirePasswordTest" assertions="2" time="0.052995"/>
        <testcase name="test_require_password_middleware_allows_requests_with_valid_password" file="C:\Users\Gaser\Desktop\COPRRA\tests\Feature\Http\Middleware\RequirePasswordTest.php" line="18" class="Tests\Feature\Http\Middleware\RequirePasswordTest" classname="Tests.Feature.Http.Middleware.RequirePasswordTest" assertions="2" time="0.057586"/>
        <testcase name="test_require_password_middleware_blocks_requests_without_password" file="C:\Users\Gaser\Desktop\COPRRA\tests\Feature\Http\Middleware\RequirePasswordTest.php" line="63" class="Tests\Feature\Http\Middleware\RequirePasswordTest" classname="Tests.Feature.Http.Middleware.RequirePasswordTest" assertions="1" time="0.055743"/>
        <testcase name="test_require_password_middleware_blocks_requests_with_invalid_password" file="C:\Users\Gaser\Desktop\COPRRA\tests\Feature\Http\Middleware\RequirePasswordTest.php" line="43" class="Tests\Feature\Http\Middleware\RequirePasswordTest" classname="Tests.Feature.Http.Middleware.RequirePasswordTest" assertions="1" time="0.064326"/>
      </testsuite>
      <testsuite name="Tests\Feature\Http\Middleware\AuthenticateWithBasicAuthTest" file="C:\Users\Gaser\Desktop\COPRRA\tests\Feature\Http\Middleware\AuthenticateWithBasicAuthTest.php" tests="5" assertions="5" errors="0" failures="0" skipped="0" time="0.000000">
        <testcase name="test_authenticate_with_basic_auth_middleware_handles_requests" file="C:\Users\Gaser\Desktop\COPRRA\tests\Feature\Http\Middleware\AuthenticateWithBasicAuthTest.php" line="18" class="Tests\Feature\Http\Middleware\AuthenticateWithBasicAuthTest" classname="Tests.Feature.Http.Middleware.AuthenticateWithBasicAuthTest" assertions="1" time="0.059950"/>
        <testcase name="test_authenticate_with_basic_auth_middleware_handles_invalid_credentials" file="C:\Users\Gaser\Desktop\COPRRA\tests\Feature\Http\Middleware\AuthenticateWithBasicAuthTest.php" line="43" class="Tests\Feature\Http\Middleware\AuthenticateWithBasicAuthTest" classname="Tests.Feature.Http.Middleware.AuthenticateWithBasicAuthTest" assertions="1" time="0.264983"/>
        <testcase name="test_authenticate_with_basic_auth_middleware_handles_malformed_authorization" file="C:\Users\Gaser\Desktop\COPRRA\tests\Feature\Http\Middleware\AuthenticateWithBasicAuthTest.php" line="73" class="Tests\Feature\Http\Middleware\AuthenticateWithBasicAuthTest" classname="Tests.Feature.Http.Middleware.AuthenticateWithBasicAuthTest" assertions="1" time="0.056064"/>
        <testcase name="test_authenticate_with_basic_auth_middleware_handles_missing_authorization" file="C:\Users\Gaser\Desktop\COPRRA\tests\Feature\Http\Middleware\AuthenticateWithBasicAuthTest.php" line="59" class="Tests\Feature\Http\Middleware\AuthenticateWithBasicAuthTest" classname="Tests.Feature.Http.Middleware.AuthenticateWithBasicAuthTest" assertions="1" time="0.063563"/>
        <testcase name="test_authenticate_with_basic_auth_middleware_handles_post_requests" file="C:\Users\Gaser\Desktop\COPRRA\tests\Feature\Http\Middleware\AuthenticateWithBasicAuthTest.php" line="89" class="Tests\Feature\Http\Middleware\AuthenticateWithBasicAuthTest" classname="Tests.Feature.Http.Middleware.AuthenticateWithBasicAuthTest" assertions="1" time="0.293910"/>
      </testsuite>
      <testsuite name="Tests\Feature\Models\UserPointTest" file="C:\Users\Gaser\Desktop\COPRRA\tests\Feature\Models\UserPointTest.php" tests="8" assertions="20" errors="0" failures="0" skipped="0" time="0.000000">
        <testcase name="it_has_earned_scope" file="C:\Users\Gaser\Desktop\COPRRA\tests\Feature\Models\UserPointTest.php" line="79" class="Tests\Feature\Models\UserPointTest" classname="Tests.Feature.Models.UserPointTest" assertions="2" time="0.066010"/>
        <testcase name="it_can_create_a_user_point" file="C:\Users\Gaser\Desktop\COPRRA\tests\Feature\Models\UserPointTest.php" line="17" class="Tests\Feature\Models\UserPointTest" classname="Tests.Feature.Models.UserPointTest" assertions="9" time="0.097774"/>
        <testcase name="it_has_redeemed_scope" file="C:\Users\Gaser\Desktop\COPRRA\tests\Feature\Models\UserPointTest.php" line="91" class="Tests\Feature\Models\UserPointTest" classname="Tests.Feature.Models.UserPointTest" assertions="2" time="0.071236"/>
        <testcase name="it_has_valid_scope" file="C:\Users\Gaser\Desktop\COPRRA\tests\Feature\Models\UserPointTest.php" line="103" class="Tests\Feature\Models\UserPointTest" classname="Tests.Feature.Models.UserPointTest" assertions="1" time="0.063104"/>
        <testcase name="it_belongs_to_user" file="C:\Users\Gaser\Desktop\COPRRA\tests\Feature\Models\UserPointTest.php" line="59" class="Tests\Feature\Models\UserPointTest" classname="Tests.Feature.Models.UserPointTest" assertions="2" time="0.055727"/>
        <testcase name="it_belongs_to_order" file="C:\Users\Gaser\Desktop\COPRRA\tests\Feature\Models\UserPointTest.php" line="69" class="Tests\Feature\Models\UserPointTest" classname="Tests.Feature.Models.UserPointTest" assertions="2" time="0.057549"/>
        <testcase name="it_has_fillable_attributes" file="C:\Users\Gaser\Desktop\COPRRA\tests\Feature\Models\UserPointTest.php" line="120" class="Tests\Feature\Models\UserPointTest" classname="Tests.Feature.Models.UserPointTest" assertions="1" time="0.054868"/>
        <testcase name="it_casts_expires_at_to_datetime" file="C:\Users\Gaser\Desktop\COPRRA\tests\Feature\Models\UserPointTest.php" line="49" class="Tests\Feature\Models\UserPointTest" classname="Tests.Feature.Models.UserPointTest" assertions="1" time="0.053985"/>
      </testsuite>
      <testsuite name="Tests\Feature\Services\PasswordResetServiceTest" file="C:\Users\Gaser\Desktop\COPRRA\tests\Feature\Services\PasswordResetServiceTest.php" tests="10" assertions="66" errors="0" failures="0" skipped="0" time="0.000000">
        <testcase name="test_handles_send_reset_email_with_nonexistent_email" file="C:\Users\Gaser\Desktop\COPRRA\tests\Feature\Services\PasswordResetServiceTest.php" line="45" class="Tests\Feature\Services\PasswordResetServiceTest" classname="Tests.Feature.Services.PasswordResetServiceTest" assertions="6" time="0.001385"/>
        <testcase name="test_can_be_instantiated" file="C:\Users\Gaser\Desktop\COPRRA\tests\Feature\Services\PasswordResetServiceTest.php" line="23" class="Tests\Feature\Services\PasswordResetServiceTest" classname="Tests.Feature.Services.PasswordResetServiceTest" assertions="1" time="0.000385"/>
        <testcase name="test_handles_send_reset_email_with_valid_email" file="C:\Users\Gaser\Desktop\COPRRA\tests\Feature\Services\PasswordResetServiceTest.php" line="29" class="Tests\Feature\Services\PasswordResetServiceTest" classname="Tests.Feature.Services.PasswordResetServiceTest" assertions="6" time="0.000687"/>
        <testcase name="test_handles_reset_password_with_valid_token" file="C:\Users\Gaser\Desktop\COPRRA\tests\Feature\Services\PasswordResetServiceTest.php" line="61" class="Tests\Feature\Services\PasswordResetServiceTest" classname="Tests.Feature.Services.PasswordResetServiceTest" assertions="8" time="0.000391"/>
        <testcase name="test_gets_reset_token_info" file="C:\Users\Gaser\Desktop\COPRRA\tests\Feature\Services\PasswordResetServiceTest.php" line="113" class="Tests\Feature\Services\PasswordResetServiceTest" classname="Tests.Feature.Services.PasswordResetServiceTest" assertions="6" time="0.000351"/>
        <testcase name="test_gets_statistics" file="C:\Users\Gaser\Desktop\COPRRA\tests\Feature\Services\PasswordResetServiceTest.php" line="165" class="Tests\Feature\Services\PasswordResetServiceTest" classname="Tests.Feature.Services.PasswordResetServiceTest" assertions="9" time="0.000370"/>
        <testcase name="test_handles_expired_token" file="C:\Users\Gaser\Desktop\COPRRA\tests\Feature\Services\PasswordResetServiceTest.php" line="129" class="Tests\Feature\Services\PasswordResetServiceTest" classname="Tests.Feature.Services.PasswordResetServiceTest" assertions="8" time="0.000308"/>
        <testcase name="test_checks_reset_token_exists" file="C:\Users\Gaser\Desktop\COPRRA\tests\Feature\Services\PasswordResetServiceTest.php" line="97" class="Tests\Feature\Services\PasswordResetServiceTest" classname="Tests.Feature.Services.PasswordResetServiceTest" assertions="6" time="0.000352"/>
        <testcase name="test_handles_too_many_attempts" file="C:\Users\Gaser\Desktop\COPRRA\tests\Feature\Services\PasswordResetServiceTest.php" line="147" class="Tests\Feature\Services\PasswordResetServiceTest" classname="Tests.Feature.Services.PasswordResetServiceTest" assertions="8" time="0.000347"/>
        <testcase name="test_handles_reset_password_with_invalid_token" file="C:\Users\Gaser\Desktop\COPRRA\tests\Feature\Services\PasswordResetServiceTest.php" line="79" class="Tests\Feature\Services\PasswordResetServiceTest" classname="Tests.Feature.Services.PasswordResetServiceTest" assertions="8" time="0.000377"/>
      </testsuite>
      <testsuite name="Tests\Feature\Models\WishlistTest" file="C:\Users\Gaser\Desktop\COPRRA\tests\Feature\Models\WishlistTest.php" tests="14" assertions="34" errors="0" failures="0" skipped="0" time="0.000000">
        <testcase name="test_it_belongs_to_product" file="C:\Users\Gaser\Desktop\COPRRA\tests\Feature\Models\WishlistTest.php" line="56" class="Tests\Feature\Models\WishlistTest" classname="Tests.Feature.Models.WishlistTest" assertions="2" time="0.068288"/>
        <testcase name="test_validation_passes_with_valid_data" file="C:\Users\Gaser\Desktop\COPRRA\tests\Feature\Models\WishlistTest.php" line="155" class="Tests\Feature\Models\WishlistTest" classname="Tests.Feature.Models.WishlistTest" assertions="2" time="0.059726"/>
        <testcase name="test_soft_deletes" file="C:\Users\Gaser\Desktop\COPRRA\tests\Feature\Models\WishlistTest.php" line="182" class="Tests\Feature\Models\WishlistTest" classname="Tests.Feature.Models.WishlistTest" assertions="1" time="0.062552"/>
        <testcase name="test_it_belongs_to_user" file="C:\Users\Gaser\Desktop\COPRRA\tests\Feature\Models\WishlistTest.php" line="45" class="Tests\Feature\Models\WishlistTest" classname="Tests.Feature.Models.WishlistTest" assertions="2" time="0.069961"/>
        <testcase name="test_remove_from_wishlist" file="C:\Users\Gaser\Desktop\COPRRA\tests\Feature\Models\WishlistTest.php" line="127" class="Tests\Feature\Models\WishlistTest" classname="Tests.Feature.Models.WishlistTest" assertions="2" time="0.090104"/>
        <testcase name="test_scope_for_user" file="C:\Users\Gaser\Desktop\COPRRA\tests\Feature\Models\WishlistTest.php" line="67" class="Tests\Feature\Models\WishlistTest" classname="Tests.Feature.Models.WishlistTest" assertions="2" time="0.080352"/>
        <testcase name="test_is_product_in_wishlist" file="C:\Users\Gaser\Desktop\COPRRA\tests\Feature\Models\WishlistTest.php" line="101" class="Tests\Feature\Models\WishlistTest" classname="Tests.Feature.Models.WishlistTest" assertions="2" time="0.084627"/>
        <testcase name="test_fillable_attributes" file="C:\Users\Gaser\Desktop\COPRRA\tests\Feature\Models\WishlistTest.php" line="194" class="Tests\Feature\Models\WishlistTest" classname="Tests.Feature.Models.WishlistTest" assertions="1" time="0.075043"/>
        <testcase name="test_it_can_create_a_wishlist" file="C:\Users\Gaser\Desktop\COPRRA\tests\Feature\Models\WishlistTest.php" line="21" class="Tests\Feature\Models\WishlistTest" classname="Tests.Feature.Models.WishlistTest" assertions="5" time="0.060408"/>
        <testcase name="test_validation_fails_with_missing_required_fields" file="C:\Users\Gaser\Desktop\COPRRA\tests\Feature\Models\WishlistTest.php" line="171" class="Tests\Feature\Models\WishlistTest" classname="Tests.Feature.Models.WishlistTest" assertions="3" time="0.065679"/>
        <testcase name="test_add_to_wishlist" file="C:\Users\Gaser\Desktop\COPRRA\tests\Feature\Models\WishlistTest.php" line="113" class="Tests\Feature\Models\WishlistTest" classname="Tests.Feature.Models.WishlistTest" assertions="4" time="0.056073"/>
        <testcase name="test_scope_for_product" file="C:\Users\Gaser\Desktop\COPRRA\tests\Feature\Models\WishlistTest.php" line="84" class="Tests\Feature\Models\WishlistTest" classname="Tests.Feature.Models.WishlistTest" assertions="2" time="0.063011"/>
        <testcase name="test_get_wishlist_count" file="C:\Users\Gaser\Desktop\COPRRA\tests\Feature\Models\WishlistTest.php" line="140" class="Tests\Feature\Models\WishlistTest" classname="Tests.Feature.Models.WishlistTest" assertions="2" time="0.064634"/>
        <testcase name="test_factory_creates_valid_wishlist" file="C:\Users\Gaser\Desktop\COPRRA\tests\Feature\Models\WishlistTest.php" line="206" class="Tests\Feature\Models\WishlistTest" classname="Tests.Feature.Models.WishlistTest" assertions="4" time="0.057891"/>
      </testsuite>
      <testsuite name="Tests\Feature\Http\Middleware\ConvertEmptyStringsToNullTest" file="C:\Users\Gaser\Desktop\COPRRA\tests\Feature\Http\Middleware\ConvertEmptyStringsToNullTest.php" tests="4" assertions="17" errors="0" failures="0" skipped="0" time="0.000000">
        <testcase name="test_convert_empty_strings_middleware_passes_request_successfully" file="C:\Users\Gaser\Desktop\COPRRA\tests\Feature\Http\Middleware\ConvertEmptyStringsToNullTest.php" line="83" class="Tests\Feature\Http\Middleware\ConvertEmptyStringsToNullTest" classname="Tests.Feature.Http.Middleware.ConvertEmptyStringsToNullTest" assertions="2" time="0.064293"/>
        <testcase name="test_convert_empty_strings_middleware_handles_nested_arrays" file="C:\Users\Gaser\Desktop\COPRRA\tests\Feature\Http\Middleware\ConvertEmptyStringsToNullTest.php" line="37" class="Tests\Feature\Http\Middleware\ConvertEmptyStringsToNullTest" classname="Tests.Feature.Http.Middleware.ConvertEmptyStringsToNullTest" assertions="5" time="0.053715"/>
        <testcase name="test_convert_empty_strings_middleware_does_not_convert_non_string_values" file="C:\Users\Gaser\Desktop\COPRRA\tests\Feature\Http\Middleware\ConvertEmptyStringsToNullTest.php" line="62" class="Tests\Feature\Http\Middleware\ConvertEmptyStringsToNullTest" classname="Tests.Feature.Http.Middleware.ConvertEmptyStringsToNullTest" assertions="5" time="0.052546"/>
        <testcase name="test_convert_empty_strings_middleware_converts_empty_strings_to_null" file="C:\Users\Gaser\Desktop\COPRRA\tests\Feature\Http\Middleware\ConvertEmptyStringsToNullTest.php" line="16" class="Tests\Feature\Http\Middleware\ConvertEmptyStringsToNullTest" classname="Tests.Feature.Http.Middleware.ConvertEmptyStringsToNullTest" assertions="5" time="0.053737"/>
      </testsuite>
      <testsuite name="Tests\Feature\Security\SecurityTest" file="C:\Users\Gaser\Desktop\COPRRA\tests\Feature\Security\SecurityTest.php" tests="3" assertions="3" errors="0" failures="0" skipped="0" time="0.000000">
        <testcase name="test_expected_behavior" file="C:\Users\Gaser\Desktop\COPRRA\tests\Feature\Security\SecurityTest.php" line="23" class="Tests\Feature\Security\SecurityTest" classname="Tests.Feature.Security.SecurityTest" assertions="1" time="0.057555"/>
        <testcase name="test_validation" file="C:\Users\Gaser\Desktop\COPRRA\tests\Feature\Security\SecurityTest.php" line="30" class="Tests\Feature\Security\SecurityTest" classname="Tests.Feature.Security.SecurityTest" assertions="1" time="0.059112"/>
        <testcase name="test_basic_functionality" file="C:\Users\Gaser\Desktop\COPRRA\tests\Feature\Security\SecurityTest.php" line="16" class="Tests\Feature\Security\SecurityTest" classname="Tests.Feature.Security.SecurityTest" assertions="1" time="0.061184"/>
      </testsuite>
      <testsuite name="Tests\Feature\Api\ComprehensiveApiTest" file="C:\Users\Gaser\Desktop\COPRRA\tests\Feature\Api\ComprehensiveApiTest.php" tests="3" assertions="15" errors="0" failures="0" skipped="0" time="0.000000">
        <testcase name="test_basic_functionality" file="C:\Users\Gaser\Desktop\COPRRA\tests\Feature\Api\ComprehensiveApiTest.php" line="13" class="Tests\Feature\Api\ComprehensiveApiTest" classname="Tests.Feature.Api.ComprehensiveApiTest" assertions="2" time="0.071322"/>
        <testcase name="test_validation" file="C:\Users\Gaser\Desktop\COPRRA\tests\Feature\Api\ComprehensiveApiTest.php" line="41" class="Tests\Feature\Api\ComprehensiveApiTest" classname="Tests.Feature.Api.ComprehensiveApiTest" assertions="8" time="0.058332"/>
        <testcase name="test_expected_behavior" file="C:\Users\Gaser\Desktop\COPRRA\tests\Feature\Api\ComprehensiveApiTest.php" line="26" class="Tests\Feature\Api\ComprehensiveApiTest" classname="Tests.Feature.Api.ComprehensiveApiTest" assertions="5" time="0.066465"/>
      </testsuite>
      <testsuite name="Tests\Feature\ApiEndpointsTest" file="C:\Users\Gaser\Desktop\COPRRA\tests\Feature\ApiEndpointsTest.php" tests="3" assertions="3" errors="0" failures="0" skipped="0" time="0.000000">
        <testcase name="test_expected_behavior" file="C:\Users\Gaser\Desktop\COPRRA\tests\Feature\ApiEndpointsTest.php" line="23" class="Tests\Feature\ApiEndpointsTest" classname="Tests.Feature.ApiEndpointsTest" assertions="1" time="0.055029"/>
        <testcase name="test_validation" file="C:\Users\Gaser\Desktop\COPRRA\tests\Feature\ApiEndpointsTest.php" line="30" class="Tests\Feature\ApiEndpointsTest" classname="Tests.Feature.ApiEndpointsTest" assertions="1" time="0.050910"/>
        <testcase name="test_basic_functionality" file="C:\Users\Gaser\Desktop\COPRRA\tests\Feature\ApiEndpointsTest.php" line="16" class="Tests\Feature\ApiEndpointsTest" classname="Tests.Feature.ApiEndpointsTest" assertions="1" time="0.067670"/>
      </testsuite>
      <testsuite name="Tests\Feature\Api\ProductApiTest" file="C:\Users\Gaser\Desktop\COPRRA\tests\Feature\Api\ProductApiTest.php" tests="13" assertions="44" errors="0" failures="0" skipped="0" time="0.000000">
        <testcase name="test_can_filter_featured_products" file="C:\Users\Gaser\Desktop\COPRRA\tests\Feature\Api\ProductApiTest.php" line="81" class="Tests\Feature\Api\ProductApiTest" classname="Tests.Feature.Api.ProductApiTest" assertions="2" time="0.073992"/>
        <testcase name="test_guest_can_list_products" file="C:\Users\Gaser\Desktop\COPRRA\tests\Feature\Api\ProductApiTest.php" line="17" class="Tests\Feature\Api\ProductApiTest" classname="Tests.Feature.Api.ProductApiTest" assertions="2" time="0.080008"/>
        <testcase name="test_can_search_products_by_name" file="C:\Users\Gaser\Desktop\COPRRA\tests\Feature\Api\ProductApiTest.php" line="27" class="Tests\Feature\Api\ProductApiTest" classname="Tests.Feature.Api.ProductApiTest" assertions="3" time="0.074692"/>
        <testcase name="test_per_page_is_limited_to_100" file="C:\Users\Gaser\Desktop\COPRRA\tests\Feature\Api\ProductApiTest.php" line="185" class="Tests\Feature\Api\ProductApiTest" classname="Tests.Feature.Api.ProductApiTest" assertions="3" time="0.354168"/>
        <testcase name="test_can_sort_products_by_price_descending" file="C:\Users\Gaser\Desktop\COPRRA\tests\Feature\Api\ProductApiTest.php" line="113" class="Tests\Feature\Api\ProductApiTest" classname="Tests.Feature.Api.ProductApiTest" assertions="4" time="0.070292"/>
        <testcase name="test_can_filter_products_by_brand" file="C:\Users\Gaser\Desktop\COPRRA\tests\Feature\Api\ProductApiTest.php" line="54" class="Tests\Feature\Api\ProductApiTest" classname="Tests.Feature.Api.ProductApiTest" assertions="2" time="0.076469"/>
        <testcase name="test_can_sort_products_by_price_ascending" file="C:\Users\Gaser\Desktop\COPRRA\tests\Feature\Api\ProductApiTest.php" line="98" class="Tests\Feature\Api\ProductApiTest" classname="Tests.Feature.Api.ProductApiTest" assertions="4" time="0.068720"/>
        <testcase name="test_product_list_is_paginated" file="C:\Users\Gaser\Desktop\COPRRA\tests\Feature\Api\ProductApiTest.php" line="139" class="Tests\Feature\Api\ProductApiTest" classname="Tests.Feature.Api.ProductApiTest" assertions="4" time="0.112937"/>
        <testcase name="test_can_filter_products_by_category" file="C:\Users\Gaser\Desktop\COPRRA\tests\Feature\Api\ProductApiTest.php" line="39" class="Tests\Feature\Api\ProductApiTest" classname="Tests.Feature.Api.ProductApiTest" assertions="2" time="0.068634"/>
        <testcase name="test_product_response_includes_relationships" file="C:\Users\Gaser\Desktop\COPRRA\tests\Feature\Api\ProductApiTest.php" line="161" class="Tests\Feature\Api\ProductApiTest" classname="Tests.Feature.Api.ProductApiTest" assertions="11" time="0.060101"/>
        <testcase name="test_can_filter_products_by_price_range" file="C:\Users\Gaser\Desktop\COPRRA\tests\Feature\Api\ProductApiTest.php" line="69" class="Tests\Feature\Api\ProductApiTest" classname="Tests.Feature.Api.ProductApiTest" assertions="2" time="0.065734"/>
        <testcase name="test_inactive_products_are_not_listed" file="C:\Users\Gaser\Desktop\COPRRA\tests\Feature\Api\ProductApiTest.php" line="128" class="Tests\Feature\Api\ProductApiTest" classname="Tests.Feature.Api.ProductApiTest" assertions="2" time="0.070205"/>
        <testcase name="test_can_view_single_product" file="C:\Users\Gaser\Desktop\COPRRA\tests\Feature\Api\ProductApiTest.php" line="150" class="Tests\Feature\Api\ProductApiTest" classname="Tests.Feature.Api.ProductApiTest" assertions="3" time="0.060441"/>
      </testsuite>
      <testsuite name="Tests\Feature\Services\NotificationServiceTest" file="C:\Users\Gaser\Desktop\COPRRA\tests\Feature\Services\NotificationServiceTest.php" tests="5" assertions="6" errors="0" failures="0" skipped="0" time="0.000000">
        <testcase name="test_does_not_send_notification_when_no_active_alerts" file="C:\Users\Gaser\Desktop\COPRRA\tests\Feature\Services\NotificationServiceTest.php" line="76" class="Tests\Feature\Services\NotificationServiceTest" classname="Tests.Feature.Services.NotificationServiceTest" assertions="1" time="0.076140"/>
        <testcase name="test_skips_notification_for_user_without_email" file="C:\Users\Gaser\Desktop\COPRRA\tests\Feature\Services\NotificationServiceTest.php" line="92" class="Tests\Feature\Services\NotificationServiceTest" classname="Tests.Feature.Services.NotificationServiceTest" assertions="2" time="0.074751"/>
        <testcase name="test_logs_audit_trail_for_notification" file="C:\Users\Gaser\Desktop\COPRRA\tests\Feature\Services\NotificationServiceTest.php" line="154" class="Tests\Feature\Services\NotificationServiceTest" classname="Tests.Feature.Services.NotificationServiceTest" assertions="1" time="0.076983"/>
        <testcase name="test_sends_price_drop_notification_to_active_alerts" file="C:\Users\Gaser\Desktop\COPRRA\tests\Feature\Services\NotificationServiceTest.php" line="43" class="Tests\Feature\Services\NotificationServiceTest" classname="Tests.Feature.Services.NotificationServiceTest" assertions="1" time="0.058428"/>
        <testcase name="test_handles_exception_during_notification_sending" file="C:\Users\Gaser\Desktop\COPRRA\tests\Feature\Services\NotificationServiceTest.php" line="130" class="Tests\Feature\Services\NotificationServiceTest" classname="Tests.Feature.Services.NotificationServiceTest" assertions="1" time="0.060333"/>
      </testsuite>
      <testsuite name="Tests\Feature\Console\Commands\StatsCommandTest" file="C:\Users\Gaser\Desktop\COPRRA\tests\Feature\Console\Commands\StatsCommandTest.php" tests="8" assertions="8" errors="0" failures="0" skipped="0" time="0.000000">
        <testcase name="stats_command_displays_correct_basic_stats" file="C:\Users\Gaser\Desktop\COPRRA\tests\Feature\Console\Commands\StatsCommandTest.php" line="26" class="Tests\Feature\Console\Commands\StatsCommandTest" classname="Tests.Feature.Console.Commands.StatsCommandTest" assertions="1" time="0.073117"/>
        <testcase name="stats_command_displays_top_categories" file="C:\Users\Gaser\Desktop\COPRRA\tests\Feature\Console\Commands\StatsCommandTest.php" line="62" class="Tests\Feature\Console\Commands\StatsCommandTest" classname="Tests.Feature.Console.Commands.StatsCommandTest" assertions="1" time="0.069480"/>
        <testcase name="stats_command_runs_successfully_with_detailed_option" file="C:\Users\Gaser\Desktop\COPRRA\tests\Feature\Console\Commands\StatsCommandTest.php" line="20" class="Tests\Feature\Console\Commands\StatsCommandTest" classname="Tests.Feature.Console.Commands.StatsCommandTest" assertions="1" time="0.074000"/>
        <testcase name="stats_command_displays_recent_activity" file="C:\Users\Gaser\Desktop\COPRRA\tests\Feature\Console\Commands\StatsCommandTest.php" line="54" class="Tests\Feature\Console\Commands\StatsCommandTest" classname="Tests.Feature.Console.Commands.StatsCommandTest" assertions="1" time="0.067864"/>
        <testcase name="stats_command_handles_empty_database" file="C:\Users\Gaser\Desktop\COPRRA\tests\Feature\Console\Commands\StatsCommandTest.php" line="42" class="Tests\Feature\Console\Commands\StatsCommandTest" classname="Tests.Feature.Console.Commands.StatsCommandTest" assertions="1" time="0.061907"/>
        <testcase name="stats_command_displays_detailed_stats_when_requested" file="C:\Users\Gaser\Desktop\COPRRA\tests\Feature\Console\Commands\StatsCommandTest.php" line="34" class="Tests\Feature\Console\Commands\StatsCommandTest" classname="Tests.Feature.Console.Commands.StatsCommandTest" assertions="1" time="0.066799"/>
        <testcase name="stats_command_handles_detailed_stats_with_empty_database" file="C:\Users\Gaser\Desktop\COPRRA\tests\Feature\Console\Commands\StatsCommandTest.php" line="48" class="Tests\Feature\Console\Commands\StatsCommandTest" classname="Tests.Feature.Console.Commands.StatsCommandTest" assertions="1" time="0.074167"/>
        <testcase name="stats_command_runs_successfully_without_detailed_option" file="C:\Users\Gaser\Desktop\COPRRA\tests\Feature\Console\Commands\StatsCommandTest.php" line="14" class="Tests\Feature\Console\Commands\StatsCommandTest" classname="Tests.Feature.Console.Commands.StatsCommandTest" assertions="1" time="0.062948"/>
      </testsuite>
      <testsuite name="Tests\Feature\E2E\OrderFlowTest" file="C:\Users\Gaser\Desktop\COPRRA\tests\Feature\E2E\OrderFlowTest.php" tests="6" assertions="17" errors="0" failures="0" skipped="0" time="0.000000">
        <testcase name="test_order_cancellation_flow" file="C:\Users\Gaser\Desktop\COPRRA\tests\Feature\E2E\OrderFlowTest.php" line="120" class="Tests\Feature\E2E\OrderFlowTest" classname="Tests.Feature.E2E.OrderFlowTest" assertions="2" time="0.068477"/>
        <testcase name="test_complete_order_creation_flow" file="C:\Users\Gaser\Desktop\COPRRA\tests\Feature\E2E\OrderFlowTest.php" line="33" class="Tests\Feature\E2E\OrderFlowTest" classname="Tests.Feature.E2E.OrderFlowTest" assertions="6" time="0.086816"/>
        <testcase name="test_complete_order_status_update_flow" file="C:\Users\Gaser\Desktop\COPRRA\tests\Feature\E2E\OrderFlowTest.php" line="84" class="Tests\Feature\E2E\OrderFlowTest" classname="Tests.Feature.E2E.OrderFlowTest" assertions="4" time="0.091880"/>
        <testcase name="test_user_can_view_order_history" file="C:\Users\Gaser\Desktop\COPRRA\tests\Feature\E2E\OrderFlowTest.php" line="164" class="Tests\Feature\E2E\OrderFlowTest" classname="Tests.Feature.E2E.OrderFlowTest" assertions="2" time="0.097517"/>
        <testcase name="test_cannot_cancel_shipped_order" file="C:\Users\Gaser\Desktop\COPRRA\tests\Feature\E2E\OrderFlowTest.php" line="144" class="Tests\Feature\E2E\OrderFlowTest" classname="Tests.Feature.E2E.OrderFlowTest" assertions="2" time="0.074463"/>
        <testcase name="test_user_cannot_view_other_users_orders" file="C:\Users\Gaser\Desktop\COPRRA\tests\Feature\E2E\OrderFlowTest.php" line="179" class="Tests\Feature\E2E\OrderFlowTest" classname="Tests.Feature.E2E.OrderFlowTest" assertions="1" time="0.063913"/>
      </testsuite>
      <testsuite name="Tests\Feature\Http\Controllers\LogControllerTest" file="C:\Users\Gaser\Desktop\COPRRA\tests\Feature\Http\Controllers\LogControllerTest.php" tests="2" assertions="2" errors="0" failures="0" skipped="0" time="0.000000">
        <testcase name="it_can_clear_application_logs" file="C:\Users\Gaser\Desktop\COPRRA\tests\Feature\Http\Controllers\LogControllerTest.php" line="29" class="Tests\Feature\Http\Controllers\LogControllerTest" classname="Tests.Feature.Http.Controllers.LogControllerTest" assertions="1" time="0.703834"/>
        <testcase name="it_can_get_application_logs" file="C:\Users\Gaser\Desktop\COPRRA\tests\Feature\Http\Controllers\LogControllerTest.php" line="21" class="Tests\Feature\Http\Controllers\LogControllerTest" classname="Tests.Feature.Http.Controllers.LogControllerTest" assertions="1" time="0.715317"/>
      </testsuite>
      <testsuite name="Tests\Feature\Models\PriceOfferTest" file="C:\Users\Gaser\Desktop\COPRRA\tests\Feature\Models\PriceOfferTest.php" tests="3" assertions="6" errors="0" failures="0" skipped="0" time="0.000000">
        <testcase name="test_it_has_expected_properties" file="C:\Users\Gaser\Desktop\COPRRA\tests\Feature\Models\PriceOfferTest.php" line="25" class="Tests\Feature\Models\PriceOfferTest" classname="Tests.Feature.Models.PriceOfferTest" assertions="2" time="0.063832"/>
        <testcase name="test_it_can_create_a_price_offer" file="C:\Users\Gaser\Desktop\COPRRA\tests\Feature\Models\PriceOfferTest.php" line="14" class="Tests\Feature\Models\PriceOfferTest" classname="Tests.Feature.Models.PriceOfferTest" assertions="2" time="0.054214"/>
        <testcase name="test_it_can_be_instantiated" file="C:\Users\Gaser\Desktop\COPRRA\tests\Feature\Models\PriceOfferTest.php" line="36" class="Tests\Feature\Models\PriceOfferTest" classname="Tests.Feature.Models.PriceOfferTest" assertions="2" time="0.051288"/>
      </testsuite>
      <testsuite name="Tests\Feature\Models\UserTest" file="C:\Users\Gaser\Desktop\COPRRA\tests\Feature\Models\UserTest.php" tests="12" assertions="47" errors="0" failures="0" skipped="0" time="0.000000">
        <testcase name="test_factory_creates_valid_user" file="C:\Users\Gaser\Desktop\COPRRA\tests\Feature\Models\UserTest.php" line="198" class="Tests\Feature\Models\UserTest" classname="Tests.Feature.Models.UserTest" assertions="8" time="0.052833"/>
        <testcase name="test_it_hides_sensitive_attributes" file="C:\Users\Gaser\Desktop\COPRRA\tests\Feature\Models\UserTest.php" line="79" class="Tests\Feature\Models\UserTest" classname="Tests.Feature.Models.UserTest" assertions="2" time="0.064684"/>
        <testcase name="test_is_banned_method" file="C:\Users\Gaser\Desktop\COPRRA\tests\Feature\Models\UserTest.php" line="152" class="Tests\Feature\Models\UserTest" classname="Tests.Feature.Models.UserTest" assertions="2" time="0.057659"/>
        <testcase name="test_it_has_many_price_alerts" file="C:\Users\Gaser\Desktop\COPRRA\tests\Feature\Models\UserTest.php" line="118" class="Tests\Feature\Models\UserTest" classname="Tests.Feature.Models.UserTest" assertions="3" time="0.061734"/>
        <testcase name="test_it_casts_attributes_correctly" file="C:\Users\Gaser\Desktop\COPRRA\tests\Feature\Models\UserTest.php" line="56" class="Tests\Feature\Models\UserTest" classname="Tests.Feature.Models.UserTest" assertions="9" time="0.059482"/>
        <testcase name="test_it_can_create_a_user" file="C:\Users\Gaser\Desktop\COPRRA\tests\Feature\Models\UserTest.php" line="25" class="Tests\Feature\Models\UserTest" classname="Tests.Feature.Models.UserTest" assertions="8" time="0.063914"/>
        <testcase name="test_it_has_many_wishlists" file="C:\Users\Gaser\Desktop\COPRRA\tests\Feature\Models\UserTest.php" line="104" class="Tests\Feature\Models\UserTest" classname="Tests.Feature.Models.UserTest" assertions="3" time="0.071311"/>
        <testcase name="test_it_has_one_locale_setting" file="C:\Users\Gaser\Desktop\COPRRA\tests\Feature\Models\UserTest.php" line="132" class="Tests\Feature\Models\UserTest" classname="Tests.Feature.Models.UserTest" assertions="2" time="0.062229"/>
        <testcase name="test_fillable_attributes" file="C:\Users\Gaser\Desktop\COPRRA\tests\Feature\Models\UserTest.php" line="176" class="Tests\Feature\Models\UserTest" classname="Tests.Feature.Models.UserTest" assertions="1" time="0.063760"/>
        <testcase name="test_is_admin_method" file="C:\Users\Gaser\Desktop\COPRRA\tests\Feature\Models\UserTest.php" line="142" class="Tests\Feature\Models\UserTest" classname="Tests.Feature.Models.UserTest" assertions="2" time="0.058203"/>
        <testcase name="test_is_ban_expired_method" file="C:\Users\Gaser\Desktop\COPRRA\tests\Feature\Models\UserTest.php" line="162" class="Tests\Feature\Models\UserTest" classname="Tests.Feature.Models.UserTest" assertions="4" time="0.061617"/>
        <testcase name="test_it_has_many_reviews" file="C:\Users\Gaser\Desktop\COPRRA\tests\Feature\Models\UserTest.php" line="90" class="Tests\Feature\Models\UserTest" classname="Tests.Feature.Models.UserTest" assertions="3" time="0.063042"/>
      </testsuite>
      <testsuite name="Tests\Feature\Http\Middleware\StartSessionTest" file="C:\Users\Gaser\Desktop\COPRRA\tests\Feature\Http\Middleware\StartSessionTest.php" tests="5" assertions="10" errors="0" failures="0" skipped="0" time="0.000000">
        <testcase name="test_start_session_middleware_handles_different_request_methods" file="C:\Users\Gaser\Desktop\COPRRA\tests\Feature\Http\Middleware\StartSessionTest.php" line="72" class="Tests\Feature\Http\Middleware\StartSessionTest" classname="Tests.Feature.Http.Middleware.StartSessionTest" assertions="2" time="0.054355"/>
        <testcase name="test_start_session_middleware_handles_session_data" file="C:\Users\Gaser\Desktop\COPRRA\tests\Feature\Http\Middleware\StartSessionTest.php" line="29" class="Tests\Feature\Http\Middleware\StartSessionTest" classname="Tests.Feature.Http.Middleware.StartSessionTest" assertions="2" time="0.054527"/>
        <testcase name="test_start_session_middleware_starts_session" file="C:\Users\Gaser\Desktop\COPRRA\tests\Feature\Http\Middleware\StartSessionTest.php" line="16" class="Tests\Feature\Http\Middleware\StartSessionTest" classname="Tests.Feature.Http.Middleware.StartSessionTest" assertions="2" time="0.054186"/>
        <testcase name="test_start_session_middleware_handles_api_requests" file="C:\Users\Gaser\Desktop\COPRRA\tests\Feature\Http\Middleware\StartSessionTest.php" line="58" class="Tests\Feature\Http\Middleware\StartSessionTest" classname="Tests.Feature.Http.Middleware.StartSessionTest" assertions="2" time="0.061803"/>
        <testcase name="test_start_session_middleware_handles_post_requests" file="C:\Users\Gaser\Desktop\COPRRA\tests\Feature\Http\Middleware\StartSessionTest.php" line="43" class="Tests\Feature\Http\Middleware\StartSessionTest" classname="Tests.Feature.Http.Middleware.StartSessionTest" assertions="2" time="0.051622"/>
      </testsuite>
[...]
        <testcase name="test_analyze_image_confidence_range" file="C:\Users\Gaser\Desktop\COPRRA\tests\AI\AIServiceTest.php" line="331" class="Tests\AI\AIServiceTest" classname="Tests.AI.AIServiceTest" assertions="5" time="0.000405"/>
        <testcase name="test_classify_product_tags_is_array" file="C:\Users\Gaser\Desktop\COPRRA\tests\AI\AIServiceTest.php" line="193" class="Tests\AI\AIServiceTest" classname="Tests.AI.AIServiceTest" assertions="4" time="0.000378"/>
        <testcase name="test_classify_product_confidence_range" file="C:\Users\Gaser\Desktop\COPRRA\tests\AI\AIServiceTest.php" line="183" class="Tests\AI\AIServiceTest" classname="Tests.AI.AIServiceTest" assertions="5" time="0.000492"/>
        <testcase name="test_generate_recommendations_with_empty_preferences" file="C:\Users\Gaser\Desktop\COPRRA\tests\AI\AIServiceTest.php" line="229" class="Tests\AI\AIServiceTest" classname="Tests.AI.AIServiceTest" assertions="1" time="0.000386"/>
        <testcase name="test_generate_recommendations_returns_valid_structure" file="C:\Users\Gaser\Desktop\COPRRA\tests\AI\AIServiceTest.php" line="214" class="Tests\AI\AIServiceTest" classname="Tests.AI.AIServiceTest" assertions="2" time="0.000352"/>
        <testcase name="test_service_memory_efficiency" file="C:\Users\Gaser\Desktop\COPRRA\tests\AI\AIServiceTest.php" line="380" class="Tests\AI\AIServiceTest" classname="Tests.AI.AIServiceTest" assertions="1" time="0.000393"/>
        <testcase name="test_analyze_text_with_very_long_text" file="C:\Users\Gaser\Desktop\COPRRA\tests\AI\AIServiceTest.php" line="127" class="Tests\AI\AIServiceTest" classname="Tests.AI.AIServiceTest" assertions="3" time="0.000388"/>
        <testcase name="test_analyze_text_returns_valid_structure" file="C:\Users\Gaser\Desktop\COPRRA\tests\AI\AIServiceTest.php" line="39" class="Tests\AI\AIServiceTest" classname="Tests.AI.AIServiceTest" assertions="7" time="0.000359"/>
        <testsuite name="Tests\AI\AIServiceTest::test_classify_product_with_various_descriptions" tests="8" assertions="32" errors="0" failures="0" skipped="0" time="0.000000">
          <testcase name="test_classify_product_with_various_descriptions with data set &quot;clothing&quot;" file="C:\Users\Gaser\Desktop\COPRRA\tests\AI\AIServiceTest.php" line="158" class="Tests\AI\AIServiceTest" classname="Tests.AI.AIServiceTest" assertions="4" time="0.000389"/>
          <testcase name="test_classify_product_with_various_descriptions with data set &quot;furniture&quot;" file="C:\Users\Gaser\Desktop\COPRRA\tests\AI\AIServiceTest.php" line="158" class="Tests\AI\AIServiceTest" classname="Tests.AI.AIServiceTest" assertions="4" time="0.000392"/>
          <testcase name="test_classify_product_with_various_descriptions with data set &quot;very_long&quot;" file="C:\Users\Gaser\Desktop\COPRRA\tests\AI\AIServiceTest.php" line="158" class="Tests\AI\AIServiceTest" classname="Tests.AI.AIServiceTest" assertions="4" time="0.000419"/>
          <testcase name="test_classify_product_with_various_descriptions with data set &quot;very_short&quot;" file="C:\Users\Gaser\Desktop\COPRRA\tests\AI\AIServiceTest.php" line="158" class="Tests\AI\AIServiceTest" classname="Tests.AI.AIServiceTest" assertions="4" time="0.000448"/>
          <testcase name="test_classify_product_with_various_descriptions with data set &quot;sports&quot;" file="C:\Users\Gaser\Desktop\COPRRA\tests\AI\AIServiceTest.php" line="158" class="Tests\AI\AIServiceTest" classname="Tests.AI.AIServiceTest" assertions="4" time="0.000493"/>
          <testcase name="test_classify_product_with_various_descriptions with data set &quot;electronics&quot;" file="C:\Users\Gaser\Desktop\COPRRA\tests\AI\AIServiceTest.php" line="158" class="Tests\AI\AIServiceTest" classname="Tests.AI.AIServiceTest" assertions="4" time="0.000399"/>
          <testcase name="test_classify_product_with_various_descriptions with data set &quot;empty&quot;" file="C:\Users\Gaser\Desktop\COPRRA\tests\AI\AIServiceTest.php" line="158" class="Tests\AI\AIServiceTest" classname="Tests.AI.AIServiceTest" assertions="4" time="0.000411"/>
          <testcase name="test_classify_product_with_various_descriptions with data set &quot;books&quot;" file="C:\Users\Gaser\Desktop\COPRRA\tests\AI\AIServiceTest.php" line="158" class="Tests\AI\AIServiceTest" classname="Tests.AI.AIServiceTest" assertions="4" time="0.000380"/>
        </testsuite>
        <testsuite name="Tests\AI\AIServiceTest::test_generate_recommendations_with_various_preferences" tests="4" assertions="8" errors="0" failures="0" skipped="0" time="0.000000">
          <testcase name="test_generate_recommendations_with_various_preferences with data set &quot;price_range&quot;" file="C:\Users\Gaser\Desktop\COPRRA\tests\AI\AIServiceTest.php" line="238" class="Tests\AI\AIServiceTest" classname="Tests.AI.AIServiceTest" assertions="2" time="0.000419"/>
          <testcase name="test_generate_recommendations_with_various_preferences with data set &quot;multiple_categories&quot;" file="C:\Users\Gaser\Desktop\COPRRA\tests\AI\AIServiceTest.php" line="238" class="Tests\AI\AIServiceTest" classname="Tests.AI.AIServiceTest" assertions="2" time="0.000425"/>
          <testcase name="test_generate_recommendations_with_various_preferences with data set &quot;single_category&quot;" file="C:\Users\Gaser\Desktop\COPRRA\tests\AI\AIServiceTest.php" line="238" class="Tests\AI\AIServiceTest" classname="Tests.AI.AIServiceTest" assertions="2" time="0.000469"/>
          <testcase name="test_generate_recommendations_with_various_preferences with data set &quot;empty_products&quot;" file="C:\Users\Gaser\Desktop\COPRRA\tests\AI\AIServiceTest.php" line="238" class="Tests\AI\AIServiceTest" classname="Tests.AI.AIServiceTest" assertions="2" time="0.000477"/>
        </testsuite>
        <testcase name="test_service_consistency_across_multiple_calls" file="C:\Users\Gaser\Desktop\COPRRA\tests\AI\AIServiceTest.php" line="357" class="Tests\AI\AIServiceTest" classname="Tests.AI.AIServiceTest" assertions="2" time="0.000391"/>
        <testcase name="test_service_handles_unicode_correctly" file="C:\Users\Gaser\Desktop\COPRRA\tests\AI\AIServiceTest.php" line="369" class="Tests\AI\AIServiceTest" classname="Tests.AI.AIServiceTest" assertions="3" time="0.000382"/>
      </testsuite>
      <testsuite name="Tests\AI\RecommendationSystemTest" file="C:\Users\Gaser\Desktop\COPRRA\tests\AI\RecommendationSystemTest.php" tests="8" assertions="8" errors="0" failures="0" skipped="0" time="0.000000">
        <testcase name="recommendations_match_user_preferences" file="C:\Users\Gaser\Desktop\COPRRA\tests\AI\RecommendationSystemTest.php" line="17" class="Tests\AI\RecommendationSystemTest" classname="Tests.AI.RecommendationSystemTest" assertions="1" time="0.000506"/>
        <testcase name="can_generate_collaborative_recommendations" file="C:\Users\Gaser\Desktop\COPRRA\tests\AI\RecommendationSystemTest.php" line="35" class="Tests\AI\RecommendationSystemTest" classname="Tests.AI.RecommendationSystemTest" assertions="1" time="0.000306"/>
        <testcase name="can_generate_seasonal_recommendations" file="C:\Users\Gaser\Desktop\COPRRA\tests\AI\RecommendationSystemTest.php" line="47" class="Tests\AI\RecommendationSystemTest" classname="Tests.AI.RecommendationSystemTest" assertions="1" time="0.000290"/>
        <testcase name="can_generate_trending_products" file="C:\Users\Gaser\Desktop\COPRRA\tests\AI\RecommendationSystemTest.php" line="29" class="Tests\AI\RecommendationSystemTest" classname="Tests.AI.RecommendationSystemTest" assertions="1" time="0.000284"/>
        <testcase name="can_generate_user_recommendations" file="C:\Users\Gaser\Desktop\COPRRA\tests\AI\RecommendationSystemTest.php" line="11" class="Tests\AI\RecommendationSystemTest" classname="Tests.AI.RecommendationSystemTest" assertions="1" time="0.000311"/>
        <testcase name="can_generate_similar_products" file="C:\Users\Gaser\Desktop\COPRRA\tests\AI\RecommendationSystemTest.php" line="23" class="Tests\AI\RecommendationSystemTest" classname="Tests.AI.RecommendationSystemTest" assertions="1" time="0.000310"/>
        <testcase name="recommendations_consider_price_range" file="C:\Users\Gaser\Desktop\COPRRA\tests\AI\RecommendationSystemTest.php" line="41" class="Tests\AI\RecommendationSystemTest" classname="Tests.AI.RecommendationSystemTest" assertions="1" time="0.000282"/>
        <testcase name="recommendations_improve_with_feedback" file="C:\Users\Gaser\Desktop\COPRRA\tests\AI\RecommendationSystemTest.php" line="53" class="Tests\AI\RecommendationSystemTest" classname="Tests.AI.RecommendationSystemTest" assertions="1" time="0.000280"/>
      </testsuite>
      <testsuite name="Tests\AI\SmokeTest" file="C:\Users\Gaser\Desktop\COPRRA\tests\AI\SmokeTest.php" tests="1" assertions="1" errors="0" failures="0" skipped="0" time="0.000000">
        <testcase name="it_runs" file="C:\Users\Gaser\Desktop\COPRRA\tests\AI\SmokeTest.php" line="13" class="Tests\AI\SmokeTest" classname="Tests.AI.SmokeTest" assertions="1" time="0.000362"/>
      </testsuite>
      <testsuite name="Tests\AI\ImageProcessingTest" file="C:\Users\Gaser\Desktop\COPRRA\tests\AI\ImageProcessingTest.php" tests="8" assertions="8" errors="0" failures="0" skipped="0" time="0.000000">
        <testcase name="can_resize_images" file="C:\Users\Gaser\Desktop\COPRRA\tests\AI\ImageProcessingTest.php" line="35" class="Tests\AI\ImageProcessingTest" classname="Tests.AI.ImageProcessingTest" assertions="1" time="0.000299"/>
        <testcase name="can_handle_multiple_image_formats" file="C:\Users\Gaser\Desktop\COPRRA\tests\AI\ImageProcessingTest.php" line="53" class="Tests\AI\ImageProcessingTest" classname="Tests.AI.ImageProcessingTest" assertions="1" time="0.000352"/>
        <testcase name="can_compress_images" file="C:\Users\Gaser\Desktop\COPRRA\tests\AI\ImageProcessingTest.php" line="41" class="Tests\AI\ImageProcessingTest" classname="Tests.AI.ImageProcessingTest" assertions="1" time="0.000307"/>
        <testcase name="can_extract_colors_from_images" file="C:\Users\Gaser\Desktop\COPRRA\tests\AI\ImageProcessingTest.php" line="23" class="Tests\AI\ImageProcessingTest" classname="Tests.AI.ImageProcessingTest" assertions="1" time="0.000314"/>
        <testcase name="can_detect_image_quality" file="C:\Users\Gaser\Desktop\COPRRA\tests\AI\ImageProcessingTest.php" line="47" class="Tests\AI\ImageProcessingTest" classname="Tests.AI.ImageProcessingTest" assertions="1" time="0.000308"/>
        <testcase name="can_generate_image_tags" file="C:\Users\Gaser\Desktop\COPRRA\tests\AI\ImageProcessingTest.php" line="29" class="Tests\AI\ImageProcessingTest" classname="Tests.AI.ImageProcessingTest" assertions="1" time="0.000349"/>
        <testcase name="can_analyze_product_images" file="C:\Users\Gaser\Desktop\COPRRA\tests\AI\ImageProcessingTest.php" line="11" class="Tests\AI\ImageProcessingTest" classname="Tests.AI.ImageProcessingTest" assertions="1" time="0.000370"/>
        <testcase name="can_detect_objects_in_images" file="C:\Users\Gaser\Desktop\COPRRA\tests\AI\ImageProcessingTest.php" line="17" class="Tests\AI\ImageProcessingTest" classname="Tests.AI.ImageProcessingTest" assertions="1" time="0.000291"/>
      </testsuite>
      <testsuite name="Tests\AI\ProductClassificationTest" file="C:\Users\Gaser\Desktop\COPRRA\tests\AI\ProductClassificationTest.php" tests="8" assertions="8" errors="0" failures="0" skipped="0" time="0.000000">
        <testcase name="can_handle_ambiguous_products" file="C:\Users\Gaser\Desktop\COPRRA\tests\AI\ProductClassificationTest.php" line="47" class="Tests\AI\ProductClassificationTest" classname="Tests.AI.ProductClassificationTest" assertions="1" time="0.000398"/>
        <testcase name="can_classify_clothing" file="C:\Users\Gaser\Desktop\COPRRA\tests\AI\ProductClassificationTest.php" line="17" class="Tests\AI\ProductClassificationTest" classname="Tests.AI.ProductClassificationTest" assertions="1" time="0.000318"/>
        <testcase name="can_classify_sports" file="C:\Users\Gaser\Desktop\COPRRA\tests\AI\ProductClassificationTest.php" line="35" class="Tests\AI\ProductClassificationTest" classname="Tests.AI.ProductClassificationTest" assertions="1" time="0.000288"/>
        <testcase name="classification_confidence_is_high" file="C:\Users\Gaser\Desktop\COPRRA\tests\AI\ProductClassificationTest.php" line="41" class="Tests\AI\ProductClassificationTest" classname="Tests.AI.ProductClassificationTest" assertions="1" time="0.000301"/>
        <testcase name="can_classify_electronics" file="C:\Users\Gaser\Desktop\COPRRA\tests\AI\ProductClassificationTest.php" line="11" class="Tests\AI\ProductClassificationTest" classname="Tests.AI.ProductClassificationTest" assertions="1" time="0.000313"/>
        <testcase name="can_classify_books" file="C:\Users\Gaser\Desktop\COPRRA\tests\AI\ProductClassificationTest.php" line="23" class="Tests\AI\ProductClassificationTest" classname="Tests.AI.ProductClassificationTest" assertions="1" time="0.000287"/>
        <testcase name="can_classify_home_garden" file="C:\Users\Gaser\Desktop\COPRRA\tests\AI\ProductClassificationTest.php" line="29" class="Tests\AI\ProductClassificationTest" classname="Tests.AI.ProductClassificationTest" assertions="1" time="0.000301"/>
        <testcase name="can_suggest_subcategories" file="C:\Users\Gaser\Desktop\COPRRA\tests\AI\ProductClassificationTest.php" line="53" class="Tests\AI\ProductClassificationTest" classname="Tests.AI.ProductClassificationTest" assertions="1" time="0.000411"/>
      </testsuite>
      <testsuite name="Tests\AI\StrictQualityAgentTest" file="C:\Users\Gaser\Desktop\COPRRA\tests\AI\StrictQualityAgentTest.php" tests="10" assertions="10" errors="0" failures="0" skipped="0" time="0.000000">
        <testcase name="agent_generates_report_file" file="C:\Users\Gaser\Desktop\COPRRA\tests\AI\StrictQualityAgentTest.php" line="47" class="Tests\AI\StrictQualityAgentTest" classname="Tests.AI.StrictQualityAgentTest" assertions="1" time="0.000296"/>
        <testcase name="agent_handles_stage_failure" file="C:\Users\Gaser\Desktop\COPRRA\tests\AI\StrictQualityAgentTest.php" line="35" class="Tests\AI\StrictQualityAgentTest" classname="Tests.AI.StrictQualityAgentTest" assertions="1" time="0.000295"/>
        <testcase name="agent_can_execute_single_stage" file="C:\Users\Gaser\Desktop\COPRRA\tests\AI\StrictQualityAgentTest.php" line="29" class="Tests\AI\StrictQualityAgentTest" classname="Tests.AI.StrictQualityAgentTest" assertions="1" time="0.000301"/>
        <testcase name="agent_returns_all_results" file="C:\Users\Gaser\Desktop\COPRRA\tests\AI\StrictQualityAgentTest.php" line="59" class="Tests\AI\StrictQualityAgentTest" classname="Tests.AI.StrictQualityAgentTest" assertions="1" time="0.000302"/>
        <testcase name="agent_stages_have_required_properties" file="C:\Users\Gaser\Desktop\COPRRA\tests\AI\StrictQualityAgentTest.php" line="23" class="Tests\AI\StrictQualityAgentTest" classname="Tests.AI.StrictQualityAgentTest" assertions="1" time="0.000301"/>
        <testcase name="agent_returns_errors_summary" file="C:\Users\Gaser\Desktop\COPRRA\tests\AI\StrictQualityAgentTest.php" line="65" class="Tests\AI\StrictQualityAgentTest" classname="Tests.AI.StrictQualityAgentTest" assertions="1" time="0.000288"/>
        <testcase name="agent_has_all_required_stages" file="C:\Users\Gaser\Desktop\COPRRA\tests\AI\StrictQualityAgentTest.php" line="17" class="Tests\AI\StrictQualityAgentTest" classname="Tests.AI.StrictQualityAgentTest" assertions="1" time="0.000287"/>
        <testcase name="agent_initializes_correctly" file="C:\Users\Gaser\Desktop\COPRRA\tests\AI\StrictQualityAgentTest.php" line="11" class="Tests\AI\StrictQualityAgentTest" classname="Tests.AI.StrictQualityAgentTest" assertions="1" time="0.000286"/>
        <testcase name="agent_can_auto_fix_issues" file="C:\Users\Gaser\Desktop\COPRRA\tests\AI\StrictQualityAgentTest.php" line="41" class="Tests\AI\StrictQualityAgentTest" classname="Tests.AI.StrictQualityAgentTest" assertions="1" time="0.000313"/>
        <testcase name="agent_returns_correct_stage_status" file="C:\Users\Gaser\Desktop\COPRRA\tests\AI\StrictQualityAgentTest.php" line="53" class="Tests\AI\StrictQualityAgentTest" classname="Tests.AI.StrictQualityAgentTest" assertions="1" time="0.000301"/>
      </testsuite>
      <testsuite name="Tests\AI\AITest" file="C:\Users\Gaser\Desktop\COPRRA\tests\AI\AITest.php" tests="1" assertions="1" errors="0" failures="0" skipped="0" time="0.000000">
        <testcase name="test_basic_test" file="C:\Users\Gaser\Desktop\COPRRA\tests\AI\AITest.php" line="18" class="Tests\AI\AITest" classname="Tests.AI.AITest" assertions="1" time="0.000286"/>
      </testsuite>
    </testsuite>
    <testsuite name="Integration" tests="9" assertions="18" errors="0" failures="0" skipped="0" time="0.000000">
      <testsuite name="Tests\Integration\CompleteWorkflowTest" file="C:\Users\Gaser\Desktop\COPRRA\tests\Integration\CompleteWorkflowTest.php" tests="3" assertions="6" errors="0" failures="0" skipped="0" time="0.000000">
        <testcase name="admin_management_workflow" file="C:\Users\Gaser\Desktop\COPRRA\tests\Integration\CompleteWorkflowTest.php" line="38" class="Tests\Integration\CompleteWorkflowTest" classname="Tests.Integration.CompleteWorkflowTest" assertions="2" time="0.315188"/>
        <testcase name="user_registration_workflow" file="C:\Users\Gaser\Desktop\COPRRA\tests\Integration\CompleteWorkflowTest.php" line="11" class="Tests\Integration\CompleteWorkflowTest" classname="Tests.Integration.CompleteWorkflowTest" assertions="2" time="0.330479"/>
        <testcase name="product_purchase_workflow" file="C:\Users\Gaser\Desktop\COPRRA\tests\Integration\CompleteWorkflowTest.php" line="27" class="Tests\Integration\CompleteWorkflowTest" classname="Tests.Integration.CompleteWorkflowTest" assertions="2" time="0.327639"/>
      </testsuite>
      <testsuite name="Tests\Integration\AdvancedIntegrationTest" file="C:\Users\Gaser\Desktop\COPRRA\tests\Integration\AdvancedIntegrationTest.php" tests="3" assertions="6" errors="0" failures="0" skipped="0" time="0.000000">
        <testcase name="frontend_backend_integration" file="C:\Users\Gaser\Desktop\COPRRA\tests\Integration\AdvancedIntegrationTest.php" line="33" class="Tests\Integration\AdvancedIntegrationTest" classname="Tests.Integration.AdvancedIntegrationTest" assertions="2" time="0.339041"/>
        <testcase name="api_database_integration" file="C:\Users\Gaser\Desktop\COPRRA\tests\Integration\AdvancedIntegrationTest.php" line="22" class="Tests\Integration\AdvancedIntegrationTest" classname="Tests.Integration.AdvancedIntegrationTest" assertions="2" time="0.313773"/>
        <testcase name="full_workflow_integration" file="C:\Users\Gaser\Desktop\COPRRA\tests\Integration\AdvancedIntegrationTest.php" line="11" class="Tests\Integration\AdvancedIntegrationTest" classname="Tests.Integration.AdvancedIntegrationTest" assertions="2" time="0.353349"/>
      </testsuite>
      <testsuite name="Tests\Integration\IntegrationTest" file="C:\Users\Gaser\Desktop\COPRRA\tests\Integration\IntegrationTest.php" tests="3" assertions="6" errors="0" failures="0" skipped="0" time="0.000000">
        <testcase name="basic_integration_works" file="C:\Users\Gaser\Desktop\COPRRA\tests\Integration\IntegrationTest.php" line="11" class="Tests\Integration\IntegrationTest" classname="Tests.Integration.IntegrationTest" assertions="2" time="0.309124"/>
        <testcase name="service_integration_works" file="C:\Users\Gaser\Desktop\COPRRA\tests\Integration\IntegrationTest.php" line="22" class="Tests\Integration\IntegrationTest" classname="Tests.Integration.IntegrationTest" assertions="2" time="0.342983"/>
        <testcase name="component_integration_works" file="C:\Users\Gaser\Desktop\COPRRA\tests\Integration\IntegrationTest.php" line="33" class="Tests\Integration\IntegrationTest" classname="Tests.Integration.IntegrationTest" assertions="2" time="0.556524"/>
      </testsuite>
    </testsuite>
  </testsuite>
</testsuites>
