/var/www/html/app/Services/PasswordPolicyService.php:32:53: error - Expected at least 1 space before "."; 0 found
/var/www/html/app/Services/PasswordPolicyService.php:32:53: error - Expected at least 1 space after "."; 0 found
/var/www/html/app/Services/PasswordPolicyService.php:32:64: error - Expected at least 1 space before "."; 0 found
/var/www/html/app/Services/PasswordPolicyService.php:32:64: error - Expected at least 1 space after "."; 0 found
/var/www/html/app/Services/PasswordPolicyService.php:39:52: error - Expected at least 1 space before "."; 0 found
/var/www/html/app/Services/PasswordPolicyService.php:39:52: error - Expected at least 1 space after "."; 0 found
/var/www/html/app/Services/PasswordPolicyService.php:39:63: error - Expected at least 1 space before "."; 0 found
/var/www/html/app/Services/PasswordPolicyService.php:39:63: error - Expected at least 1 space after "."; 0 found
/var/www/html/app/Console/Commands/AgentProposeFixCommand.php:103:55: error - Expected at least 1 space before "."; 0 found
/var/www/html/app/Console/Commands/AgentProposeFixCommand.php:103:55: error - Expected at least 1 space after "."; 0 found
/var/www/html/app/Console/Commands/AgentProposeFixCommand.php:109:35: error - Expected at least 1 space before "."; 0 found
/var/www/html/app/Console/Commands/AgentProposeFixCommand.php:109:35: error - Expected at least 1 space after "."; 0 found
/var/www/html/app/Console/Commands/AgentProposeFixCommand.php:136:55: error - Expected at least 1 space before "."; 0 found
/var/www/html/app/Console/Commands/AgentProposeFixCommand.php:136:55: error - Expected at least 1 space after "."; 0 found
/var/www/html/app/Console/Commands/AgentProposeFixCommand.php:137:40: error - Expected at least 1 space before "."; 0 found
/var/www/html/app/Console/Commands/AgentProposeFixCommand.php:137:40: error - Expected at least 1 space after "."; 0 found
/var/www/html/app/Console/Commands/AgentProposeFixCommand.php:143:36: error - Expected at least 1 space before "."; 0 found
/var/www/html/app/Console/Commands/AgentProposeFixCommand.php:143:36: error - Expected at least 1 space after "."; 0 found
/var/www/html/app/Console/Commands/AgentProposeFixCommand.php:168:136: warning - Line exceeds 120 characters; contains 136 characters
/var/www/html/app/Console/Commands/AgentProposeFixCommand.php:171:66: error - Expected at least 1 space before "."; 0 found
/var/www/html/app/Console/Commands/AgentProposeFixCommand.php:171:66: error - Expected at least 1 space after "."; 0 found
/var/www/html/app/Console/Commands/AgentProposeFixCommand.php:172:44: error - Expected at least 1 space before "."; 0 found
/var/www/html/app/Console/Commands/AgentProposeFixCommand.php:172:44: error - Expected at least 1 space after "."; 0 found
/var/www/html/app/Console/Commands/AgentProposeFixCommand.php:178:39: error - Expected at least 1 space before "."; 0 found
/var/www/html/app/Console/Commands/AgentProposeFixCommand.php:178:39: error - Expected at least 1 space after "."; 0 found
/var/www/html/app/Console/Commands/AgentProposeFixCommand.php:203:55: error - Expected at least 1 space before "."; 0 found
/var/www/html/app/Console/Commands/AgentProposeFixCommand.php:203:55: error - Expected at least 1 space after "."; 0 found
/var/www/html/app/Console/Commands/AgentProposeFixCommand.php:209:39: error - Expected at least 1 space before "."; 0 found
/var/www/html/app/Console/Commands/AgentProposeFixCommand.php:209:39: error - Expected at least 1 space after "."; 0 found
/var/www/html/app/Console/Commands/AgentProposeFixCommand.php:225:69: error - Expected at least 1 space before "."; 0 found
/var/www/html/app/Console/Commands/AgentProposeFixCommand.php:225:69: error - Expected at least 1 space after "."; 0 found
/var/www/html/app/Console/Commands/AgentProposeFixCommand.php:226:46: error - Expected at least 1 space before "."; 0 found
/var/www/html/app/Console/Commands/AgentProposeFixCommand.php:226:46: error - Expected at least 1 space after "."; 0 found
/var/www/html/app/Console/Commands/AgentProposeFixCommand.php:232:42: error - Expected at least 1 space before "."; 0 found
/var/www/html/app/Console/Commands/AgentProposeFixCommand.php:232:42: error - Expected at least 1 space after "."; 0 found
/var/www/html/app/Console/Commands/AgentProposeFixCommand.php:244:53: error - Expected at least 1 space before "."; 0 found
/var/www/html/app/Console/Commands/AgentProposeFixCommand.php:244:53: error - Expected at least 1 space after "."; 0 found
/var/www/html/app/Console/Commands/AgentProposeFixCommand.php:250:40: error - Expected at least 1 space before "."; 0 found
/var/www/html/app/Console/Commands/AgentProposeFixCommand.php:250:40: error - Expected at least 1 space after "."; 0 found
/var/www/html/app/Console/Commands/AgentProposeFixCommand.php:279:61: error - Expected at least 1 space before "."; 0 found
/var/www/html/app/Console/Commands/AgentProposeFixCommand.php:279:61: error - Expected at least 1 space after "."; 0 found
/var/www/html/app/Console/Commands/AgentProposeFixCommand.php:281:106: error - Expected at least 1 space before "."; 0 found
/var/www/html/app/Console/Commands/AgentProposeFixCommand.php:281:106: error - Expected at least 1 space after "."; 0 found
/var/www/html/app/Console/Commands/AgentProposeFixCommand.php:287:34: error - Expected at least 1 space before "."; 0 found
/var/www/html/app/Console/Commands/AgentProposeFixCommand.php:287:34: error - Expected at least 1 space after "."; 0 found
/var/www/html/app/Console/Commands/AgentProposeFixCommand.php:322:126: warning - Line exceeds 120 characters; contains 126 characters
/var/www/html/app/Console/Commands/AgentProposeFixCommand.php:323:135: warning - Line exceeds 120 characters; contains 135 characters
/var/www/html/app/Http/Requests/CartRequest.php:10:1: error - Opening brace must not be followed by a blank line
/var/www/html/app/Services/PasswordResetService.php:126:34: error - Expected at least 1 space before "."; 0 found
/var/www/html/app/Services/PasswordResetService.php:126:34: error - Expected at least 1 space after "."; 0 found
/var/www/html/app/Services/PasswordResetService.php:138:34: error - Expected at least 1 space before "."; 0 found
/var/www/html/app/Services/PasswordResetService.php:138:34: error - Expected at least 1 space after "."; 0 found
/var/www/html/app/Services/PasswordResetService.php:150:146: warning - Line exceeds 120 characters; contains 146 characters
/var/www/html/app/Services/PasswordResetService.php:193:34: error - Expected at least 1 space before "."; 0 found
/var/www/html/app/Services/PasswordResetService.php:193:34: error - Expected at least 1 space after "."; 0 found
/var/www/html/app/Services/PasswordResetService.php:209:34: error - Expected at least 1 space before "."; 0 found
/var/www/html/app/Services/PasswordResetService.php:209:34: error - Expected at least 1 space after "."; 0 found
/var/www/html/app/Services/PasswordResetService.php:250:34: error - Expected at least 1 space before "."; 0 found
/var/www/html/app/Services/PasswordResetService.php:250:34: error - Expected at least 1 space after "."; 0 found
/var/www/html/app/Http/Requests/ChangePasswordRequest.php:10:1: error - Opening brace must not be followed by a blank line
/var/www/html/app/Http/Requests/ForgotPasswordRequest.php:10:1: error - Opening brace must not be followed by a blank line
/var/www/html/app/Http/Requests/ForgotPasswordRequest.php:27:1: error - Expected 1 blank line at end of file; 2 found
/var/www/html/app/Console/Commands/GenerateSitemap.php:32:60: error - Expected at least 1 space before "."; 0 found
/var/www/html/app/Console/Commands/GenerateSitemap.php:32:60: error - Expected at least 1 space after "."; 0 found
/var/www/html/app/Console/Commands/GenerateSitemap.php:33:83: error - Expected at least 1 space before "."; 0 found
/var/www/html/app/Console/Commands/GenerateSitemap.php:33:83: error - Expected at least 1 space after "."; 0 found
/var/www/html/app/Console/Commands/GenerateSitemap.php:75:57: error - Expected at least 1 space before "."; 0 found
/var/www/html/app/Console/Commands/GenerateSitemap.php:75:57: error - Expected at least 1 space after "."; 0 found
/var/www/html/app/Console/Commands/GenerateSitemap.php:84:177: warning - Line exceeds 120 characters; contains 177 characters
/var/www/html/app/Services/PerformanceAnalysisService.php:25:56: error - Expected at least 1 space before "."; 0 found
/var/www/html/app/Services/PerformanceAnalysisService.php:25:56: error - Expected at least 1 space after "."; 0 found
/var/www/html/app/Http/Requests/ProductCreateRequest.php:247:139: warning - Line exceeds 120 characters; contains 139 characters
/var/www/html/app/Services/PerformanceMonitoringService.php:56:141: warning - Line exceeds 120 characters; contains 141 characters
/var/www/html/app/Services/PerformanceMonitoringService.php:223:128: warning - Line exceeds 120 characters; contains 129 characters
/var/www/html/app/Services/PerformanceMonitoringService.php:224:126: warning - Line exceeds 120 characters; contains 126 characters
/var/www/html/app/Services/PerformanceMonitoringService.php:236:130: warning - Line exceeds 120 characters; contains 130 characters
/var/www/html/app/Services/PerformanceMonitoringService.php:247:122: warning - Line exceeds 120 characters; contains 123 characters
/var/www/html/app/Console/Commands/OptimizeDatabase.php:66:46: error - Expected at least 1 space before "."; 0 found
/var/www/html/app/Console/Commands/OptimizeDatabase.php:66:46: error - Expected at least 1 space after "."; 0 found
/var/www/html/app/Console/Commands/OptimizeDatabase.php:66:68: error - Expected at least 1 space before "."; 0 found
/var/www/html/app/Console/Commands/OptimizeDatabase.php:66:68: error - Expected at least 1 space after "."; 0 found
/var/www/html/app/Console/Commands/OptimizeDatabase.php:68:58: error - Expected at least 1 space before "."; 0 found
/var/www/html/app/Console/Commands/OptimizeDatabase.php:68:58: error - Expected at least 1 space after "."; 0 found
/var/www/html/app/Console/Commands/OptimizeDatabase.php:92:61: error - Expected at least 1 space before "."; 0 found
/var/www/html/app/Console/Commands/OptimizeDatabase.php:92:61: error - Expected at least 1 space after "."; 0 found
/var/www/html/app/Console/Commands/OptimizeDatabase.php:116:62: error - Expected at least 1 space before "."; 0 found
/var/www/html/app/Console/Commands/OptimizeDatabase.php:116:62: error - Expected at least 1 space after "."; 0 found
/var/www/html/app/Http/Requests/ProductIndexRequest.php:10:1: error - Opening brace must not be followed by a blank line
/var/www/html/app/Http/Requests/ProductIndexRequest.php:34:1: error - Expected 1 blank line at end of file; 2 found
/var/www/html/app/Console/Commands/OptimizePerformance.php:9:1: error - The file-level docblock must follow the opening PHP tag in the file header
/var/www/html/app/Console/Commands/OptimizePerformance.php:12:2: error - Header blocks must be separated by a single blank line
/var/www/html/app/Console/Commands/OptimizePerformance.php:13:1: error - Similar statements must be grouped together inside header blocks; the first "use" statement was found on line 7
/var/www/html/app/Services/PointsService.php:16:138: warning - Line exceeds 120 characters; contains 146 characters
/var/www/html/app/Http/Requests/ProductRequest.php:28:80: error - Expected at least 1 space before "."; 0 found
/var/www/html/app/Http/Requests/ProductRequest.php:28:80: error - Expected at least 1 space after "."; 0 found
/var/www/html/app/Services/PriceSearchService.php:13:88: error - Opening brace should be on a new line
/var/www/html/app/Services/PriceSearchService.php:13:89: error - Closing brace must be on a line by itself
/var/www/html/app/Http/Requests/ProductSearchRequest.php:257:143: warning - Line exceeds 120 characters; contains 143 characters
/var/www/html/app/Console/Commands/SEOAudit.php:13:1: error - The file-level docblock must follow the opening PHP tag in the file header
/var/www/html/app/Console/Commands/SEOAudit.php:16:2: error - Header blocks must be separated by a single blank line
/var/www/html/app/Console/Commands/SEOAudit.php:17:1: error - Similar statements must be grouped together inside header blocks; the first "use" statement was found on line 7
/var/www/html/app/Http/Requests/ProductUpdateRequest.php:31:125: warning - Line exceeds 120 characters; contains 125 characters
/var/www/html/app/Http/Requests/ProductUpdateRequest.php:216:63: error - Expected at least 1 space before "."; 0 found
/var/www/html/app/Http/Requests/ProductUpdateRequest.php:216:63: error - Expected at least 1 space after "."; 0 found
/var/www/html/app/Http/Requests/ProductUpdateRequest.php:216:91: error - Expected at least 1 space before "."; 0 found
/var/www/html/app/Http/Requests/ProductUpdateRequest.php:216:91: error - Expected at least 1 space after "."; 0 found
/var/www/html/app/Http/Requests/ProductUpdateRequest.php:216:123: warning - Line exceeds 120 characters; contains 123 characters
/var/www/html/app/Http/Requests/ProductUpdateRequest.php:273:131: warning - Line exceeds 120 characters; contains 131 characters
/var/www/html/app/Services/ProductService.php:18:8: error - Closing brace must be on a line by itself
/var/www/html/app/Services/ProductService.php:32:29: error - Expected at least 1 space before "."; 0 found
/var/www/html/app/Services/ProductService.php:32:29: error - Expected at least 1 space after "."; 0 found
/var/www/html/app/Services/ProductService.php:58:28: error - Expected at least 1 space before "."; 0 found
/var/www/html/app/Services/ProductService.php:58:28: error - Expected at least 1 space after "."; 0 found
/var/www/html/app/Services/ProductService.php:77:31: error - Expected at least 1 space before "."; 0 found
/var/www/html/app/Services/ProductService.php:77:31: error - Expected at least 1 space after "."; 0 found
/var/www/html/app/Services/ProductService.php:83:88: error - Parentheses must be used when instantiating a new class
/var/www/html/app/Console/Commands/StatsCommand.php:40:24: error - Expected at least 1 space before "."; 0 found
/var/www/html/app/Console/Commands/StatsCommand.php:40:24: error - Expected at least 1 space after "."; 0 found
/var/www/html/app/Console/Commands/StatsCommand.php:94:34: error - Expected at least 1 space before "."; 0 found
/var/www/html/app/Console/Commands/StatsCommand.php:94:34: error - Expected at least 1 space after "."; 0 found
/var/www/html/app/Console/Commands/StatsCommand.php:95:34: error - Expected at least 1 space before "."; 0 found
/var/www/html/app/Console/Commands/StatsCommand.php:95:34: error - Expected at least 1 space after "."; 0 found
/var/www/html/app/Console/Commands/StatsCommand.php:96:34: error - Expected at least 1 space before "."; 0 found
/var/www/html/app/Console/Commands/StatsCommand.php:96:34: error - Expected at least 1 space after "."; 0 found
/var/www/html/app/Console/Commands/StatsCommand.php:107:137: warning - Line exceeds 120 characters; contains 137 characters
/var/www/html/app/Console/Commands/StatsCommand.php:120:121: warning - Line exceeds 120 characters; contains 121 characters
/var/www/html/app/Console/Commands/StatsCommand.php:133:126: warning - Line exceeds 120 characters; contains 126 characters
/var/www/html/app/Console/Commands/StatsCommand.php:171:40: error - Expected at least 1 space before "."; 0 found
/var/www/html/app/Console/Commands/StatsCommand.php:171:40: error - Expected at least 1 space after "."; 0 found
/var/www/html/app/Console/Commands/StatsCommand.php:171:44: error - Expected at least 1 space before "."; 0 found
/var/www/html/app/Console/Commands/StatsCommand.php:171:44: error - Expected at least 1 space after "."; 0 found
/var/www/html/app/Http/Requests/RegisterRequest.php:11:1: error - Opening brace must not be followed by a blank line
/var/www/html/app/Http/Requests/RegisterRequest.php:50:1: error - Expected 1 blank line at end of file; 2 found
/var/www/html/app/Services/QualityAnalysisService.php:25:57: error - Expected at least 1 space before "."; 0 found
/var/www/html/app/Services/QualityAnalysisService.php:25:57: error - Expected at least 1 space after "."; 0 found
/var/www/html/app/Services/QualityAnalysisService.php:47:131: warning - Line exceeds 120 characters; contains 131 characters
/var/www/html/app/Http/Requests/ResetPasswordRequest.php:11:1: error - Opening brace must not be followed by a blank line
/var/www/html/app/Http/Requests/ResetPasswordRequest.php:31:1: error - Expected 1 blank line at end of file; 2 found
/var/www/html/app/Console/Commands/UpdatePricesCommand.php:20:210: warning - Line exceeds 120 characters; contains 210 characters
/var/www/html/app/Console/Commands/UpdatePricesCommand.php:46:52: error - Expected at least 1 space before "."; 0 found
/var/www/html/app/Console/Commands/UpdatePricesCommand.php:46:52: error - Expected at least 1 space after "."; 0 found
/var/www/html/app/Console/Commands/UpdatePricesCommand.php:51:54: error - Expected at least 1 space before "."; 0 found
/var/www/html/app/Console/Commands/UpdatePricesCommand.php:51:54: error - Expected at least 1 space after "."; 0 found
/var/www/html/app/Console/Commands/UpdatePricesCommand.php:77:122: warning - Line exceeds 120 characters; contains 122 characters
/var/www/html/app/Console/Commands/UpdatePricesCommand.php:87:83: error - Expected at least 1 space before "."; 0 found
/var/www/html/app/Console/Commands/UpdatePricesCommand.php:87:83: error - Expected at least 1 space after "."; 0 found
/var/www/html/app/Http/Requests/StoreBrandRequest.php:10:1: error - Opening brace must not be followed by a blank line
/var/www/html/app/Services/ReportService.php:24:123: warning - Line exceeds 120 characters; contains 127 characters
/var/www/html/app/Services/ReportService.php:541:140: warning - Line exceeds 120 characters; contains 140 characters
/var/www/html/app/Services/RouteConfigurationService.php:14:109: error - Opening brace should be on a new line
/var/www/html/app/Services/RouteConfigurationService.php:14:110: error - Closing brace must be on a line by itself
/var/www/html/app/Services/RouteConfigurationService.php:22:147: warning - Line exceeds 120 characters; contains 147 characters
/var/www/html/app/Services/RouteConfigurationService.php:25:139: warning - Line exceeds 120 characters; contains 139 characters
/var/www/html/app/Services/RouteConfigurationService.php:31:135: warning - Line exceeds 120 characters; contains 135 characters
/var/www/html/app/Http/Requests/StorePriceAlertRequest.php:10:1: error - Opening brace must not be followed by a blank line
/var/www/html/app/Services/SecurityAnalysisService.php:28:53: error - Expected at least 1 space before "."; 0 found
/var/www/html/app/Services/SecurityAnalysisService.php:28:53: error - Expected at least 1 space after "."; 0 found
/var/www/html/app/Contracts/StoreAdapterInterface.php:9:3: error - Whitespace found at end of line
/var/www/html/app/Contracts/StoreAdapterInterface.php:32:7: error - Whitespace found at end of line
/var/www/html/app/Contracts/StoreAdapterInterface.php:53:7: error - Whitespace found at end of line
/var/www/html/app/Contracts/StoreAdapterInterface.php:72:7: error - Whitespace found at end of line
/var/www/html/app/Contracts/StoreAdapterInterface.php:80:1: error - Expected 1 blank line at end of file; 2 found
/var/www/html/app/Services/SEOService.php:262:1: error - Expected 1 blank line at end of file; 2 found
/var/www/html/app/Contracts/UserBanService.php:14:130: warning - Line exceeds 120 characters; contains 130 characters
/var/www/html/app/Http/Requests/StoreReviewRequest.php:10:1: error - Opening brace must not be followed by a blank line
/var/www/html/app/DTO/AnalysisResult.php:15:8: error - Closing brace must be on a line by itself
/var/www/html/app/Services/StorageManagementService.php:115:123: warning - Line exceeds 120 characters; contains 123 characters
/var/www/html/app/Services/StorageManagementService.php:386:122: warning - Line exceeds 120 characters; contains 122 characters
/var/www/html/app/Services/StorageManagementService.php:387:128: warning - Line exceeds 120 characters; contains 128 characters
/var/www/html/app/Services/StorageManagementService.php:388:126: warning - Line exceeds 120 characters; contains 126 characters
/var/www/html/app/Http/Requests/SwitchLanguageRequest.php:10:1: error - Opening brace must not be followed by a blank line
/var/www/html/app/DTO/ProcessResult.php:25:8: error - Closing brace must be on a line by itself
/var/www/html/app/Services/StoreAdapters/AbstractStoreAdapter.php:39:1: error - Whitespace found at end of line
/var/www/html/app/Services/StoreAdapters/AbstractStoreAdapter.php:46:1: error - Blank line found at end of control structure
/var/www/html/app/Services/StoreAdapters/AbstractStoreAdapter.php:49:1: error - Whitespace found at end of line
/var/www/html/app/Services/StoreAdapters/AbstractStoreAdapter.php:136:1: error - Expected 1 blank line at end of file; 2 found
/var/www/html/app/Enums/NotificationStatus.php:49:1: error - Expected 1 blank line at end of file; 2 found
/var/www/html/app/Http/Requests/UpdateBrandRequest.php:10:1: error - Opening brace must not be followed by a blank line
/var/www/html/app/Services/StoreAdapters/AmazonAdapter.php:9:3: error - Whitespace found at end of line
/var/www/html/app/Services/StoreAdapters/AmazonAdapter.php:92:1: error - Whitespace found at end of line
/var/www/html/app/Services/StoreAdapters/AmazonAdapter.php:93:122: warning - Line exceeds 120 characters; contains 122 characters
/var/www/html/app/Services/StoreAdapters/AmazonAdapter.php:94:1: error - Whitespace found at end of line
/var/www/html/app/Services/StoreAdapters/AmazonAdapter.php:182:1: error - Expected 1 blank line at end of file; 2 found
/var/www/html/app/Enums/OrderStatus.php:80:1: error - Expected 1 blank line at end of file; 2 found
/var/www/html/app/Http/Requests/UpdateCartRequest.php:10:1: error - Opening brace must not be followed by a blank line
/var/www/html/app/Http/Requests/UpdateCartRequest.php:29:1: error - Expected 1 blank line at end of file; 2 found
/var/www/html/app/Services/StoreAdapters/EbayAdapter.php:88:138: warning - Line exceeds 120 characters; contains 138 characters
/var/www/html/app/Enums/UserRole.php:87:1: error - Expected 1 blank line at end of file; 2 found
/var/www/html/app/Events/OrderStatusChanged.php:28:8: error - Closing brace must be on a line by itself
/var/www/html/app/Services/SuspiciousActivityService.php:214:121: warning - Line exceeds 120 characters; contains 125 characters
/var/www/html/app/Services/SuspiciousActivityService.php:328:146: warning - Line exceeds 120 characters; contains 150 characters
/var/www/html/app/Services/SuspiciousActivityService.php:351:118: warning - Line exceeds 120 characters; contains 122 characters
/var/www/html/app/Exceptions/GlobalExceptionHandler.php:41:65: error - Closing brace must be on a line by itself
/var/www/html/app/Exceptions/GlobalExceptionHandler.php:48:126: warning - Line exceeds 120 characters; contains 133 characters
/var/www/html/app/Exceptions/GlobalExceptionHandler.php:106:168: warning - Line exceeds 120 characters; contains 175 characters
/var/www/html/app/Exceptions/GlobalExceptionHandler.php:331:73: error - Expected at least 1 space before "."; 0 found
/var/www/html/app/Exceptions/GlobalExceptionHandler.php:332:34: error - Expected at least 1 space before "."; 0 found
/var/www/html/app/Exceptions/GlobalExceptionHandler.php:332:34: error - Expected at least 1 space after "."; 0 found
/var/www/html/app/Exceptions/GlobalExceptionHandler.php:332:51: error - Expected at least 1 space before "."; 0 found
/var/www/html/app/Exceptions/GlobalExceptionHandler.php:332:51: error - Expected at least 1 space after "."; 0 found
/var/www/html/app/Exceptions/GlobalExceptionHandler.php:332:56: error - Expected at least 1 space before "."; 0 found
/var/www/html/app/Exceptions/GlobalExceptionHandler.php:333:33: error - Expected at least 1 space before "."; 0 found
/var/www/html/app/Exceptions/GlobalExceptionHandler.php:333:33: error - Expected at least 1 space after "."; 0 found
/var/www/html/app/Exceptions/GlobalExceptionHandler.php:333:47: error - Expected at least 1 space before "."; 0 found
/var/www/html/app/Exceptions/GlobalExceptionHandler.php:333:47: error - Expected at least 1 space after "."; 0 found
/var/www/html/app/Exceptions/GlobalExceptionHandler.php:333:51: error - Expected at least 1 space before "."; 0 found
/var/www/html/app/Exceptions/GlobalExceptionHandler.php:333:51: error - Expected at least 1 space after "."; 0 found
/var/www/html/app/Exceptions/GlobalExceptionHandler.php:333:65: error - Expected at least 1 space before "."; 0 found
/var/www/html/app/Exceptions/GlobalExceptionHandler.php:333:65: error - Expected at least 1 space after "."; 0 found
/var/www/html/app/Exceptions/GlobalExceptionHandler.php:333:70: error - Expected at least 1 space before "."; 0 found
/var/www/html/app/Exceptions/GlobalExceptionHandler.php:334:33: error - Expected at least 1 space before "."; 0 found
/var/www/html/app/Exceptions/GlobalExceptionHandler.php:334:33: error - Expected at least 1 space after "."; 0 found
/var/www/html/app/Exceptions/GlobalExceptionHandler.php:334:54: error - Expected at least 1 space before "."; 0 found
/var/www/html/app/Exceptions/GlobalExceptionHandler.php:334:54: error - Expected at least 1 space after "."; 0 found
/var/www/html/app/Exceptions/GlobalExceptionHandler.php:334:59: error - Expected at least 1 space before "."; 0 found
/var/www/html/app/Exceptions/GlobalExceptionHandler.php:335:32: error - Expected at least 1 space before "."; 0 found
/var/www/html/app/Exceptions/GlobalExceptionHandler.php:335:32: error - Expected at least 1 space after "."; 0 found
/var/www/html/app/Exceptions/GlobalExceptionHandler.php:337:127: warning - Line exceeds 120 characters; contains 127 characters
/var/www/html/app/Http/Requests/UpdatePriceAlertRequest.php:10:1: error - Opening brace must not be followed by a blank line
/var/www/html/app/Services/TestAnalysisService.php:12:72: error - Opening brace should be on a new line
/var/www/html/app/Services/TestAnalysisService.php:12:73: error - Closing brace must be on a line by itself
/var/www/html/app/Http/Requests/UpdateProductRequest.php:10:1: error - Opening brace must not be followed by a blank line
/var/www/html/app/Exceptions/ProductUpdate.php:9:39: error - Opening brace of a class must be on the line after the definition
/var/www/html/app/Exceptions/ProductUpdate.php:9:40: error - Closing brace must be on a line by itself
/var/www/html/app/Services/WebhookService.php:12:1: error - Opening brace must not be followed by a blank line
/var/www/html/app/Services/WebhookService.php:78:1: error - Blank line found at end of control structure
/var/www/html/app/Services/WebhookService.php:214:121: warning - Line exceeds 120 characters; contains 121 characters
/var/www/html/app/Services/WebhookService.php:248:1: error - Expected 1 blank line at end of file; 2 found
/var/www/html/app/Http/Requests/UpdateReviewRequest.php:10:1: error - Opening brace must not be followed by a blank line
/var/www/html/app/View/Composers/AppComposer.php:13:1: error - Opening brace must not be followed by a blank line
/var/www/html/app/View/Composers/AppComposer.php:83:131: warning - Line exceeds 120 characters; contains 135 characters
/var/www/html/app/Http/Requests/UpdateUserRequest.php:11:1: error - Opening brace must not be followed by a blank line
/var/www/html/app/Http/Controllers/Admin/AIControlPanelController.php:13:51: error - Opening brace of a class must be on the line after the definition
/var/www/html/app/Http/Controllers/Admin/AIControlPanelController.php:13:52: error - Closing brace must be on a line by itself
/var/www/html/app/_ide_helper_cart.php:10:18: error - Opening brace of a class must be on the line after the definition
/var/www/html/app/_ide_helper_cart.php:10:19: error - Closing brace must be on a line by itself
/var/www/html/bootstrap/app.php:28:57: error - Closing brace must be on a line by itself
/var/www/html/app/Http/Controllers/Admin/DashboardController.php:99:135: warning - Line exceeds 120 characters; contains 135 characters
/var/www/html/app/Http/Controllers/Admin/DashboardController.php:116:124: warning - Line exceeds 120 characters; contains 124 characters
/var/www/html/routes/api.php:29:126: warning - Line exceeds 120 characters; contains 126 characters
/var/www/html/routes/api.php:197:121: warning - Line exceeds 120 characters; contains 121 characters
/var/www/html/routes/api.php:424:125: warning - Line exceeds 120 characters; contains 125 characters
/var/www/html/routes/api.php:446:121: warning - Line exceeds 120 characters; contains 121 characters
/var/www/html/check-environment.php:1:1: warning - A file should declare new symbols (classes, functions, constants, etc.) and cause no other side effects, or it should execute logic with side effects, but should not do both. The first symbol is defined on line 25 and the first side effect is on line 20.
/var/www/html/check-environment.php:27:14: error - Expected at least 1 space before "."; 0 found
/var/www/html/check-environment.php:27:14: error - Expected at least 1 space after "."; 0 found
/var/www/html/check-environment.php:27:25: error - Expected at least 1 space before "."; 0 found
/var/www/html/check-environment.php:27:25: error - Expected at least 1 space after "."; 0 found
/var/www/html/check-environment.php:27:41: error - Expected at least 1 space before "."; 0 found
/var/www/html/check-environment.php:27:41: error - Expected at least 1 space after "."; 0 found
/var/www/html/check-environment.php:27:53: error - Expected at least 1 space before "."; 0 found
/var/www/html/check-environment.php:27:53: error - Expected at least 1 space after "."; 0 found
/var/www/html/check-environment.php:33:21: error - Expected at least 1 space before "."; 0 found
/var/www/html/check-environment.php:33:21: error - Expected at least 1 space after "."; 0 found
/var/www/html/check-environment.php:33:26: error - Expected at least 1 space before "."; 0 found
/var/www/html/check-environment.php:33:26: error - Expected at least 1 space after "."; 0 found
/var/www/html/check-environment.php:33:38: error - Expected at least 1 space before "."; 0 found
/var/www/html/check-environment.php:33:38: error - Expected at least 1 space after "."; 0 found
/var/www/html/check-environment.php:33:44: error - Expected at least 1 space before "."; 0 found
/var/www/html/check-environment.php:33:44: error - Expected at least 1 space after "."; 0 found
/var/www/html/check-environment.php:40:19: error - Expected at least 1 space before "."; 0 found
/var/www/html/check-environment.php:40:19: error - Expected at least 1 space after "."; 0 found
/var/www/html/check-environment.php:40:24: error - Expected at least 1 space before "."; 0 found
/var/www/html/check-environment.php:40:24: error - Expected at least 1 space after "."; 0 found
/var/www/html/check-environment.php:40:36: error - Expected at least 1 space before "."; 0 found
/var/www/html/check-environment.php:40:36: error - Expected at least 1 space after "."; 0 found
/var/www/html/check-environment.php:40:42: error - Expected at least 1 space before "."; 0 found
/var/www/html/check-environment.php:40:42: error - Expected at least 1 space after "."; 0 found
/var/www/html/check-environment.php:48:22: error - Expected at least 1 space before "."; 0 found
/var/www/html/check-environment.php:48:22: error - Expected at least 1 space after "."; 0 found
/var/www/html/check-environment.php:48:27: error - Expected at least 1 space before "."; 0 found
/var/www/html/check-environment.php:48:27: error - Expected at least 1 space after "."; 0 found
/var/www/html/check-environment.php:48:39: error - Expected at least 1 space before "."; 0 found
/var/www/html/check-environment.php:48:39: error - Expected at least 1 space after "."; 0 found
/var/www/html/check-environment.php:48:45: error - Expected at least 1 space before "."; 0 found
/var/www/html/check-environment.php:48:45: error - Expected at least 1 space after "."; 0 found
/var/www/html/check-environment.php:54:20: error - Expected at least 1 space before "."; 0 found
/var/www/html/check-environment.php:54:20: error - Expected at least 1 space after "."; 0 found
/var/www/html/check-environment.php:54:25: error - Expected at least 1 space before "."; 0 found
/var/www/html/check-environment.php:54:25: error - Expected at least 1 space after "."; 0 found
/var/www/html/check-environment.php:54:37: error - Expected at least 1 space before "."; 0 found
/var/www/html/check-environment.php:54:37: error - Expected at least 1 space after "."; 0 found
/var/www/html/check-environment.php:54:43: error - Expected at least 1 space before "."; 0 found
/var/www/html/check-environment.php:54:43: error - Expected at least 1 space after "."; 0 found
/var/www/html/check-environment.php:58:16: error - Expected at least 1 space before "."; 0 found
/var/www/html/check-environment.php:58:16: error - Expected at least 1 space after "."; 0 found
/var/www/html/check-environment.php:64:17: error - Expected at least 1 space before "."; 0 found
/var/www/html/check-environment.php:64:17: error - Expected at least 1 space after "."; 0 found
/var/www/html/check-environment.php:222:37: error - Expected at least 1 space before "."; 0 found
/var/www/html/check-environment.php:222:37: error - Expected at least 1 space after "."; 0 found
/var/www/html/check-environment.php:246:24: error - Expected at least 1 space before "."; 0 found
/var/www/html/check-environment.php:246:24: error - Expected at least 1 space after "."; 0 found
/var/www/html/check-environment.php:247:36: error - Expected at least 1 space before "."; 0 found
/var/www/html/check-environment.php:247:36: error - Expected at least 1 space after "."; 0 found
/var/www/html/check-environment.php:262:50: error - Expected at least 1 space before "."; 0 found
/var/www/html/check-environment.php:262:50: error - Expected at least 1 space after "."; 0 found
/var/www/html/check-environment.php:282:50: error - Expected at least 1 space before "."; 0 found
/var/www/html/check-environment.php:282:50: error - Expected at least 1 space after "."; 0 found
/var/www/html/check-environment.php:288:44: error - Expected at least 1 space before "."; 0 found
/var/www/html/check-environment.php:288:44: error - Expected at least 1 space after "."; 0 found
/var/www/html/check-environment.php:305:44: error - Expected at least 1 space before "."; 0 found
/var/www/html/check-environment.php:305:44: error - Expected at least 1 space after "."; 0 found
/var/www/html/check-environment.php:311:16: error - Expected at least 1 space before "."; 0 found
/var/www/html/check-environment.php:311:16: error - Expected at least 1 space after "."; 0 found
/var/www/html/check-environment.php:313:72: error - Expected at least 1 space before "."; 0 found
/var/www/html/check-environment.php:313:72: error - Expected at least 1 space after "."; 0 found
/var/www/html/check-environment.php:316:17: error - Expected at least 1 space before "."; 0 found
/var/www/html/check-environment.php:316:17: error - Expected at least 1 space after "."; 0 found
/var/www/html/check-environment.php:316:35: error - Expected at least 1 space before "."; 0 found
/var/www/html/check-environment.php:316:35: error - Expected at least 1 space after "."; 0 found
/var/www/html/check-environment.php:316:47: error - Expected at least 1 space before "."; 0 found
/var/www/html/check-environment.php:316:47: error - Expected at least 1 space after "."; 0 found
/var/www/html/check-environment.php:317:15: error - Expected at least 1 space before "."; 0 found
/var/www/html/check-environment.php:317:15: error - Expected at least 1 space after "."; 0 found
/var/www/html/check-environment.php:317:33: error - Expected at least 1 space before "."; 0 found
/var/www/html/check-environment.php:317:33: error - Expected at least 1 space after "."; 0 found
/var/www/html/check-environment.php:317:45: error - Expected at least 1 space before "."; 0 found
/var/www/html/check-environment.php:317:45: error - Expected at least 1 space after "."; 0 found
/var/www/html/check-environment.php:318:18: error - Expected at least 1 space before "."; 0 found
/var/www/html/check-environment.php:318:18: error - Expected at least 1 space after "."; 0 found
/var/www/html/check-environment.php:318:31: error - Expected at least 1 space before "."; 0 found
/var/www/html/check-environment.php:318:31: error - Expected at least 1 space after "."; 0 found
/var/www/html/check-environment.php:318:48: error - Expected at least 1 space before "."; 0 found
/var/www/html/check-environment.php:318:48: error - Expected at least 1 space after "."; 0 found
/var/www/html/check-environment.php:318:60: error - Expected at least 1 space before "."; 0 found
/var/www/html/check-environment.php:318:60: error - Expected at least 1 space after "."; 0 found
/var/www/html/check-environment.php:321:19: error - Expected at least 1 space before "."; 0 found
/var/www/html/check-environment.php:321:19: error - Expected at least 1 space after "."; 0 found
/var/www/html/check-environment.php:321:50: error - Expected at least 1 space before "."; 0 found
/var/www/html/check-environment.php:321:50: error - Expected at least 1 space after "."; 0 found
/var/www/html/check-environment.php:324:23: error - Expected at least 1 space before "."; 0 found
/var/www/html/check-environment.php:324:23: error - Expected at least 1 space after "."; 0 found
/var/www/html/check-environment.php:324:30: error - Expected at least 1 space before "."; 0 found
/var/www/html/check-environment.php:324:30: error - Expected at least 1 space after "."; 0 found
/var/www/html/check-environment.php:324:42: error - Expected at least 1 space before "."; 0 found
/var/www/html/check-environment.php:324:42: error - Expected at least 1 space after "."; 0 found
/var/www/html/check-environment.php:324:49: error - Expected at least 1 space before "."; 0 found
/var/www/html/check-environment.php:324:49: error - Expected at least 1 space after "."; 0 found
/var/www/html/check-environment.php:328:22: error - Expected at least 1 space before "."; 0 found
/var/www/html/check-environment.php:328:22: error - Expected at least 1 space after "."; 0 found
/var/www/html/check-environment.php:328:69: error - Expected at least 1 space before "."; 0 found
/var/www/html/check-environment.php:328:69: error - Expected at least 1 space after "."; 0 found
/var/www/html/check-environment.php:331:26: error - Expected at least 1 space before "."; 0 found
/var/www/html/check-environment.php:331:26: error - Expected at least 1 space after "."; 0 found
/var/www/html/check-environment.php:331:33: error - Expected at least 1 space before "."; 0 found
/var/www/html/check-environment.php:331:33: error - Expected at least 1 space after "."; 0 found
/var/www/html/check-environment.php:331:45: error - Expected at least 1 space before "."; 0 found
/var/www/html/check-environment.php:331:45: error - Expected at least 1 space after "."; 0 found
/var/www/html/check-environment.php:331:54: error - Expected at least 1 space before "."; 0 found
/var/www/html/check-environment.php:331:54: error - Expected at least 1 space after "."; 0 found
/var/www/html/check-environment.php:335:21: error - Expected at least 1 space before "."; 0 found
/var/www/html/check-environment.php:335:21: error - Expected at least 1 space after "."; 0 found
/var/www/html/check-environment.php:335:52: error - Expected at least 1 space before "."; 0 found
/var/www/html/check-environment.php:335:52: error - Expected at least 1 space after "."; 0 found
/var/www/html/app/Http/Controllers/AdminController.php:14:42: error - Opening brace of a class must be on the line after the definition
/var/www/html/app/Http/Controllers/AdminController.php:14:43: error - Closing brace must be on a line by itself
/var/www/html/routes/channels.php:18:146: warning - Line exceeds 120 characters; contains 146 characters
/var/www/html/cleanup-problematic-dirs.php:1:1: warning - A file should declare new symbols (classes, functions, constants, etc.) and cause no other side effects, or it should execute logic with side effects, but should not do both. The first symbol is defined on line 15 and the first side effect is on line 7.
/var/www/html/cleanup-problematic-dirs.php:6:2: error - Header blocks must be separated by a single blank line
/var/www/html/cleanup-problematic-dirs.php:7:10: error - Expected at least 1 space before "."; 0 found
/var/www/html/cleanup-problematic-dirs.php:7:10: error - Expected at least 1 space after "."; 0 found
/var/www/html/cleanup-problematic-dirs.php:7:30: error - Expected at least 1 space before "."; 0 found
/var/www/html/cleanup-problematic-dirs.php:7:30: error - Expected at least 1 space after "."; 0 found
/var/www/html/cleanup-problematic-dirs.php:9:25: error - Expected at least 1 space before "."; 0 found
/var/www/html/cleanup-problematic-dirs.php:9:25: error - Expected at least 1 space after "."; 0 found
/var/www/html/cleanup-problematic-dirs.php:30:21: error - Expected at least 1 space before "."; 0 found
/var/www/html/cleanup-problematic-dirs.php:30:21: error - Expected at least 1 space after "."; 0 found
/var/www/html/cleanup-problematic-dirs.php:30:41: error - Expected at least 1 space before "."; 0 found
/var/www/html/cleanup-problematic-dirs.php:30:41: error - Expected at least 1 space after "."; 0 found
/var/www/html/cleanup-problematic-dirs.php:57:13: error - The first expression of a multi-line control structure must be on the line after the opening parenthesis
/var/www/html/cleanup-problematic-dirs.php:58:85: error - The closing parenthesis of a multi-line control structure must be on the line after the last expression
/var/www/html/cleanup-problematic-dirs.php:58:87: error - Blank line found at start of control structure
/var/www/html/cleanup-problematic-dirs.php:93:18: error - Expected at least 1 space before "."; 0 found
/var/www/html/cleanup-problematic-dirs.php:93:18: error - Expected at least 1 space after "."; 0 found
/var/www/html/cleanup-problematic-dirs.php:93:42: error - Expected at least 1 space before "."; 0 found
/var/www/html/cleanup-problematic-dirs.php:93:42: error - Expected at least 1 space after "."; 0 found
/var/www/html/cleanup-problematic-dirs.php:113:29: error - Expected at least 1 space before "."; 0 found
/var/www/html/cleanup-problematic-dirs.php:113:29: error - Expected at least 1 space after "."; 0 found
/var/www/html/cleanup-problematic-dirs.php:113:46: error - Expected at least 1 space before "."; 0 found
/var/www/html/cleanup-problematic-dirs.php:113:46: error - Expected at least 1 space after "."; 0 found
/var/www/html/cleanup-problematic-dirs.php:119:10: error - Expected at least 1 space before "."; 0 found
/var/www/html/cleanup-problematic-dirs.php:119:10: error - Expected at least 1 space after "."; 0 found
/var/www/html/cleanup-problematic-dirs.php:119:30: error - Expected at least 1 space before "."; 0 found
/var/www/html/cleanup-problematic-dirs.php:119:30: error - Expected at least 1 space after "."; 0 found
/var/www/html/cleanup-problematic-dirs.php:121:25: error - Expected at least 1 space before "."; 0 found
/var/www/html/cleanup-problematic-dirs.php:121:25: error - Expected at least 1 space after "."; 0 found
/var/www/html/cleanup-problematic-dirs.php:123:17: error - Expected at least 1 space before "."; 0 found
/var/www/html/cleanup-problematic-dirs.php:123:17: error - Expected at least 1 space after "."; 0 found
/var/www/html/cleanup-problematic-dirs.php:123:33: error - Expected at least 1 space before "."; 0 found
/var/www/html/cleanup-problematic-dirs.php:123:33: error - Expected at least 1 space after "."; 0 found
/var/www/html/cleanup-problematic-dirs.php:131:22: error - Expected at least 1 space before "."; 0 found
/var/www/html/cleanup-problematic-dirs.php:131:22: error - Expected at least 1 space after "."; 0 found
/var/www/html/cleanup-problematic-dirs.php:131:37: error - Expected at least 1 space before "."; 0 found
/var/www/html/cleanup-problematic-dirs.php:131:37: error - Expected at least 1 space after "."; 0 found
/var/www/html/cleanup-problematic-dirs.php:137:10: error - Expected at least 1 space before "."; 0 found
/var/www/html/cleanup-problematic-dirs.php:137:10: error - Expected at least 1 space after "."; 0 found
/var/www/html/cleanup-problematic-dirs.php:137:30: error - Expected at least 1 space before "."; 0 found
/var/www/html/cleanup-problematic-dirs.php:137:30: error - Expected at least 1 space after "."; 0 found
/var/www/html/cleanup-problematic-dirs.php:139:25: error - Expected at least 1 space before "."; 0 found
/var/www/html/cleanup-problematic-dirs.php:139:25: error - Expected at least 1 space after "."; 0 found
/var/www/html/app/Jobs/ProcessHeavyOperation.php:51:115: error - Opening brace should be on a new line
/var/www/html/app/Jobs/ProcessHeavyOperation.php:51:116: error - Closing brace must be on a line by itself
/var/www/html/app/Jobs/ProcessHeavyOperation.php:175:125: warning - Line exceeds 120 characters; contains 125 characters
/var/www/html/app/Jobs/ProcessHeavyOperation.php:229:38: error - Expected at least 1 space before "."; 0 found
/var/www/html/app/Jobs/ProcessHeavyOperation.php:229:38: error - Expected at least 1 space after "."; 0 found
/var/www/html/app/Jobs/ProcessHeavyOperation.php:229:79: error - Expected at least 1 space before "."; 0 found
/var/www/html/app/Jobs/ProcessHeavyOperation.php:229:79: error - Expected at least 1 space after "."; 0 found
/var/www/html/app/Jobs/ProcessHeavyOperation.php:229:83: error - Expected at least 1 space before "."; 0 found
/var/www/html/app/Jobs/ProcessHeavyOperation.php:229:83: error - Expected at least 1 space after "."; 0 found
/var/www/html/app/Jobs/ProcessHeavyOperation.php:229:122: error - Expected at least 1 space before "."; 0 found
/var/www/html/app/Jobs/ProcessHeavyOperation.php:229:122: error - Expected at least 1 space after "."; 0 found
/var/www/html/app/Jobs/ProcessHeavyOperation.php:229:126: error - Expected at least 1 space before "."; 0 found
/var/www/html/app/Jobs/ProcessHeavyOperation.php:229:126: error - Expected at least 1 space after "."; 0 found
/var/www/html/app/Jobs/ProcessHeavyOperation.php:229:133: error - Expected at least 1 space before "."; 0 found
/var/www/html/app/Jobs/ProcessHeavyOperation.php:229:133: error - Expected at least 1 space after "."; 0 found
/var/www/html/app/Jobs/ProcessHeavyOperation.php:229:137: error - Expected at least 1 space before "."; 0 found
/var/www/html/app/Jobs/ProcessHeavyOperation.php:229:137: error - Expected at least 1 space after "."; 0 found
/var/www/html/app/Jobs/ProcessHeavyOperation.php:229:176: warning - Line exceeds 120 characters; contains 176 characters
/var/www/html/app/Jobs/ProcessHeavyOperation.php:261:146: warning - Line exceeds 120 characters; contains 146 characters
/var/www/html/app/Http/Controllers/AnalyticsController.php:13:91: error - Opening brace should be on a new line
/var/www/html/app/Http/Controllers/AnalyticsController.php:13:92: error - Closing brace must be on a line by itself
/var/www/html/app/Listeners/SendOrderStatusNotification.php:55:1: error - Expected 1 blank line at end of file; 2 found
/var/www/html/routes/web.php:46:130: warning - Line exceeds 120 characters; contains 130 characters
/var/www/html/routes/web.php:48:126: warning - Line exceeds 120 characters; contains 126 characters
/var/www/html/routes/web.php:51:125: warning - Line exceeds 120 characters; contains 125 characters
/var/www/html/routes/web.php:52:165: warning - Line exceeds 120 characters; contains 165 characters
/var/www/html/routes/web.php:53:161: warning - Line exceeds 120 characters; contains 161 characters
/var/www/html/routes/web.php:83:123: warning - Line exceeds 120 characters; contains 123 characters
/var/www/html/routes/web.php:121:121: warning - Line exceeds 120 characters; contains 121 characters
/var/www/html/routes/web.php:122:127: warning - Line exceeds 120 characters; contains 127 characters
/var/www/html/app/Http/Controllers/Api/Admin/BrandController.php:13:1: error - Opening brace must not be followed by a blank line
/var/www/html/run-comprehensive-audit.php:1:1: warning - A file should declare new symbols (classes, functions, constants, etc.) and cause no other side effects, or it should execute logic with side effects, but should not do both. The first symbol is defined on line 7 and the first side effect is on line 366.
/var/www/html/run-comprehensive-audit.php:7:1: error - Each class must be in a namespace of at least one level (a top-level vendor name)
/var/www/html/run-comprehensive-audit.php:31:18: error - Expected at least 1 space before "."; 0 found
/var/www/html/run-comprehensive-audit.php:31:18: error - Expected at least 1 space after "."; 0 found
/var/www/html/run-comprehensive-audit.php:31:38: error - Expected at least 1 space before "."; 0 found
/var/www/html/run-comprehensive-audit.php:31:38: error - Expected at least 1 space after "."; 0 found
/var/www/html/run-comprehensive-audit.php:33:33: error - Expected at least 1 space before "."; 0 found
/var/www/html/run-comprehensive-audit.php:33:33: error - Expected at least 1 space after "."; 0 found
/var/www/html/run-comprehensive-audit.php:41:18: error - Expected at least 1 space before "."; 0 found
/var/www/html/run-comprehensive-audit.php:41:18: error - Expected at least 1 space after "."; 0 found
/var/www/html/run-comprehensive-audit.php:41:38: error - Expected at least 1 space before "."; 0 found
/var/www/html/run-comprehensive-audit.php:41:38: error - Expected at least 1 space after "."; 0 found
/var/www/html/run-comprehensive-audit.php:44:33: error - Expected at least 1 space before "."; 0 found
/var/www/html/run-comprehensive-audit.php:44:33: error - Expected at least 1 space after "."; 0 found
/var/www/html/run-comprehensive-audit.php:47:13: error - Method name "ComprehensiveAuditor::phase1_CoreQuality" is not in camel caps format
/var/www/html/run-comprehensive-audit.php:99:13: error - Method name "ComprehensiveAuditor::phase2_DeepAnalysis" is not in camel caps format
/var/www/html/run-comprehensive-audit.php:150:13: error - Method name "ComprehensiveAuditor::phase3_EnvironmentValidation" is not in camel caps format
/var/www/html/run-comprehensive-audit.php:158:30: error - Expected at least 1 space before "."; 0 found
/var/www/html/run-comprehensive-audit.php:158:30: error - Expected at least 1 space after "."; 0 found
/var/www/html/run-comprehensive-audit.php:158:54: error - Expected at least 1 space before "."; 0 found
/var/www/html/run-comprehensive-audit.php:158:54: error - Expected at least 1 space after "."; 0 found
/var/www/html/run-comprehensive-audit.php:159:70: error - Expected at least 1 space before "."; 0 found
/var/www/html/run-comprehensive-audit.php:159:70: error - Expected at least 1 space after "."; 0 found
/var/www/html/run-comprehensive-audit.php:169:43: error - Expected at least 1 space before "."; 0 found
/var/www/html/run-comprehensive-audit.php:169:43: error - Expected at least 1 space after "."; 0 found
/var/www/html/run-comprehensive-audit.php:169:67: error - Expected at least 1 space before "."; 0 found
/var/www/html/run-comprehensive-audit.php:169:67: error - Expected at least 1 space after "."; 0 found
/var/www/html/run-comprehensive-audit.php:214:13: error - Method name "ComprehensiveAuditor::phase4_AdvancedTesting" is not in camel caps format
/var/www/html/run-comprehensive-audit.php:310:37: error - Expected at least 1 space before "."; 0 found
/var/www/html/run-comprehensive-audit.php:310:37: error - Expected at least 1 space after "."; 0 found
/var/www/html/run-comprehensive-audit.php:310:57: error - Expected at least 1 space before "."; 0 found
/var/www/html/run-comprehensive-audit.php:310:57: error - Expected at least 1 space after "."; 0 found
/var/www/html/run-comprehensive-audit.php:366:12: error - Parentheses must be used when instantiating a new class
/var/www/html/app/Http/Controllers/Api/Admin/CategoryController.php:13:1: error - Opening brace must not be followed by a blank line
/var/www/html/scripts/deploy-to-hostinger.php:1:1: warning - A file should declare new symbols (classes, functions, constants, etc.) and cause no other side effects, or it should execute logic with side effects, but should not do both. The first symbol is defined on line 47 and the first side effect is on line 16.
/var/www/html/scripts/deploy-to-hostinger.php:16:21: error - Expected at least 1 space before "."; 0 found
/var/www/html/scripts/deploy-to-hostinger.php:16:21: error - Expected at least 1 space after "."; 0 found
/var/www/html/scripts/deploy-to-hostinger.php:17:28: error - Expected at least 1 space before "."; 0 found
/var/www/html/scripts/deploy-to-hostinger.php:17:28: error - Expected at least 1 space after "."; 0 found
/var/www/html/scripts/deploy-to-hostinger.php:30:17: error - Expected at least 1 space before "."; 0 found
/var/www/html/scripts/deploy-to-hostinger.php:30:17: error - Expected at least 1 space after "."; 0 found
/var/www/html/scripts/deploy-to-hostinger.php:30:42: error - Expected at least 1 space before "."; 0 found
/var/www/html/scripts/deploy-to-hostinger.php:30:42: error - Expected at least 1 space after "."; 0 found
/var/www/html/scripts/deploy-to-hostinger.php:31:17: error - Expected at least 1 space before "."; 0 found
/var/www/html/scripts/deploy-to-hostinger.php:31:17: error - Expected at least 1 space after "."; 0 found
/var/www/html/scripts/deploy-to-hostinger.php:31:42: error - Expected at least 1 space before "."; 0 found
/var/www/html/scripts/deploy-to-hostinger.php:31:42: error - Expected at least 1 space after "."; 0 found
/var/www/html/scripts/deploy-to-hostinger.php:95:51: error - Expected at least 1 space before "."; 0 found
/var/www/html/scripts/deploy-to-hostinger.php:95:51: error - Expected at least 1 space after "."; 0 found
/var/www/html/scripts/deploy-to-hostinger.php:99:48: error - Expected at least 1 space before "."; 0 found
/var/www/html/scripts/deploy-to-hostinger.php:99:48: error - Expected at least 1 space after "."; 0 found
/var/www/html/scripts/deploy-to-hostinger.php:103:73: error - Expected at least 1 space before "."; 0 found
/var/www/html/scripts/deploy-to-hostinger.php:103:73: error - Expected at least 1 space after "."; 0 found
/var/www/html/scripts/deploy-to-hostinger.php:110:41: error - Expected at least 1 space before "."; 0 found
/var/www/html/scripts/deploy-to-hostinger.php:110:41: error - Expected at least 1 space after "."; 0 found
/var/www/html/scripts/deploy-to-hostinger.php:110:45: error - Expected at least 1 space before "."; 0 found
/var/www/html/scripts/deploy-to-hostinger.php:110:45: error - Expected at least 1 space after "."; 0 found
/var/www/html/scripts/deploy-to-hostinger.php:124:48: error - Expected at least 1 space before "."; 0 found
/var/www/html/scripts/deploy-to-hostinger.php:124:48: error - Expected at least 1 space after "."; 0 found
/var/www/html/scripts/deploy-to-hostinger.php:127:66: error - Expected at least 1 space before "."; 0 found
/var/www/html/scripts/deploy-to-hostinger.php:127:66: error - Expected at least 1 space after "."; 0 found
/var/www/html/scripts/deploy-to-hostinger.php:128:72: error - Expected at least 1 space before "."; 0 found
/var/www/html/scripts/deploy-to-hostinger.php:128:72: error - Expected at least 1 space after "."; 0 found
/var/www/html/scripts/deploy-to-hostinger.php:128:121: warning - Line exceeds 120 characters; contains 121 characters
/var/www/html/scripts/deploy-to-hostinger.php:129:69: error - Expected at least 1 space before "."; 0 found
/var/www/html/scripts/deploy-to-hostinger.php:129:69: error - Expected at least 1 space after "."; 0 found
/var/www/html/scripts/deploy-to-hostinger.php:130:65: error - Expected at least 1 space before "."; 0 found
/var/www/html/scripts/deploy-to-hostinger.php:130:65: error - Expected at least 1 space after "."; 0 found
/var/www/html/scripts/deploy-to-hostinger.php:131:37: error - Expected at least 1 space before "."; 0 found
/var/www/html/scripts/deploy-to-hostinger.php:131:37: error - Expected at least 1 space after "."; 0 found
/var/www/html/scripts/deploy-to-hostinger.php:244:25: error - Expected at least 1 space before "."; 0 found
/var/www/html/scripts/deploy-to-hostinger.php:244:25: error - Expected at least 1 space after "."; 0 found
/var/www/html/scripts/deploy-to-hostinger.php:301:33: error - Expected at least 1 space before "."; 0 found
/var/www/html/scripts/deploy-to-hostinger.php:301:33: error - Expected at least 1 space after "."; 0 found
/var/www/html/scripts/deploy-to-hostinger.php:301:50: error - Expected at least 1 space before "."; 0 found
/var/www/html/scripts/deploy-to-hostinger.php:301:50: error - Expected at least 1 space after "."; 0 found
/var/www/html/scripts/generate-pwa-icons.php:5:1: error - The file-level docblock must follow the opening PHP tag in the file header
/var/www/html/scripts/generate-pwa-icons.php:8:2: error - Header blocks must be separated by a single blank line
/var/www/html/scripts/generate-pwa-icons.php:53:32: error - Expected at least 1 space before "."; 0 found
/var/www/html/scripts/generate-pwa-icons.php:53:32: error - Expected at least 1 space after "."; 0 found
/var/www/html/scripts/generate-pwa-icons.php:53:47: error - Expected at least 1 space before "."; 0 found
/var/www/html/scripts/generate-pwa-icons.php:53:47: error - Expected at least 1 space after "."; 0 found
/var/www/html/config/broadcasting.php:40:55: error - Expected at least 1 space before "."; 0 found
/var/www/html/config/broadcasting.php:40:55: error - Expected at least 1 space after "."; 0 found
/var/www/html/config/broadcasting.php:40:88: error - Expected at least 1 space before "."; 0 found
/var/www/html/config/broadcasting.php:40:88: error - Expected at least 1 space after "."; 0 found
/var/www/html/app/Models/ExchangeRate.php:64:1: error - Expected 1 blank line at end of file; 2 found
/var/www/html/config/cache.php:108:88: error - Expected at least 1 space before "."; 0 found
/var/www/html/config/cache.php:108:88: error - Expected at least 1 space after "."; 0 found
/var/www/html/tests/AI/AIAccuracyTest.php:30:12: error - Method name "AIAccuracyTest::sentiment_analysis_accuracy_is_acceptable" is not in camel caps format
/var/www/html/tests/AI/AIAccuracyTest.php:30:127: warning - Line exceeds 120 characters; contains 130 characters
/var/www/html/tests/AI/AIAccuracyTest.php:70:12: error - Method name "AIAccuracyTest::product_classification_accuracy_is_acceptable" is not in camel caps format
/var/www/html/tests/AI/AIAccuracyTest.php:70:136: warning - Line exceeds 120 characters; contains 139 characters
/var/www/html/tests/AI/AIAccuracyTest.php:122:12: error - Method name "AIAccuracyTest::keyword_extraction_accuracy_is_acceptable" is not in camel caps format
/var/www/html/tests/AI/AIAccuracyTest.php:122:121: warning - Line exceeds 120 characters; contains 124 characters
/var/www/html/tests/AI/AIAccuracyTest.php:194:12: error - Method name "AIAccuracyTest::recommendation_relevance_is_acceptable" is not in camel caps format
/var/www/html/tests/AI/AIAccuracyTest.php:194:135: warning - Line exceeds 120 characters; contains 138 characters
/var/www/html/tests/AI/AIAccuracyTest.php:259:12: error - Method name "AIAccuracyTest::image_analysis_accuracy_is_acceptable" is not in camel caps format
/var/www/html/tests/AI/AIAccuracyTest.php:321:12: error - Method name "AIAccuracyTest::confidence_scores_are_reasonable" is not in camel caps format
/var/www/html/tests/AI/AIAccuracyTest.php:335:123: warning - Line exceeds 120 characters; contains 123 characters
/var/www/html/tests/AI/AIAccuracyTest.php:336:126: warning - Line exceeds 120 characters; contains 126 characters
/var/www/html/tests/AI/AIAccuracyTest.php:361:12: error - Method name "AIAccuracyTest::ai_learns_from_corrective_feedback" is not in camel caps format
/var/www/html/tests/AI/AIAccuracyTest.php:361:118: warning - Line exceeds 120 characters; contains 121 characters
/var/www/html/tests/AI/AIAccuracyTest.php:385:131: warning - Line exceeds 120 characters; contains 131 characters
/var/www/html/tests/AI/AIAccuracyTest.php:410:12: error - Method name "AIAccuracyTest::ai_handles_error_conditions_gracefully" is not in camel caps format
/var/www/html/tests/AI/AIAccuracyTest.php:445:12: error - Method name "AIAccuracyTest::test_can_be_instantiated" is not in camel caps format
/var/www/html/app/Http/Controllers/Api/PriceSearchController.php:19:1: error - Opening brace must not be followed by a blank line
/var/www/html/app/Http/Controllers/Api/PriceSearchController.php:91:68: error - Expected at least 1 space before "."; 0 found
/var/www/html/app/Http/Controllers/Api/PriceSearchController.php:91:68: error - Expected at least 1 space after "."; 0 found
/var/www/html/app/Http/Controllers/Api/PriceSearchController.php:91:84: error - Expected at least 1 space before "."; 0 found
/var/www/html/app/Http/Controllers/Api/PriceSearchController.php:91:84: error - Expected at least 1 space after "."; 0 found
/var/www/html/app/Http/Controllers/Api/PriceSearchController.php:132:66: error - Expected at least 1 space before "."; 0 found
/var/www/html/app/Http/Controllers/Api/PriceSearchController.php:132:66: error - Expected at least 1 space after "."; 0 found
/var/www/html/app/Models/Notification.php:175:129: warning - Line exceeds 120 characters; contains 129 characters
/var/www/html/tests/AI/AIBaseTestCase.php:33:20: error - Parentheses must be used when instantiating a new class
/var/www/html/tests/AI/AIErrorHandlingTest.php:14:12: error - Method name "AIErrorHandlingTest::ai_handles_invalid_input_gracefully" is not in camel caps format
/var/www/html/tests/AI/AIErrorHandlingTest.php:29:12: error - Method name "AIErrorHandlingTest::ai_handles_malformed_json" is not in camel caps format
/var/www/html/tests/AI/AIErrorHandlingTest.php:42:12: error - Method name "AIErrorHandlingTest::ai_handles_network_timeout" is not in camel caps format
/var/www/html/tests/AI/AIErrorHandlingTest.php:57:12: error - Method name "AIErrorHandlingTest::ai_logs_errors_properly" is not in camel caps format
/var/www/html/tests/AI/AIErrorHandlingTest.php:71:12: error - Method name "AIErrorHandlingTest::ai_returns_meaningful_error_messages" is not in camel caps format
/var/www/html/tests/AI/AIErrorHandlingTest.php:85:12: error - Method name "AIErrorHandlingTest::ai_handles_concurrent_requests" is not in camel caps format
/var/www/html/app/Http/Controllers/Api/V2/BaseApiController.php:115:121: warning - Line exceeds 120 characters; contains 121 characters
/var/www/html/app/Http/Controllers/Api/V2/BaseApiController.php:118:149: warning - Line exceeds 120 characters; contains 149 characters
/var/www/html/tests/AI/AILearningTest.php:15:12: error - Method name "AILearningTest::ai_can_learn_from_user_feedback" is not in camel caps format
/var/www/html/tests/AI/AILearningTest.php:29:12: error - Method name "AILearningTest::ai_improves_accuracy_over_time" is not in camel caps format
/var/www/html/tests/AI/AILearningTest.php:52:12: error - Method name "AILearningTest::ai_adapts_to_user_preferences" is not in camel caps format
/var/www/html/tests/AI/AILearningTest.php:54:22: error - Parentheses must be used when instantiating a new class
/var/www/html/tests/AI/AILearningTest.php:73:12: error - Method name "AILearningTest::ai_learns_from_product_classification_feedback" is not in camel caps format
/var/www/html/tests/AI/AILearningTest.php:75:22: error - Parentheses must be used when instantiating a new class
/var/www/html/tests/AI/AILearningTest.php:92:12: error - Method name "AILearningTest::ai_learns_from_recommendation_feedback" is not in camel caps format
/var/www/html/tests/AI/AILearningTest.php:94:22: error - Parentheses must be used when instantiating a new class
/var/www/html/tests/AI/AILearningTest.php:112:12: error - Method name "AILearningTest::ai_learns_from_image_analysis_feedback" is not in camel caps format
/var/www/html/tests/AI/AILearningTest.php:114:22: error - Parentheses must be used when instantiating a new class
/var/www/html/tests/AI/AILearningTest.php:126:12: error - Method name "AILearningTest::ai_learning_persists_across_sessions" is not in camel caps format
/var/www/html/tests/AI/AILearningTest.php:141:12: error - Method name "AILearningTest::ai_learning_rate_is_appropriate" is not in camel caps format
/var/www/html/tests/AI/AILearningTest.php:156:12: error - Method name "AILearningTest::ai_handles_contradictory_feedback" is not in camel caps format
/var/www/html/config/database.php:76:131: error - Expected at least 1 space before "."; 0 found
/var/www/html/config/database.php:76:131: error - Expected at least 1 space after "."; 0 found
/var/www/html/config/database.php:76:145: warning - Line exceeds 120 characters; contains 145 characters
/var/www/html/app/Http/Controllers/Auth/AuthController.php:23:1: error - Opening brace must not be followed by a blank line
/var/www/html/app/Http/Controllers/Auth/AuthController.php:25:1: error - Expected 1 blank line at end of file; 2 found
/var/www/html/tests/AI/AIModelPerformanceTest.php:15:12: error - Method name "AIModelPerformanceTest::ai_model_responds_within_acceptable_time" is not in camel caps format
/var/www/html/tests/AI/AIModelPerformanceTest.php:17:22: error - Parentheses must be used when instantiating a new class
/var/www/html/tests/AI/AIModelPerformanceTest.php:31:12: error - Method name "AIModelPerformanceTest::ai_model_handles_large_inputs" is not in camel caps format
/var/www/html/tests/AI/AIModelPerformanceTest.php:46:12: error - Method name "AIModelPerformanceTest::ai_model_memory_usage_is_reasonable" is not in camel caps format
/var/www/html/tests/AI/AIModelPerformanceTest.php:48:22: error - Parentheses must be used when instantiating a new class
/var/www/html/tests/AI/AIModelPerformanceTest.php:66:12: error - Method name "AIModelPerformanceTest::ai_model_handles_concurrent_requests" is not in camel caps format
/var/www/html/tests/AI/AIModelPerformanceTest.php:68:22: error - Parentheses must be used when instantiating a new class
/var/www/html/tests/AI/AIModelPerformanceTest.php:83:12: error - Method name "AIModelPerformanceTest::ai_model_accuracy_remains_consistent" is not in camel caps format
/var/www/html/tests/AI/AIModelPerformanceTest.php:85:22: error - Parentheses must be used when instantiating a new class
/var/www/html/app/Http/Controllers/Auth/EmailVerificationController.php:16:1: error - Opening brace must not be followed by a blank line
/var/www/html/app/Http/Controllers/Auth/EmailVerificationController.php:18:1: error - Expected 1 blank line at end of file; 2 found
/var/www/html/config/filesystems.php:42:36: error - Expected at least 1 space before "."; 0 found
/var/www/html/config/filesystems.php:42:36: error - Expected at least 1 space after "."; 0 found
/var/www/html/tests/AI/AIModelTest.php:15:12: error - Method name "AIModelTest::ai_model_initializes_correctly" is not in camel caps format
/var/www/html/tests/AI/AIModelTest.php:17:22: error - Parentheses must be used when instantiating a new class
/var/www/html/tests/AI/AIModelTest.php:25:12: error - Method name "AIModelTest::ai_can_analyze_text" is not in camel caps format
/var/www/html/tests/AI/AIModelTest.php:39:12: error - Method name "AIModelTest::ai_can_classify_products" is not in camel caps format
/var/www/html/tests/AI/AIModelTest.php:41:22: error - Parentheses must be used when instantiating a new class
/var/www/html/tests/AI/AIModelTest.php:53:12: error - Method name "AIModelTest::ai_can_generate_recommendations" is not in camel caps format
/var/www/html/tests/AI/AIModelTest.php:73:12: error - Method name "AIModelTest::ai_handles_empty_input" is not in camel caps format
/var/www/html/tests/AI/AIModelTest.php:85:12: error - Method name "AIModelTest::ai_handles_special_characters" is not in camel caps format
/var/www/html/tests/AI/AIModelTest.php:98:12: error - Method name "AIModelTest::ai_handles_unicode_text" is not in camel caps format
/var/www/html/tests/AI/AIModelTest.php:111:12: error - Method name "AIModelTest::ai_handles_long_text" is not in camel caps format
/var/www/html/app/Http/Controllers/BackupController.php:39:49: error - Expected at least 1 space before "."; 0 found
/var/www/html/app/Http/Controllers/BackupController.php:39:49: error - Expected at least 1 space after "."; 0 found
/var/www/html/app/Http/Controllers/BackupController.php:62:54: error - Expected at least 1 space before "."; 0 found
/var/www/html/app/Http/Controllers/BackupController.php:62:54: error - Expected at least 1 space after "."; 0 found
/var/www/html/app/Http/Controllers/BackupController.php:77:49: error - Expected at least 1 space before "."; 0 found
/var/www/html/app/Http/Controllers/BackupController.php:77:49: error - Expected at least 1 space after "."; 0 found
/var/www/html/app/Http/Controllers/BackupController.php:103:42: error - Expected at least 1 space before "."; 0 found
/var/www/html/app/Http/Controllers/BackupController.php:103:42: error - Expected at least 1 space after "."; 0 found
/var/www/html/app/Http/Controllers/BackupController.php:103:46: error - Expected at least 1 space before "."; 0 found
/var/www/html/app/Http/Controllers/BackupController.php:103:46: error - Expected at least 1 space after "."; 0 found
/var/www/html/app/Http/Controllers/BackupController.php:117:61: error - Expected at least 1 space before "."; 0 found
/var/www/html/app/Http/Controllers/BackupController.php:117:61: error - Expected at least 1 space after "."; 0 found
/var/www/html/app/Http/Controllers/BackupController.php:117:131: warning - Line exceeds 120 characters; contains 131 characters
/var/www/html/app/Http/Controllers/BackupController.php:123:52: error - Expected at least 1 space before "."; 0 found
/var/www/html/app/Http/Controllers/BackupController.php:123:52: error - Expected at least 1 space after "."; 0 found
/var/www/html/app/Http/Controllers/BackupController.php:149:42: error - Expected at least 1 space before "."; 0 found
/var/www/html/app/Http/Controllers/BackupController.php:149:42: error - Expected at least 1 space after "."; 0 found
/var/www/html/app/Http/Controllers/BackupController.php:149:46: error - Expected at least 1 space before "."; 0 found
/var/www/html/app/Http/Controllers/BackupController.php:149:46: error - Expected at least 1 space after "."; 0 found
/var/www/html/app/Http/Controllers/BackupController.php:155:41: error - Expected at least 1 space before "."; 0 found
/var/www/html/app/Http/Controllers/BackupController.php:155:41: error - Expected at least 1 space after "."; 0 found
/var/www/html/app/Http/Controllers/BackupController.php:162:49: error - Expected at least 1 space before "."; 0 found
/var/www/html/app/Http/Controllers/BackupController.php:162:49: error - Expected at least 1 space after "."; 0 found
/var/www/html/app/Http/Controllers/BackupController.php:195:50: error - Expected at least 1 space before "."; 0 found
/var/www/html/app/Http/Controllers/BackupController.php:195:50: error - Expected at least 1 space after "."; 0 found
/var/www/html/app/Http/Controllers/BackupController.php:216:46: error - Expected at least 1 space before "."; 0 found
/var/www/html/app/Http/Controllers/BackupController.php:216:46: error - Expected at least 1 space after "."; 0 found
/var/www/html/app/Http/Controllers/BackupController.php:216:50: error - Expected at least 1 space before "."; 0 found
/var/www/html/app/Http/Controllers/BackupController.php:216:50: error - Expected at least 1 space after "."; 0 found
/var/www/html/app/Http/Controllers/BackupController.php:236:59: error - Expected at least 1 space before "."; 0 found
/var/www/html/app/Http/Controllers/BackupController.php:236:59: error - Expected at least 1 space after "."; 0 found
/var/www/html/app/Http/Controllers/BackupController.php:271:46: error - Expected at least 1 space before "."; 0 found
/var/www/html/app/Http/Controllers/BackupController.php:271:46: error - Expected at least 1 space after "."; 0 found
/var/www/html/app/Http/Controllers/BackupController.php:271:50: error - Expected at least 1 space before "."; 0 found
/var/www/html/app/Http/Controllers/BackupController.php:271:50: error - Expected at least 1 space after "."; 0 found
/var/www/html/app/Http/Controllers/BackupController.php:280:124: warning - Line exceeds 120 characters; contains 124 characters
/var/www/html/app/Http/Controllers/BackupController.php:287:126: warning - Line exceeds 120 characters; contains 126 characters
/var/www/html/app/Http/Controllers/BackupController.php:291:54: error - Expected at least 1 space before "."; 0 found
/var/www/html/app/Http/Controllers/BackupController.php:291:54: error - Expected at least 1 space after "."; 0 found
/var/www/html/app/Http/Controllers/BackupController.php:307:50: error - Expected at least 1 space before "."; 0 found
/var/www/html/app/Http/Controllers/BackupController.php:307:50: error - Expected at least 1 space after "."; 0 found
/var/www/html/app/Http/Controllers/BackupController.php:310:71: error - Expected at least 1 space before "."; 0 found
/var/www/html/app/Http/Controllers/BackupController.php:310:71: error - Expected at least 1 space after "."; 0 found
/var/www/html/app/Http/Controllers/BackupController.php:311:42: error - Expected at least 1 space before "."; 0 found
/var/www/html/app/Http/Controllers/BackupController.php:311:42: error - Expected at least 1 space after "."; 0 found
/var/www/html/app/Http/Controllers/BackupController.php:311:46: error - Expected at least 1 space before "."; 0 found
/var/www/html/app/Http/Controllers/BackupController.php:311:46: error - Expected at least 1 space after "."; 0 found
/var/www/html/app/Http/Controllers/BackupController.php:317:20: error - Parentheses must be used when instantiating a new class
/var/www/html/app/Http/Controllers/BackupController.php:332:41: error - Expected at least 1 space before "."; 0 found
/var/www/html/app/Http/Controllers/BackupController.php:332:41: error - Expected at least 1 space after "."; 0 found
/var/www/html/app/Http/Controllers/BackupController.php:346:49: error - Expected at least 1 space before "."; 0 found
/var/www/html/app/Http/Controllers/BackupController.php:346:49: error - Expected at least 1 space after "."; 0 found
/var/www/html/app/Http/Controllers/BackupController.php:376:53: error - Expected at least 1 space before "."; 0 found
/var/www/html/app/Http/Controllers/BackupController.php:376:53: error - Expected at least 1 space after "."; 0 found
/var/www/html/app/Http/Controllers/BackupController.php:404:50: error - Expected at least 1 space before "."; 0 found
/var/www/html/app/Http/Controllers/BackupController.php:404:50: error - Expected at least 1 space after "."; 0 found
/var/www/html/app/Http/Controllers/BackupController.php:426:45: error - Expected at least 1 space before "."; 0 found
/var/www/html/app/Http/Controllers/BackupController.php:426:45: error - Expected at least 1 space after "."; 0 found
/var/www/html/app/Http/Controllers/BackupController.php:426:49: error - Expected at least 1 space before "."; 0 found
/var/www/html/app/Http/Controllers/BackupController.php:426:49: error - Expected at least 1 space after "."; 0 found
/var/www/html/app/Http/Controllers/BackupController.php:461:42: error - Expected at least 1 space before "."; 0 found
/var/www/html/app/Http/Controllers/BackupController.php:461:42: error - Expected at least 1 space after "."; 0 found
/var/www/html/app/Http/Controllers/BackupController.php:461:46: error - Expected at least 1 space before "."; 0 found
/var/www/html/app/Http/Controllers/BackupController.php:461:46: error - Expected at least 1 space after "."; 0 found
/var/www/html/app/Http/Controllers/BackupController.php:470:20: error - Parentheses must be used when instantiating a new class
/var/www/html/app/Http/Controllers/BackupController.php:479:56: error - Expected at least 1 space before "."; 0 found
/var/www/html/app/Http/Controllers/BackupController.php:479:56: error - Expected at least 1 space after "."; 0 found
/var/www/html/app/Http/Controllers/BackupController.php:486:35: error - Expected at least 1 space before "."; 0 found
/var/www/html/app/Http/Controllers/BackupController.php:486:35: error - Expected at least 1 space after "."; 0 found
/var/www/html/app/Http/Controllers/BackupController.php:502:50: error - Expected at least 1 space before "."; 0 found
/var/www/html/app/Http/Controllers/BackupController.php:502:50: error - Expected at least 1 space after "."; 0 found
/var/www/html/app/Http/Controllers/BackupController.php:506:58: error - Expected at least 1 space before "."; 0 found
/var/www/html/app/Http/Controllers/BackupController.php:506:58: error - Expected at least 1 space after "."; 0 found
/var/www/html/app/Http/Controllers/BackupController.php:523:52: error - Expected at least 1 space before "."; 0 found
/var/www/html/app/Http/Controllers/BackupController.php:523:52: error - Expected at least 1 space after "."; 0 found
/var/www/html/app/Http/Controllers/BackupController.php:555:49: error - Expected at least 1 space before "."; 0 found
/var/www/html/app/Http/Controllers/BackupController.php:555:49: error - Expected at least 1 space after "."; 0 found
/var/www/html/app/Http/Controllers/BackupController.php:585:32: error - Expected at least 1 space before "."; 0 found
/var/www/html/app/Http/Controllers/BackupController.php:585:32: error - Expected at least 1 space after "."; 0 found
/var/www/html/app/Http/Controllers/BackupController.php:585:36: error - Expected at least 1 space before "."; 0 found
/var/www/html/app/Http/Controllers/BackupController.php:585:36: error - Expected at least 1 space after "."; 0 found
/var/www/html/app/Http/Controllers/BackupController.php:599:25: error - Expected at least 1 space before "."; 0 found
/var/www/html/app/Http/Controllers/BackupController.php:599:25: error - Expected at least 1 space after "."; 0 found
/var/www/html/app/Http/Controllers/BackupController.php:599:29: error - Expected at least 1 space before "."; 0 found
/var/www/html/app/Http/Controllers/BackupController.php:599:29: error - Expected at least 1 space after "."; 0 found
/var/www/html/tests/AI/AIResponseTimeTest.php:21:12: error - Method name "AIResponseTimeTest::text_analysis_response_time_is_acceptable" is not in camel caps format
/var/www/html/tests/AI/AIResponseTimeTest.php:23:22: error - Parentheses must be used when instantiating a new class
/var/www/html/tests/AI/AIResponseTimeTest.php:38:12: error - Method name "AIResponseTimeTest::product_classification_response_time_is_acceptable" is not in camel caps format
/var/www/html/tests/AI/AIResponseTimeTest.php:40:22: error - Parentheses must be used when instantiating a new class
/var/www/html/tests/AI/AIResponseTimeTest.php:57:12: error - Method name "AIResponseTimeTest::recommendation_generation_response_time_is_acceptable" is not in camel caps format
/var/www/html/tests/AI/AIResponseTimeTest.php:59:22: error - Parentheses must be used when instantiating a new class
/var/www/html/tests/AI/AIResponseTimeTest.php:82:12: error - Method name "AIResponseTimeTest::image_processing_response_time_is_acceptable" is not in camel caps format
/var/www/html/tests/AI/AIResponseTimeTest.php:84:22: error - Parentheses must be used when instantiating a new class
/var/www/html/tests/AI/AIResponseTimeTest.php:102:12: error - Method name "AIResponseTimeTest::batch_processing_response_time_is_acceptable" is not in camel caps format
/var/www/html/tests/AI/AIResponseTimeTest.php:104:22: error - Parentheses must be used when instantiating a new class
/var/www/html/tests/AI/AIResponseTimeTest.php:132:12: error - Method name "AIResponseTimeTest::concurrent_requests_handle_gracefully" is not in camel caps format
/var/www/html/tests/AI/AIResponseTimeTest.php:134:22: error - Parentheses must be used when instantiating a new class
/var/www/html/tests/AI/AIResponseTimeTest.php:154:12: error - Method name "AIResponseTimeTest::response_time_improves_with_caching" is not in camel caps format
/var/www/html/tests/AI/AIResponseTimeTest.php:156:22: error - Parentheses must be used when instantiating a new class
/var/www/html/tests/AI/AIResponseTimeTest.php:178:12: error - Method name "AIResponseTimeTest::response_time_scales_linearly_with_input_size" is not in camel caps format
/var/www/html/tests/AI/AIResponseTimeTest.php:180:22: error - Parentheses must be used when instantiating a new class
/var/www/html/app/Http/Controllers/BrandController.php:14:1: error - Opening brace must not be followed by a blank line
/var/www/html/app/Http/Controllers/CartController.php:18:1: error - Opening brace must not be followed by a blank line
/var/www/html/app/Models/Product.php:95:116: warning - Line exceeds 120 characters; contains 122 characters
/var/www/html/tests/AI/ContinuousQualityMonitorTest.php:14:12: error - Method name "ContinuousQualityMonitorTest::monitor_initializes_correctly" is not in camel caps format
/var/www/html/tests/AI/ContinuousQualityMonitorTest.php:22:12: error - Method name "ContinuousQualityMonitorTest::monitor_has_required_rules" is not in camel caps format
/var/www/html/tests/AI/ContinuousQualityMonitorTest.php:30:12: error - Method name "ContinuousQualityMonitorTest::monitor_performs_quality_check" is not in camel caps format
/var/www/html/tests/AI/ContinuousQualityMonitorTest.php:38:12: error - Method name "ContinuousQualityMonitorTest::monitor_calculates_health_scores_correctly" is not in camel caps format
/var/www/html/tests/AI/ContinuousQualityMonitorTest.php:46:12: error - Method name "ContinuousQualityMonitorTest::monitor_handles_failed_commands" is not in camel caps format
/var/www/html/tests/AI/ContinuousQualityMonitorTest.php:54:12: error - Method name "ContinuousQualityMonitorTest::monitor_triggers_critical_alerts" is not in camel caps format
/var/www/html/tests/AI/ContinuousQualityMonitorTest.php:62:12: error - Method name "ContinuousQualityMonitorTest::monitor_triggers_warning_alerts" is not in camel caps format
/var/www/html/tests/AI/ContinuousQualityMonitorTest.php:70:12: error - Method name "ContinuousQualityMonitorTest::monitor_updates_health_status" is not in camel caps format
/var/www/html/tests/AI/ContinuousQualityMonitorTest.php:78:12: error - Method name "ContinuousQualityMonitorTest::monitor_returns_health_status" is not in camel caps format
/var/www/html/tests/AI/ContinuousQualityMonitorTest.php:86:12: error - Method name "ContinuousQualityMonitorTest::monitor_returns_alerts_summary" is not in camel caps format
/var/www/html/tests/AI/ContinuousQualityMonitorTest.php:94:12: error - Method name "ContinuousQualityMonitorTest::monitor_can_clear_alerts" is not in camel caps format
/var/www/html/config/l5-swagger.php:146:1: warning - Line exceeds 120 characters; contains 123 characters
/var/www/html/config/l5-swagger.php:152:1: warning - Line exceeds 120 characters; contains 123 characters
/var/www/html/config/l5-swagger.php:154:1: warning - Line exceeds 120 characters; contains 161 characters
/var/www/html/config/l5-swagger.php:155:1: warning - Line exceeds 120 characters; contains 130 characters
/var/www/html/config/l5-swagger.php:156:1: warning - Line exceeds 120 characters; contains 135 characters
/var/www/html/config/l5-swagger.php:166:1: warning - Line exceeds 120 characters; contains 123 characters
/var/www/html/app/Http/Controllers/CategoryController.php:11:1: error - Opening brace must not be followed by a blank line
/var/www/html/app/Models/Review.php:67:1: error - The closing brace for the class must go on the next line after the body
/var/www/html/tests/AI/ImageProcessingTest.php:14:12: error - Method name "ImageProcessingTest::can_analyze_product_images" is not in camel caps format
/var/www/html/tests/AI/ImageProcessingTest.php:22:12: error - Method name "ImageProcessingTest::can_detect_objects_in_images" is not in camel caps format
/var/www/html/tests/AI/ImageProcessingTest.php:30:12: error - Method name "ImageProcessingTest::can_extract_colors_from_images" is not in camel caps format
/var/www/html/tests/AI/ImageProcessingTest.php:38:12: error - Method name "ImageProcessingTest::can_generate_image_tags" is not in camel caps format
/var/www/html/tests/AI/ImageProcessingTest.php:46:12: error - Method name "ImageProcessingTest::can_resize_images" is not in camel caps format
/var/www/html/tests/AI/ImageProcessingTest.php:54:12: error - Method name "ImageProcessingTest::can_compress_images" is not in camel caps format
/var/www/html/tests/AI/ImageProcessingTest.php:62:12: error - Method name "ImageProcessingTest::can_detect_image_quality" is not in camel caps format
/var/www/html/tests/AI/ImageProcessingTest.php:70:12: error - Method name "ImageProcessingTest::can_handle_multiple_image_formats" is not in camel caps format
/var/www/html/config/logging.php:96:47: error - Expected at least 1 space before "."; 0 found
/var/www/html/config/logging.php:96:47: error - Expected at least 1 space after "."; 0 found
/var/www/html/config/logging.php:96:69: error - Expected at least 1 space before "."; 0 found
/var/www/html/config/logging.php:96:69: error - Expected at least 1 space after "."; 0 found
/var/www/html/config/logging.php:96:73: error - Expected at least 1 space before "."; 0 found
/var/www/html/config/logging.php:96:73: error - Expected at least 1 space after "."; 0 found
/var/www/html/app/Http/Controllers/ErrorController.php:336:88: error - Expected at least 1 space before "."; 0 found
/var/www/html/app/Http/Controllers/ErrorController.php:336:88: error - Expected at least 1 space after "."; 0 found
/var/www/html/app/Http/Controllers/ErrorController.php:349:28: error - Expected at least 1 space before "."; 0 found
/var/www/html/app/Http/Controllers/ErrorController.php:349:28: error - Expected at least 1 space after "."; 0 found
/var/www/html/app/Http/Controllers/ErrorController.php:360:73: error - Expected at least 1 space before "."; 0 found
/var/www/html/app/Http/Controllers/ErrorController.php:360:73: error - Expected at least 1 space after "."; 0 found
/var/www/html/app/Http/Controllers/ErrorController.php:379:88: error - Expected at least 1 space before "."; 0 found
/var/www/html/app/Http/Controllers/ErrorController.php:379:88: error - Expected at least 1 space after "."; 0 found
/var/www/html/app/Http/Controllers/ErrorController.php:379:115: error - Expected at least 1 space before "."; 0 found
/var/www/html/app/Http/Controllers/ErrorController.php:379:115: error - Expected at least 1 space after "."; 0 found
/var/www/html/app/Http/Controllers/ErrorController.php:383:83: error - Expected at least 1 space before "."; 0 found
/var/www/html/app/Http/Controllers/ErrorController.php:383:83: error - Expected at least 1 space after "."; 0 found
/var/www/html/app/Http/Controllers/ErrorController.php:383:110: error - Expected at least 1 space before "."; 0 found
/var/www/html/app/Http/Controllers/ErrorController.php:383:110: error - Expected at least 1 space after "."; 0 found
/var/www/html/app/Http/Controllers/ErrorController.php:386:81: error - Expected at least 1 space before "."; 0 found
/var/www/html/app/Http/Controllers/ErrorController.php:386:81: error - Expected at least 1 space after "."; 0 found
/var/www/html/app/Http/Controllers/ErrorController.php:386:108: error - Expected at least 1 space before "."; 0 found
/var/www/html/app/Http/Controllers/ErrorController.php:386:108: error - Expected at least 1 space after "."; 0 found
/var/www/html/app/Http/Controllers/ErrorController.php:388:82: error - Expected at least 1 space before "."; 0 found
/var/www/html/app/Http/Controllers/ErrorController.php:388:82: error - Expected at least 1 space after "."; 0 found
/var/www/html/app/Http/Controllers/ErrorController.php:405:83: error - Expected at least 1 space before "."; 0 found
/var/www/html/app/Http/Controllers/ErrorController.php:405:83: error - Expected at least 1 space after "."; 0 found
/var/www/html/app/Http/Controllers/ErrorController.php:405:110: error - Expected at least 1 space before "."; 0 found
/var/www/html/app/Http/Controllers/ErrorController.php:405:110: error - Expected at least 1 space after "."; 0 found
/var/www/html/app/Http/Controllers/ErrorController.php:409:78: error - Expected at least 1 space before "."; 0 found
/var/www/html/app/Http/Controllers/ErrorController.php:409:78: error - Expected at least 1 space after "."; 0 found
/var/www/html/app/Http/Controllers/ErrorController.php:409:105: error - Expected at least 1 space before "."; 0 found
/var/www/html/app/Http/Controllers/ErrorController.php:409:105: error - Expected at least 1 space after "."; 0 found
/var/www/html/app/Http/Controllers/ErrorController.php:412:76: error - Expected at least 1 space before "."; 0 found
/var/www/html/app/Http/Controllers/ErrorController.php:412:76: error - Expected at least 1 space after "."; 0 found
/var/www/html/app/Http/Controllers/ErrorController.php:412:103: error - Expected at least 1 space before "."; 0 found
/var/www/html/app/Http/Controllers/ErrorController.php:412:103: error - Expected at least 1 space after "."; 0 found
/var/www/html/app/Http/Controllers/ErrorController.php:426:81: error - Expected at least 1 space before "."; 0 found
/var/www/html/app/Http/Controllers/ErrorController.php:426:81: error - Expected at least 1 space after "."; 0 found
/var/www/html/app/Http/Controllers/ErrorController.php:426:104: error - Expected at least 1 space before "."; 0 found
/var/www/html/app/Http/Controllers/ErrorController.php:426:104: error - Expected at least 1 space after "."; 0 found
/var/www/html/app/Http/Controllers/ErrorController.php:430:75: error - Expected at least 1 space before "."; 0 found
/var/www/html/app/Http/Controllers/ErrorController.php:430:75: error - Expected at least 1 space after "."; 0 found
/var/www/html/app/Http/Controllers/ErrorController.php:430:98: error - Expected at least 1 space before "."; 0 found
/var/www/html/app/Http/Controllers/ErrorController.php:430:98: error - Expected at least 1 space after "."; 0 found
/var/www/html/app/Http/Controllers/ErrorController.php:433:74: error - Expected at least 1 space before "."; 0 found
/var/www/html/app/Http/Controllers/ErrorController.php:433:74: error - Expected at least 1 space after "."; 0 found
/var/www/html/app/Http/Controllers/ErrorController.php:433:97: error - Expected at least 1 space before "."; 0 found
/var/www/html/app/Http/Controllers/ErrorController.php:433:97: error - Expected at least 1 space after "."; 0 found
/var/www/html/tests/AI/ProductClassificationTest.php:14:12: error - Method name "ProductClassificationTest::can_classify_electronics" is not in camel caps format
/var/www/html/tests/AI/ProductClassificationTest.php:22:12: error - Method name "ProductClassificationTest::can_classify_clothing" is not in camel caps format
/var/www/html/tests/AI/ProductClassificationTest.php:30:12: error - Method name "ProductClassificationTest::can_classify_books" is not in camel caps format
/var/www/html/tests/AI/ProductClassificationTest.php:38:12: error - Method name "ProductClassificationTest::can_classify_home_garden" is not in camel caps format
/var/www/html/tests/AI/ProductClassificationTest.php:46:12: error - Method name "ProductClassificationTest::can_classify_sports" is not in camel caps format
/var/www/html/tests/AI/ProductClassificationTest.php:54:12: error - Method name "ProductClassificationTest::classification_confidence_is_high" is not in camel caps format
/var/www/html/tests/AI/ProductClassificationTest.php:62:12: error - Method name "ProductClassificationTest::can_handle_ambiguous_products" is not in camel caps format
/var/www/html/tests/AI/ProductClassificationTest.php:70:12: error - Method name "ProductClassificationTest::can_suggest_subcategories" is not in camel caps format
/var/www/html/tests/AI/RecommendationSystemTest.php:14:12: error - Method name "RecommendationSystemTest::can_generate_user_recommendations" is not in camel caps format
/var/www/html/tests/AI/RecommendationSystemTest.php:22:12: error - Method name "RecommendationSystemTest::recommendations_match_user_preferences" is not in camel caps format
/var/www/html/tests/AI/RecommendationSystemTest.php:30:12: error - Method name "RecommendationSystemTest::can_generate_similar_products" is not in camel caps format
/var/www/html/tests/AI/RecommendationSystemTest.php:38:12: error - Method name "RecommendationSystemTest::can_generate_trending_products" is not in camel caps format
/var/www/html/tests/AI/RecommendationSystemTest.php:46:12: error - Method name "RecommendationSystemTest::can_generate_collaborative_recommendations" is not in camel caps format
/var/www/html/tests/AI/RecommendationSystemTest.php:54:12: error - Method name "RecommendationSystemTest::recommendations_consider_price_range" is not in camel caps format
/var/www/html/tests/AI/RecommendationSystemTest.php:62:12: error - Method name "RecommendationSystemTest::can_generate_seasonal_recommendations" is not in camel caps format
/var/www/html/tests/AI/RecommendationSystemTest.php:70:12: error - Method name "RecommendationSystemTest::recommendations_improve_with_feedback" is not in camel caps format
/var/www/html/app/Models/User.php:38:12: warning - Line exceeds 120 characters; contains 152 characters
/var/www/html/app/Http/Controllers/HealthController.php:11:1: error - Opening brace must not be followed by a blank line
/var/www/html/tests/AI/StrictQualityAgentTest.php:14:12: error - Method name "StrictQualityAgentTest::agent_initializes_correctly" is not in camel caps format
/var/www/html/tests/AI/StrictQualityAgentTest.php:22:12: error - Method name "StrictQualityAgentTest::agent_has_all_required_stages" is not in camel caps format
/var/www/html/tests/AI/StrictQualityAgentTest.php:30:12: error - Method name "StrictQualityAgentTest::agent_stages_have_required_properties" is not in camel caps format
/var/www/html/tests/AI/StrictQualityAgentTest.php:38:12: error - Method name "StrictQualityAgentTest::agent_can_execute_single_stage" is not in camel caps format
/var/www/html/tests/AI/StrictQualityAgentTest.php:46:12: error - Method name "StrictQualityAgentTest::agent_handles_stage_failure" is not in camel caps format
/var/www/html/tests/AI/StrictQualityAgentTest.php:54:12: error - Method name "StrictQualityAgentTest::agent_can_auto_fix_issues" is not in camel caps format
/var/www/html/tests/AI/StrictQualityAgentTest.php:62:12: error - Method name "StrictQualityAgentTest::agent_generates_report_file" is not in camel caps format
/var/www/html/tests/AI/StrictQualityAgentTest.php:70:12: error - Method name "StrictQualityAgentTest::agent_returns_correct_stage_status" is not in camel caps format
/var/www/html/tests/AI/StrictQualityAgentTest.php:78:12: error - Method name "StrictQualityAgentTest::agent_returns_all_results" is not in camel caps format
/var/www/html/tests/AI/StrictQualityAgentTest.php:86:12: error - Method name "StrictQualityAgentTest::agent_returns_errors_summary" is not in camel caps format
/var/www/html/app/Http/Controllers/HomeController.php:13:1: error - Opening brace must not be followed by a blank line
/var/www/html/tests/AI/TextProcessingTest.php:14:12: error - Method name "TextProcessingTest::can_process_arabic_text" is not in camel caps format
/var/www/html/tests/AI/TextProcessingTest.php:22:12: error - Method name "TextProcessingTest::can_extract_keywords" is not in camel caps format
/var/www/html/tests/AI/TextProcessingTest.php:30:12: error - Method name "TextProcessingTest::can_detect_sentiment" is not in camel caps format
/var/www/html/tests/AI/TextProcessingTest.php:38:12: error - Method name "TextProcessingTest::can_remove_stop_words" is not in camel caps format
/var/www/html/tests/AI/TextProcessingTest.php:46:12: error - Method name "TextProcessingTest::can_normalize_text" is not in camel caps format
/var/www/html/tests/AI/TextProcessingTest.php:54:12: error - Method name "TextProcessingTest::can_handle_mixed_languages" is not in camel caps format
/var/www/html/tests/AI/TextProcessingTest.php:62:12: error - Method name "TextProcessingTest::can_extract_entities" is not in camel caps format
/var/www/html/tests/AI/TextProcessingTest.php:70:12: error - Method name "TextProcessingTest::can_summarize_text" is not in camel caps format
/var/www/html/tests/Architecture/ArchTest.php:17:12: error - Method name "ArchTest::controllers_architecture" is not in camel caps format
/var/www/html/tests/Architecture/ArchTest.php:23:12: error - Method name "ArchTest::models_architecture" is not in camel caps format
/var/www/html/tests/Architecture/ArchTest.php:29:12: error - Method name "ArchTest::services_architecture" is not in camel caps format
/var/www/html/tests/Architecture/ArchTest.php:35:12: error - Method name "ArchTest::middleware_architecture" is not in camel caps format
/var/www/html/tests/Architecture/ArchTest.php:41:12: error - Method name "ArchTest::providers_architecture" is not in camel caps format
/var/www/html/app/Http/Controllers/LocaleController.php:15:1: error - Opening brace must not be followed by a blank line
/var/www/html/app/Http/Controllers/LocaleController.php:20:1: error - The closing brace for the class must go on the next line after the body
/var/www/html/tests/Benchmarks/PerformanceBenchmark.php:13:12: error - Method name "PerformanceBenchmark::database_query_performance" is not in camel caps format
/var/www/html/tests/Benchmarks/PerformanceBenchmark.php:19:12: error - Method name "PerformanceBenchmark::api_response_time" is not in camel caps format
/var/www/html/tests/Benchmarks/PerformanceBenchmark.php:25:12: error - Method name "PerformanceBenchmark::memory_usage" is not in camel caps format
/var/www/html/tests/Benchmarks/PerformanceBenchmark.php:31:12: error - Method name "PerformanceBenchmark::concurrent_requests" is not in camel caps format
/var/www/html/tests/Benchmarks/PerformanceBenchmark.php:37:12: error - Method name "PerformanceBenchmark::cache_performance" is not in camel caps format
/var/www/html/app/Models/Webhook.php:122:1: error - Expected 1 blank line at end of file; 2 found
/var/www/html/app/Http/Controllers/LogController.php:42:121: warning - Line exceeds 120 characters; contains 121 characters
/var/www/html/tests/bootstrap.php:5:28: error - Expected at least 1 space before "."; 0 found
/var/www/html/tests/bootstrap.php:5:28: error - Expected at least 1 space after "."; 0 found
/var/www/html/app/Models/WebhookLog.php:44:1: error - Expected 1 blank line at end of file; 2 found
/var/www/html/app/Http/Controllers/OrderController.php:14:1: error - Opening brace must not be followed by a blank line
/var/www/html/tests/Browser/E2ETest.php:13:12: error - Method name "E2ETest::can_load_homepage" is not in camel caps format
/var/www/html/tests/Browser/E2ETest.php:19:12: error - Method name "E2ETest::can_navigate_to_products" is not in camel caps format
/var/www/html/tests/Browser/E2ETest.php:25:12: error - Method name "E2ETest::can_search_products" is not in camel caps format
/var/www/html/tests/Browser/E2ETest.php:31:12: error - Method name "E2ETest::can_add_to_cart" is not in camel caps format
/var/www/html/tests/Browser/E2ETest.php:37:12: error - Method name "E2ETest::can_checkout" is not in camel caps format
/var/www/html/config/security.php:19:174: warning - Line exceeds 120 characters; contains 174 characters
/var/www/html/tests/Browser/ExampleTest.php:13:12: error - Method name "ExampleTest::example_browser_test" is not in camel caps format
/var/www/html/app/Http/Controllers/PaymentController.php:13:44: error - Opening brace of a class must be on the line after the definition
/var/www/html/app/Http/Controllers/PaymentController.php:13:45: error - Closing brace must be on a line by itself
/var/www/html/tests/Browser/Pages/HomePage.php:12:12: error - Method name "HomePage::test_home_page_loads" is not in camel caps format
/var/www/html/tests/Browser/Pages/HomePage.php:29:12: error - Method name "HomePage::test_home_page_elements" is not in camel caps format
/var/www/html/tests/Browser/Pages/HomePage.php:57:12: error - Method name "HomePage::test_home_page_navigation" is not in camel caps format
/var/www/html/config/session.php:142:60: error - Expected at least 1 space before "."; 0 found
/var/www/html/config/session.php:142:60: error - Expected at least 1 space after "."; 0 found
/var/www/html/tests/Browser/Pages/Page.php:12:12: error - Method name "Page::test_page_loads" is not in camel caps format
/var/www/html/tests/Browser/Pages/Page.php:29:12: error - Method name "Page::test_page_elements" is not in camel caps format
/var/www/html/tests/Browser/Pages/Page.php:47:12: error - Method name "Page::test_page_navigation" is not in camel caps format
/var/www/html/app/Http/Controllers/PointsController.php:12:43: error - Opening brace of a class must be on the line after the definition
/var/www/html/app/Http/Controllers/PointsController.php:12:44: error - Closing brace must be on a line by itself
/var/www/html/app/Notifications/OrderStatusUpdateNotification.php:19:82: error - Opening brace should be on a new line
/var/www/html/app/Notifications/OrderStatusUpdateNotification.php:19:83: error - Closing brace must be on a line by itself
/var/www/html/tests/CreatesApplication.php:28:31: error - Expected at least 1 space before "."; 0 found
/var/www/html/tests/CreatesApplication.php:28:31: error - Expected at least 1 space after "."; 0 found
/var/www/html/app/Http/Controllers/PriceAlertController.php:31:117: warning - Line exceeds 120 characters; contains 132 characters
/var/www/html/config/telescope.php:61:133: warning - Line exceeds 120 characters; contains 133 characters
/var/www/html/app/Http/Controllers/PriceComparisonController.php:20:8: error - Closing brace must be on a line by itself
/var/www/html/app/Http/Controllers/PriceComparisonController.php:137:16: error - Expected 1 space after MATCH keyword; 0 found
/var/www/html/app/Http/Controllers/PriceComparisonController.php:184:1: error - Expected 1 blank line at end of file; 2 found
/var/www/html/tests/DatabaseSetup.php:54:139: warning - Line exceeds 120 characters; contains 139 characters
/var/www/html/tests/DatabaseSetup.php:56:76: error - Expected at least 1 space before "."; 0 found
/var/www/html/tests/DatabaseSetup.php:56:76: error - Expected at least 1 space after "."; 0 found
/var/www/html/tests/DatabaseSetup.php:91:125: warning - Line exceeds 120 characters; contains 125 characters
/var/www/html/tests/DatabaseSetup.php:427:140: warning - Line exceeds 120 characters; contains 140 characters
/var/www/html/app/Http/Controllers/ProductController.php:27:28: error - Expected at least 1 space before "."; 0 found
/var/www/html/app/Http/Controllers/ProductController.php:27:28: error - Expected at least 1 space after "."; 0 found
/var/www/html/app/Http/Controllers/ProductController.php:27:32: error - Expected at least 1 space before "."; 0 found
/var/www/html/app/Http/Controllers/ProductController.php:27:32: error - Expected at least 1 space after "."; 0 found
/var/www/html/app/Notifications/PriceDropNotification.php:24:8: error - Closing brace must be on a line by itself
/var/www/html/tests/DuskTestCase.php:32:21: error - Parentheses must be used when instantiating a new class
/var/www/html/app/Http/Controllers/ProfileController.php:12:1: error - Opening brace must not be followed by a blank line
/var/www/html/database/factories/BrandFactory.php:1:1: warning - A file should declare new symbols (classes, functions, constants, etc.) and cause no other side effects, or it should execute logic with side effects, but should not do both. The first symbol is defined on line 13 and the first side effect is on line 5.
/var/www/html/database/factories/BrandFactory.php:13:1: error - Each class must be in a namespace of at least one level (a top-level vendor name)
/var/www/html/database/factories/BrandFactory.php:24:44: error - Expected at least 1 space before "."; 0 found
/var/www/html/database/factories/BrandFactory.php:24:44: error - Expected at least 1 space after "."; 0 found
/var/www/html/app/Http/Controllers/RecommendationController.php:14:87: error - Opening brace should be on a new line
/var/www/html/app/Http/Controllers/RecommendationController.php:14:88: error - Closing brace must be on a line by itself
/var/www/html/database/factories/CategoryFactory.php:1:1: warning - A file should declare new symbols (classes, functions, constants, etc.) and cause no other side effects, or it should execute logic with side effects, but should not do both. The first symbol is defined on line 13 and the first side effect is on line 5.
/var/www/html/database/factories/CategoryFactory.php:13:1: error - Each class must be in a namespace of at least one level (a top-level vendor name)
/var/www/html/database/factories/CategoryFactory.php:26:56: error - Expected at least 1 space before "."; 0 found
/var/www/html/database/factories/CategoryFactory.php:26:56: error - Expected at least 1 space after "."; 0 found
/var/www/html/tests/ErrorHandlerManagerTest.php:18:12: error - Method name "ErrorHandlerManagerTest::test_can_initialize" is not in camel caps format
/var/www/html/tests/ErrorHandlerManagerTest.php:25:12: error - Method name "ErrorHandlerManagerTest::test_can_restore" is not in camel caps format
/var/www/html/tests/ErrorHandlerManagerTest.php:33:12: error - Method name "ErrorHandlerManagerTest::test_can_set_error_handlers" is not in camel caps format
/var/www/html/tests/ErrorHandlerManagerTest.php:45:12: error - Method name "ErrorHandlerManagerTest::test_can_get_original_handlers" is not in camel caps format
/var/www/html/app/Policies/ProductPolicy.php:13:1: error - Opening brace must not be followed by a blank line
/var/www/html/app/Http/Controllers/ReportController.php:13:1: error - Opening brace must not be followed by a blank line
/var/www/html/tests/Integration/AdvancedIntegrationTest.php:17:12: error - Method name "AdvancedIntegrationTest::full_workflow_integration" is not in camel caps format
/var/www/html/tests/Integration/AdvancedIntegrationTest.php:28:12: error - Method name "AdvancedIntegrationTest::api_database_integration" is not in camel caps format
/var/www/html/tests/Integration/AdvancedIntegrationTest.php:39:12: error - Method name "AdvancedIntegrationTest::frontend_backend_integration" is not in camel caps format
/var/www/html/app/Policies/UserPolicy.php:12:1: error - Opening brace must not be followed by a blank line
/var/www/html/database/factories/CurrencyFactory.php:1:1: warning - A file should declare new symbols (classes, functions, constants, etc.) and cause no other side effects, or it should execute logic with side effects, but should not do both. The first symbol is defined on line 13 and the first side effect is on line 5.
/var/www/html/database/factories/CurrencyFactory.php:13:1: error - Each class must be in a namespace of at least one level (a top-level vendor name)
/var/www/html/tests/Integration/CompleteWorkflowTest.php:17:12: error - Method name "CompleteWorkflowTest::user_registration_workflow" is not in camel caps format
/var/www/html/tests/Integration/CompleteWorkflowTest.php:33:12: error - Method name "CompleteWorkflowTest::product_purchase_workflow" is not in camel caps format
/var/www/html/tests/Integration/CompleteWorkflowTest.php:44:12: error - Method name "CompleteWorkflowTest::admin_management_workflow" is not in camel caps format
/var/www/html/database/factories/LanguageFactory.php:1:1: warning - A file should declare new symbols (classes, functions, constants, etc.) and cause no other side effects, or it should execute logic with side effects, but should not do both. The first symbol is defined on line 13 and the first side effect is on line 5.
/var/www/html/database/factories/LanguageFactory.php:13:1: error - Each class must be in a namespace of at least one level (a top-level vendor name)
/var/www/html/database/factories/LanguageFactory.php:23:186: warning - Line exceeds 120 characters; contains 186 characters
/var/www/html/database/factories/LanguageFactory.php:24:184: warning - Line exceeds 120 characters; contains 184 characters
/var/www/html/database/factories/LanguageFactory.php:27:134: warning - Line exceeds 120 characters; contains 134 characters
/var/www/html/database/factories/LanguageFactory.php:28:54: error - Expected at least 1 space before "."; 0 found
/var/www/html/database/factories/LanguageFactory.php:28:54: error - Expected at least 1 space after "."; 0 found
/var/www/html/database/factories/LanguageFactory.php:29:73: error - Expected at least 1 space before "."; 0 found
/var/www/html/database/factories/LanguageFactory.php:29:73: error - Expected at least 1 space after "."; 0 found
/var/www/html/app/Providers/AppServiceProvider.php:57:33: error - Parentheses must be used when instantiating a new class
/var/www/html/app/Http/Controllers/SettingController.php:15:1: error - Opening brace must not be followed by a blank line
/var/www/html/app/Http/Controllers/SettingController.php:68:51: error - Expected at least 1 space before "."; 0 found
/var/www/html/app/Http/Controllers/SettingController.php:68:51: error - Expected at least 1 space after "."; 0 found
/var/www/html/app/Http/Controllers/SettingController.php:76:51: error - Expected at least 1 space before "."; 0 found
/var/www/html/app/Http/Controllers/SettingController.php:76:51: error - Expected at least 1 space after "."; 0 found
/var/www/html/app/Http/Controllers/SettingController.php:214:51: error - Expected at least 1 space before "."; 0 found
/var/www/html/app/Http/Controllers/SettingController.php:214:51: error - Expected at least 1 space after "."; 0 found
/var/www/html/tests/Integration/IntegrationTest.php:17:12: error - Method name "IntegrationTest::basic_integration_works" is not in camel caps format
/var/www/html/tests/Integration/IntegrationTest.php:28:12: error - Method name "IntegrationTest::service_integration_works" is not in camel caps format
/var/www/html/tests/Integration/IntegrationTest.php:39:12: error - Method name "IntegrationTest::component_integration_works" is not in camel caps format
/var/www/html/app/Http/Controllers/SystemController.php:14:1: error - Opening brace must not be followed by a blank line
/var/www/html/app/Http/Controllers/SystemController.php:32:52: error - Expected at least 1 space before "."; 0 found
/var/www/html/app/Http/Controllers/SystemController.php:32:52: error - Expected at least 1 space after "."; 0 found
/var/www/html/app/Http/Controllers/SystemController.php:60:48: error - Expected at least 1 space before "."; 0 found
/var/www/html/app/Http/Controllers/SystemController.php:60:48: error - Expected at least 1 space after "."; 0 found
/var/www/html/app/Http/Controllers/SystemController.php:92:57: error - Expected at least 1 space before "."; 0 found
/var/www/html/app/Http/Controllers/SystemController.php:92:57: error - Expected at least 1 space after "."; 0 found
/var/www/html/app/Http/Controllers/SystemController.php:133:48: error - Expected at least 1 space before "."; 0 found
/var/www/html/app/Http/Controllers/SystemController.php:133:48: error - Expected at least 1 space after "."; 0 found
/var/www/html/tests/Performance/AdvancedPerformanceTest.php:12:12: error - Method name "AdvancedPerformanceTest::test_advanced_performance_metrics" is not in camel caps format
/var/www/html/tests/Performance/AdvancedPerformanceTest.php:17:12: error - Method name "AdvancedPerformanceTest::test_advanced_memory_usage" is not in camel caps format
/var/www/html/tests/Performance/AdvancedPerformanceTest.php:22:12: error - Method name "AdvancedPerformanceTest::test_advanced_response_times" is not in camel caps format
/var/www/html/tests/Performance/ApiResponseTimeTest.php:12:12: error - Method name "ApiResponseTimeTest::test_api_response_time_is_acceptable" is not in camel caps format
/var/www/html/tests/Performance/ApiResponseTimeTest.php:17:12: error - Method name "ApiResponseTimeTest::test_api_response_time_under_load" is not in camel caps format
/var/www/html/tests/Performance/ApiResponseTimeTest.php:22:12: error - Method name "ApiResponseTimeTest::test_api_response_time_consistency" is not in camel caps format
/var/www/html/app/Providers/CoprraServiceProvider.php:48:138: warning - Line exceeds 120 characters; contains 138 characters
/var/www/html/app/Http/Controllers/UserController.php:21:8: error - Closing brace must be on a line by itself
/var/www/html/app/Http/Controllers/UserController.php:114:133: warning - Line exceeds 120 characters; contains 133 characters
/var/www/html/tests/Performance/CachePerformanceTest.php:12:12: error - Method name "CachePerformanceTest::test_cache_performance" is not in camel caps format
/var/www/html/tests/Performance/CachePerformanceTest.php:17:12: error - Method name "CachePerformanceTest::test_cache_hit_ratio" is not in camel caps format
/var/www/html/tests/Performance/CachePerformanceTest.php:22:12: error - Method name "CachePerformanceTest::test_cache_memory_usage" is not in camel caps format
/var/www/html/app/Providers/EventServiceProvider.php:30:34: error - Opening brace should be on a new line
/var/www/html/app/Providers/EventServiceProvider.php:30:35: error - Closing brace must be on a line by itself
/var/www/html/database/factories/PriceAlertFactory.php:1:1: warning - A file should declare new symbols (classes, functions, constants, etc.) and cause no other side effects, or it should execute logic with side effects, but should not do both. The first symbol is defined on line 15 and the first side effect is on line 5.
/var/www/html/database/factories/PriceAlertFactory.php:15:1: error - Each class must be in a namespace of at least one level (a top-level vendor name)
/var/www/html/app/Http/Controllers/WebhookController.php:13:1: error - Opening brace must not be followed by a blank line
/var/www/html/app/Http/Controllers/WebhookController.php:57:1: error - Blank line found at end of control structure
/var/www/html/app/Http/Controllers/WebhookController.php:69:1: error - Blank line found at end of control structure
/var/www/html/app/Http/Controllers/WebhookController.php:82:1: error - Expected 1 blank line at end of file; 2 found
/var/www/html/tests/Performance/DatabasePerformanceTest.php:12:12: error - Method name "DatabasePerformanceTest::test_database_query_performance" is not in camel caps format
/var/www/html/tests/Performance/DatabasePerformanceTest.php:17:12: error - Method name "DatabasePerformanceTest::test_database_connection_performance" is not in camel caps format
/var/www/html/tests/Performance/DatabasePerformanceTest.php:22:12: error - Method name "DatabasePerformanceTest::test_database_transaction_performance" is not in camel caps format
/var/www/html/database/factories/PriceOfferFactory.php:1:1: warning - A file should declare new symbols (classes, functions, constants, etc.) and cause no other side effects, or it should execute logic with side effects, but should not do both. The first symbol is defined on line 15 and the first side effect is on line 5.
/var/www/html/database/factories/PriceOfferFactory.php:15:1: error - Each class must be in a namespace of at least one level (a top-level vendor name)
/var/www/html/database/factories/PriceOfferFactory.php:27:36: error - Expected at least 1 space before "."; 0 found
/var/www/html/database/factories/PriceOfferFactory.php:27:36: error - Expected at least 1 space after "."; 0 found
/var/www/html/database/factories/PriceOfferFactory.php:40:36: error - Expected at least 1 space before "."; 0 found
/var/www/html/database/factories/PriceOfferFactory.php:40:36: error - Expected at least 1 space after "."; 0 found
/var/www/html/database/factories/PriceOfferFactory.php:41:36: error - Expected at least 1 space before "."; 0 found
/var/www/html/database/factories/PriceOfferFactory.php:41:36: error - Expected at least 1 space after "."; 0 found
/var/www/html/database/factories/PriceOfferFactory.php:42:36: error - Expected at least 1 space before "."; 0 found
/var/www/html/database/factories/PriceOfferFactory.php:42:36: error - Expected at least 1 space after "."; 0 found
/var/www/html/database/factories/PriceOfferFactory.php:43:67: error - Expected at least 1 space before "."; 0 found
/var/www/html/database/factories/PriceOfferFactory.php:43:67: error - Expected at least 1 space after "."; 0 found
/var/www/html/tests/Performance/LoadTestingTest.php:12:12: error - Method name "LoadTestingTest::test_load_testing_basic" is not in camel caps format
/var/www/html/tests/Performance/LoadTestingTest.php:17:12: error - Method name "LoadTestingTest::test_load_testing_medium" is not in camel caps format
/var/www/html/tests/Performance/LoadTestingTest.php:22:12: error - Method name "LoadTestingTest::test_load_testing_high" is not in camel caps format
/var/www/html/tests/Performance/LoadTimeTest.php:12:12: error - Method name "LoadTimeTest::test_page_load_time" is not in camel caps format
/var/www/html/tests/Performance/LoadTimeTest.php:17:12: error - Method name "LoadTimeTest::test_asset_load_time" is not in camel caps format
/var/www/html/tests/Performance/LoadTimeTest.php:22:12: error - Method name "LoadTimeTest::test_api_load_time" is not in camel caps format
/var/www/html/app/Providers/ViewServiceProvider.php:19:38: error - Opening brace should be on a new line
/var/www/html/app/Providers/ViewServiceProvider.php:19:39: error - Closing brace must be on a line by itself
/var/www/html/tests/Performance/MemoryUsageTest.php:12:12: error - Method name "MemoryUsageTest::test_memory_usage_is_reasonable" is not in camel caps format
/var/www/html/tests/Performance/MemoryUsageTest.php:17:12: error - Method name "MemoryUsageTest::test_memory_leaks_are_prevented" is not in camel caps format
/var/www/html/tests/Performance/MemoryUsageTest.php:22:12: error - Method name "MemoryUsageTest::test_memory_cleanup_works" is not in camel caps format
/var/www/html/database/factories/ReviewFactory.php:1:1: warning - A file should declare new symbols (classes, functions, constants, etc.) and cause no other side effects, or it should execute logic with side effects, but should not do both. The first symbol is defined on line 15 and the first side effect is on line 5.
/var/www/html/database/factories/ReviewFactory.php:15:1: error - Each class must be in a namespace of at least one level (a top-level vendor name)
/var/www/html/app/Repositories/ProductRepository.php:84:58: error - Parentheses must be used when instantiating a new class
/var/www/html/app/Repositories/ProductRepository.php:127:121: warning - Line exceeds 120 characters; contains 121 characters
/var/www/html/app/Repositories/ProductRepository.php:136:38: error - Expected at least 1 space before "."; 0 found
/var/www/html/app/Repositories/ProductRepository.php:136:38: error - Expected at least 1 space after "."; 0 found
/var/www/html/app/Repositories/ProductRepository.php:136:64: error - Expected at least 1 space before "."; 0 found
/var/www/html/app/Repositories/ProductRepository.php:136:64: error - Expected at least 1 space after "."; 0 found
/var/www/html/tests/Performance/PerformanceBenchmarkTest.php:12:12: error - Method name "PerformanceBenchmarkTest::test_performance_benchmark" is not in camel caps format
/var/www/html/tests/Performance/PerformanceBenchmarkTest.php:29:12: error - Method name "PerformanceBenchmarkTest::test_benchmark_comparison" is not in camel caps format
/var/www/html/tests/Performance/PerformanceBenchmarkTest.php:47:12: error - Method name "PerformanceBenchmarkTest::test_benchmark_trends" is not in camel caps format
/var/www/html/database/factories/StoreFactory.php:1:1: warning - A file should declare new symbols (classes, functions, constants, etc.) and cause no other side effects, or it should execute logic with side effects, but should not do both. The first symbol is defined on line 14 and the first side effect is on line 5.
/var/www/html/database/factories/StoreFactory.php:14:1: error - Each class must be in a namespace of at least one level (a top-level vendor name)
/var/www/html/database/factories/StoreFactory.php:25:44: error - Expected at least 1 space before "."; 0 found
/var/www/html/database/factories/StoreFactory.php:25:44: error - Expected at least 1 space after "."; 0 found
/var/www/html/database/factories/StoreFactory.php:36:131: warning - Line exceeds 120 characters; contains 131 characters
/var/www/html/app/Http/Middleware/AdminMiddleware.php:11:1: error - Opening brace must not be followed by a blank line
/var/www/html/tests/SafeLaravelTest.php:55:12: error - Method name "SafeLaravelTest::test_can_be_instantiated" is not in camel caps format
/var/www/html/app/Http/Middleware/ApiErrorHandler.php:21:1: error - Opening brace must not be followed by a blank line
/var/www/html/app/Http/Middleware/ApiErrorHandler.php:30:34: error - Expected at least 1 space before "."; 0 found
/var/www/html/app/Http/Middleware/ApiErrorHandler.php:30:34: error - Expected at least 1 space after "."; 0 found
/var/www/html/app/Rules/ValidOrderStatus.php:34:1: error - Expected 1 blank line at end of file; 2 found
/var/www/html/database/factories/WebhookFactory.php:1:1: warning - A file should declare new symbols (classes, functions, constants, etc.) and cause no other side effects, or it should execute logic with side effects, but should not do both. The first symbol is defined on line 13 and the first side effect is on line 8.
/var/www/html/database/factories/WebhookFactory.php:7:23: error - Header blocks must be separated by a single blank line
/var/www/html/database/factories/WebhookFactory.php:55:1: error - Expected 1 blank line at end of file; 2 found
/var/www/html/tests/SafeTestBase.php:82:31: error - Expected at least 1 space before "."; 0 found
/var/www/html/tests/SafeTestBase.php:82:31: error - Expected at least 1 space after "."; 0 found
/var/www/html/tests/SafeTestBase.php:92:12: error - Method name "SafeTestBase::test_can_be_instantiated" is not in camel caps format
/var/www/html/app/Rules/ValidOrderStatusTransition.php:63:1: error - Expected 1 blank line at end of file; 2 found
/var/www/html/tests/Security/AuthenticationSecurityTest.php:12:12: error - Method name "AuthenticationSecurityTest::test_authentication_security" is not in camel caps format
/var/www/html/tests/Security/AuthenticationSecurityTest.php:18:12: error - Method name "AuthenticationSecurityTest::test_password_security" is not in camel caps format
/var/www/html/tests/Security/AuthenticationSecurityTest.php:24:12: error - Method name "AuthenticationSecurityTest::test_session_security" is not in camel caps format
/var/www/html/database/factories/WishlistFactory.php:1:1: warning - A file should declare new symbols (classes, functions, constants, etc.) and cause no other side effects, or it should execute logic with side effects, but should not do both. The first symbol is defined on line 15 and the first side effect is on line 5.
/var/www/html/database/factories/WishlistFactory.php:15:1: error - Each class must be in a namespace of at least one level (a top-level vendor name)
/var/www/html/app/Schemas/BrandSchema.php:23:25: error - Opening brace of a class must be on the line after the definition
/var/www/html/app/Schemas/BrandSchema.php:23:26: error - Closing brace must be on a line by itself
/var/www/html/tests/Security/CSRFTest.php:16:12: error - Method name "CSRFTest::test_csrf_protection_on_state_changing_endpoints" is not in camel caps format
/var/www/html/tests/Security/CSRFTest.php:26:9: warning - Line exceeds 120 characters; contains 145 characters
/var/www/html/tests/Security/CSRFTest.php:31:12: error - Method name "CSRFTest::test_csrf_token_validation_in_forms" is not in camel caps format
/var/www/html/tests/Security/CSRFTest.php:44:12: error - Method name "CSRFTest::test_csrf_protection_bypassing_with_valid_token" is not in camel caps format
/var/www/html/tests/Security/CSRFTest.php:70:12: error - Method name "CSRFTest::test_api_routes_bypass_csrf" is not in camel caps format
/var/www/html/tests/Security/CSRFTest.php:84:12: error - Method name "CSRFTest::test_csrf_token_regeneration" is not in camel caps format
/var/www/html/tests/Security/CSRFTest.php:108:12: error - Method name "CSRFTest::test_csrf_protection_on_delete_requests" is not in camel caps format
/var/www/html/database/seeders/BrandSeeder.php:12:1: error - Opening brace must not be followed by a blank line
/var/www/html/app/Schemas/CategorySchema.php:23:28: error - Opening brace of a class must be on the line after the definition
/var/www/html/app/Schemas/CategorySchema.php:23:29: error - Closing brace must be on a line by itself
/var/www/html/tests/Security/DataEncryptionTest.php:13:12: error - Method name "DataEncryptionTest::test_data_encryption" is not in camel caps format
/var/www/html/tests/Security/DataEncryptionTest.php:21:12: error - Method name "DataEncryptionTest::test_encryption_keys" is not in camel caps format
/var/www/html/tests/Security/DataEncryptionTest.php:31:12: error - Method name "DataEncryptionTest::test_decryption_works" is not in camel caps format
/var/www/html/database/seeders/CategorySeeder.php:12:1: error - Opening brace must not be followed by a blank line
/var/www/html/app/Http/Middleware/CheckPermission.php:36:1: error - Expected 1 blank line at end of file; 2 found
/var/www/html/app/Schemas/PaginationLinksSchema.php:20:35: error - Opening brace of a class must be on the line after the definition
/var/www/html/app/Schemas/PaginationLinksSchema.php:20:36: error - Closing brace must be on a line by itself
/var/www/html/tests/Security/PermissionSecurityTest.php:12:12: error - Method name "PermissionSecurityTest::test_permission_security" is not in camel caps format
/var/www/html/tests/Security/PermissionSecurityTest.php:17:12: error - Method name "PermissionSecurityTest::test_role_security" is not in camel caps format
/var/www/html/tests/Security/PermissionSecurityTest.php:22:12: error - Method name "PermissionSecurityTest::test_access_control" is not in camel caps format
/var/www/html/app/Http/Middleware/CheckUserRole.php:41:1: error - Expected 1 blank line at end of file; 2 found
/var/www/html/app/Schemas/PaginationMetaSchema.php:22:34: error - Opening brace of a class must be on the line after the definition
/var/www/html/app/Schemas/PaginationMetaSchema.php:22:35: error - Closing brace must be on a line by itself
/var/www/html/tests/Security/SecurityAudit.php:9:12: error - Method name "SecurityAudit::test_security_audit" is not in camel caps format
/var/www/html/tests/Security/SecurityAudit.php:14:12: error - Method name "SecurityAudit::test_vulnerability_scan" is not in camel caps format
/var/www/html/tests/Security/SecurityAudit.php:19:12: error - Method name "SecurityAudit::test_security_compliance" is not in camel caps format
/var/www/html/database/seeders/ExchangeRateSeeder.php:23:1: error - Expected 1 blank line at end of file; 2 found
/var/www/html/app/Schemas/PriceOfferSchema.php:32:30: error - Opening brace of a class must be on the line after the definition
/var/www/html/app/Schemas/PriceOfferSchema.php:32:31: error - Closing brace must be on a line by itself
/var/www/html/tests/Security/SQLInjectionTest.php:17:12: error - Method name "SQLInjectionTest::test_sql_injection_protection_in_product_search" is not in camel caps format
/var/www/html/tests/Security/SQLInjectionTest.php:46:12: error - Method name "SQLInjectionTest::test_parameterized_queries_are_used" is not in camel caps format
/var/www/html/tests/Security/SQLInjectionTest.php:62:12: error - Method name "SQLInjectionTest::test_input_sanitization_in_search" is not in camel caps format
/var/www/html/tests/Security/SQLInjectionTest.php:72:61: error - Expected at least 1 space before "."; 0 found
/var/www/html/tests/Security/SQLInjectionTest.php:72:61: error - Expected at least 1 space after "."; 0 found
/var/www/html/tests/Security/SQLInjectionTest.php:81:12: error - Method name "SQLInjectionTest::test_sql_injection_in_user_registration" is not in camel caps format
/var/www/html/database/seeders/LanguagesAndCurrenciesSeeder.php:12:1: error - Opening brace must not be followed by a blank line
/var/www/html/app/Schemas/ProductCreateRequestSchema.php:26:40: error - Opening brace of a class must be on the line after the definition
/var/www/html/app/Schemas/ProductCreateRequestSchema.php:26:41: error - Closing brace must be on a line by itself
/var/www/html/tests/Security/XSSTest.php:16:12: error - Method name "XSSTest::test_xss_protection_in_product_creation" is not in camel caps format
/var/www/html/tests/Security/XSSTest.php:32:42: error - Expected at least 1 space before "."; 0 found
/var/www/html/tests/Security/XSSTest.php:32:42: error - Expected at least 1 space after "."; 0 found
/var/www/html/tests/Security/XSSTest.php:33:53: error - Expected at least 1 space before "."; 0 found
/var/www/html/tests/Security/XSSTest.php:33:53: error - Expected at least 1 space after "."; 0 found
/var/www/html/tests/Security/XSSTest.php:54:12: error - Method name "XSSTest::test_input_escaping_in_reviews" is not in camel caps format
/var/www/html/tests/Security/XSSTest.php:80:12: error - Method name "XSSTest::test_output_encoding_in_product_display" is not in camel caps format
/var/www/html/tests/Security/XSSTest.php:99:12: error - Method name "XSSTest::test_xss_in_search_parameters" is not in camel caps format
/var/www/html/tests/Security/XSSTest.php:108:61: error - Expected at least 1 space before "."; 0 found
/var/www/html/tests/Security/XSSTest.php:108:61: error - Expected at least 1 space after "."; 0 found
/var/www/html/tests/Security/XSSTest.php:120:12: error - Method name "XSSTest::test_xss_protection_in_error_messages" is not in camel caps format
/var/www/html/database/seeders/PriceOfferSeeder.php:13:1: error - Opening brace must not be followed by a blank line
/var/www/html/app/Schemas/ProductDetailSchema.php:22:33: error - Opening brace of a class must be on the line after the definition
/var/www/html/app/Schemas/ProductDetailSchema.php:22:34: error - Closing brace must be on a line by itself
/var/www/html/database/seeders/ProductSeeder.php:14:1: error - Opening brace must not be followed by a blank line
/var/www/html/app/Schemas/ProductSchema.php:31:27: error - Opening brace of a class must be on the line after the definition
/var/www/html/app/Schemas/ProductSchema.php:31:28: error - Closing brace must be on a line by itself
/var/www/html/database/seeders/StoreSeeder.php:12:1: error - Opening brace must not be followed by a blank line
/var/www/html/app/Schemas/ProductUpdateRequestSchema.php:25:40: error - Opening brace of a class must be on the line after the definition
/var/www/html/app/Schemas/ProductUpdateRequestSchema.php:25:41: error - Closing brace must be on a line by itself
/var/www/html/tests/TestUtilities/AdvancedTestHelper.php:297:28: error - Parentheses must be used when instantiating a new class
/var/www/html/tests/TestUtilities/AdvancedTestHelper.php:298:31: error - Parentheses must be used when instantiating a new class
/var/www/html/tests/TestUtilities/AdvancedTestHelper.php:348:172: warning - Line exceeds 120 characters; contains 172 characters
/var/www/html/tests/TestUtilities/AdvancedTestHelper.php:352:174: warning - Line exceeds 120 characters; contains 174 characters
/var/www/html/public/index.php:1:1: warning - A file should declare new symbols (classes, functions, constants, etc.) and cause no other side effects, or it should execute logic with side effects, but should not do both. The first symbol is defined on line 8 and the first side effect is on line 11.
/var/www/html/public/index.php:10:39: error - Expected at least 1 space before "."; 0 found
/var/www/html/public/index.php:10:39: error - Expected at least 1 space after "."; 0 found
/var/www/html/public/index.php:14:21: error - Expected at least 1 space before "."; 0 found
/var/www/html/public/index.php:14:21: error - Expected at least 1 space after "."; 0 found
/var/www/html/public/index.php:16:28: error - Expected at least 1 space before "."; 0 found
/var/www/html/public/index.php:16:28: error - Expected at least 1 space after "."; 0 found
/var/www/html/app/Schemas/ReviewSchema.php:23:26: error - Opening brace of a class must be on the line after the definition
/var/www/html/app/Schemas/ReviewSchema.php:23:27: error - Closing brace must be on a line by itself
/var/www/html/tests/TestUtilities/ComprehensiveTestCommand.php:27:1: warning - Line exceeds 120 characters; contains 143 characters
/var/www/html/tests/TestUtilities/ComprehensiveTestCommand.php:48:29: error - Parentheses must be used when instantiating a new class
/var/www/html/tests/TestUtilities/ComprehensiveTestCommand.php:49:34: error - Parentheses must be used when instantiating a new class
/var/www/html/tests/TestUtilities/ComprehensiveTestCommand.php:77:51: error - Expected at least 1 space before "."; 0 found
/var/www/html/tests/TestUtilities/ComprehensiveTestCommand.php:77:51: error - Expected at least 1 space after "."; 0 found
/var/www/html/tests/TestUtilities/ComprehensiveTestCommand.php:186:60: error - Expected at least 1 space before "."; 0 found
/var/www/html/tests/TestUtilities/ComprehensiveTestCommand.php:186:60: error - Expected at least 1 space after "."; 0 found
/var/www/html/tests/TestUtilities/ComprehensiveTestCommand.php:203:29: error - Parentheses must be used when instantiating a new class
/var/www/html/tests/TestUtilities/ComprehensiveTestCommand.php:220:29: error - Parentheses must be used when instantiating a new class
/var/www/html/tests/TestUtilities/ComprehensiveTestCommand.php:237:26: error - Parentheses must be used when instantiating a new class
/var/www/html/tests/TestUtilities/ComprehensiveTestCommand.php:259:59: error - Expected at least 1 space before "."; 0 found
/var/www/html/tests/TestUtilities/ComprehensiveTestCommand.php:259:59: error - Expected at least 1 space after "."; 0 found
/var/www/html/tests/TestUtilities/ComprehensiveTestCommand.php:281:64: error - Expected at least 1 space before "."; 0 found
/var/www/html/tests/TestUtilities/ComprehensiveTestCommand.php:281:64: error - Expected at least 1 space after "."; 0 found
/var/www/html/tests/TestUtilities/ComprehensiveTestCommand.php:303:70: error - Expected at least 1 space before "."; 0 found
/var/www/html/tests/TestUtilities/ComprehensiveTestCommand.php:303:70: error - Expected at least 1 space after "."; 0 found
/var/www/html/tests/TestUtilities/ComprehensiveTestCommand.php:325:66: error - Expected at least 1 space before "."; 0 found
/var/www/html/tests/TestUtilities/ComprehensiveTestCommand.php:325:66: error - Expected at least 1 space after "."; 0 found
/var/www/html/tests/TestUtilities/ComprehensiveTestCommand.php:346:28: error - Parentheses must be used when instantiating a new class
/var/www/html/tests/TestUtilities/ComprehensiveTestCommand.php:375:85: error - Expected at least 1 space before "."; 0 found
/var/www/html/tests/TestUtilities/ComprehensiveTestCommand.php:375:85: error - Expected at least 1 space after "."; 0 found
/var/www/html/tests/TestUtilities/ComprehensiveTestCommand.php:376:87: error - Expected at least 1 space before "."; 0 found
/var/www/html/tests/TestUtilities/ComprehensiveTestCommand.php:376:87: error - Expected at least 1 space after "."; 0 found
/var/www/html/tests/TestUtilities/ComprehensiveTestCommand.php:389:85: error - Expected at least 1 space before "."; 0 found
/var/www/html/tests/TestUtilities/ComprehensiveTestCommand.php:389:85: error - Expected at least 1 space after "."; 0 found
/var/www/html/tests/TestUtilities/ComprehensiveTestCommand.php:390:79: error - Expected at least 1 space before "."; 0 found
/var/www/html/tests/TestUtilities/ComprehensiveTestCommand.php:390:79: error - Expected at least 1 space after "."; 0 found
/var/www/html/tests/TestUtilities/ComprehensiveTestCommand.php:391:87: error - Expected at least 1 space before "."; 0 found
/var/www/html/tests/TestUtilities/ComprehensiveTestCommand.php:391:87: error - Expected at least 1 space after "."; 0 found
/var/www/html/tests/TestUtilities/ComprehensiveTestCommand.php:392:81: error - Expected at least 1 space before "."; 0 found
/var/www/html/tests/TestUtilities/ComprehensiveTestCommand.php:392:81: error - Expected at least 1 space after "."; 0 found
/var/www/html/tests/TestUtilities/ComprehensiveTestCommand.php:393:83: error - Expected at least 1 space before "."; 0 found
/var/www/html/tests/TestUtilities/ComprehensiveTestCommand.php:393:83: error - Expected at least 1 space after "."; 0 found
/var/www/html/app/Services/AI/ContinuousQualityMonitor.php:115:121: warning - Line exceeds 120 characters; contains 121 characters
/var/www/html/app/Services/AI/ContinuousQualityMonitor.php:333:46: error - Expected at least 1 space before "."; 0 found
/var/www/html/app/Services/AI/ContinuousQualityMonitor.php:333:46: error - Expected at least 1 space after "."; 0 found
/var/www/html/app/Services/AI/ContinuousQualityMonitor.php:355:44: error - Expected at least 1 space before "."; 0 found
/var/www/html/app/Services/AI/ContinuousQualityMonitor.php:355:44: error - Expected at least 1 space after "."; 0 found
/var/www/html/app/Services/AI/ContinuousQualityMonitor.php:387:36: error - Expected at least 1 space before "."; 0 found
/var/www/html/app/Services/AI/ContinuousQualityMonitor.php:387:36: error - Expected at least 1 space after "."; 0 found
/var/www/html/app/Http/Middleware/LocaleMiddleware.php:15:1: error - Opening brace must not be followed by a blank line
/var/www/html/tests/TestUtilities/ComprehensiveTestRunner.php:50:29: error - Parentheses must be used when instantiating a new class
/var/www/html/tests/TestUtilities/ComprehensiveTestRunner.php:51:33: error - Parentheses must be used when instantiating a new class
/var/www/html/tests/TestUtilities/ComprehensiveTestRunner.php:52:35: error - Parentheses must be used when instantiating a new class
/var/www/html/tests/TestUtilities/ComprehensiveTestRunner.php:53:32: error - Parentheses must be used when instantiating a new class
/var/www/html/tests/TestUtilities/ComprehensiveTestRunner.php:54:35: error - Parentheses must be used when instantiating a new class
/var/www/html/resources/lang/ar/passwords.php:51:156: warning - Line exceeds 120 characters; contains 156 characters
/var/www/html/app/Services/AI/StrictQualityAgent.php:44:47: error - Expected at least 1 space before "."; 0 found
/var/www/html/app/Services/AI/StrictQualityAgent.php:44:47: error - Expected at least 1 space after "."; 0 found
/var/www/html/app/Services/AI/StrictQualityAgent.php:53:52: error - Expected at least 1 space before "."; 0 found
/var/www/html/app/Services/AI/StrictQualityAgent.php:53:52: error - Expected at least 1 space after "."; 0 found
/var/www/html/app/Services/AI/StrictQualityAgent.php:61:52: error - Expected at least 1 space before "."; 0 found
/var/www/html/app/Services/AI/StrictQualityAgent.php:61:52: error - Expected at least 1 space after "."; 0 found
/var/www/html/app/Services/AI/StrictQualityAgent.php:157:127: warning - Line exceeds 120 characters; contains 127 characters
/var/www/html/app/Services/AI/StrictQualityAgent.php:260:121: warning - Line exceeds 120 characters; contains 121 characters
/var/www/html/app/Services/AI/StrictQualityAgent.php:300:95: error - Expected at least 1 space before "."; 0 found
/var/www/html/app/Services/AI/StrictQualityAgent.php:300:95: error - Expected at least 1 space after "."; 0 found
/var/www/html/app/Services/AI/StrictQualityAgent.php:300:99: error - Expected at least 1 space before "."; 0 found
/var/www/html/app/Services/AI/StrictQualityAgent.php:300:99: error - Expected at least 1 space after "."; 0 found
/var/www/html/app/Services/AI/StrictQualityAgent.php:304:52: error - Expected at least 1 space before "."; 0 found
/var/www/html/app/Services/AI/StrictQualityAgent.php:304:52: error - Expected at least 1 space after "."; 0 found
/var/www/html/app/Services/AI/StrictQualityAgent.php:304:58: error - Expected at least 1 space before "."; 0 found
/var/www/html/app/Services/AI/StrictQualityAgent.php:304:58: error - Expected at least 1 space after "."; 0 found
/var/www/html/app/Services/AI/StrictQualityAgent.php:304:63: error - Expected at least 1 space before "."; 0 found
/var/www/html/app/Services/AI/StrictQualityAgent.php:304:63: error - Expected at least 1 space after "."; 0 found
/var/www/html/app/Services/AI/StrictQualityAgent.php:369:146: warning - Line exceeds 120 characters; contains 146 characters
/var/www/html/app/Services/AI/StrictQualityAgent.php:370:142: warning - Line exceeds 120 characters; contains 142 characters
/var/www/html/app/Services/AI/StrictQualityAgent.php:391:22: error - Expected at least 1 space before "."; 0 found
/var/www/html/app/Services/AI/StrictQualityAgent.php:391:22: error - Expected at least 1 space after "."; 0 found
/var/www/html/app/Http/Middleware/RedirectIfAuthenticated.php:14:1: error - Opening brace must not be followed by a blank line
/var/www/html/app/Services/AIService.php:69:148: warning - Line exceeds 120 characters; contains 148 characters
/var/www/html/app/Services/AIService.php:171:125: warning - Line exceeds 120 characters; contains 125 characters
/var/www/html/tests/TestUtilities/IntegrationTestSuite.php:110:35: error - Parentheses must be used when instantiating a new class
/var/www/html/tests/TestUtilities/IntegrationTestSuite.php:118:36: error - Parentheses must be used when instantiating a new class
/var/www/html/tests/TestUtilities/IntegrationTestSuite.php:134:33: error - Parentheses must be used when instantiating a new class
/var/www/html/tests/TestUtilities/IntegrationTestSuite.php:181:37: error - Parentheses must be used when instantiating a new class
/var/www/html/tests/TestUtilities/IntegrationTestSuite.php:217:31: error - Parentheses must be used when instantiating a new class
/var/www/html/tests/TestUtilities/IntegrationTestSuite.php:223:33: error - Parentheses must be used when instantiating a new class
/var/www/html/tests/TestUtilities/IntegrationTestSuite.php:258:34: error - Parentheses must be used when instantiating a new class
/var/www/html/tests/TestUtilities/IntegrationTestSuite.php:280:34: error - Parentheses must be used when instantiating a new class
/var/www/html/tests/TestUtilities/IntegrationTestSuite.php:299:34: error - Parentheses must be used when instantiating a new class
/var/www/html/tests/TestUtilities/IntegrationTestSuite.php:333:40: error - Parentheses must be used when instantiating a new class
/var/www/html/tests/TestUtilities/IntegrationTestSuite.php:349:31: error - Parentheses must be used when instantiating a new class
/var/www/html/tests/TestUtilities/IntegrationTestSuite.php:355:33: error - Parentheses must be used when instantiating a new class
/var/www/html/tests/TestUtilities/IntegrationTestSuite.php:376:34: error - Parentheses must be used when instantiating a new class
/var/www/html/tests/TestUtilities/IntegrationTestSuite.php:386:34: error - Parentheses must be used when instantiating a new class
/var/www/html/tests/TestUtilities/IntegrationTestSuite.php:394:34: error - Parentheses must be used when instantiating a new class
/var/www/html/tests/TestUtilities/IntegrationTestSuite.php:402:34: error - Parentheses must be used when instantiating a new class
/var/www/html/tests/TestUtilities/IntegrationTestSuite.php:411:34: error - Parentheses must be used when instantiating a new class
/var/www/html/tests/TestUtilities/IntegrationTestSuite.php:429:33: error - Parentheses must be used when instantiating a new class
/var/www/html/tests/TestUtilities/IntegrationTestSuite.php:440:33: error - Parentheses must be used when instantiating a new class
/var/www/html/tests/TestUtilities/IntegrationTestSuite.php:451:33: error - Parentheses must be used when instantiating a new class
/var/www/html/tests/TestUtilities/IntegrationTestSuite.php:466:34: error - Parentheses must be used when instantiating a new class
/var/www/html/tests/TestUtilities/IntegrationTestSuite.php:599:33: error - Parentheses must be used when instantiating a new class
/var/www/html/tests/TestUtilities/IntegrationTestSuite.php:610:33: error - Parentheses must be used when instantiating a new class
/var/www/html/tests/TestUtilities/IntegrationTestSuite.php:620:33: error - Parentheses must be used when instantiating a new class
/var/www/html/tests/TestUtilities/IntegrationTestSuite.php:653:31: error - Parentheses must be used when instantiating a new class
/var/www/html/app/Http/Middleware/RequirePassword.php:20:160: warning - Line exceeds 120 characters; contains 160 characters
/var/www/html/tests/TestUtilities/PerformanceTestSuite.php:71:127: warning - Line exceeds 120 characters; contains 127 characters
/var/www/html/tests/TestUtilities/PerformanceTestSuite.php:72:28: error - Parentheses must be used when instantiating a new class
/var/www/html/tests/TestUtilities/PerformanceTestSuite.php:79:28: error - Parentheses must be used when instantiating a new class
/var/www/html/tests/TestUtilities/PerformanceTestSuite.php:86:28: error - Parentheses must be used when instantiating a new class
/var/www/html/tests/TestUtilities/PerformanceTestSuite.php:91:28: error - Parentheses must be used when instantiating a new class
/var/www/html/tests/TestUtilities/PerformanceTestSuite.php:99:28: error - Parentheses must be used when instantiating a new class
/var/www/html/tests/TestUtilities/PerformanceTestSuite.php:101:132: warning - Line exceeds 120 characters; contains 132 characters
/var/www/html/tests/TestUtilities/PerformanceTestSuite.php:213:50: error - Expected at least 1 space before "."; 0 found
/var/www/html/tests/TestUtilities/PerformanceTestSuite.php:213:50: error - Expected at least 1 space after "."; 0 found
/var/www/html/tests/TestUtilities/PerformanceTestSuite.php:237:38: error - Expected at least 1 space before "."; 0 found
/var/www/html/tests/TestUtilities/PerformanceTestSuite.php:237:38: error - Expected at least 1 space after "."; 0 found
/var/www/html/tests/TestUtilities/PerformanceTestSuite.php:344:123: warning - Line exceeds 120 characters; contains 123 characters
/var/www/html/tests/TestUtilities/PerformanceTestSuite.php:366:34: error - Parentheses must be used when instantiating a new class
/var/www/html/tests/TestUtilities/PerformanceTestSuite.php:374:46: error - Expected at least 1 space before "."; 0 found
/var/www/html/tests/TestUtilities/PerformanceTestSuite.php:374:46: error - Expected at least 1 space after "."; 0 found
/var/www/html/tests/TestUtilities/PerformanceTestSuite.php:414:32: error - Expected at least 1 space before "."; 0 found
/var/www/html/tests/TestUtilities/PerformanceTestSuite.php:414:32: error - Expected at least 1 space after "."; 0 found
/var/www/html/tests/TestUtilities/PerformanceTestSuite.php:597:135: warning - Line exceeds 120 characters; contains 135 characters
/var/www/html/tests/TestUtilities/PerformanceTestSuite.php:613:136: warning - Line exceeds 120 characters; contains 136 characters
/var/www/html/tests/TestUtilities/PerformanceTestSuite.php:620:124: warning - Line exceeds 120 characters; contains 124 characters
/var/www/html/app/Services/BackupService.php:44:43: error - Expected at least 1 space before "."; 0 found
/var/www/html/app/Services/BackupService.php:44:43: error - Expected at least 1 space after "."; 0 found
/var/www/html/app/Services/BackupService.php:44:47: error - Expected at least 1 space before "."; 0 found
/var/www/html/app/Services/BackupService.php:44:47: error - Expected at least 1 space after "."; 0 found
/var/www/html/app/Services/BackupService.php:100:43: error - Expected at least 1 space before "."; 0 found
/var/www/html/app/Services/BackupService.php:100:43: error - Expected at least 1 space after "."; 0 found
/var/www/html/app/Services/BackupService.php:100:47: error - Expected at least 1 space before "."; 0 found
/var/www/html/app/Services/BackupService.php:100:47: error - Expected at least 1 space after "."; 0 found
/var/www/html/app/Services/BackupService.php:140:43: error - Expected at least 1 space before "."; 0 found
/var/www/html/app/Services/BackupService.php:140:43: error - Expected at least 1 space after "."; 0 found
/var/www/html/app/Services/BackupService.php:140:47: error - Expected at least 1 space before "."; 0 found
/var/www/html/app/Services/BackupService.php:140:47: error - Expected at least 1 space after "."; 0 found
/var/www/html/app/Services/BackupService.php:177:44: error - Expected at least 1 space before "."; 0 found
/var/www/html/app/Services/BackupService.php:177:44: error - Expected at least 1 space after "."; 0 found
/var/www/html/app/Services/BackupService.php:177:48: error - Expected at least 1 space before "."; 0 found
/var/www/html/app/Services/BackupService.php:177:48: error - Expected at least 1 space after "."; 0 found
/var/www/html/app/Services/BackupService.php:257:44: error - Expected at least 1 space before "."; 0 found
/var/www/html/app/Services/BackupService.php:257:44: error - Expected at least 1 space after "."; 0 found
/var/www/html/app/Services/BackupService.php:257:48: error - Expected at least 1 space before "."; 0 found
/var/www/html/app/Services/BackupService.php:257:48: error - Expected at least 1 space after "."; 0 found
/var/www/html/app/Services/BackupService.php:267:138: warning - Line exceeds 120 characters; contains 138 characters
/var/www/html/app/Services/BackupService.php:291:44: error - Expected at least 1 space before "."; 0 found
/var/www/html/app/Services/BackupService.php:291:44: error - Expected at least 1 space after "."; 0 found
/var/www/html/app/Services/BackupService.php:291:48: error - Expected at least 1 space before "."; 0 found
/var/www/html/app/Services/BackupService.php:291:48: error - Expected at least 1 space after "."; 0 found
/var/www/html/app/Services/BackupService.php:352:31: error - Expected at least 1 space before "."; 0 found
/var/www/html/app/Services/BackupService.php:352:31: error - Expected at least 1 space after "."; 0 found
/var/www/html/app/Services/BackupService.php:352:35: error - Expected at least 1 space before "."; 0 found
/var/www/html/app/Services/BackupService.php:352:35: error - Expected at least 1 space after "."; 0 found
/var/www/html/app/Services/BackupService.php:374:59: error - Expected at least 1 space before "."; 0 found
/var/www/html/app/Services/BackupService.php:374:59: error - Expected at least 1 space after "."; 0 found
/var/www/html/app/Services/BackupService.php:392:31: error - Expected at least 1 space before "."; 0 found
/var/www/html/app/Services/BackupService.php:392:31: error - Expected at least 1 space after "."; 0 found
/var/www/html/app/Services/BackupService.php:405:38: error - Expected at least 1 space before "."; 0 found
/var/www/html/app/Services/BackupService.php:405:38: error - Expected at least 1 space after "."; 0 found
/var/www/html/app/Services/BackupService.php:405:42: error - Expected at least 1 space before "."; 0 found
/var/www/html/app/Services/BackupService.php:405:42: error - Expected at least 1 space after "."; 0 found
/var/www/html/app/Services/BackupService.php:426:32: error - Expected at least 1 space before "."; 0 found
/var/www/html/app/Services/BackupService.php:426:32: error - Expected at least 1 space after "."; 0 found
/var/www/html/app/Services/BackupService.php:440:39: error - Expected at least 1 space before "."; 0 found
/var/www/html/app/Services/BackupService.php:440:39: error - Expected at least 1 space after "."; 0 found
/var/www/html/app/Services/BackupService.php:440:43: error - Expected at least 1 space before "."; 0 found
/var/www/html/app/Services/BackupService.php:440:43: error - Expected at least 1 space after "."; 0 found
/var/www/html/app/Services/BackupService.php:469:35: error - Expected at least 1 space before "."; 0 found
/var/www/html/app/Services/BackupService.php:469:35: error - Expected at least 1 space after "."; 0 found
/var/www/html/app/Services/BackupService.php:487:41: error - Expected at least 1 space before "."; 0 found
/var/www/html/app/Services/BackupService.php:487:41: error - Expected at least 1 space after "."; 0 found
/var/www/html/app/Services/BackupService.php:487:45: error - Expected at least 1 space before "."; 0 found
/var/www/html/app/Services/BackupService.php:487:45: error - Expected at least 1 space after "."; 0 found
/var/www/html/app/Services/BackupService.php:487:57: error - Expected at least 1 space before "."; 0 found
/var/www/html/app/Services/BackupService.php:487:57: error - Expected at least 1 space after "."; 0 found
/var/www/html/app/Services/BackupService.php:489:49: error - Expected at least 1 space before "."; 0 found
/var/www/html/app/Services/BackupService.php:489:49: error - Expected at least 1 space after "."; 0 found
/var/www/html/app/Services/BackupService.php:489:69: error - Expected at least 1 space before "."; 0 found
/var/www/html/app/Services/BackupService.php:489:69: error - Expected at least 1 space after "."; 0 found
/var/www/html/app/Services/BackupService.php:489:73: error - Expected at least 1 space before "."; 0 found
/var/www/html/app/Services/BackupService.php:489:73: error - Expected at least 1 space after "."; 0 found
/var/www/html/app/Services/BackupService.php:494:62: error - Expected at least 1 space before "."; 0 found
/var/www/html/app/Services/BackupService.php:494:62: error - Expected at least 1 space after "."; 0 found
/var/www/html/app/Services/BackupService.php:515:36: error - Expected at least 1 space before "."; 0 found
/var/www/html/app/Services/BackupService.php:515:36: error - Expected at least 1 space after "."; 0 found
/var/www/html/app/Services/BackupService.php:543:31: error - Expected at least 1 space before "."; 0 found
/var/www/html/app/Services/BackupService.php:543:31: error - Expected at least 1 space after "."; 0 found
/var/www/html/app/Services/BackupService.php:543:35: error - Expected at least 1 space before "."; 0 found
/var/www/html/app/Services/BackupService.php:543:35: error - Expected at least 1 space after "."; 0 found
/var/www/html/app/Services/BackupService.php:569:60: error - Expected at least 1 space before "."; 0 found
/var/www/html/app/Services/BackupService.php:569:60: error - Expected at least 1 space after "."; 0 found
/var/www/html/app/Services/BackupService.php:586:32: error - Expected at least 1 space before "."; 0 found
/var/www/html/app/Services/BackupService.php:586:32: error - Expected at least 1 space after "."; 0 found
/var/www/html/app/Services/BackupService.php:598:44: error - Expected at least 1 space before "."; 0 found
/var/www/html/app/Services/BackupService.php:598:44: error - Expected at least 1 space after "."; 0 found
/var/www/html/app/Services/BackupService.php:598:48: error - Expected at least 1 space before "."; 0 found
/var/www/html/app/Services/BackupService.php:598:48: error - Expected at least 1 space after "."; 0 found
/var/www/html/app/Services/BackupService.php:624:33: error - Expected at least 1 space before "."; 0 found
/var/www/html/app/Services/BackupService.php:624:33: error - Expected at least 1 space after "."; 0 found
/var/www/html/app/Services/BackupService.php:636:45: error - Expected at least 1 space before "."; 0 found
/var/www/html/app/Services/BackupService.php:636:45: error - Expected at least 1 space after "."; 0 found
/var/www/html/app/Services/BackupService.php:636:49: error - Expected at least 1 space before "."; 0 found
/var/www/html/app/Services/BackupService.php:636:49: error - Expected at least 1 space after "."; 0 found
/var/www/html/app/Services/BackupService.php:698:34: error - Expected at least 1 space before "."; 0 found
/var/www/html/app/Services/BackupService.php:698:34: error - Expected at least 1 space after "."; 0 found
/var/www/html/app/Services/BackupService.php:698:54: error - Expected at least 1 space before "."; 0 found
/var/www/html/app/Services/BackupService.php:698:54: error - Expected at least 1 space after "."; 0 found
/var/www/html/app/Http/Middleware/SecurityHeaders.php:23:142: warning - Line exceeds 120 characters; contains 142 characters
/var/www/html/app/Http/Middleware/SecurityHeadersMiddleware.php:36:126: warning - Line exceeds 120 characters; contains 126 characters
/var/www/html/app/Http/Middleware/SecurityHeadersMiddleware.php:44:133: warning - Line exceeds 120 characters; contains 133 characters
/var/www/html/tests/TestUtilities/QualityAssurance.php:29:28: error - Parentheses must be used when instantiating a new class
/var/www/html/tests/TestUtilities/QualityAssurance.php:30:25: error - Parentheses must be used when instantiating a new class
/var/www/html/tests/TestUtilities/QualityAssurance.php:151:147: warning - Line exceeds 120 characters; contains 147 characters
/var/www/html/tests/TestUtilities/QualityAssurance.php:157:138: warning - Line exceeds 120 characters; contains 138 characters
/var/www/html/tests/TestUtilities/QualityAssurance.php:195:153: warning - Line exceeds 120 characters; contains 153 characters
/var/www/html/tests/TestUtilities/QualityAssurance.php:201:137: warning - Line exceeds 120 characters; contains 137 characters
/var/www/html/tests/TestUtilities/QualityAssurance.php:470:23: error - Expected at least 1 space before "."; 0 found
/var/www/html/tests/TestUtilities/QualityAssurance.php:470:23: error - Expected at least 1 space after "."; 0 found
/var/www/html/tests/TestUtilities/QualityAssurance.php:470:45: error - Expected at least 1 space before "."; 0 found
/var/www/html/tests/TestUtilities/QualityAssurance.php:470:45: error - Expected at least 1 space after "."; 0 found
/var/www/html/app/Http/Middleware/SetCacheHeaders.php:25:87: error - Expected at least 1 space before "."; 0 found
/var/www/html/app/Http/Middleware/SetCacheHeaders.php:25:87: error - Expected at least 1 space after "."; 0 found
/var/www/html/app/Services/CacheService.php:25:1: error - Opening brace must not be followed by a blank line
/var/www/html/app/Services/CacheService.php:43:39: error - Expected at least 1 space before "."; 0 found
/var/www/html/app/Services/CacheService.php:43:39: error - Expected at least 1 space after "."; 0 found
/var/www/html/app/Services/CacheService.php:48:121: warning - Line exceeds 120 characters; contains 121 characters
/var/www/html/app/Services/CacheService.php:49:133: warning - Line exceeds 120 characters; contains 133 characters
/var/www/html/app/Services/CacheService.php:74:39: error - Expected at least 1 space before "."; 0 found
/var/www/html/app/Services/CacheService.php:74:39: error - Expected at least 1 space after "."; 0 found
/var/www/html/app/Http/Middleware/SetLocale.php:24:197: warning - Line exceeds 120 characters; contains 197 characters
/var/www/html/tests/TestUtilities/SecurityTestSuite.php:93:35: error - Parentheses must be used when instantiating a new class
/var/www/html/tests/TestUtilities/SecurityTestSuite.php:103:33: error - Parentheses must be used when instantiating a new class
/var/www/html/tests/TestUtilities/SecurityTestSuite.php:115:33: error - Parentheses must be used when instantiating a new class
/var/www/html/tests/TestUtilities/SecurityTestSuite.php:127:36: error - Parentheses must be used when instantiating a new class
/var/www/html/tests/TestUtilities/SecurityTestSuite.php:290:67: error - Expected at least 1 space before "."; 0 found
/var/www/html/tests/TestUtilities/SecurityTestSuite.php:290:67: error - Expected at least 1 space after "."; 0 found
/var/www/html/tests/TestUtilities/SecurityTestSuite.php:303:28: error - Parentheses must be used when instantiating a new class
/var/www/html/tests/TestUtilities/SecurityTestSuite.php:369:67: error - Expected at least 1 space before "."; 0 found
/var/www/html/tests/TestUtilities/SecurityTestSuite.php:369:67: error - Expected at least 1 space after "."; 0 found
/var/www/html/tests/TestUtilities/SecurityTestSuite.php:440:25: error - Parentheses must be used when instantiating a new class
/var/www/html/tests/TestUtilities/SecurityTestSuite.php:461:29: error - Parentheses must be used when instantiating a new class
/var/www/html/tests/TestUtilities/SecurityTestSuite.php:717:138: warning - Line exceeds 120 characters; contains 138 characters
/var/www/html/app/Http/Middleware/SetLocaleAndCurrency.php:16:1: error - Opening brace must not be followed by a blank line
/var/www/html/app/Services/CDNService.php:26:47: error - Expected at least 1 space before "."; 0 found
/var/www/html/app/Services/CDNService.php:26:47: error - Expected at least 1 space after "."; 0 found
/var/www/html/app/Services/CDNService.php:46:126: warning - Line exceeds 120 characters; contains 126 characters
/var/www/html/app/Services/CDNService.php:153:63: error - Expected at least 1 space before "."; 0 found
/var/www/html/app/Services/CDNService.php:153:63: error - Expected at least 1 space after "."; 0 found
/var/www/html/app/Services/CDNService.php:153:67: error - Expected at least 1 space before "."; 0 found
/var/www/html/app/Services/CDNService.php:153:67: error - Expected at least 1 space after "."; 0 found
/var/www/html/app/Services/CDNService.php:242:52: error - Expected at least 1 space before "."; 0 found
/var/www/html/app/Services/CDNService.php:242:52: error - Expected at least 1 space after "."; 0 found
/var/www/html/app/Services/CDNService.php:293:41: error - Expected at least 1 space before "."; 0 found
/var/www/html/app/Services/CDNService.php:293:41: error - Expected at least 1 space after "."; 0 found
/var/www/html/app/Services/CDNService.php:295:65: error - Expected at least 1 space before "."; 0 found
/var/www/html/app/Services/CDNService.php:295:65: error - Expected at least 1 space after "."; 0 found
/var/www/html/app/Services/CDNService.php:295:76: error - Expected at least 1 space before "."; 0 found
/var/www/html/app/Services/CDNService.php:295:76: error - Expected at least 1 space after "."; 0 found
/var/www/html/app/Services/CDNService.php:295:123: warning - Line exceeds 120 characters; contains 123 characters
/var/www/html/app/Services/CDNService.php:298:61: error - Expected at least 1 space before "."; 0 found
/var/www/html/app/Services/CDNService.php:298:61: error - Expected at least 1 space after "."; 0 found
/var/www/html/app/Services/CDNService.php:311:126: warning - Line exceeds 120 characters; contains 126 characters
/var/www/html/app/Services/CDNService.php:333:26: error - Expected at least 1 space before "."; 0 found
/var/www/html/app/Services/CDNService.php:333:26: error - Expected at least 1 space after "."; 0 found
/var/www/html/app/Services/CDNService.php:333:34: error - Expected at least 1 space before "."; 0 found
/var/www/html/app/Services/CDNService.php:333:34: error - Expected at least 1 space after "."; 0 found
/var/www/html/app/Services/CDNService.php:333:41: error - Expected at least 1 space before "."; 0 found
/var/www/html/app/Services/CDNService.php:333:41: error - Expected at least 1 space after "."; 0 found
/var/www/html/app/Services/CDNService.php:333:49: error - Expected at least 1 space before "."; 0 found
/var/www/html/app/Services/CDNService.php:333:49: error - Expected at least 1 space after "."; 0 found
/var/www/html/app/Services/CDNService.php:356:49: error - Expected at least 1 space before "."; 0 found
/var/www/html/app/Services/CDNService.php:356:49: error - Expected at least 1 space after "."; 0 found
/var/www/html/app/Services/CDNService.php:356:57: error - Expected at least 1 space before "."; 0 found
/var/www/html/app/Services/CDNService.php:356:57: error - Expected at least 1 space after "."; 0 found
/var/www/html/app/Services/CDNService.php:386:41: error - Expected at least 1 space before "."; 0 found
/var/www/html/app/Services/CDNService.php:386:41: error - Expected at least 1 space after "."; 0 found
/var/www/html/app/Services/CDNService.php:387:68: error - Expected at least 1 space before "."; 0 found
/var/www/html/app/Services/CDNService.php:387:68: error - Expected at least 1 space after "."; 0 found
/var/www/html/app/Services/CDNService.php:387:79: error - Expected at least 1 space before "."; 0 found
/var/www/html/app/Services/CDNService.php:387:79: error - Expected at least 1 space after "."; 0 found
/var/www/html/app/Services/CDNService.php:438:41: error - Expected at least 1 space before "."; 0 found
/var/www/html/app/Services/CDNService.php:438:41: error - Expected at least 1 space after "."; 0 found
/var/www/html/app/Services/CDNService.php:440:63: error - Expected at least 1 space before "."; 0 found
/var/www/html/app/Services/CDNService.php:440:63: error - Expected at least 1 space after "."; 0 found
/var/www/html/app/Services/CDNService.php:440:71: error - Expected at least 1 space before "."; 0 found
/var/www/html/app/Services/CDNService.php:440:71: error - Expected at least 1 space after "."; 0 found
/var/www/html/app/Services/CDNService.php:473:41: error - Expected at least 1 space before "."; 0 found
/var/www/html/app/Services/CDNService.php:473:41: error - Expected at least 1 space after "."; 0 found
/var/www/html/app/Services/CDNService.php:474:62: error - Expected at least 1 space before "."; 0 found
/var/www/html/app/Services/CDNService.php:474:62: error - Expected at least 1 space after "."; 0 found
/var/www/html/app/Services/CDNService.php:474:70: error - Expected at least 1 space before "."; 0 found
/var/www/html/app/Services/CDNService.php:474:70: error - Expected at least 1 space after "."; 0 found
/var/www/html/app/Services/ExchangeRateService.php:242:1: error - Expected 1 blank line at end of file; 2 found
/var/www/html/tests/TestUtilities/ServiceTestFactory.php:34:29: error - Parentheses must be used when instantiating a new class
/var/www/html/tests/TestUtilities/ServiceTestFactory.php:52:32: error - Parentheses must be used when instantiating a new class
/var/www/html/tests/TestUtilities/ServiceTestFactory.php:63:32: error - Parentheses must be used when instantiating a new class
/var/www/html/tests/TestUtilities/ServiceTestFactory.php:75:32: error - Parentheses must be used when instantiating a new class
/var/www/html/tests/TestUtilities/ServiceTestFactory.php:83:124: warning - Line exceeds 120 characters; contains 124 characters
/var/www/html/tests/TestUtilities/ServiceTestFactory.php:87:32: error - Parentheses must be used when instantiating a new class
/var/www/html/tests/TestUtilities/ServiceTestFactory.php:96:149: warning - Line exceeds 120 characters; contains 149 characters
/var/www/html/tests/TestUtilities/ServiceTestFactory.php:100:32: error - Parentheses must be used when instantiating a new class
/var/www/html/tests/TestUtilities/ServiceTestFactory.php:113:32: error - Parentheses must be used when instantiating a new class
/var/www/html/tests/TestUtilities/ServiceTestFactory.php:142:32: error - Parentheses must be used when instantiating a new class
/var/www/html/tests/TestUtilities/ServiceTestFactory.php:150:32: error - Parentheses must be used when instantiating a new class
/var/www/html/tests/TestUtilities/ServiceTestFactory.php:160:32: error - Parentheses must be used when instantiating a new class
/var/www/html/tests/TestUtilities/ServiceTestFactory.php:174:32: error - Parentheses must be used when instantiating a new class
/var/www/html/tests/TestUtilities/ServiceTestFactory.php:189:32: error - Parentheses must be used when instantiating a new class
/var/www/html/tests/TestUtilities/ServiceTestFactory.php:218:32: error - Parentheses must be used when instantiating a new class
/var/www/html/tests/TestUtilities/ServiceTestFactory.php:227:32: error - Parentheses must be used when instantiating a new class
/var/www/html/tests/TestUtilities/ServiceTestFactory.php:235:32: error - Parentheses must be used when instantiating a new class
/var/www/html/tests/TestUtilities/ServiceTestFactory.php:244:32: error - Parentheses must be used when instantiating a new class
/var/www/html/tests/TestUtilities/ServiceTestFactory.php:252:32: error - Parentheses must be used when instantiating a new class
/var/www/html/tests/TestUtilities/ServiceTestFactory.php:286:32: error - Parentheses must be used when instantiating a new class
/var/www/html/tests/TestUtilities/ServiceTestFactory.php:307:32: error - Parentheses must be used when instantiating a new class
/var/www/html/tests/TestUtilities/ServiceTestFactory.php:333:32: error - Parentheses must be used when instantiating a new class
/var/www/html/tests/TestUtilities/ServiceTestFactory.php:340:32: error - Parentheses must be used when instantiating a new class
/var/www/html/tests/TestUtilities/ServiceTestFactory.php:347:32: error - Parentheses must be used when instantiating a new class
/var/www/html/tests/TestUtilities/ServiceTestFactory.php:355:32: error - Parentheses must be used when instantiating a new class
/var/www/html/tests/TestUtilities/ServiceTestFactory.php:367:32: error - Parentheses must be used when instantiating a new class
/var/www/html/tests/TestUtilities/ServiceTestFactory.php:398:32: error - Parentheses must be used when instantiating a new class
/var/www/html/tests/TestUtilities/ServiceTestFactory.php:414:32: error - Parentheses must be used when instantiating a new class
/var/www/html/tests/TestUtilities/ServiceTestFactory.php:430:32: error - Parentheses must be used when instantiating a new class
/var/www/html/tests/TestUtilities/ServiceTestFactory.php:436:32: error - Parentheses must be used when instantiating a new class
/var/www/html/app/Services/ExternalStoreService.php:75:49: error - Expected at least 1 space before "."; 0 found
/var/www/html/app/Services/ExternalStoreService.php:75:49: error - Expected at least 1 space after "."; 0 found
/var/www/html/app/Services/ExternalStoreService.php:77:45: error - Expected at least 1 space before "."; 0 found
/var/www/html/app/Services/ExternalStoreService.php:77:45: error - Expected at least 1 space after "."; 0 found
/var/www/html/app/Services/ExternalStoreService.php:126:49: error - Expected at least 1 space before "."; 0 found
/var/www/html/app/Services/ExternalStoreService.php:126:49: error - Expected at least 1 space after "."; 0 found
/var/www/html/app/Services/ExternalStoreService.php:191:49: error - Expected at least 1 space before "."; 0 found
/var/www/html/app/Services/ExternalStoreService.php:191:49: error - Expected at least 1 space after "."; 0 found
/var/www/html/app/Services/ExternalStoreService.php:192:44: error - Expected at least 1 space before "."; 0 found
/var/www/html/app/Services/ExternalStoreService.php:192:44: error - Expected at least 1 space after "."; 0 found
/var/www/html/app/Services/ExternalStoreService.php:227:41: error - Expected at least 1 space before "."; 0 found
/var/www/html/app/Services/ExternalStoreService.php:227:41: error - Expected at least 1 space after "."; 0 found
/var/www/html/app/Services/ExternalStoreService.php:229:37: error - Expected at least 1 space before "."; 0 found
/var/www/html/app/Services/ExternalStoreService.php:229:37: error - Expected at least 1 space after "."; 0 found
/var/www/html/app/Services/ExternalStoreService.php:236:56: error - Expected at least 1 space before "."; 0 found
/var/www/html/app/Services/ExternalStoreService.php:236:56: error - Expected at least 1 space after "."; 0 found
/var/www/html/app/Http/Middleware/ThrottleSensitiveOperations.php:17:127: warning - Line exceeds 120 characters; contains 134 characters
/var/www/html/app/Http/Middleware/ThrottleSensitiveOperations.php:37:71: error - Expected at least 1 space before "."; 0 found
/var/www/html/app/Http/Middleware/ThrottleSensitiveOperations.php:37:71: error - Expected at least 1 space after "."; 0 found
/var/www/html/app/Http/Middleware/ThrottleSensitiveOperations.php:37:80: error - Expected at least 1 space before "."; 0 found
/var/www/html/app/Http/Middleware/ThrottleSensitiveOperations.php:37:80: error - Expected at least 1 space after "."; 0 found
/var/www/html/app/Services/FactoryConfigurationService.php:11:89: error - Opening brace should be on a new line
/var/www/html/app/Services/FactoryConfigurationService.php:11:90: error - Closing brace must be on a line by itself
/var/www/html/app/Services/FactoryConfigurationService.php:17:77: error - Expected at least 1 space before "."; 0 found
/var/www/html/app/Services/FactoryConfigurationService.php:17:77: error - Expected at least 1 space after "."; 0 found
/var/www/html/app/Services/FactoryConfigurationService.php:17:104: error - Expected at least 1 space before "."; 0 found
/var/www/html/app/Services/FactoryConfigurationService.php:17:104: error - Expected at least 1 space after "."; 0 found
/var/www/html/tests/TestUtilities/TestReportGenerator.php:94:43: error - Expected at least 1 space before "."; 0 found
/var/www/html/tests/TestUtilities/TestReportGenerator.php:94:43: error - Expected at least 1 space after "."; 0 found
/var/www/html/tests/TestUtilities/TestReportGenerator.php:94:59: error - Expected at least 1 space before "."; 0 found
/var/www/html/tests/TestUtilities/TestReportGenerator.php:94:59: error - Expected at least 1 space after "."; 0 found
/var/www/html/tests/TestUtilities/TestReportGenerator.php:94:79: error - Expected at least 1 space before "."; 0 found
/var/www/html/tests/TestUtilities/TestReportGenerator.php:94:79: error - Expected at least 1 space after "."; 0 found
/var/www/html/tests/TestUtilities/TestReportGenerator.php:107:43: error - Expected at least 1 space before "."; 0 found
/var/www/html/tests/TestUtilities/TestReportGenerator.php:107:43: error - Expected at least 1 space after "."; 0 found
/var/www/html/tests/TestUtilities/TestReportGenerator.php:107:59: error - Expected at least 1 space before "."; 0 found
/var/www/html/tests/TestUtilities/TestReportGenerator.php:107:59: error - Expected at least 1 space after "."; 0 found
/var/www/html/tests/TestUtilities/TestReportGenerator.php:107:79: error - Expected at least 1 space before "."; 0 found
/var/www/html/tests/TestUtilities/TestReportGenerator.php:107:79: error - Expected at least 1 space after "."; 0 found
/var/www/html/tests/TestUtilities/TestReportGenerator.php:120:43: error - Expected at least 1 space before "."; 0 found
/var/www/html/tests/TestUtilities/TestReportGenerator.php:120:43: error - Expected at least 1 space after "."; 0 found
/var/www/html/tests/TestUtilities/TestReportGenerator.php:120:59: error - Expected at least 1 space before "."; 0 found
/var/www/html/tests/TestUtilities/TestReportGenerator.php:120:59: error - Expected at least 1 space after "."; 0 found
/var/www/html/tests/TestUtilities/TestReportGenerator.php:120:79: error - Expected at least 1 space before "."; 0 found
/var/www/html/tests/TestUtilities/TestReportGenerator.php:120:79: error - Expected at least 1 space after "."; 0 found
/var/www/html/tests/TestUtilities/TestReportGenerator.php:136:123: warning - Line exceeds 120 characters; contains 123 characters
/var/www/html/tests/TestUtilities/TestReportGenerator.php:138:43: error - Expected at least 1 space before "."; 0 found
/var/www/html/tests/TestUtilities/TestReportGenerator.php:138:43: error - Expected at least 1 space after "."; 0 found
/var/www/html/tests/TestUtilities/TestReportGenerator.php:138:57: error - Expected at least 1 space before "."; 0 found
/var/www/html/tests/TestUtilities/TestReportGenerator.php:138:57: error - Expected at least 1 space after "."; 0 found
/var/www/html/tests/TestUtilities/TestReportGenerator.php:138:77: error - Expected at least 1 space before "."; 0 found
/var/www/html/tests/TestUtilities/TestReportGenerator.php:138:77: error - Expected at least 1 space after "."; 0 found
/var/www/html/tests/TestUtilities/TestReportGenerator.php:189:27: error - Expected at least 1 space before "."; 0 found
/var/www/html/tests/TestUtilities/TestReportGenerator.php:189:27: error - Expected at least 1 space after "."; 0 found
/var/www/html/tests/TestUtilities/TestReportGenerator.php:189:56: error - Expected at least 1 space before "."; 0 found
/var/www/html/tests/TestUtilities/TestReportGenerator.php:189:56: error - Expected at least 1 space after "."; 0 found
/var/www/html/tests/TestUtilities/TestReportGenerator.php:276:51: error - Expected at least 1 space before "."; 0 found
/var/www/html/tests/TestUtilities/TestReportGenerator.php:276:51: error - Expected at least 1 space after "."; 0 found
/var/www/html/tests/TestUtilities/TestReportGenerator.php:276:75: error - Expected at least 1 space before "."; 0 found
/var/www/html/tests/TestUtilities/TestReportGenerator.php:276:75: error - Expected at least 1 space after "."; 0 found
/var/www/html/tests/TestUtilities/TestReportGenerator.php:277:54: error - Expected at least 1 space before "."; 0 found
/var/www/html/tests/TestUtilities/TestReportGenerator.php:277:54: error - Expected at least 1 space after "."; 0 found
/var/www/html/tests/TestUtilities/TestReportGenerator.php:277:73: error - Expected at least 1 space before "."; 0 found
/var/www/html/tests/TestUtilities/TestReportGenerator.php:277:73: error - Expected at least 1 space after "."; 0 found
/var/www/html/tests/TestUtilities/TestReportGenerator.php:278:52: error - Expected at least 1 space before "."; 0 found
/var/www/html/tests/TestUtilities/TestReportGenerator.php:278:52: error - Expected at least 1 space after "."; 0 found
/var/www/html/tests/TestUtilities/TestReportGenerator.php:278:71: error - Expected at least 1 space before "."; 0 found
/var/www/html/tests/TestUtilities/TestReportGenerator.php:278:71: error - Expected at least 1 space after "."; 0 found
/var/www/html/tests/TestUtilities/TestReportGenerator.php:279:52: error - Expected at least 1 space before "."; 0 found
/var/www/html/tests/TestUtilities/TestReportGenerator.php:279:52: error - Expected at least 1 space after "."; 0 found
/var/www/html/tests/TestUtilities/TestReportGenerator.php:279:95: error - Expected at least 1 space before "."; 0 found
/var/www/html/tests/TestUtilities/TestReportGenerator.php:279:95: error - Expected at least 1 space after "."; 0 found
/var/www/html/tests/TestUtilities/TestReportGenerator.php:280:53: error - Expected at least 1 space before "."; 0 found
/var/www/html/tests/TestUtilities/TestReportGenerator.php:280:53: error - Expected at least 1 space after "."; 0 found
/var/www/html/tests/TestUtilities/TestReportGenerator.php:280:97: error - Expected at least 1 space before "."; 0 found
/var/www/html/tests/TestUtilities/TestReportGenerator.php:280:97: error - Expected at least 1 space after "."; 0 found
/var/www/html/tests/TestUtilities/TestReportGenerator.php:294:22: error - Expected at least 1 space before "."; 0 found
/var/www/html/tests/TestUtilities/TestReportGenerator.php:294:22: error - Expected at least 1 space after "."; 0 found
/var/www/html/tests/TestUtilities/TestReportGenerator.php:294:35: error - Expected at least 1 space before "."; 0 found
/var/www/html/tests/TestUtilities/TestReportGenerator.php:294:35: error - Expected at least 1 space after "."; 0 found
/var/www/html/tests/TestUtilities/TestReportGenerator.php:295:22: error - Expected at least 1 space before "."; 0 found
/var/www/html/tests/TestUtilities/TestReportGenerator.php:295:22: error - Expected at least 1 space after "."; 0 found
/var/www/html/tests/TestUtilities/TestReportGenerator.php:295:50: error - Expected at least 1 space before "."; 0 found
/var/www/html/tests/TestUtilities/TestReportGenerator.php:295:50: error - Expected at least 1 space after "."; 0 found
/var/www/html/tests/TestUtilities/TestReportGenerator.php:296:38: error - Expected at least 1 space before "."; 0 found
/var/www/html/tests/TestUtilities/TestReportGenerator.php:296:38: error - Expected at least 1 space after "."; 0 found
/var/www/html/tests/TestUtilities/TestReportGenerator.php:296:61: error - Expected at least 1 space before "."; 0 found
/var/www/html/tests/TestUtilities/TestReportGenerator.php:296:61: error - Expected at least 1 space after "."; 0 found
/var/www/html/tests/TestUtilities/TestReportGenerator.php:297:36: error - Expected at least 1 space before "."; 0 found
/var/www/html/tests/TestUtilities/TestReportGenerator.php:297:36: error - Expected at least 1 space after "."; 0 found
/var/www/html/tests/TestUtilities/TestReportGenerator.php:297:59: error - Expected at least 1 space before "."; 0 found
/var/www/html/tests/TestUtilities/TestReportGenerator.php:297:59: error - Expected at least 1 space after "."; 0 found
/var/www/html/tests/TestUtilities/TestReportGenerator.php:298:22: error - Expected at least 1 space before "."; 0 found
/var/www/html/tests/TestUtilities/TestReportGenerator.php:298:22: error - Expected at least 1 space after "."; 0 found
/var/www/html/tests/TestUtilities/TestReportGenerator.php:298:69: error - Expected at least 1 space before "."; 0 found
/var/www/html/tests/TestUtilities/TestReportGenerator.php:298:69: error - Expected at least 1 space after "."; 0 found
/var/www/html/tests/TestUtilities/TestReportGenerator.php:314:129: warning - Line exceeds 120 characters; contains 129 characters
/var/www/html/tests/TestUtilities/TestReportGenerator.php:321:22: error - Expected at least 1 space before "."; 0 found
/var/www/html/tests/TestUtilities/TestReportGenerator.php:321:22: error - Expected at least 1 space after "."; 0 found
/var/www/html/tests/TestUtilities/TestReportGenerator.php:321:44: error - Expected at least 1 space before "."; 0 found
/var/www/html/tests/TestUtilities/TestReportGenerator.php:321:44: error - Expected at least 1 space after "."; 0 found
/var/www/html/tests/TestUtilities/TestReportGenerator.php:322:22: error - Expected at least 1 space before "."; 0 found
/var/www/html/tests/TestUtilities/TestReportGenerator.php:322:22: error - Expected at least 1 space after "."; 0 found
/var/www/html/tests/TestUtilities/TestReportGenerator.php:322:51: error - Expected at least 1 space before "."; 0 found
/var/www/html/tests/TestUtilities/TestReportGenerator.php:322:51: error - Expected at least 1 space after "."; 0 found
/var/www/html/tests/TestUtilities/TestReportGenerator.php:323:38: error - Expected at least 1 space before "."; 0 found
/var/www/html/tests/TestUtilities/TestReportGenerator.php:323:38: error - Expected at least 1 space after "."; 0 found
/var/www/html/tests/TestUtilities/TestReportGenerator.php:323:68: error - Expected at least 1 space before "."; 0 found
/var/www/html/tests/TestUtilities/TestReportGenerator.php:323:68: error - Expected at least 1 space after "."; 0 found
/var/www/html/tests/TestUtilities/TestReportGenerator.php:324:36: error - Expected at least 1 space before "."; 0 found
/var/www/html/tests/TestUtilities/TestReportGenerator.php:324:36: error - Expected at least 1 space after "."; 0 found
/var/www/html/tests/TestUtilities/TestReportGenerator.php:324:66: error - Expected at least 1 space before "."; 0 found
/var/www/html/tests/TestUtilities/TestReportGenerator.php:324:66: error - Expected at least 1 space after "."; 0 found
/var/www/html/tests/TestUtilities/TestReportGenerator.php:325:29: error - Expected at least 1 space before "."; 0 found
/var/www/html/tests/TestUtilities/TestReportGenerator.php:325:29: error - Expected at least 1 space after "."; 0 found
/var/www/html/tests/TestUtilities/TestReportGenerator.php:325:42: error - Expected at least 1 space before "."; 0 found
/var/www/html/tests/TestUtilities/TestReportGenerator.php:325:42: error - Expected at least 1 space after "."; 0 found
/var/www/html/tests/TestUtilities/TestReportGenerator.php:325:47: error - Expected at least 1 space before "."; 0 found
/var/www/html/tests/TestUtilities/TestReportGenerator.php:325:47: error - Expected at least 1 space after "."; 0 found
/var/www/html/tests/TestUtilities/TestReportGenerator.php:325:55: error - Expected at least 1 space before "."; 0 found
/var/www/html/tests/TestUtilities/TestReportGenerator.php:325:55: error - Expected at least 1 space after "."; 0 found
/var/www/html/tests/TestUtilities/TestReportGenerator.php:341:67: error - Expected at least 1 space before "."; 0 found
/var/www/html/tests/TestUtilities/TestReportGenerator.php:342:90: error - Expected at least 1 space before "."; 0 found
/var/www/html/tests/TestUtilities/TestReportGenerator.php:342:90: error - Expected at least 1 space after "."; 0 found
/var/www/html/tests/TestUtilities/TestReportGenerator.php:343:59: error - Expected at least 1 space before "."; 0 found
/var/www/html/tests/TestUtilities/TestReportGenerator.php:344:89: error - Expected at least 1 space before "."; 0 found
/var/www/html/tests/TestUtilities/TestReportGenerator.php:344:89: error - Expected at least 1 space after "."; 0 found
/var/www/html/tests/TestUtilities/TestReportGenerator.php:345:54: error - Expected at least 1 space before "."; 0 found
/var/www/html/tests/TestUtilities/TestReportGenerator.php:346:84: error - Expected at least 1 space before "."; 0 found
/var/www/html/tests/TestUtilities/TestReportGenerator.php:346:84: error - Expected at least 1 space after "."; 0 found
/var/www/html/tests/TestUtilities/TestReportGenerator.php:356:54: error - Expected at least 1 space before "."; 0 found
/var/www/html/tests/TestUtilities/TestReportGenerator.php:357:74: error - Expected at least 1 space before "."; 0 found
/var/www/html/tests/TestUtilities/TestReportGenerator.php:357:74: error - Expected at least 1 space after "."; 0 found
/var/www/html/tests/TestUtilities/TestReportGenerator.php:358:60: error - Expected at least 1 space before "."; 0 found
/var/www/html/tests/TestUtilities/TestReportGenerator.php:359:63: error - Expected at least 1 space before "."; 0 found
/var/www/html/tests/TestUtilities/TestReportGenerator.php:359:63: error - Expected at least 1 space after "."; 0 found
/var/www/html/tests/TestUtilities/TestReportGenerator.php:369:56: error - Expected at least 1 space before "."; 0 found
/var/www/html/tests/TestUtilities/TestReportGenerator.php:370:60: error - Expected at least 1 space before "."; 0 found
/var/www/html/tests/TestUtilities/TestReportGenerator.php:370:60: error - Expected at least 1 space after "."; 0 found
/var/www/html/tests/TestUtilities/TestReportGenerator.php:371:52: error - Expected at least 1 space before "."; 0 found
/var/www/html/tests/TestUtilities/TestReportGenerator.php:372:57: error - Expected at least 1 space before "."; 0 found
/var/www/html/tests/TestUtilities/TestReportGenerator.php:372:57: error - Expected at least 1 space after "."; 0 found
/var/www/html/tests/TestUtilities/TestReportGenerator.php:373:56: error - Expected at least 1 space before "."; 0 found
/var/www/html/tests/TestUtilities/TestReportGenerator.php:374:61: error - Expected at least 1 space before "."; 0 found
/var/www/html/tests/TestUtilities/TestReportGenerator.php:374:61: error - Expected at least 1 space after "."; 0 found
/var/www/html/tests/TestUtilities/TestReportGenerator.php:375:53: error - Expected at least 1 space before "."; 0 found
/var/www/html/tests/TestUtilities/TestReportGenerator.php:376:58: error - Expected at least 1 space before "."; 0 found
/var/www/html/tests/TestUtilities/TestReportGenerator.php:376:58: error - Expected at least 1 space after "."; 0 found
/var/www/html/tests/TestUtilities/TestReportGenerator.php:386:40: error - Expected at least 1 space before "."; 0 found
/var/www/html/tests/TestUtilities/TestReportGenerator.php:386:40: error - Expected at least 1 space after "."; 0 found
/var/www/html/tests/TestUtilities/TestReportGenerator.php:386:66: error - Expected at least 1 space before "."; 0 found
/var/www/html/tests/TestUtilities/TestReportGenerator.php:386:66: error - Expected at least 1 space after "."; 0 found
/var/www/html/tests/TestUtilities/TestReportGenerator.php:389:28: error - Expected at least 1 space before "."; 0 found
/var/www/html/tests/TestUtilities/TestReportGenerator.php:389:28: error - Expected at least 1 space after "."; 0 found
/var/www/html/tests/TestUtilities/TestReportGenerator.php:389:62: error - Expected at least 1 space before "."; 0 found
/var/www/html/tests/TestUtilities/TestReportGenerator.php:389:62: error - Expected at least 1 space after "."; 0 found
/var/www/html/app/Services/FileCleanupService.php:99:44: error - Expected at least 1 space before "."; 0 found
/var/www/html/app/Services/FileCleanupService.php:99:44: error - Expected at least 1 space after "."; 0 found
/var/www/html/tests/TestUtilities/TestReportProcessor.php:15:127: warning - Line exceeds 120 characters; contains 127 characters
/var/www/html/tests/TestUtilities/TestReportProcessor.php:16:127: warning - Line exceeds 120 characters; contains 127 characters
/var/www/html/tests/TestUtilities/TestReportProcessor.php:20:135: warning - Line exceeds 120 characters; contains 135 characters
/var/www/html/tests/TestUtilities/TestReportProcessor.php:21:124: warning - Line exceeds 120 characters; contains 124 characters
/var/www/html/tests/TestUtilities/TestReportProcessor.php:372:129: warning - Line exceeds 120 characters; contains 133 characters
/var/www/html/app/Http/Middleware/ValidateApiRequest.php:16:119: warning - Line exceeds 120 characters; contains 126 characters
/var/www/html/app/Http/Middleware/ValidateApiRequest.php:78:155: warning - Line exceeds 120 characters; contains 155 characters
/var/www/html/app/Http/Middleware/ValidateApiRequest.php:95:151: warning - Line exceeds 120 characters; contains 151 characters
/var/www/html/tests/TestUtilities/TestRunner.php:26:38: error - Parentheses must be used when instantiating a new class
/var/www/html/tests/TestUtilities/TestRunner.php:27:34: error - Parentheses must be used when instantiating a new class
/var/www/html/tests/TestUtilities/TestRunner.php:28:25: error - Parentheses must be used when instantiating a new class
/var/www/html/tests/TestUtilities/TestRunner.php:121:27: error - Parentheses must be used when instantiating a new class
/var/www/html/tests/TestUtilities/TestRunner.php:136:29: error - Parentheses must be used when instantiating a new class
/var/www/html/tests/TestUtilities/TestRunner.php:151:29: error - Parentheses must be used when instantiating a new class
/var/www/html/tests/TestUtilities/TestRunner.php:166:26: error - Parentheses must be used when instantiating a new class
/var/www/html/tests/TestUtilities/TestRunner.php:236:84: error - Expected at least 1 space before "."; 0 found
/var/www/html/tests/TestUtilities/TestRunner.php:236:84: error - Expected at least 1 space after "."; 0 found
/var/www/html/tests/TestUtilities/TestRunner.php:306:95: error - Expected at least 1 space before "."; 0 found
/var/www/html/tests/TestUtilities/TestRunner.php:307:75: error - Expected at least 1 space before "."; 0 found
/var/www/html/tests/TestUtilities/TestRunner.php:307:75: error - Expected at least 1 space after "."; 0 found
/var/www/html/tests/TestUtilities/TestRunner.php:312:86: error - Expected at least 1 space before "."; 0 found
/var/www/html/tests/TestUtilities/TestRunner.php:313:81: error - Expected at least 1 space before "."; 0 found
/var/www/html/tests/TestUtilities/TestRunner.php:313:81: error - Expected at least 1 space after "."; 0 found
/var/www/html/tests/TestUtilities/TestRunner.php:322:137: warning - Line exceeds 120 characters; contains 137 characters
/var/www/html/app/Services/FinancialTransactionService.php:15:78: error - Opening brace should be on a new line
/var/www/html/app/Services/FinancialTransactionService.php:15:79: error - Closing brace must be on a line by itself
/var/www/html/app/Services/FinancialTransactionService.php:44:137: warning - Line exceeds 120 characters; contains 137 characters
/var/www/html/app/Services/FinancialTransactionService.php:266:127: warning - Line exceeds 120 characters; contains 127 characters
/var/www/html/tests/TestUtilities/TestSuiteValidator.php:25:25: error - Parentheses must be used when instantiating a new class
/var/www/html/tests/TestUtilities/TestSuiteValidator.php:80:135: warning - Line exceeds 120 characters; contains 135 characters
/var/www/html/tests/TestUtilities/TestSuiteValidator.php:86:126: warning - Line exceeds 120 characters; contains 126 characters
/var/www/html/tests/TestUtilities/TestSuiteValidator.php:92:138: warning - Line exceeds 120 characters; contains 138 characters
/var/www/html/tests/TestUtilities/TestSuiteValidator.php:98:129: warning - Line exceeds 120 characters; contains 129 characters
/var/www/html/tests/TestUtilities/TestSuiteValidator.php:104:132: warning - Line exceeds 120 characters; contains 132 characters
/var/www/html/tests/TestUtilities/TestSuiteValidator.php:134:109: warning - Line exceeds 120 characters; contains 124 characters
/var/www/html/tests/TestUtilities/TestSuiteValidator.php:136:127: warning - Line exceeds 120 characters; contains 127 characters
/var/www/html/tests/TestUtilities/TestSuiteValidator.php:141:111: warning - Line exceeds 120 characters; contains 129 characters
/var/www/html/tests/TestUtilities/TestSuiteValidator.php:143:45: error - Expected at least 1 space before "."; 0 found
/var/www/html/tests/TestUtilities/TestSuiteValidator.php:143:45: error - Expected at least 1 space after "."; 0 found
/var/www/html/tests/TestUtilities/TestSuiteValidator.php:143:117: error - Expected at least 1 space before "."; 0 found
/var/www/html/tests/TestUtilities/TestSuiteValidator.php:143:117: error - Expected at least 1 space after "."; 0 found
/var/www/html/tests/TestUtilities/TestSuiteValidator.php:143:141: warning - Line exceeds 120 characters; contains 141 characters
/var/www/html/tests/TestUtilities/TestSuiteValidator.php:143:141: error - Expected at least 1 space before "."; 0 found
/var/www/html/tests/TestUtilities/TestSuiteValidator.php:144:58: error - Expected at least 1 space before "."; 0 found
/var/www/html/tests/TestUtilities/TestSuiteValidator.php:144:58: error - Expected at least 1 space after "."; 0 found
/var/www/html/tests/TestUtilities/TestSuiteValidator.php:228:60: error - Expected at least 1 space before "."; 0 found
/var/www/html/tests/TestUtilities/TestSuiteValidator.php:228:60: error - Expected at least 1 space after "."; 0 found
/var/www/html/tests/TestUtilities/TestSuiteValidator.php:228:92: error - Expected at least 1 space before "."; 0 found
/var/www/html/tests/TestUtilities/TestSuiteValidator.php:228:92: error - Expected at least 1 space after "."; 0 found
/var/www/html/tests/TestUtilities/TestSuiteValidator.php:235:58: error - Expected at least 1 space before "."; 0 found
/var/www/html/tests/TestUtilities/TestSuiteValidator.php:235:58: error - Expected at least 1 space after "."; 0 found
/var/www/html/tests/TestUtilities/TestSuiteValidator.php:235:97: error - Expected at least 1 space before "."; 0 found
/var/www/html/tests/TestUtilities/TestSuiteValidator.php:235:97: error - Expected at least 1 space after "."; 0 found
/var/www/html/tests/TestUtilities/TestSuiteValidator.php:294:62: error - Expected at least 1 space before "."; 0 found
/var/www/html/tests/TestUtilities/TestSuiteValidator.php:294:62: error - Expected at least 1 space after "."; 0 found
/var/www/html/tests/TestUtilities/TestSuiteValidator.php:294:123: warning - Line exceeds 120 characters; contains 123 characters
/var/www/html/test_cache.php:15:27: error - Expected at least 1 space before "."; 0 found
/var/www/html/test_cache.php:15:27: error - Expected at least 1 space after "."; 0 found
/var/www/html/test_cache.php:15:42: error - Expected at least 1 space before "."; 0 found
/var/www/html/test_cache.php:15:42: error - Expected at least 1 space after "."; 0 found
/var/www/html/test_cache.php:16:24: error - Expected at least 1 space before "."; 0 found
/var/www/html/test_cache.php:16:24: error - Expected at least 1 space after "."; 0 found
/var/www/html/test_cache.php:16:53: error - Expected at least 1 space before "."; 0 found
/var/www/html/test_cache.php:16:53: error - Expected at least 1 space after "."; 0 found
/var/www/html/test_cache.php:17:27: error - Expected at least 1 space before "."; 0 found
/var/www/html/test_cache.php:17:27: error - Expected at least 1 space after "."; 0 found
/var/www/html/test_cache.php:17:55: error - Expected at least 1 space before "."; 0 found
/var/www/html/test_cache.php:17:55: error - Expected at least 1 space after "."; 0 found
/var/www/html/test_cache.php:18:27: error - Expected at least 1 space before "."; 0 found
/var/www/html/test_cache.php:18:27: error - Expected at least 1 space after "."; 0 found
/var/www/html/test_cache.php:18:55: error - Expected at least 1 space before "."; 0 found
/var/www/html/test_cache.php:18:55: error - Expected at least 1 space after "."; 0 found
/var/www/html/test_cache.php:19:37: error - Expected at least 1 space before "."; 0 found
/var/www/html/test_cache.php:19:37: error - Expected at least 1 space after "."; 0 found
/var/www/html/test_cache.php:19:80: error - Expected at least 1 space before "."; 0 found
/var/www/html/test_cache.php:19:80: error - Expected at least 1 space after "."; 0 found
/var/www/html/test_cache.php:21:29: error - Expected at least 1 space before "."; 0 found
/var/www/html/test_cache.php:21:29: error - Expected at least 1 space after "."; 0 found
/var/www/html/app/Services/LoginAttemptService.php:66:31: error - Expected at least 1 space before "."; 0 found
/var/www/html/app/Services/LoginAttemptService.php:66:31: error - Expected at least 1 space after "."; 0 found
/var/www/html/app/Services/LoginAttemptService.php:89:34: error - Expected at least 1 space before "."; 0 found
/var/www/html/app/Services/LoginAttemptService.php:89:34: error - Expected at least 1 space after "."; 0 found
/var/www/html/app/Services/LoginAttemptService.php:113:34: error - Expected at least 1 space before "."; 0 found
/var/www/html/app/Services/LoginAttemptService.php:113:34: error - Expected at least 1 space after "."; 0 found
/var/www/html/app/Services/LoginAttemptService.php:122:31: error - Expected at least 1 space before "."; 0 found
/var/www/html/app/Services/LoginAttemptService.php:122:31: error - Expected at least 1 space after "."; 0 found
/var/www/html/test_cache_service.php:25:19: error - Expected at least 1 space before "."; 0 found
/var/www/html/test_cache_service.php:25:19: error - Expected at least 1 space after "."; 0 found
/var/www/html/test_cache_service.php:25:36: error - Expected at least 1 space before "."; 0 found
/var/www/html/test_cache_service.php:25:36: error - Expected at least 1 space after "."; 0 found
/var/www/html/app/Services/NotificationService.php:19:78: error - Opening brace should be on a new line
/var/www/html/app/Services/NotificationService.php:19:79: error - Closing brace must be on a line by itself
/var/www/html/app/Services/NotificationService.php:181:17: warning - Line exceeds 120 characters; contains 126 characters
/var/www/html/test_optimized_queries.php:18:25: error - Expected at least 1 space before "."; 0 found
/var/www/html/test_optimized_queries.php:18:25: error - Expected at least 1 space after "."; 0 found
/var/www/html/test_optimized_queries.php:18:51: error - Expected at least 1 space before "."; 0 found
/var/www/html/test_optimized_queries.php:18:51: error - Expected at least 1 space after "."; 0 found
/var/www/html/test_optimized_queries.php:19:28: error - Expected at least 1 space before "."; 0 found
/var/www/html/test_optimized_queries.php:19:28: error - Expected at least 1 space after "."; 0 found
/var/www/html/test_optimized_queries.php:19:57: error - Expected at least 1 space before "."; 0 found
/var/www/html/test_optimized_queries.php:19:57: error - Expected at least 1 space after "."; 0 found
/var/www/html/test_optimized_queries.php:23:60: error - Expected at least 1 space before "."; 0 found
/var/www/html/test_optimized_queries.php:23:60: error - Expected at least 1 space after "."; 0 found
/var/www/html/test_optimized_queries.php:23:86: error - Expected at least 1 space before "."; 0 found
/var/www/html/test_optimized_queries.php:23:86: error - Expected at least 1 space after "."; 0 found
/var/www/html/test_optimized_queries.php:27:66: error - Expected at least 1 space before "."; 0 found
/var/www/html/test_optimized_queries.php:27:66: error - Expected at least 1 space after "."; 0 found
/var/www/html/test_optimized_queries.php:27:90: error - Expected at least 1 space before "."; 0 found
/var/www/html/test_optimized_queries.php:27:90: error - Expected at least 1 space after "."; 0 found
/var/www/html/test_optimized_queries.php:29:19: error - Expected at least 1 space before "."; 0 found
/var/www/html/test_optimized_queries.php:29:19: error - Expected at least 1 space after "."; 0 found
/var/www/html/test_optimized_queries.php:29:36: error - Expected at least 1 space before "."; 0 found
/var/www/html/test_optimized_queries.php:29:36: error - Expected at least 1 space after "."; 0 found
/var/www/html/app/Services/OptimizedQueryService.php:89:46: error - Expected at least 1 space before "."; 0 found
/var/www/html/app/Services/OptimizedQueryService.php:89:46: error - Expected at least 1 space after "."; 0 found
/var/www/html/app/Services/OptimizedQueryService.php:89:58: error - Expected at least 1 space before "."; 0 found
/var/www/html/app/Services/OptimizedQueryService.php:89:58: error - Expected at least 1 space after "."; 0 found
/var/www/html/app/Services/OptimizedQueryService.php:201:1: warning - Line exceeds 120 characters; contains 139 characters
/var/www/html/app/Services/OptimizedQueryService.php:216:135: warning - Line exceeds 120 characters; contains 135 characters
/var/www/html/app/Services/OptimizedQueryService.php:217:147: warning - Line exceeds 120 characters; contains 147 characters
/var/www/html/app/Services/OptimizedQueryService.php:218:143: warning - Line exceeds 120 characters; contains 143 characters
/var/www/html/app/Services/OptimizedQueryService.php:219:155: warning - Line exceeds 120 characters; contains 155 characters
/var/www/html/app/Services/PasswordHistoryService.php:34:57: error - Expected at least 1 space before "."; 0 found
/var/www/html/app/Services/PasswordHistoryService.php:34:57: error - Expected at least 1 space after "."; 0 found
/var/www/html/app/Services/PasswordHistoryService.php:61:62: error - Expected at least 1 space before "."; 0 found
/var/www/html/app/Services/PasswordHistoryService.php:61:62: error - Expected at least 1 space after "."; 0 found

